Log file open, 04/11/19 13:24:24
LogWindows: Failed to load 'aqProf.dll' (GetLastError=126)
LogWindows: File 'aqProf.dll' does not exist
LogWindows: Failed to load 'VtuneApi.dll' (GetLastError=126)
LogWindows: File 'VtuneApi.dll' does not exist
LogWindows: Failed to load 'VtuneApi32e.dll' (GetLastError=126)
LogWindows: File 'VtuneApi32e.dll' does not exist
LogInit: Display: Running engine for game: MarshMellow
LogPlatformFile: Not using cached read wrapper
LogTaskGraph: Started task graph with 5 named threads and 23 total threads with 3 sets of task threads.
LogStats: Stats thread started at 0.305318
LogD3D11RHI: Loaded GFSDK_Aftermath_Lib.x64.dll
LogICUInternationalization: Display: ICU TimeZone Detection - Raw Offset: -5:00, Platform Override: ''
LogPluginManager: Mounting plugin Paper2D
LogPluginManager: Mounting plugin AISupport
LogPluginManager: Mounting plugin LightPropagationVolume
LogPluginManager: Mounting plugin CLionSourceCodeAccess
LogPluginManager: Mounting plugin CodeLiteSourceCodeAccess
LogPluginManager: Mounting plugin GitSourceControl
LogPluginManager: Mounting plugin KDevelopSourceCodeAccess
LogPluginManager: Mounting plugin NullSourceCodeAccess
LogPluginManager: Mounting plugin PerforceSourceControl
LogPluginManager: Mounting plugin SubversionSourceControl
LogPluginManager: Mounting plugin UObjectPlugin
LogPluginManager: Mounting plugin VisualStudioCodeSourceCodeAccess
LogPluginManager: Mounting plugin VisualStudioSourceCodeAccess
LogPluginManager: Mounting plugin XCodeSourceCodeAccess
LogPluginManager: Mounting plugin AssetManagerEditor
LogPluginManager: Mounting plugin CryptoKeys
LogPluginManager: Mounting plugin DataValidation
LogPluginManager: Mounting plugin FacialAnimation
LogPluginManager: Mounting plugin GameplayTagsEditor
LogPluginManager: Mounting plugin MacGraphicsSwitching
LogPluginManager: Mounting plugin MeshEditor
LogPluginManager: Mounting plugin MobileLauncherProfileWizard
LogPluginManager: Mounting plugin PluginBrowser
LogPluginManager: Mounting plugin SpeedTreeImporter
LogPluginManager: Mounting plugin DatasmithContent
LogPluginManager: Mounting plugin AlembicImporter
LogPluginManager: Mounting plugin AppleImageUtils
LogPluginManager: Mounting plugin AppleVision
LogPluginManager: Mounting plugin BackChannel
LogPluginManager: Mounting plugin CharacterAI
LogPluginManager: Mounting plugin GeometryCache
LogPluginManager: Mounting plugin HTML5Networking
LogPluginManager: Mounting plugin ProxyLODPlugin
LogPluginManager: Mounting plugin MagicLeap
LogPluginManager: Mounting plugin MagicLeapEmulator
LogPluginManager: Mounting plugin MagicLeapMedia
LogPluginManager: Mounting plugin AndroidMedia
LogPluginManager: Mounting plugin AvfMedia
LogPluginManager: Mounting plugin ImgMedia
LogPluginManager: Mounting plugin LinearTimecode
LogPluginManager: Mounting plugin MediaCompositing
LogPluginManager: Mounting plugin MediaPlayerEditor
LogPluginManager: Mounting plugin WmfMedia
LogPluginManager: Mounting plugin TcpMessaging
LogPluginManager: Mounting plugin UdpMessaging
LogPluginManager: Mounting plugin ActorSequence
LogPluginManager: Mounting plugin LevelSequenceEditor
LogPluginManager: Mounting plugin MatineeToLevelSequence
LogPluginManager: Mounting plugin NetcodeUnitTest
LogPluginManager: Mounting plugin NUTUnrealEngine4
LogPluginManager: Mounting plugin OnlineSubsystemGooglePlay
LogPluginManager: Mounting plugin OnlineSubsystemIOS
LogPluginManager: Mounting plugin OnlineSubsystem
LogPluginManager: Mounting plugin OnlineSubsystemNull
LogPluginManager: Mounting plugin OnlineSubsystemUtils
LogPluginManager: Mounting plugin LauncherChunkInstaller
LogPluginManager: Mounting plugin AndroidDeviceProfileSelector
LogPluginManager: Mounting plugin AndroidMoviePlayer
LogPluginManager: Mounting plugin AndroidPermission
LogPluginManager: Mounting plugin AppleMoviePlayer
LogPluginManager: Mounting plugin ArchVisCharacter
LogPluginManager: Mounting plugin AudioCapture
LogPluginManager: Mounting plugin CableComponent
LogPluginManager: Mounting plugin CustomMeshComponent
LogPluginManager: Mounting plugin EditableMesh
LogPluginManager: Mounting plugin ExampleDeviceProfileSelector
LogPluginManager: Mounting plugin GoogleCloudMessaging
LogPluginManager: Mounting plugin ImmediatePhysics
LogPluginManager: Mounting plugin IOSDeviceProfileSelector
LogPluginManager: Mounting plugin LinuxDeviceProfileSelector
LogPluginManager: Mounting plugin LocationServicesBPLibrary
LogPluginManager: Mounting plugin MobilePatchingUtils
LogPluginManager: Mounting plugin OculusVR
LogPluginManager: Plugin shader directory ../../../Engine/Plugins/Runtime/Oculus/OculusVR/Shaders found
LogPluginManager: Mapping shader source directory ../../../Engine/Plugins/Runtime/Oculus/OculusVR/Shaders to virtual directory /Plugin/OculusVR
LogPluginManager: Mounting plugin PhysXVehicles
LogPluginManager: Mounting plugin ProceduralMeshComponent
LogPluginManager: Mounting plugin RuntimePhysXCooking
LogPluginManager: Mounting plugin SteamVR
LogPluginManager: Mounting plugin WindowsMoviePlayer
LogStreaming: Display: Took  0.105s to configure plugins.
LogInit: Using libcurl 7.55.1-DEV
LogInit:  - built for x86_64-pc-win32
LogInit:  - supports SSL with OpenSSL/1.0.2h
LogInit:  - supports HTTP deflate (compression) using libz 1.2.8
LogInit:  - other features:
LogInit:      CURL_VERSION_SSL
LogInit:      CURL_VERSION_LIBZ
LogInit:      CURL_VERSION_IPV6
LogInit:      CURL_VERSION_ASYNCHDNS
LogInit:      CURL_VERSION_LARGEFILE
LogInit:      CURL_VERSION_IDN
LogInit:  CurlRequestOptions (configurable via config and command line):
LogInit:  - bVerifyPeer = false  - Libcurl will NOT verify peer certificate
LogInit:  - bUseHttpProxy = false  - Libcurl will NOT use HTTP proxy
LogInit:  - bDontReuseConnections = false  - Libcurl will reuse connections
LogInit:  - CertBundlePath = nullptr  - Libcurl will use whatever was configured at build time.
LogInit:  - MaxHostConnections = 16  - Libcurl will limit the number of connections to a host
LogInit:  - LocalHostAddr = Default
LogInit:  - BufferSize = 65536
LogInit: WinSock: version 1.1 (2.2), MaxSocks=32767, MaxUdp=65467
LogInit: Build: ++UE4+Release-4.20-CL-4369336
LogInit: Engine Version: 4.20.3-4369336+++UE4+Release-4.20
LogInit: Compatible Engine Version: 4.20.0-4212847+++UE4+Release-4.20
LogInit: Net CL: 4212847
LogInit: OS: Windows 10 (), CPU: Intel(R) Core(TM) i7-6700HQ CPU @ 2.60GHz, GPU: Intel(R) HD Graphics 530
LogInit: Compiled (64-bit): Sep 17 2018 12:26:19
LogInit: Compiled with Visual C++: 19.13.26129.00
LogInit: Build Configuration: Development
LogInit: Branch Name: ++UE4+Release-4.20
LogInit: Command Line: 
LogInit: Base Directory: C:/Program Files/Epic Games/UE_4.20/Engine/Binaries/Win64/
LogInit: Installed Engine Build: 1
LogDevObjectVersion: Number of dev versions registered: 20
LogDevObjectVersion:   Dev-Blueprints (B0D832E4-1F89-4F0D-ACCF-7EB736FD4AA2): 10
LogDevObjectVersion:   Dev-Build (E1C64328-A22C-4D53-A36C-8E866417BD8C): 0
LogDevObjectVersion:   Dev-Core (375EC13C-06E4-48FB-B500-84F0262A717E): 2
LogDevObjectVersion:   Dev-Editor (E4B068ED-F494-42E9-A231-DA0B2E46BB41): 24
LogDevObjectVersion:   Dev-Framework (CFFC743F-43B0-4480-9391-14DF171D2073): 34
LogDevObjectVersion:   Dev-Mobile (B02B49B5-BB20-44E9-A304-32B752E40360): 2
LogDevObjectVersion:   Dev-Networking (A4E4105C-59A1-49B5-A7C5-40C4547EDFEE): 0
LogDevObjectVersion:   Dev-Online (39C831C9-5AE6-47DC-9A44-9C173E1C8E7C): 0
LogDevObjectVersion:   Dev-Physics (78F01B33-EBEA-4F98-B9B4-84EACCB95AA2): 0
LogDevObjectVersion:   Dev-Platform (6631380F-2D4D-43E0-8009-CF276956A95A): 0
LogDevObjectVersion:   Dev-Rendering (12F88B9F-8875-4AFC-A67C-D90C383ABD29): 26
LogDevObjectVersion:   Dev-Sequencer (7B5AE74C-D270-4C10-A958-57980B212A5A): 9
LogDevObjectVersion:   Dev-VR (D7296918-1DD6-4BDD-9DE2-64A83CC13884): 2
LogDevObjectVersion:   Dev-LoadTimes (C2A15278-BFE7-4AFE-6C17-90FF531DF755): 1
LogDevObjectVersion:   Private-Geometry (6EACA3D4-40EC-4CC1-B786-8BED09428FC5): 3
LogDevObjectVersion:   Dev-AnimPhys (29E575DD-E0A3-4627-9D10-D276232CDCEA): 17
LogDevObjectVersion:   Dev-ReflectionCapture (6B266CEC-1EC7-4B8F-A30B-E4D90942FC07): 1
LogDevObjectVersion:   Dev-Automation (0DF73D61-A23F-47EA-B727-89E90C41499A): 1
LogDevObjectVersion:   FortniteMain (601D1886-AC64-4F84-AA16-D3DE0DEAC7D6): 12
LogDevObjectVersion:   Dev-Enterprise (9DFFBCD6-494F-0158-E221-12823C92A888): 1
LogStreaming: Display: Took  0.009s to delete old logs.
LogInit: Presizing for max 8388607 objects, including 0 objects not considered by GC, pre-allocating 0 bytes for permanent pool.
LogInit: Object subsystem initialized
[2019.04.11-17.24.24:648][  0]LogInit: Selected Device Profile: [Windows]
[2019.04.11-17.24.24:648][  0]LogInit: Applying CVar settings loaded from the selected device profile: [Windows]
[2019.04.11-17.24.24:693][  0]LogHAL: Display: Platform has ~ 16 GB [16751534080 / 17179869184 / 16], which maps to Larger [LargestMinGB=32, LargerMinGB=12, DefaultMinGB=8, SmallerMinGB=6, SmallestMinGB=0)
[2019.04.11-17.24.24:693][  0]LogInit: Setting Device Profile CVar: [[r.Vulkan.UseRealUBs:1]]
[2019.04.11-17.24.24:693][  0]LogInit: Going up to parent DeviceProfile []
[2019.04.11-17.24.24:693][  0]LogInit: Computer: JESSIES-LAPTOP
[2019.04.11-17.24.24:693][  0]LogInit: User: jessielichter
[2019.04.11-17.24.24:693][  0]LogInit: CPU Page size=4096, Cores=4
[2019.04.11-17.24.24:693][  0]LogInit: High frequency timer resolution =2.531254 MHz
[2019.04.11-17.24.24:694][  0]LogMemory: Memory total: Physical=15.6GB (16GB approx)
[2019.04.11-17.24.24:694][  0]LogMemory: Platform Memory Stats for Windows
[2019.04.11-17.24.24:694][  0]LogMemory: Process Physical Memory: 110.32 MB used, 110.32 MB peak
[2019.04.11-17.24.24:694][  0]LogMemory: Process Virtual Memory: 97.49 MB used, 97.49 MB peak
[2019.04.11-17.24.24:694][  0]LogMemory: Physical Memory: 6616.85 MB used,  9358.66 MB free, 15975.51 MB total
[2019.04.11-17.24.24:694][  0]LogMemory: Virtual Memory: 4647.13 MB used,  9358.66 MB free, 134217728.00 MB total
[2019.04.11-17.24.24:717][  0]LogInit: Using OS detected language (en-US).
[2019.04.11-17.24.24:718][  0]LogInit: Using OS detected locale (en-US).
[2019.04.11-17.24.24:718][  0]LogTextLocalizationManager: No specific localization for 'en-US' exists, so the 'en' localization will be used.
[2019.04.11-17.24.25:137][  0]LogStreaming: Display: Took  0.420s to InitEngineTextLocalization.
[2019.04.11-17.24.25:138][  0]LogInit: Setting process to per monitor DPI aware
[2019.04.11-17.24.25:183][  0]LogSlate: New Slate User Created.  User Index 0, Is Virtual User: 0
[2019.04.11-17.24.25:183][  0]LogSlate: Slate User Registered.  User Index 0, Is Virtual User: 0
[2019.04.11-17.24.25:422][  0]LogHMD: Failed to initialize OpenVR with code 110
[2019.04.11-17.24.25:422][  0]LogD3D11RHI: D3D11 adapters:
[2019.04.11-17.24.25:478][  0]LogD3D11RHI:    0. 'NVIDIA GeForce GTX 960M' (Feature Level 11_0)
[2019.04.11-17.24.25:478][  0]LogD3D11RHI:       2010/0/7987 MB DedicatedVideo/DedicatedSystem/SharedSystem, Outputs:1, VendorId:0x10de
[2019.04.11-17.24.25:489][  0]LogD3D11RHI:    1. 'Intel(R) HD Graphics 530' (Feature Level 11_0)
[2019.04.11-17.24.25:489][  0]LogD3D11RHI:       128/0/7987 MB DedicatedVideo/DedicatedSystem/SharedSystem, Outputs:0, VendorId:0x8086
[2019.04.11-17.24.25:491][  0]LogD3D11RHI:    2. 'Microsoft Basic Render Driver' (Feature Level 11_0)
[2019.04.11-17.24.25:491][  0]LogD3D11RHI:       0/0/7987 MB DedicatedVideo/DedicatedSystem/SharedSystem, Outputs:0, VendorId:0x1414
[2019.04.11-17.24.25:491][  0]LogD3D11RHI: Chosen D3D11 Adapter: 0
[2019.04.11-17.24.25:529][  0]LogD3D11RHI: Creating new Direct3DDevice
[2019.04.11-17.24.25:529][  0]LogD3D11RHI:     GPU DeviceId: 0x139b (for the marketing name, search the web for "GPU Device Id")
[2019.04.11-17.24.25:529][  0]LogWindows: EnumDisplayDevices:
[2019.04.11-17.24.25:529][  0]LogWindows:    0. 'Intel(R) HD Graphics 530' (P:1 D:1)
[2019.04.11-17.24.25:530][  0]LogWindows:    1. 'Intel(R) HD Graphics 530' (P:0 D:0)
[2019.04.11-17.24.25:530][  0]LogWindows:    2. 'Intel(R) HD Graphics 530' (P:0 D:0)
[2019.04.11-17.24.25:530][  0]LogWindows: DebugString: PrimaryIsNotTheChoosenAdapter PrimaryIsNotTheChoosenAdapter PrimaryIsNotTheChoosenAdapter FoundDriverCount:0 
[2019.04.11-17.24.25:530][  0]LogD3D11RHI:     Adapter Name: NVIDIA GeForce GTX 960M
[2019.04.11-17.24.25:530][  0]LogD3D11RHI:   Driver Version: Unknown (internal:Unknown, unified:Unknown)
[2019.04.11-17.24.25:530][  0]LogD3D11RHI:      Driver Date: Unknown
[2019.04.11-17.24.25:530][  0]LogRHI: Texture pool is 1407 MB (70% of 2010 MB)
[2019.04.11-17.24.25:569][  0]LogD3D11RHI: Async texture creation enabled
[2019.04.11-17.24.25:588][  0]LogD3D11RHI: GPU Timing Frequency: 1000.000000 (Debug: 2 2)
[2019.04.11-17.24.25:589][  0]LogShaderCompilers: Guid format shader working directory is -29 characters bigger than the processId version (../../../../../../Users/jessie lichter/Documents/GitHub/GameDev2Project/MarshMellow/Intermediate/Shaders/WorkingDirectory/11032/).
[2019.04.11-17.24.25:589][  0]LogShaderCompilers: Cleaned the shader compiler working directory 'C:/Users/jessie lichter/AppData/Local/Temp/UnrealShaderWorkingDir/E574CD5346B0950F38548EA8779CC1B8/'.
[2019.04.11-17.24.25:903][  0]LogTemp: Display: Loaded TP AllDesktopTargetPlatform
[2019.04.11-17.24.25:917][  0]LogTemp: Display: Loaded TP MacClientTargetPlatform
[2019.04.11-17.24.25:932][  0]LogTemp: Display: Loaded TP MacNoEditorTargetPlatform
[2019.04.11-17.24.25:946][  0]LogTemp: Display: Loaded TP MacServerTargetPlatform
[2019.04.11-17.24.25:960][  0]LogTemp: Display: Loaded TP MacTargetPlatform
[2019.04.11-17.24.25:974][  0]LogTemp: Display: Loaded TP WindowsClientTargetPlatform
[2019.04.11-17.24.25:987][  0]LogTemp: Display: Loaded TP WindowsNoEditorTargetPlatform
[2019.04.11-17.24.26:002][  0]LogTemp: Display: Loaded TP WindowsServerTargetPlatform
[2019.04.11-17.24.26:008][  0]LogTemp: Display: Loaded TP WindowsTargetPlatform
[2019.04.11-17.24.26:088][  0]LogTemp: Display: Loaded TP AndroidTargetPlatform
[2019.04.11-17.24.26:088][  0]LogTemp: Display: Loaded TP AndroidTargetPlatform
[2019.04.11-17.24.26:088][  0]LogTemp: Display: Loaded TP AndroidTargetPlatform
[2019.04.11-17.24.26:088][  0]LogTemp: Display: Loaded TP AndroidTargetPlatform
[2019.04.11-17.24.26:088][  0]LogTemp: Display: Loaded TP AndroidTargetPlatform
[2019.04.11-17.24.26:088][  0]LogTemp: Display: Loaded TP AndroidTargetPlatform
[2019.04.11-17.24.26:088][  0]LogTemp: Display: Loaded TP AndroidTargetPlatform
[2019.04.11-17.24.26:088][  0]LogTemp: Display: Loaded TP AndroidTargetPlatform
[2019.04.11-17.24.26:088][  0]LogTemp: Display: Loaded TP AndroidTargetPlatform
[2019.04.11-17.24.26:088][  0]LogTemp: Display: Loaded TP AndroidTargetPlatform
[2019.04.11-17.24.26:088][  0]LogTemp: Display: Loaded TP AndroidTargetPlatform
[2019.04.11-17.24.26:088][  0]LogTemp: Display: Loaded TP AndroidTargetPlatform
[2019.04.11-17.24.26:088][  0]LogTemp: Display: Loaded TP AndroidTargetPlatform
[2019.04.11-17.24.26:088][  0]LogTemp: Display: Loaded TP AndroidTargetPlatform
[2019.04.11-17.24.26:088][  0]LogTemp: Display: Loaded TP AndroidTargetPlatform
[2019.04.11-17.24.26:088][  0]LogTemp: Display: Loaded TP AndroidTargetPlatform
[2019.04.11-17.24.26:088][  0]LogTemp: Display: Loaded TP AndroidTargetPlatform
[2019.04.11-17.24.26:088][  0]LogTemp: Display: Loaded TP AndroidTargetPlatform
[2019.04.11-17.24.26:090][  0]LogTemp: Display: Loaded TP HTML5TargetPlatform
[2019.04.11-17.24.26:151][  0]LogTemp: Display: Loaded TP IOSTargetPlatform
[2019.04.11-17.24.26:151][  0]LogTemp: Display: Loaded TP IOSTargetPlatform
[2019.04.11-17.24.26:203][  0]LogTemp: Display: Loaded TP TVOSTargetPlatform
[2019.04.11-17.24.26:203][  0]LogTemp: Display: Loaded TP TVOSTargetPlatform
[2019.04.11-17.24.26:219][  0]LogTemp: Display: Loaded TP LinuxClientTargetPlatform
[2019.04.11-17.24.26:232][  0]LogTemp: Display: Loaded TP LinuxNoEditorTargetPlatform
[2019.04.11-17.24.26:246][  0]LogTemp: Display: Loaded TP LinuxServerTargetPlatform
[2019.04.11-17.24.26:259][  0]LogTemp: Display: Loaded TP LinuxTargetPlatform
[2019.04.11-17.24.26:270][  0]LogTemp: Display: Loaded TP LuminTargetPlatform
[2019.04.11-17.24.26:270][  0]LogTargetPlatformManager: Display: Building Assets For Windows
[2019.04.11-17.24.26:336][  0]LogXGEController: Cannot use XGE Controller as Incredibuild is not installed on this machine.
[2019.04.11-17.24.26:336][  0]LogShaderCompilers: Cannot use XGE Shader Compiler as Incredibuild is not installed on this machine.
[2019.04.11-17.24.26:336][  0]LogShaderCompilers: Display: Using Local Shader Compiler.
[2019.04.11-17.24.27:184][  0]LogDerivedDataCache: Display: Max Cache Size: 512 MB
[2019.04.11-17.24.27:241][  0]LogDerivedDataCache: Loaded boot cache 0.06s 71MB C:/Users/jessie lichter/AppData/Local/UnrealEngine/4.20/DerivedDataCache/Boot.ddc.
[2019.04.11-17.24.27:241][  0]LogDerivedDataCache: Display: Loaded Boot cache: C:/Users/jessie lichter/AppData/Local/UnrealEngine/4.20/DerivedDataCache/Boot.ddc
[2019.04.11-17.24.27:242][  0]LogDerivedDataCache: FDerivedDataBackendGraph:  Pak pak cache file ../../../../../../Users/jessie lichter/Documents/GitHub/GameDev2Project/MarshMellow/DerivedDataCache/DDC.ddp not found, will not use a pak cache.
[2019.04.11-17.24.27:242][  0]LogDerivedDataCache: Unable to find inner node Pak for hierarchical cache Hierarchy.
[2019.04.11-17.24.27:242][  0]LogDerivedDataCache: FDerivedDataBackendGraph:  CompressedPak pak cache file ../../../../../../Users/jessie lichter/Documents/GitHub/GameDev2Project/MarshMellow/DerivedDataCache/Compressed.ddp not found, will not use a pak cache.
[2019.04.11-17.24.27:242][  0]LogDerivedDataCache: Unable to find inner node CompressedPak for hierarchical cache Hierarchy.
[2019.04.11-17.24.27:258][  0]LogDerivedDataCache: Display: Pak cache opened for reading ../../../Engine/DerivedDataCache/Compressed.ddp.
[2019.04.11-17.24.27:270][  0]LogDerivedDataCache: Using Local data cache path C:/Users/jessie lichter/AppData/Local/UnrealEngine/Common/DerivedDataCache: Writable
[2019.04.11-17.24.27:270][  0]LogDerivedDataCache: Shared data cache path not found in *engine.ini, will not use an Shared cache.
[2019.04.11-17.24.27:270][  0]LogDerivedDataCache: Unable to find inner node Shared for hierarchical cache Hierarchy.
[2019.04.11-17.24.27:289][  0]LogMaterial: Verifying Global Shaders for PCD3D_SM5
[2019.04.11-17.24.27:291][  0]LogSlate: Using FreeType 2.6.0
[2019.04.11-17.24.27:291][  0]LogSlate: SlateFontServices - WITH_FREETYPE: 1, WITH_HARFBUZZ: 1
[2019.04.11-17.24.27:369][  0]LogAssetRegistry: FAssetRegistry took 0.0266 seconds to start up
[2019.04.11-17.24.29:270][  0]LogInit: Selected Device Profile: [Windows]
[2019.04.11-17.24.29:429][  0]LogSimplygon: Simplygon DLL not present - disabling.
[2019.04.11-17.24.29:433][  0]LogMeshReduction: Using SimplygonSwarm for distributed automatic mesh merging
[2019.04.11-17.24.29:433][  0]LogMeshReduction: Using ProxyLODMeshReduction for automatic mesh merging
[2019.04.11-17.24.29:433][  0]LogMeshReduction: Using QuadricMeshReduction for automatic static mesh reduction
[2019.04.11-17.24.29:433][  0]LogMeshReduction: No automatic skeletal mesh reduction module available
[2019.04.11-17.24.29:451][  0]LogNetVersion: MarshMellow 1.0.0, NetCL: 4212847, EngineNetVer: 5, GameNetVer: 0 (Checksum: 3750370364)
[2019.04.11-17.24.30:055][  0]LogPackageLocalizationCache: Processed 11 localized package path(s) for 2 prioritized culture(s) in 0.116557 seconds
[2019.04.11-17.24.30:062][  0]LogUObjectArray: 38425 objects as part of root set at end of initial load.
[2019.04.11-17.24.30:062][  0]LogUObjectAllocator: 6690872 out of 0 bytes used by permanent object pool.
[2019.04.11-17.24.30:062][  0]LogUObjectArray: CloseDisregardForGC: 0/0 objects in disregard for GC pool
[2019.04.11-17.24.31:058][  0]LogTcpMessaging: Initializing TcpMessaging bridge
[2019.04.11-17.24.31:072][  0]LogUdpMessaging: Initializing bridge on interface 0.0.0.0:0 to multicast group 230.0.0.1:6666.
[2019.04.11-17.24.31:226][  0]SourceControl: Source control is disabled
[2019.04.11-17.24.31:226][  0]SourceControl: Source control is disabled
[2019.04.11-17.24.31:228][  0]SourceControl: Source control is disabled
[2019.04.11-17.24.31:229][  0]SourceControl: Source control is disabled
[2019.04.11-17.24.31:420][  0]LogAndroidPermission: UAndroidPermissionCallbackProxy::GetInstance
[2019.04.11-17.24.31:508][  0]LogOcInput: OculusInput pre-init called
[2019.04.11-17.24.31:574][  0]LogEngine: Initializing Engine...
[2019.04.11-17.24.31:575][  0]LogHMD: Failed to initialize OpenVR with code 110
[2019.04.11-17.24.31:576][  0]LogStats: UGameplayTagsManager::ConstructGameplayTagTree: ImportINI prefixes -  0.000 s
[2019.04.11-17.24.31:576][  0]LogStats: UGameplayTagsManager::ConstructGameplayTagTree: Construct from data asset -  0.000 s
[2019.04.11-17.24.31:576][  0]LogStats: UGameplayTagsManager::ConstructGameplayTagTree: ImportINI -  0.000 s
[2019.04.11-17.24.31:577][  0]LogStats: UGameplayTagsManager::ConstructGameplayTagTree: GameplayTagTreeChangedEvent.Broadcast -  0.000 s
[2019.04.11-17.24.31:838][  0]LogInit: Initializing FReadOnlyCVARCache
[2019.04.11-17.24.31:853][  0]LogAIModule: Creating AISystem for world Untitled
[2019.04.11-17.24.31:871][  0]LogInit: XAudio2 using 'Speakers / Headphones (Realtek Audio)' : 2 channels at 48 kHz using 32 bits per sample (channel mask 0x3)
[2019.04.11-17.24.32:152][  0]LogInit: FAudioDevice initialized.
[2019.04.11-17.24.32:153][  0]LogNetVersion: Set ProjectVersion to 1.0.0.0. Version Checksum will be recalculated on next use.
[2019.04.11-17.24.32:247][  0]LogDerivedDataCache: Saved boot cache 0.09s 71MB C:/Users/jessie lichter/AppData/Local/UnrealEngine/4.20/DerivedDataCache/Boot.ddc.
[2019.04.11-17.24.32:250][  0]LogInit: Texture streaming: Enabled
[2019.04.11-17.24.32:269][  0]LogEngineSessionManager: EngineSessionManager initialized
[2019.04.11-17.24.32:286][  0]LogInit: Transaction tracking system initialized
[2019.04.11-17.24.32:310][  0]BlueprintLog: New page: Editor Load
[2019.04.11-17.24.32:389][  0]LocalizationService: Localization service is disabled
[2019.04.11-17.24.32:675][  0]LogCook: Display: Max memory allowance for cook 16384mb min free memory 0mb
[2019.04.11-17.24.32:675][  0]LogCook: Display: Mobile HDR setting 1
[2019.04.11-17.24.32:675][  0]LogGameplayTags: Display: UGameplayTagsManager::DoneAddingNativeTags. DelegateIsBound: 0
[2019.04.11-17.24.32:675][  0]LogStats: UGameplayTagsManager::ConstructGameplayTagTree: ImportINI prefixes -  0.000 s
[2019.04.11-17.24.32:675][  0]LogStats: UGameplayTagsManager::ConstructGameplayTagTree: Construct from data asset -  0.000 s
[2019.04.11-17.24.32:675][  0]LogStats: UGameplayTagsManager::ConstructGameplayTagTree: ImportINI -  0.000 s
[2019.04.11-17.24.32:675][  0]LogStats: UGameplayTagsManager::ConstructGameplayTagTree: GameplayTagTreeChangedEvent.Broadcast -  0.000 s
[2019.04.11-17.24.32:811][  0]LogFileCache: Scanning file cache for directory 'C:/Users/jessie lichter/Documents/GitHub/GameDev2Project/MarshMellow/Content/' took 0.06s
[2019.04.11-17.24.32:811][  0]SourceControl: Source control is disabled
[2019.04.11-17.24.32:811][  0]Cmd: MAP LOAD FILE="../../../../../../Users/jessie lichter/Documents/GitHub/GameDev2Project/MarshMellow/Content/ThirdPersonBP/Maps/ThirdPersonExampleMap.umap" TEMPLATE=0 SHOWPROGRESS=1 FEATURELEVEL=3
[2019.04.11-17.24.32:812][  0]LightingResults: New page: Lighting Build
[2019.04.11-17.24.32:815][  0]MapCheck: New page: Map Check
[2019.04.11-17.24.32:815][  0]LightingResults: New page: Lighting Build
[2019.04.11-17.24.33:289][  0]LogAIModule: Creating AISystem for world ThirdPersonExampleMap
[2019.04.11-17.24.33:300][  0]LogEditorServer: Finished looking for orphan Actors (0.000 secs)
[2019.04.11-17.24.33:327][  0]Cmd: MAP CHECKDEP NOCLEARLOG
[2019.04.11-17.24.33:406][  0]MapCheck: Map check complete: 0 Error(s), 0 Warning(s), took 79.205ms to complete.
[2019.04.11-17.24.33:406][  0]LogFileHelpers: Loading map 'ThirdPersonExampleMap' took 0.594
[2019.04.11-17.24.33:564][  0]LogSlate: Updating window title bar state: overlay mode, drag disabled, window buttons hidden, title bar hidden
[2019.04.11-17.24.33:574][  0]LogCollectionManager: Loaded 0 collections in 0.001916 seconds
[2019.04.11-17.24.33:616][  0]LogFileCache: Scanning file cache for directory 'C:/Users/jessie lichter/Documents/GitHub/GameDev2Project/MarshMellow/Saved/Collections/' took 0.01s
[2019.04.11-17.24.33:616][  0]LogFileCache: Scanning file cache for directory 'C:/Users/jessie lichter/Documents/GitHub/GameDev2Project/MarshMellow/Content/Developers/jessielichter/Collections/' took 0.01s
[2019.04.11-17.24.33:616][  0]LogFileCache: Scanning file cache for directory 'C:/Users/jessie lichter/Documents/GitHub/GameDev2Project/MarshMellow/Content/Collections/' took 0.01s
[2019.04.11-17.24.33:616][  0]LogCollectionManager: Rebuilt the GUID cache for 0 collections in 0.000000 seconds
[2019.04.11-17.24.33:628][  0]LogContentBrowser: Native class hierarchy populated in 0.0123 seconds. Added 2572 classes and 603 folders.
[2019.04.11-17.24.33:644][  0]LogContentBrowser: Native class hierarchy updated for 'WidgetCarousel' in 0.0004 seconds. Added 0 classes and 0 folders.
[2019.04.11-17.24.33:692][  0]LogContentBrowser: Native class hierarchy updated for 'AddContentDialog' in 0.0002 seconds. Added 0 classes and 0 folders.
[2019.04.11-17.24.33:699][  0]LogContentBrowser: Native class hierarchy updated for 'WorldBrowser' in 0.0002 seconds. Added 2 classes and 3 folders.
[2019.04.11-17.24.33:706][  0]LogContentBrowser: Native class hierarchy updated for 'SceneOutliner' in 0.0002 seconds. Added 1 classes and 2 folders.
[2019.04.11-17.24.33:770][  0]LogSlate: Took 0.000196 seconds to synchronously load lazily loaded font '../../../Engine/Content/Slate/Fonts/Roboto-Regular.ttf' (155K)
[2019.04.11-17.24.33:773][  0]LogSlate: Took 0.000202 seconds to synchronously load lazily loaded font '../../../Engine/Content/Slate/Fonts/Roboto-Bold.ttf' (160K)
[2019.04.11-17.24.33:784][  0]LogSlate: Took 0.000514 seconds to synchronously load lazily loaded font '../../../Engine/Content/Editor/Slate/Fonts/FontAwesome.ttf' (139K)
[2019.04.11-17.24.33:873][  0]LogRenderer: Reallocating scene render targets to support 868x512 Format 9 NumSamples 1 (Frame:1).
[2019.04.11-17.24.34:061][  0]LogContentBrowser: Native class hierarchy updated for 'HierarchicalLODOutliner' in 0.0005 seconds. Added 0 classes and 0 folders.
[2019.04.11-17.24.34:061][  0]LogLoad: (Engine Initialization) Total time: 11.31 seconds
[2019.04.11-17.24.34:061][  0]LogLoad: (Engine Initialization) Total Blueprint compile time: 0.00 seconds
[2019.04.11-17.24.34:081][  0]LogWindowsTextInputMethodSystem: Display: IME system now deactivated.
[2019.04.11-17.24.34:121][  0]LogContentStreaming: Texture pool size now 800 MB
[2019.04.11-17.24.34:218][  1]LogSlate: Took 0.000492 seconds to synchronously load lazily loaded font '../../../Engine/Content/Slate/Fonts/Roboto-Light.ttf' (167K)
[2019.04.11-17.24.34:531][  4]LogAssetRegistry: Asset discovery search completed in 7.1845 seconds
[2019.04.11-17.24.34:533][  4]LogCollectionManager: Rebuilt the object cache for 0 collections in 0.000000 seconds (found 0 objects)
[2019.04.11-17.24.34:533][  4]LogCollectionManager: Fixed up redirectors for 0 collections in 0.000053 seconds (updated 0 objects)
[2019.04.11-17.24.35:138][ 37]LogSlate: Took 0.000238 seconds to synchronously load lazily loaded font '../../../Engine/Content/Slate/Fonts/Roboto-Light.ttf' (167K)
[2019.04.11-17.24.37:085][154]LogSlate: FSceneViewport::OnFocusLost() reason 0
[2019.04.11-17.24.39:195][278]LogFileCache: Retrieving MD5 hashes for directory 'C:/Users/jessie lichter/Documents/GitHub/GameDev2Project/MarshMellow/Content/' took 5.10s
[2019.04.11-17.24.42:505][470]LogAssetEditorManager: Opening Asset editor for Blueprint /Game/BluePrints/Characters/NPC.NPC
[2019.04.11-17.24.43:094][470]LogContentBrowser: Native class hierarchy updated for 'BlueprintGraph' in 0.0006 seconds. Added 116 classes and 0 folders.
[2019.04.11-17.24.47:003][470]LogAssetEditorManager: Opening Asset editor for Blueprint /Game/BluePrints/Characters/MainCharacter.MainCharacter
[2019.04.11-17.24.47:459][470]LogScript: Warning: Script Msg: Divide by zero detected: 0.000000 / 0
Script call stack:
	Function /Game/ParagonRevenant/Characters/Heroes/Revenant/Revenant_AnimBlueprint.Revenant_AnimBlueprint_C:BlueprintUpdateAnimation
	Function /Game/ParagonRevenant/Characters/Heroes/Revenant/Revenant_AnimBlueprint.Revenant_AnimBlueprint_C:ExecuteUbergraph_Revenant_AnimBlueprint

[2019.04.11-17.24.47:488][470]LogSlate: Took 0.005703 seconds to synchronously load lazily loaded font '../../../Engine/Content/Slate/Fonts/Roboto-BoldCondensed.ttf' (158K)
[2019.04.11-17.24.48:202][471]LogSlate: Took 0.003691 seconds to synchronously load lazily loaded font '../../../Engine/Content/Slate/Fonts/Roboto-Italic.ttf' (157K)
[2019.04.11-17.24.55:308][840]LogSlate: Window 'NPC' being destroyed
[2019.04.11-17.24.55:314][840]LogActorComponent: UnregisterComponent: (/Engine/Transient.EditorFloorComp) Not registered. Aborting.
[2019.04.11-17.24.58:795][ 44]AssetReimport: New page: Detailed File System Changes from 1:24:58 PM
[2019.04.11-17.24.58:809][ 44]AssetReimport: 'C:/Users/jessie lichter/Documents/GitHub/GameDev2Project/MarshMellow/Content/Brushify/Materials/Landscape/Textures/Mud/T_Mud_D.jpg' has been created.
[2019.04.11-17.24.58:809][ 44]AssetReimport: 'C:/Users/jessie lichter/Documents/GitHub/GameDev2Project/MarshMellow/Content/Brushify/Materials/Landscape/Textures/Mud/T_Mud_N.jpg' has been created.
[2019.04.11-17.24.58:809][ 44]AssetReimport: 'C:/Users/jessie lichter/Documents/GitHub/GameDev2Project/MarshMellow/Content/Brushify/Materials/Landscape/Textures/Mud/T_Mud_R.jpg' has been created.
[2019.04.11-17.24.58:809][ 44]AssetReimport: 'C:/Users/jessie lichter/Documents/GitHub/GameDev2Project/MarshMellow/Content/Developers/Brushify/Materials/Landscape/Textures/Mud/T_Mud_D.jpg' has been created.
[2019.04.11-17.24.58:809][ 44]AssetReimport: 'C:/Users/jessie lichter/Documents/GitHub/GameDev2Project/MarshMellow/Content/Developers/Brushify/Materials/Landscape/Textures/Mud/T_Mud_N.jpg' has been created.
[2019.04.11-17.24.58:809][ 44]AssetReimport: 'C:/Users/jessie lichter/Documents/GitHub/GameDev2Project/MarshMellow/Content/Developers/Brushify/Materials/Landscape/Textures/Mud/T_Mud_R.jpg' has been created.
[2019.04.11-17.25.05:057][415]AssetReimport: New page: Outstanding source content changes 9:25:05 AM
[2019.04.11-17.25.05:080][415]LogEditorFactories: Performing atomic reimport of [C:/Users/jessie lichter/Documents/GitHub/GameDev2Project/MarshMellow/Content/Brushify/Materials/Landscape/Textures/Mud/T_Mud_D.jpg]
[2019.04.11-17.25.05:095][415]LogFactory: FactoryCreateFile: Texture2D with ReimportTextureFactory (0 0 C:/Users/jessie lichter/Documents/GitHub/GameDev2Project/MarshMellow/Content/Brushify/Materials/Landscape/Textures/Mud/T_Mud_D.jpg)
[2019.04.11-17.25.12:441][415]LogEditorFactories: -- imported successfully
[2019.04.11-17.25.12:511][416]LogEditorFactories: Performing atomic reimport of [C:/Users/jessie lichter/Documents/GitHub/GameDev2Project/MarshMellow/Content/Brushify/Materials/Landscape/Textures/Mud/T_Mud_N.jpg]
[2019.04.11-17.25.12:532][416]LogFactory: FactoryCreateFile: Texture2D with ReimportTextureFactory (0 0 C:/Users/jessie lichter/Documents/GitHub/GameDev2Project/MarshMellow/Content/Brushify/Materials/Landscape/Textures/Mud/T_Mud_N.jpg)
[2019.04.11-17.25.14:122][416]LogEditorFactories: -- imported successfully
[2019.04.11-17.25.14:185][417]LogEditorFactories: Performing atomic reimport of [C:/Users/jessie lichter/Documents/GitHub/GameDev2Project/MarshMellow/Content/Brushify/Materials/Landscape/Textures/Mud/T_Mud_R.jpg]
[2019.04.11-17.25.14:196][417]LogFactory: FactoryCreateFile: Texture2D with ReimportTextureFactory (0 0 C:/Users/jessie lichter/Documents/GitHub/GameDev2Project/MarshMellow/Content/Brushify/Materials/Landscape/Textures/Mud/T_Mud_R.jpg)
[2019.04.11-17.25.19:304][417]LogEditorFactories: -- imported successfully
[2019.04.11-17.25.19:347][418]LogEditorFactories: Performing atomic reimport of [C:/Users/jessie lichter/Documents/GitHub/GameDev2Project/MarshMellow/Content/Developers/Brushify/Materials/Landscape/Textures/Mud/T_Mud_D.jpg]
[2019.04.11-17.25.19:360][418]LogFactory: FactoryCreateFile: Texture2D with ReimportTextureFactory (0 0 C:/Users/jessie lichter/Documents/GitHub/GameDev2Project/MarshMellow/Content/Developers/Brushify/Materials/Landscape/Textures/Mud/T_Mud_D.jpg)
[2019.04.11-17.25.26:511][418]LogEditorFactories: -- imported successfully
[2019.04.11-17.25.26:566][419]LogEditorFactories: Performing atomic reimport of [C:/Users/jessie lichter/Documents/GitHub/GameDev2Project/MarshMellow/Content/Developers/Brushify/Materials/Landscape/Textures/Mud/T_Mud_N.jpg]
[2019.04.11-17.25.26:587][419]LogFactory: FactoryCreateFile: Texture2D with ReimportTextureFactory (0 0 C:/Users/jessie lichter/Documents/GitHub/GameDev2Project/MarshMellow/Content/Developers/Brushify/Materials/Landscape/Textures/Mud/T_Mud_N.jpg)
[2019.04.11-17.25.28:168][419]LogEditorFactories: -- imported successfully
[2019.04.11-17.25.28:221][420]LogEditorFactories: Performing atomic reimport of [C:/Users/jessie lichter/Documents/GitHub/GameDev2Project/MarshMellow/Content/Developers/Brushify/Materials/Landscape/Textures/Mud/T_Mud_R.jpg]
[2019.04.11-17.25.28:233][420]LogFactory: FactoryCreateFile: Texture2D with ReimportTextureFactory (0 0 C:/Users/jessie lichter/Documents/GitHub/GameDev2Project/MarshMellow/Content/Developers/Brushify/Materials/Landscape/Textures/Mud/T_Mud_R.jpg)
[2019.04.11-17.25.33:082][420]LogEditorFactories: -- imported successfully
[2019.04.11-17.25.35:880][421]LogSavePackage: Moving '../../../../../../Users/jessie lichter/Documents/GitHub/GameDev2Project/MarshMellow/Saved/T_Mud_DD8A48F4249E48981D216138337B65597.tmp' to '../../../../../../Users/jessie lichter/Documents/GitHub/GameDev2Project/MarshMellow/Content/Brushify/Materials/Landscape/Textures/Mud/T_Mud_D.uasset'
[2019.04.11-17.25.40:006][421]LogSavePackage: Moving '../../../../../../Users/jessie lichter/Documents/GitHub/GameDev2Project/MarshMellow/Saved/T_Mud_N0855AA4440B4943AB752359BCB3E86F8.tmp' to '../../../../../../Users/jessie lichter/Documents/GitHub/GameDev2Project/MarshMellow/Content/Brushify/Materials/Landscape/Textures/Mud/T_Mud_N.uasset'
[2019.04.11-17.25.41:983][421]LogSavePackage: Moving '../../../../../../Users/jessie lichter/Documents/GitHub/GameDev2Project/MarshMellow/Saved/T_Mud_R7D7FE1E7400BCD1CBC4881B7B99D34CE.tmp' to '../../../../../../Users/jessie lichter/Documents/GitHub/GameDev2Project/MarshMellow/Content/Brushify/Materials/Landscape/Textures/Mud/T_Mud_R.uasset'
[2019.04.11-17.25.44:495][421]LogSavePackage: Moving '../../../../../../Users/jessie lichter/Documents/GitHub/GameDev2Project/MarshMellow/Saved/T_Mud_D23B60ACA4EE6132ABF9DBE9D28BC8219.tmp' to '../../../../../../Users/jessie lichter/Documents/GitHub/GameDev2Project/MarshMellow/Content/Developers/Brushify/Materials/Landscape/Textures/Mud/T_Mud_D.uasset'
[2019.04.11-17.25.47:763][421]LogSavePackage: Moving '../../../../../../Users/jessie lichter/Documents/GitHub/GameDev2Project/MarshMellow/Saved/T_Mud_N178D7CF74C29D0C5F6918DAC0570B06D.tmp' to '../../../../../../Users/jessie lichter/Documents/GitHub/GameDev2Project/MarshMellow/Content/Developers/Brushify/Materials/Landscape/Textures/Mud/T_Mud_N.uasset'
[2019.04.11-17.25.49:541][421]LogSavePackage: Moving '../../../../../../Users/jessie lichter/Documents/GitHub/GameDev2Project/MarshMellow/Saved/T_Mud_RABFB608B4DF256EC6B05678DBBC84D61.tmp' to '../../../../../../Users/jessie lichter/Documents/GitHub/GameDev2Project/MarshMellow/Content/Developers/Brushify/Materials/Landscape/Textures/Mud/T_Mud_R.uasset'
[2019.04.11-17.25.52:567][594]AssetReimport: Reimported asset T_Mud_D from C:/Users/jessie lichter/Documents/GitHub/GameDev2Project/MarshMellow/Content/Brushify/Materials/Landscape/Textures/Mud/T_Mud_D.jpg.
[2019.04.11-17.25.52:567][594]AssetReimport: Reimported asset T_Mud_N from C:/Users/jessie lichter/Documents/GitHub/GameDev2Project/MarshMellow/Content/Brushify/Materials/Landscape/Textures/Mud/T_Mud_N.jpg.
[2019.04.11-17.25.52:567][594]AssetReimport: Reimported asset T_Mud_R from C:/Users/jessie lichter/Documents/GitHub/GameDev2Project/MarshMellow/Content/Brushify/Materials/Landscape/Textures/Mud/T_Mud_R.jpg.
[2019.04.11-17.25.52:567][594]AssetReimport: Reimported asset T_Mud_D from C:/Users/jessie lichter/Documents/GitHub/GameDev2Project/MarshMellow/Content/Developers/Brushify/Materials/Landscape/Textures/Mud/T_Mud_D.jpg.
[2019.04.11-17.25.52:567][594]AssetReimport: Reimported asset T_Mud_N from C:/Users/jessie lichter/Documents/GitHub/GameDev2Project/MarshMellow/Content/Developers/Brushify/Materials/Landscape/Textures/Mud/T_Mud_N.jpg.
[2019.04.11-17.25.52:567][594]AssetReimport: Reimported asset T_Mud_R from C:/Users/jessie lichter/Documents/GitHub/GameDev2Project/MarshMellow/Content/Developers/Brushify/Materials/Landscape/Textures/Mud/T_Mud_R.jpg.
[2019.04.11-17.26.29:237][794]LogSlate: Window 'Message Log' being destroyed
[2019.04.11-17.26.29:243][794]LogSlate: Window 'Message Log' being destroyed
[2019.04.11-17.26.39:399][903]LogAIModule: Creating AISystem for world TestingPersistent
[2019.04.11-17.26.39:660][903]LogScript: Warning: Script Msg: Divide by zero detected: 0.000000 / 0
Script call stack:
	Function /Game/ParagonRevenant/Characters/Heroes/Revenant/Revenant_AnimBlueprint.Revenant_AnimBlueprint_C:BlueprintUpdateAnimation
	Function /Game/ParagonRevenant/Characters/Heroes/Revenant/Revenant_AnimBlueprint.Revenant_AnimBlueprint_C:ExecuteUbergraph_Revenant_AnimBlueprint

[2019.04.11-17.26.39:687][903]LogAssetEditorManager: Opening Asset editor for World /Game/TestingMaps/TestingPersistent.TestingPersistent
[2019.04.11-17.26.39:742][903]Cmd: MAP LOAD FILE="../../../../../../Users/jessie lichter/Documents/GitHub/GameDev2Project/MarshMellow/Content/TestingMaps/TestingPersistent.umap" TEMPLATE=0 SHOWPROGRESS=1 FEATURELEVEL=3
[2019.04.11-17.26.39:742][903]LightingResults: New page: Lighting Build
[2019.04.11-17.26.39:743][903]LoadErrors: New page: Loading map: TestingPersistent.umap
[2019.04.11-17.26.39:745][903]MapCheck: New page: Map Check
[2019.04.11-17.26.39:745][903]LightingResults: New page: Lighting Build
[2019.04.11-17.26.54:279][903]LogScript: Warning: Script Msg: Divide by zero detected: 0.000000 / 0
Script call stack:
	Function /Game/ParagonRevenant/Characters/Heroes/Revenant/Revenant_AnimBlueprint.Revenant_AnimBlueprint_C:BlueprintUpdateAnimation
	Function /Game/ParagonRevenant/Characters/Heroes/Revenant/Revenant_AnimBlueprint.Revenant_AnimBlueprint_C:ExecuteUbergraph_Revenant_AnimBlueprint

[2019.04.11-17.26.54:730][903]LogEditorServer: Finished looking for orphan Actors (0.000 secs)
[2019.04.11-17.26.54:819][903]Cmd: MAP CHECKDEP NOCLEARLOG
[2019.04.11-17.26.54:983][903]MapCheck: Map check complete: 0 Error(s), 0 Warning(s), took 163.643ms to complete.
[2019.04.11-17.26.54:985][903]LogFileHelpers: Loading map 'TestingPersistent' took 15.244
[2019.04.11-17.28.17:955][700]LogEditorViewport: Clicking on Actor (LMB): Landscape (Landscape)
[2019.04.11-17.28.18:792][734]LogEditorViewport: Clicking on Actor (context menu): Landscape (Landscape)
[2019.04.11-17.28.18:837][734]LogSlate: FSceneViewport::OnFocusLost() reason 2
[2019.04.11-17.28.19:614][771]LogScript: Warning: Script Msg: Divide by zero detected: 0.000000 / 0
Script call stack:
	Function /Game/ParagonRevenant/Characters/Heroes/Revenant/Revenant_AnimBlueprint.Revenant_AnimBlueprint_C:BlueprintUpdateAnimation
	Function /Game/ParagonRevenant/Characters/Heroes/Revenant/Revenant_AnimBlueprint.Revenant_AnimBlueprint_C:ExecuteUbergraph_Revenant_AnimBlueprint

[2019.04.11-17.28.21:542][856]LogPlayLevel: PlayLevel: No blueprints needed recompiling
[2019.04.11-17.28.21:558][856]PIE: New page: PIE session: TestingPersistent (Apr 11, 2019, 9:28:21 AM)
[2019.04.11-17.28.21:558][856]LogPlayLevel: Creating play world package: /Game/TestingMaps/UEDPIE_0_TestingPersistent
[2019.04.11-17.28.24:240][856]LogPlayLevel: PIE: StaticDuplicateObject took: (2.681976s)
[2019.04.11-17.28.24:241][856]LogAIModule: Creating AISystem for world TestingPersistent
[2019.04.11-17.28.24:242][856]LogPlayLevel: PIE: World Init took: (0.001762s)
[2019.04.11-17.28.24:242][856]LogPlayLevel: PIE: Created PIE world by copying editor world from /Game/TestingMaps/TestingPersistent.TestingPersistent to /Game/TestingMaps/UEDPIE_0_TestingPersistent.TestingPersistent (2.684213s)
[2019.04.11-17.28.24:291][856]LogInit: XAudio2 using 'Speakers / Headphones (Realtek Audio)' : 2 channels at 48 kHz using 32 bits per sample (channel mask 0x3)
[2019.04.11-17.28.24:320][856]LogInit: FAudioDevice initialized.
[2019.04.11-17.28.24:322][856]LogSlate: FSceneViewport::OnFocusLost() reason 2
[2019.04.11-17.28.24:383][856]LogLoad: Game class is 'ThirdPersonGameMode_C'
[2019.04.11-17.28.24:449][856]LogScript: Warning: Script Msg: Divide by zero detected: 0.000000 / 0
Script call stack:
	Function /Game/ParagonRevenant/Characters/Heroes/Revenant/Revenant_AnimBlueprint.Revenant_AnimBlueprint_C:BlueprintUpdateAnimation
	Function /Game/ParagonRevenant/Characters/Heroes/Revenant/Revenant_AnimBlueprint.Revenant_AnimBlueprint_C:ExecuteUbergraph_Revenant_AnimBlueprint

[2019.04.11-17.28.24:464][856]LogWorld: Bringing World /Game/TestingMaps/UEDPIE_0_TestingPersistent.TestingPersistent up for play (max tick rate 60) at 2019.04.11-13.28.24
[2019.04.11-17.28.24:474][856]LogWorld: Bringing up level for play took: 0.079314
[2019.04.11-17.28.24:502][856]LogContentBrowser: Native class hierarchy updated for 'MovieSceneCapture' in 0.0003 seconds. Added 10 classes and 0 folders.
[2019.04.11-17.28.24:507][856]PIE: Play in editor start time for /Game/TestingMaps/UEDPIE_0_TestingPersistent 3.941
[2019.04.11-17.28.26:591][970]LogParticles: Warning: Particle Notify: Particle system is null for particle notify 'PlayParticleEffect' in anim: '/Game/ParagonRevenant/Characters/Heroes/Revenant/Animations/LevelStart_Montage.LevelStart_Montage'
[2019.04.11-17.29.07:022][394]LogSlate: Updating window title bar state: overlay mode, drag disabled, window buttons hidden, title bar hidden
[2019.04.11-17.29.07:071][394]LogPlayLevel: Display: Shutting down PIE online subsystems
[2019.04.11-17.29.07:136][394]LogSlate: Updating window title bar state: overlay mode, drag disabled, window buttons hidden, title bar hidden
[2019.04.11-17.29.07:217][395]LogPlayLevel: Display: Destroying online subsystem :Context_5
[2019.04.11-17.29.46:016][683]LogEditorViewport: Clicking on Actor (LMB): Landscape (Landscape)
[2019.04.11-17.29.46:114][684]LogEditorViewport: Clicking on Actor (double click): Landscape (Landscape)
[2019.04.11-17.30.09:239][322]LogSlate: FSceneViewport::OnFocusLost() reason 0
[2019.04.11-17.30.10:077][325]LogMaterial: Display: Missing cached shader map for material M_Landscape, compiling. 
[2019.04.11-17.30.10:149][325]LogShaderCompilers: Display: Shaders left to compile 8
[2019.04.11-17.30.12:287][325]LogTexture: Display: Building textures: Texture2D_2 (G8, 128X128)
[2019.04.11-17.30.34:303][136]LogSlate: FSceneViewport::OnFocusLost() reason 0
[2019.04.11-17.30.35:704][203]LogSlate: Took 0.011379 seconds to synchronously load lazily loaded font '../../../Engine/Content/Slate/Fonts/DroidSansMono.ttf' (77K)
[2019.04.11-17.30.41:524][484]Cmd: r.Streaming.PoolSize 3500
[2019.04.11-17.30.41:543][484]r.Streaming.PoolSize = "3500"
[2019.04.11-17.30.41:550][484]LogContentStreaming: Texture pool size now 3500 MB
[2019.04.11-17.50.14:665][300]LogSlate: Window 'MarshMellow - Unreal Editor' being destroyed
[2019.04.11-17.50.14:811][301]Cmd: QUIT_EDITOR
[2019.04.11-17.50.15:215][301]LogWindowsTextInputMethodSystem: Display: IME system now deactivated.
[2019.04.11-17.50.15:250][301]LogExit: Preparing to exit.
[2019.04.11-17.50.16:022][301]LogExit: Editor shut down
[2019.04.11-17.50.16:022][301]LogExit: Transaction tracking system shut down
[2019.04.11-17.50.16:554][301]LogExit: Object subsystem successfully closed.
[2019.04.11-17.50.16:579][301]LogShaderCompilers: Display: Shaders left to compile 0
[2019.04.11-17.50.16:584][301]LogD3D11RHI: Shutdown
[2019.04.11-17.50.16:584][301]LogD3D11RHI: CleanupD3DDevice
[2019.04.11-17.50.16:587][301]LogD3D11RHI: ~FD3D11DynamicRHI
[2019.04.11-17.50.16:611][301]LogModuleManager: Shutting down and abandoning module MovieSceneCapture (618)
[2019.04.11-17.50.16:611][301]LogModuleManager: Shutting down and abandoning module Voice (616)
[2019.04.11-17.50.16:611][301]LogModuleManager: Shutting down and abandoning module BlueprintGraph (614)
[2019.04.11-17.50.16:611][301]LogModuleManager: Shutting down and abandoning module HierarchicalLODOutliner (612)
[2019.04.11-17.50.16:611][301]LogModuleManager: Shutting down and abandoning module SceneOutliner (610)
[2019.04.11-17.50.16:611][301]LogModuleManager: Shutting down and abandoning module WorldBrowser (608)
[2019.04.11-17.50.16:611][301]LogModuleManager: Shutting down and abandoning module AddContentDialog (606)
[2019.04.11-17.50.16:612][301]LogModuleManager: Shutting down and abandoning module WidgetCarousel (605)
[2019.04.11-17.50.16:612][301]LogModuleManager: Shutting down and abandoning module EditorWidgets (602)
[2019.04.11-17.50.16:612][301]LogModuleManager: Shutting down and abandoning module CollectionManager (600)
[2019.04.11-17.50.16:612][301]LogModuleManager: Shutting down and abandoning module StatsViewer (598)
[2019.04.11-17.50.16:612][301]LogModuleManager: Shutting down and abandoning module FoliageEdit (596)
[2019.04.11-17.50.16:612][301]LogModuleManager: Shutting down and abandoning module LandscapeEditor (594)
[2019.04.11-17.50.16:612][301]LogModuleManager: Shutting down and abandoning module MeshPaintMode (592)
[2019.04.11-17.50.16:612][301]LogModuleManager: Shutting down and abandoning module SceneDepthPickerMode (590)
[2019.04.11-17.50.16:612][301]LogModuleManager: Shutting down and abandoning module ActorPickerMode (588)
[2019.04.11-17.50.16:612][301]LogModuleManager: Shutting down and abandoning module GeometryMode (586)
[2019.04.11-17.50.16:612][301]LogModuleManager: Shutting down and abandoning module TextureAlignMode (584)
[2019.04.11-17.50.16:612][301]LogModuleManager: Shutting down and abandoning module BspMode (582)
[2019.04.11-17.50.16:612][301]LogModuleManager: Shutting down and abandoning module PIEPreviewDeviceProfileSelector (580)
[2019.04.11-17.50.16:612][301]LogModuleManager: Shutting down and abandoning module SequenceRecorderSections (578)
[2019.04.11-17.50.16:612][301]LogModuleManager: Shutting down and abandoning module AutomationWorker (576)
[2019.04.11-17.50.16:612][301]LogModuleManager: Shutting down and abandoning module AudioCaptureEditor (574)
[2019.04.11-17.50.16:612][301]LogModuleManager: Shutting down and abandoning module SequenceRecorder (573)
[2019.04.11-17.50.16:612][301]LogModuleManager: Shutting down and abandoning module MatineeToLevelSequence (570)
[2019.04.11-17.50.16:612][301]LogModuleManager: Shutting down and abandoning module LevelSequenceEditor (568)
[2019.04.11-17.50.16:612][301]LogModuleManager: Shutting down and abandoning module PlacementMode (567)
[2019.04.11-17.50.16:612][301]LogModuleManager: Shutting down and abandoning module MaterialEditor (566)
[2019.04.11-17.50.16:613][301]LogModuleManager: Shutting down and abandoning module WmfMediaFactory (562)
[2019.04.11-17.50.16:613][301]LogModuleManager: Shutting down and abandoning module WmfMediaEditor (560)
[2019.04.11-17.50.16:613][301]LogModuleManager: Shutting down and abandoning module MediaPlayerEditor (558)
[2019.04.11-17.50.16:613][301]LogModuleManager: Shutting down and abandoning module OpenExrWrapper (556)
[2019.04.11-17.50.16:613][301]LogModuleManager: Shutting down and abandoning module ImgMediaFactory (554)
[2019.04.11-17.50.16:613][301]LogModuleManager: Shutting down and abandoning module ImgMediaEditor (552)
[2019.04.11-17.50.16:613][301]LogModuleManager: Shutting down and abandoning module AvfMediaFactory (550)
[2019.04.11-17.50.16:613][301]LogModuleManager: Shutting down and abandoning module AvfMediaEditor (548)
[2019.04.11-17.50.16:613][301]LogModuleManager: Shutting down and abandoning module AndroidMediaFactory (546)
[2019.04.11-17.50.16:613][301]LogModuleManager: Shutting down and abandoning module AndroidMediaEditor (544)
[2019.04.11-17.50.16:613][301]LogModuleManager: Shutting down and abandoning module MagicLeapCameraPreviewFactory (542)
[2019.04.11-17.50.16:613][301]LogModuleManager: Shutting down and abandoning module MagicLeapMediaFactory (540)
[2019.04.11-17.50.16:613][301]LogModuleManager: Shutting down and abandoning module MagicLeapMediaEditor (538)
[2019.04.11-17.50.16:613][301]LogModuleManager: Shutting down and abandoning module CharacterAI (536)
[2019.04.11-17.50.16:613][301]LogModuleManager: Shutting down and abandoning module SmartSnapping (534)
[2019.04.11-17.50.16:613][301]LogModuleManager: Shutting down and abandoning module SessionServices (532)
[2019.04.11-17.50.16:613][301]LogModuleManager: Shutting down and abandoning module ViewportSnapping (530)
[2019.04.11-17.50.16:613][301]LogModuleManager: Shutting down and abandoning module ViewportInteraction (528)
[2019.04.11-17.50.16:613][301]LogModuleManager: Shutting down and abandoning module ClothPainter (526)
[2019.04.11-17.50.16:613][301]LogModuleManager: Shutting down and abandoning module SkeletalMeshEditor (525)
[2019.04.11-17.50.16:613][301]LogModuleManager: Shutting down and abandoning module LogVisualizer (522)
[2019.04.11-17.50.16:613][301]LogModuleManager: Shutting down and abandoning module IntroTutorials (520)
[2019.04.11-17.50.16:613][301]LogModuleManager: Shutting down and abandoning module GameProjectGeneration (519)
[2019.04.11-17.50.16:613][301]LogModuleManager: Shutting down and abandoning module LuminPlatformEditor (516)
[2019.04.11-17.50.16:613][301]LogModuleManager: Shutting down and abandoning module IOSPlatformEditor (514)
[2019.04.11-17.50.16:613][301]LogModuleManager: Shutting down and abandoning module HTML5PlatformEditor (512)
[2019.04.11-17.50.16:613][301]LogModuleManager: Shutting down and abandoning module AndroidPlatformEditor (510)
[2019.04.11-17.50.16:613][301]LogModuleManager: Shutting down and abandoning module AndroidDeviceDetection (509)
[2019.04.11-17.50.17:282][301]LogModuleManager: Shutting down and abandoning module WindowsPlatformEditor (506)
[2019.04.11-17.50.17:282][301]LogModuleManager: Shutting down and abandoning module LuminRuntimeSettings (504)
[2019.04.11-17.50.17:282][301]LogModuleManager: Shutting down and abandoning module IOSRuntimeSettings (502)
[2019.04.11-17.50.17:282][301]LogModuleManager: Shutting down and abandoning module AndroidRuntimeSettings (500)
[2019.04.11-17.50.17:282][301]LogModuleManager: Shutting down and abandoning module InputBindingEditor (498)
[2019.04.11-17.50.17:282][301]LogModuleManager: Shutting down and abandoning module MergeActors (496)
[2019.04.11-17.50.17:282][301]LogModuleManager: Shutting down and abandoning module LocalizationDashboard (494)
[2019.04.11-17.50.17:282][301]LogModuleManager: Shutting down and abandoning module LocalizationService (493)
[2019.04.11-17.50.17:282][301]LogModuleManager: Shutting down and abandoning module HardwareTargeting (490)
[2019.04.11-17.50.17:282][301]LogModuleManager: Shutting down and abandoning module DeviceProfileEditor (488)
[2019.04.11-17.50.17:282][301]LogModuleManager: Shutting down and abandoning module UndoHistory (486)
[2019.04.11-17.50.17:283][301]LogModuleManager: Shutting down and abandoning module XmlParser (484)
[2019.04.11-17.50.17:283][301]LogModuleManager: Shutting down and abandoning module Blutility (482)
[2019.04.11-17.50.17:283][301]LogModuleManager: Shutting down and abandoning module ProjectSettingsViewer (480)
[2019.04.11-17.50.17:283][301]LogModuleManager: Shutting down and abandoning module ProjectTargetPlatformEditor (479)
[2019.04.11-17.50.17:283][301]LogModuleManager: Shutting down and abandoning module EditorSettingsViewer (476)
[2019.04.11-17.50.17:283][301]LogModuleManager: Shutting down and abandoning module SettingsEditor (474)
[2019.04.11-17.50.17:283][301]LogModuleManager: Shutting down and abandoning module ProjectLauncher (472)
[2019.04.11-17.50.17:283][301]LogModuleManager: Shutting down and abandoning module SessionFrontend (470)
[2019.04.11-17.50.17:283][301]LogModuleManager: Shutting down and abandoning module ProfilerClient (468)
[2019.04.11-17.50.17:284][301]LogModuleManager: Shutting down and abandoning module DeviceManager (466)
[2019.04.11-17.50.17:284][301]LogModuleManager: Shutting down and abandoning module TargetDeviceServices (465)
[2019.04.11-17.50.17:337][301]LogModuleManager: Shutting down and abandoning module AutomationController (462)
[2019.04.11-17.50.17:337][301]LogModuleManager: Shutting down and abandoning module AutomationWindow (460)
[2019.04.11-17.50.17:337][301]LogModuleManager: Shutting down and abandoning module Layers (458)
[2019.04.11-17.50.17:337][301]LogModuleManager: Shutting down and abandoning module ComponentVisualizers (456)
[2019.04.11-17.50.17:337][301]LogModuleManager: Shutting down and abandoning module DetailCustomizations (454)
[2019.04.11-17.50.17:337][301]LogModuleManager: Shutting down and abandoning module PackagesDialog (452)
[2019.04.11-17.50.17:338][301]LogModuleManager: Shutting down and abandoning module Persona (450)
[2019.04.11-17.50.17:338][301]LogModuleManager: Shutting down and abandoning module AdvancedPreviewScene (449)
[2019.04.11-17.50.17:338][301]LogModuleManager: Shutting down and abandoning module AnimGraph (447)
[2019.04.11-17.50.17:338][301]LogModuleManager: Shutting down and abandoning module Kismet (444)
[2019.04.11-17.50.17:354][301]LogModuleManager: Shutting down and abandoning module GraphEditor (442)
[2019.04.11-17.50.17:354][301]LogModuleManager: Shutting down and abandoning module ClassViewer (440)
[2019.04.11-17.50.17:354][301]LogModuleManager: Shutting down and abandoning module Toolbox (438)
[2019.04.11-17.50.17:354][301]LogModuleManager: Shutting down and abandoning module ModuleUI (436)
[2019.04.11-17.50.17:354][301]LogModuleManager: Shutting down and abandoning module MovieSceneTools (434)
[2019.04.11-17.50.17:355][301]LogModuleManager: Shutting down and abandoning module OutputLog (432)
[2019.04.11-17.50.17:355][301]LogModuleManager: Shutting down and abandoning module GammaUI (430)
[2019.04.11-17.50.17:355][301]LogModuleManager: Shutting down and abandoning module Documentation (428)
[2019.04.11-17.50.17:355][301]LogModuleManager: Shutting down and abandoning module MovieSceneTracks (426)
[2019.04.11-17.50.17:355][301]LogModuleManager: Shutting down and abandoning module MovieScene (424)
[2019.04.11-17.50.17:355][301]LogModuleManager: Shutting down and abandoning module StreamingPauseRendering (422)
[2019.04.11-17.50.17:355][301]LogModuleManager: Shutting down and abandoning module LauncherPlatform (420)
[2019.04.11-17.50.17:355][301]LogModuleManager: Shutting down and abandoning module AnalyticsET (418)
[2019.04.11-17.50.17:355][301]LogModuleManager: Shutting down and abandoning module PortalServices (416)
[2019.04.11-17.50.17:355][301]LogModuleManager: Shutting down and abandoning module PortalRpc (414)
[2019.04.11-17.50.17:355][301]LogModuleManager: Shutting down and abandoning module MessagingRpc (412)
[2019.04.11-17.50.17:355][301]LogModuleManager: Shutting down and abandoning module AIModule (410)
[2019.04.11-17.50.17:356][301]LogModuleManager: Shutting down and abandoning module GameplayDebugger (409)
[2019.04.11-17.50.17:356][301]LogModuleManager: Shutting down and abandoning module AITestSuite (407)
[2019.04.11-17.50.17:356][301]LogModuleManager: Shutting down and abandoning module NavigationSystem (405)
[2019.04.11-17.50.17:356][301]LogModuleManager: Shutting down and abandoning module DesktopPlatform (402)
[2019.04.11-17.50.17:356][301]LogModuleManager: Shutting down and abandoning module ProfilerService (400)
[2019.04.11-17.50.17:481][301]LogModuleManager: Shutting down and abandoning module TaskGraph (398)
[2019.04.11-17.50.17:481][301]LogModuleManager: Shutting down and abandoning module SteamVRController (396)
[2019.04.11-17.50.17:481][301]LogModuleManager: Shutting down and abandoning module ProceduralMeshComponentEditor (394)
[2019.04.11-17.50.17:481][301]LogModuleManager: Shutting down and abandoning module ProceduralMeshComponent (392)
[2019.04.11-17.50.17:481][301]LogModuleManager: Shutting down and abandoning module OculusInput (390)
[2019.04.11-17.50.17:481][301]LogModuleManager: Shutting down and abandoning module MobilePatchingUtils (388)
[2019.04.11-17.50.17:482][301]LogModuleManager: Shutting down and abandoning module EditableMesh (386)
[2019.04.11-17.50.17:482][301]LogModuleManager: Shutting down and abandoning module CustomMeshComponent (384)
[2019.04.11-17.50.17:482][301]LogModuleManager: Shutting down and abandoning module CableComponent (382)
[2019.04.11-17.50.17:482][301]LogModuleManager: Shutting down and abandoning module AudioCapture (380)
[2019.04.11-17.50.17:482][301]LogModuleManager: Shutting down and abandoning module ArchVisCharacter (378)
[2019.04.11-17.50.17:482][301]LogModuleManager: Shutting down and abandoning module AndroidPermission (376)
[2019.04.11-17.50.17:482][301]LogModuleManager: Shutting down and abandoning module NUTUnrealEngine4 (374)
[2019.04.11-17.50.17:482][301]LogModuleManager: Shutting down and abandoning module NetcodeUnitTest (372)
[2019.04.11-17.50.17:482][301]LogModuleManager: Shutting down and abandoning module MediaCompositingEditor (370)
[2019.04.11-17.50.17:482][301]LogModuleManager: Shutting down and abandoning module MediaCompositing (368)
[2019.04.11-17.50.17:482][301]LogModuleManager: Shutting down and abandoning module LinearTimecode (366)
[2019.04.11-17.50.17:482][301]LogModuleManager: Shutting down and abandoning module ImgMedia (364)
[2019.04.11-17.50.17:486][301]LogModuleManager: Shutting down and abandoning module HTML5Networking (362)
[2019.04.11-17.50.17:486][301]LogModuleManager: Shutting down and abandoning module GeometryCacheTracks (360)
[2019.04.11-17.50.17:486][301]LogModuleManager: Shutting down and abandoning module GeometryCacheSequencer (358)
[2019.04.11-17.50.17:486][301]LogModuleManager: Shutting down and abandoning module BackChannel (356)
[2019.04.11-17.50.17:486][301]LogModuleManager: Shutting down and abandoning module AppleVision (354)
[2019.04.11-17.50.17:486][301]LogModuleManager: Shutting down and abandoning module AppleImageUtils (352)
[2019.04.11-17.50.17:486][301]LogModuleManager: Shutting down and abandoning module AlembicImporter (350)
[2019.04.11-17.50.17:486][301]LogModuleManager: Shutting down and abandoning module AlembicLibrary (349)
[2019.04.11-17.50.17:486][301]LogModuleManager: Shutting down and abandoning module GeometryCache (348)
[2019.04.11-17.50.17:486][301]LogModuleManager: Shutting down and abandoning module GeometryCacheEd (347)
[2019.04.11-17.50.17:486][301]LogModuleManager: Shutting down and abandoning module DatasmithContentEditor (342)
[2019.04.11-17.50.17:486][301]LogModuleManager: Shutting down and abandoning module DatasmithContent (340)
[2019.04.11-17.50.17:486][301]LogModuleManager: Shutting down and abandoning module SpeedTreeImporter (338)
[2019.04.11-17.50.17:486][301]LogModuleManager: Shutting down and abandoning module PluginBrowser (336)
[2019.04.11-17.50.17:487][301]LogModuleManager: Shutting down and abandoning module MobileLauncherProfileWizard (334)
[2019.04.11-17.50.17:487][301]LogModuleManager: Shutting down and abandoning module PolygonModeling (332)
[2019.04.11-17.50.17:487][301]LogModuleManager: Shutting down and abandoning module MeshEditor (330)
[2019.04.11-17.50.17:487][301]LogModuleManager: Shutting down and abandoning module CryptoKeysOpenSSL (328)
[2019.04.11-17.50.17:487][301]LogModuleManager: Shutting down and abandoning module CryptoKeys (326)
[2019.04.11-17.50.17:487][301]LogModuleManager: Shutting down and abandoning module VisualStudioSourceCodeAccess (324)
[2019.04.11-17.50.17:487][301]LogModuleManager: Shutting down and abandoning module VisualStudioCodeSourceCodeAccess (322)
[2019.04.11-17.50.17:487][301]LogModuleManager: Shutting down and abandoning module UObjectPlugin (320)
[2019.04.11-17.50.17:487][301]LogModuleManager: Shutting down and abandoning module SubversionSourceControl (318)
[2019.04.11-17.50.17:487][301]LogModuleManager: Shutting down and abandoning module PerforceSourceControl (316)
[2019.04.11-17.50.17:487][301]LogModuleManager: Shutting down and abandoning module GitSourceControl (314)
[2019.04.11-17.50.17:487][301]LogModuleManager: Shutting down and abandoning module SourceControl (313)
[2019.04.11-17.50.17:487][301]LogModuleManager: Shutting down and abandoning module CLionSourceCodeAccess (310)
[2019.04.11-17.50.17:487][301]LogModuleManager: Shutting down and abandoning module LightPropagationVolumeEditor (308)
[2019.04.11-17.50.17:487][301]LogModuleManager: Shutting down and abandoning module PaperTiledImporter (306)
[2019.04.11-17.50.17:487][301]LogModuleManager: Shutting down and abandoning module PaperSpriteSheetImporter (304)
[2019.04.11-17.50.17:487][301]LogModuleManager: Shutting down and abandoning module Paper2DEditor (302)
[2019.04.11-17.50.17:487][301]LogModuleManager: Shutting down and abandoning module MeshPaint (301)
[2019.04.11-17.50.17:487][301]LogModuleManager: Shutting down and abandoning module RuntimePhysXCooking (298)
[2019.04.11-17.50.17:487][301]LogModuleManager: Shutting down and abandoning module PhysXVehiclesEditor (296)
[2019.04.11-17.50.17:487][301]LogModuleManager: Shutting down and abandoning module PhysXVehicles (294)
[2019.04.11-17.50.17:487][301]LogModuleManager: Shutting down and abandoning module OculusEditor (292)
[2019.04.11-17.50.17:487][301]LogModuleManager: Shutting down and abandoning module LocationServicesBPLibrary (290)
[2019.04.11-17.50.17:487][301]LogModuleManager: Shutting down and abandoning module ImmediatePhysicsEditor (288)
[2019.04.11-17.50.17:487][301]LogModuleManager: Shutting down and abandoning module ImmediatePhysics (286)
[2019.04.11-17.50.17:487][301]LogModuleManager: Shutting down and abandoning module ActorSequence (284)
[2019.04.11-17.50.17:487][301]LogModuleManager: Shutting down and abandoning module UdpMessaging (282)
[2019.04.11-17.50.17:588][301]LogModuleManager: Shutting down and abandoning module TcpMessaging (280)
[2019.04.11-17.50.17:688][301]LogModuleManager: Shutting down and abandoning module MagicLeapAudio (278)
[2019.04.11-17.50.17:688][301]LogModuleManager: Shutting down and abandoning module GameplayTagsEditor (276)
[2019.04.11-17.50.17:688][301]LogModuleManager: Shutting down and abandoning module FacialAnimationEditor (274)
[2019.04.11-17.50.17:688][301]LogModuleManager: Shutting down and abandoning module FacialAnimation (272)
[2019.04.11-17.50.17:688][301]LogModuleManager: Shutting down and abandoning module DataValidation (270)
[2019.04.11-17.50.17:688][301]LogModuleManager: Shutting down and abandoning module AssetManagerEditor (268)
[2019.04.11-17.50.17:688][301]LogModuleManager: Shutting down and abandoning module LevelEditor (267)
[2019.04.11-17.50.17:689][301]LogModuleManager: Shutting down and abandoning module PixelInspectorModule (266)
[2019.04.11-17.50.17:689][301]LogModuleManager: Shutting down and abandoning module CommonMenuExtensions (264)
[2019.04.11-17.50.17:689][301]LogModuleManager: Shutting down and abandoning module MainFrame (262)
[2019.04.11-17.50.17:689][301]LogModuleManager: Shutting down and abandoning module HotReload (261)
[2019.04.11-17.50.17:690][301]LogModuleManager: Shutting down and abandoning module ContentBrowser (257)
[2019.04.11-17.50.17:691][301]LogModuleManager: Shutting down and abandoning module TreeMap (255)
[2019.04.11-17.50.17:691][301]LogModuleManager: Shutting down and abandoning module LightPropagationVolumeRuntime (252)
[2019.04.11-17.50.17:691][301]LogModuleManager: Shutting down and abandoning module AISupportModule (250)
[2019.04.11-17.50.17:691][301]LogModuleManager: Shutting down and abandoning module Paper2D (248)
[2019.04.11-17.50.17:692][301]LogModuleManager: Shutting down and abandoning module WindowsMoviePlayer (246)
[2019.04.11-17.50.17:692][301]LogModuleManager: Shutting down and abandoning module WmfMedia (244)
[2019.04.11-17.50.17:693][301]LogModuleManager: Shutting down and abandoning module Media (243)
[2019.04.11-17.50.17:699][301]LogModuleManager: Shutting down and abandoning module PacketHandler (240)
[2019.04.11-17.50.17:700][301]LogModuleManager: Shutting down and abandoning module ClothingSystemEditor (238)
[2019.04.11-17.50.17:700][301]LogModuleManager: Shutting down and abandoning module ClothingSystemRuntime (236)
[2019.04.11-17.50.17:700][301]LogModuleManager: Shutting down and abandoning module MediaAssets (234)
[2019.04.11-17.50.17:700][301]LogModuleManager: Shutting down and abandoning module Overlay (232)
[2019.04.11-17.50.17:700][301]LogModuleManager: Shutting down and abandoning module OverlayEditor (231)
[2019.04.11-17.50.17:700][301]LogModuleManager: Shutting down and abandoning module VREditor (228)
[2019.04.11-17.50.17:700][301]LogModuleManager: Shutting down and abandoning module StringTableEditor (226)
[2019.04.11-17.50.17:700][301]LogModuleManager: Shutting down and abandoning module GameplayTasksEditor (224)
[2019.04.11-17.50.17:700][301]LogModuleManager: Shutting down and abandoning module BehaviorTreeEditor (222)
[2019.04.11-17.50.17:700][301]LogModuleManager: Shutting down and abandoning module FunctionalTesting (220)
[2019.04.11-17.50.17:700][301]LogModuleManager: Shutting down and abandoning module CollisionAnalyzer (218)
[2019.04.11-17.50.17:700][301]LogModuleManager: Shutting down and abandoning module WorkspaceMenuStructure (217)
[2019.04.11-17.50.17:700][301]LogModuleManager: Shutting down and abandoning module UMG (214)
[2019.04.11-17.50.17:700][301]LogModuleManager: Shutting down and abandoning module UMGEditor (213)
[2019.04.11-17.50.17:700][301]LogModuleManager: Shutting down and abandoning module Sequencer (212)
[2019.04.11-17.50.17:700][301]LogModuleManager: Shutting down and abandoning module MessageLog (209)
[2019.04.11-17.50.17:700][301]LogModuleManager: Shutting down and abandoning module SlateReflector (204)
[2019.04.11-17.50.17:700][301]LogModuleManager: Shutting down and abandoning module Slate (202)
[2019.04.11-17.50.17:700][301]LogModuleManager: Shutting down and abandoning module EditorStyle (200)
[2019.04.11-17.50.17:702][301]LogModuleManager: Shutting down and abandoning module MRMesh (198)
[2019.04.11-17.50.17:702][301]LogModuleManager: Shutting down and abandoning module SourceCodeAccess (196)
[2019.04.11-17.50.17:702][301]LogModuleManager: Shutting down and abandoning module HeadMountedDisplay (194)
[2019.04.11-17.50.17:702][301]LogModuleManager: Shutting down and abandoning module XAudio2 (192)
[2019.04.11-17.50.17:702][301]LogModuleManager: Shutting down and abandoning module Networking (190)
[2019.04.11-17.50.17:702][301]LogModuleManager: Shutting down and abandoning module Core (188)
[2019.04.11-17.50.17:702][301]LogModuleManager: Shutting down and abandoning module LevelSequence (186)
[2019.04.11-17.50.17:702][301]LogModuleManager: Shutting down and abandoning module KismetCompiler (184)
[2019.04.11-17.50.17:702][301]LogModuleManager: Shutting down and abandoning module MeshUtilities (182)
[2019.04.11-17.50.17:702][301]LogModuleManager: Shutting down and abandoning module MeshMergeUtilities (181)
[2019.04.11-17.50.17:702][301]LogModuleManager: Shutting down and abandoning module MeshReductionInterface (180)
[2019.04.11-17.50.17:702][301]LogModuleManager: Shutting down and abandoning module SimplygonSwarm (179)
[2019.04.11-17.50.17:702][301]LogModuleManager: Shutting down and abandoning module ProxyLODMeshReduction (177)
[2019.04.11-17.50.17:702][301]LogModuleManager: Shutting down and abandoning module SimplygonMeshReduction (175)
[2019.04.11-17.50.17:702][301]LogModuleManager: Shutting down and abandoning module QuadricMeshReduction (173)
[2019.04.11-17.50.17:702][301]LogModuleManager: Shutting down and abandoning module MaterialBaking (169)
[2019.04.11-17.50.17:702][301]LogModuleManager: Shutting down and abandoning module DirectoryWatcher (165)
[2019.04.11-17.50.17:702][301]LogModuleManager: Shutting down and abandoning module DerivedDataCache (162)
[2019.04.11-17.50.17:730][301]LogDerivedDataCache: Shutdown
[2019.04.11-17.50.17:730][301]LogModuleManager: Shutting down and abandoning module XGEController (160)
[2019.04.11-17.50.17:730][301]LogModuleManager: Shutting down and abandoning module TargetPlatform (158)
[2019.04.11-17.50.17:730][301]LogModuleManager: Shutting down and abandoning module VulkanShaderFormat (157)
[2019.04.11-17.50.17:730][301]LogModuleManager: Shutting down and abandoning module ShaderFormatVectorVM (155)
[2019.04.11-17.50.17:730][301]LogModuleManager: Shutting down and abandoning module ShaderFormatOpenGL (153)
[2019.04.11-17.50.17:731][301]LogModuleManager: Shutting down and abandoning module ShaderFormatD3D (151)
[2019.04.11-17.50.17:731][301]LogModuleManager: Shutting down and abandoning module MetalShaderFormat (149)
[2019.04.11-17.50.17:731][301]LogModuleManager: Shutting down and abandoning module TextureFormatUncompressed (147)
[2019.04.11-17.50.17:731][301]LogModuleManager: Shutting down and abandoning module TextureFormatPVR (145)
[2019.04.11-17.50.17:731][301]LogModuleManager: Shutting down and abandoning module TextureFormatDXT (143)
[2019.04.11-17.50.17:731][301]LogModuleManager: Shutting down and abandoning module TextureFormatIntelISPCTexComp (141)
[2019.04.11-17.50.17:731][301]LogModuleManager: Shutting down and abandoning module TextureFormatASTC (139)
[2019.04.11-17.50.17:731][301]LogModuleManager: Shutting down and abandoning module ImageWrapper (138)
[2019.04.11-17.50.17:731][301]LogModuleManager: Shutting down and abandoning module TextureFormatAndroid (135)
[2019.04.11-17.50.17:731][301]LogModuleManager: Shutting down and abandoning module AudioFormatOpus (133)
[2019.04.11-17.50.17:731][301]LogModuleManager: Shutting down and abandoning module AudioFormatOgg (131)
[2019.04.11-17.50.17:731][301]LogModuleManager: Shutting down and abandoning module AudioFormatADPCM (129)
[2019.04.11-17.50.17:731][301]LogModuleManager: Shutting down and abandoning module LuminTargetPlatform (127)
[2019.04.11-17.50.17:731][301]LogModuleManager: Shutting down and abandoning module LinuxTargetPlatform (125)
[2019.04.11-17.50.17:731][301]LogModuleManager: Shutting down and abandoning module LinuxServerTargetPlatform (123)
[2019.04.11-17.50.17:731][301]LogModuleManager: Shutting down and abandoning module LinuxNoEditorTargetPlatform (121)
[2019.04.11-17.50.17:731][301]LogModuleManager: Shutting down and abandoning module LinuxClientTargetPlatform (119)
[2019.04.11-17.50.17:731][301]LogModuleManager: Shutting down and abandoning module TVOSTargetPlatform (117)
[2019.04.11-17.50.17:732][301]LogModuleManager: Shutting down and abandoning module Messaging (115)
[2019.04.11-17.50.17:732][301]LogModuleManager: Shutting down and abandoning module IOSTargetPlatform (113)
[2019.04.11-17.50.17:732][301]LogModuleManager: Shutting down and abandoning module HTML5TargetPlatform (111)
[2019.04.11-17.50.17:732][301]LogModuleManager: Shutting down and abandoning module AndroidTargetPlatform (109)
[2019.04.11-17.50.17:738][301]LogModuleManager: Shutting down and abandoning module WindowsTargetPlatform (107)
[2019.04.11-17.50.17:738][301]LogModuleManager: Shutting down and abandoning module WindowsServerTargetPlatform (105)
[2019.04.11-17.50.17:738][301]LogModuleManager: Shutting down and abandoning module WindowsNoEditorTargetPlatform (103)
[2019.04.11-17.50.17:738][301]LogModuleManager: Shutting down and abandoning module WindowsClientTargetPlatform (101)
[2019.04.11-17.50.17:738][301]LogModuleManager: Shutting down and abandoning module MacTargetPlatform (99)
[2019.04.11-17.50.17:738][301]LogModuleManager: Shutting down and abandoning module MacServerTargetPlatform (97)
[2019.04.11-17.50.17:738][301]LogModuleManager: Shutting down and abandoning module MacNoEditorTargetPlatform (95)
[2019.04.11-17.50.17:738][301]LogModuleManager: Shutting down and abandoning module MacClientTargetPlatform (93)
[2019.04.11-17.50.17:738][301]LogModuleManager: Shutting down and abandoning module AllDesktopTargetPlatform (91)
[2019.04.11-17.50.17:738][301]LogModuleManager: Shutting down and abandoning module InputCore (88)
[2019.04.11-17.50.17:738][301]LogModuleManager: Shutting down and abandoning module Settings (86)
[2019.04.11-17.50.17:738][301]LogModuleManager: Shutting down and abandoning module PhysXCooking (84)
[2019.04.11-17.50.17:738][301]LogModuleManager: Shutting down and abandoning module SteamVR (82)
[2019.04.11-17.50.17:738][301]LogModuleManager: Shutting down and abandoning module OculusHMD (80)
[2019.04.11-17.50.17:738][301]LogModuleManager: Shutting down and abandoning module ExampleDeviceProfileSelector (78)
[2019.04.11-17.50.17:738][301]LogModuleManager: Shutting down and abandoning module LauncherChunkInstaller (76)
[2019.04.11-17.50.17:738][301]LogModuleManager: Shutting down and abandoning module OnlineBlueprintSupport (74)
[2019.04.11-17.50.17:738][301]LogModuleManager: Shutting down and abandoning module OnlineSubsystem (70)
[2019.04.11-17.50.17:739][301]LogModuleManager: Shutting down and abandoning module XMPP (65)
[2019.04.11-17.50.17:739][301]LogModuleManager: Shutting down and abandoning module WebSockets (64)
[2019.04.11-17.50.17:766][301]LogModuleManager: Shutting down and abandoning module HTTP (61)
[2019.04.11-17.50.17:766][301]LogHttp: Display: Http module shutting down, but needs to wait on 1 outstanding Http requests:
[2019.04.11-17.50.17:766][301]LogHttp: Display: 	verb=[POST] url=[https://datarouter.ol.epicgames.com/datarouter/api/v1/public/data?SessionID=%7BFED415F5-47B7-1FC8-1253-538FD2787301%7D&AppID=UEEditor.Rocket.Release&AppVersion=4.20.3-4369336%2B%2B%2BUE4%2BRelease-4.20&UserID=52c8d69c47c3b558f96bdeaad69b44a8%7C1e4490187f7d4590821fe5ea33366920%7Ca0ac2db9-04c3-40ba-9c12-a7ac0bed75b1&AppEnvironment=datacollector-binary&UploadType=eteventstream] status=Processing
[2019.04.11-17.50.17:796][301]LogModuleManager: Shutting down and abandoning module SSL (60)
[2019.04.11-17.50.17:798][301]LogModuleManager: Shutting down and abandoning module MagicLeapEmulator (56)
[2019.04.11-17.50.17:798][301]LogModuleManager: Shutting down and abandoning module MagicLeapPrivileges (54)
[2019.04.11-17.50.17:798][301]LogModuleManager: Shutting down and abandoning module MagicLeapIdentity (52)
[2019.04.11-17.50.17:798][301]LogModuleManager: Shutting down and abandoning module MagicLeapHelperVulkan (50)
[2019.04.11-17.50.17:798][301]LogModuleManager: Shutting down and abandoning module MagicLeapHelperOpenGL (48)
[2019.04.11-17.50.17:798][301]LogModuleManager: Shutting down and abandoning module MagicLeapSecureStorage (46)
[2019.04.11-17.50.17:798][301]LogModuleManager: Shutting down and abandoning module MagicLeapGestures (44)
[2019.04.11-17.50.17:798][301]LogModuleManager: Shutting down and abandoning module MagicLeapEyeTracker (42)
[2019.04.11-17.50.17:798][301]LogModuleManager: Shutting down and abandoning module MagicLeapController (40)
[2019.04.11-17.50.17:798][301]LogSlate: Slate User Destroyed.  User Index 0, Is Virtual User: 0
[2019.04.11-17.50.17:798][301]LogModuleManager: Shutting down and abandoning module MagicLeap (38)
[2019.04.11-17.50.17:798][301]LogModuleManager: Shutting down and abandoning module AnimationModifiers (36)
[2019.04.11-17.50.17:798][301]LogModuleManager: Shutting down and abandoning module PropertyEditor (35)
[2019.04.11-17.50.17:798][301]LogModuleManager: Shutting down and abandoning module AudioEditor (32)
[2019.04.11-17.50.17:798][301]LogModuleManager: Shutting down and abandoning module TextureCompressor (30)
[2019.04.11-17.50.17:798][301]LogModuleManager: Shutting down and abandoning module ShaderCore (28)
[2019.04.11-17.50.17:798][301]LogModuleManager: Shutting down and abandoning module Landscape (26)
[2019.04.11-17.50.17:798][301]LogModuleManager: Shutting down and abandoning module SlateRHIRenderer (24)
[2019.04.11-17.50.17:799][301]LogModuleManager: Shutting down and abandoning module OpenGLDrv (22)
[2019.04.11-17.50.17:799][301]LogModuleManager: Shutting down and abandoning module D3D11RHI (20)
[2019.04.11-17.50.17:799][301]LogModuleManager: Shutting down and abandoning module AnimGraphRuntime (18)
[2019.04.11-17.50.17:799][301]LogModuleManager: Shutting down and abandoning module Renderer (16)
[2019.04.11-17.50.17:799][301]LogModuleManager: Shutting down and abandoning module Engine (14)
[2019.04.11-17.50.17:799][301]LogModuleManager: Shutting down and abandoning module CoreUObject (12)
[2019.04.11-17.50.17:799][301]LogModuleManager: Shutting down and abandoning module NetworkFile (10)
[2019.04.11-17.50.17:799][301]LogModuleManager: Shutting down and abandoning module CookedIterativeFile (8)
[2019.04.11-17.50.17:799][301]LogModuleManager: Shutting down and abandoning module StreamingFile (6)
[2019.04.11-17.50.17:799][301]LogModuleManager: Shutting down and abandoning module SandboxFile (4)
[2019.04.11-17.50.17:799][301]LogModuleManager: Shutting down and abandoning module PakFile (2)
[2019.04.11-17.50.17:807][301]LogExit: Exiting.
[2019.04.11-17.50.17:814][301]Log file closed, 04/11/19 13:50:17
