Log file open, 04/05/19 15:16:27
LogWindows: Failed to load 'aqProf.dll' (GetLastError=126)
LogWindows: File 'aqProf.dll' does not exist
LogWindows: Failed to load 'VtuneApi.dll' (GetLastError=126)
LogWindows: File 'VtuneApi.dll' does not exist
LogWindows: Failed to load 'VtuneApi32e.dll' (GetLastError=126)
LogWindows: File 'VtuneApi32e.dll' does not exist
LogInit: Display: Running engine for game: MarshMellow
LogPlatformFile: Not using cached read wrapper
LogTaskGraph: Started task graph with 5 named threads and 23 total threads with 3 sets of task threads.
LogStats: Stats thread started at 0.310042
LogD3D11RHI: Loaded GFSDK_Aftermath_Lib.x64.dll
LogICUInternationalization: Display: ICU TimeZone Detection - Raw Offset: -5:00, Platform Override: ''
LogPluginManager: Mounting plugin Paper2D
LogPluginManager: Mounting plugin AISupport
LogPluginManager: Mounting plugin LightPropagationVolume
LogPluginManager: Mounting plugin CLionSourceCodeAccess
LogPluginManager: Mounting plugin CodeLiteSourceCodeAccess
LogPluginManager: Mounting plugin GitSourceControl
LogPluginManager: Mounting plugin KDevelopSourceCodeAccess
LogPluginManager: Mounting plugin NullSourceCodeAccess
LogPluginManager: Mounting plugin PerforceSourceControl
LogPluginManager: Mounting plugin SubversionSourceControl
LogPluginManager: Mounting plugin UObjectPlugin
LogPluginManager: Mounting plugin VisualStudioCodeSourceCodeAccess
LogPluginManager: Mounting plugin VisualStudioSourceCodeAccess
LogPluginManager: Mounting plugin XCodeSourceCodeAccess
LogPluginManager: Mounting plugin AssetManagerEditor
LogPluginManager: Mounting plugin CryptoKeys
LogPluginManager: Mounting plugin DataValidation
LogPluginManager: Mounting plugin FacialAnimation
LogPluginManager: Mounting plugin GameplayTagsEditor
LogPluginManager: Mounting plugin MacGraphicsSwitching
LogPluginManager: Mounting plugin MeshEditor
LogPluginManager: Mounting plugin MobileLauncherProfileWizard
LogPluginManager: Mounting plugin PluginBrowser
LogPluginManager: Mounting plugin SpeedTreeImporter
LogPluginManager: Mounting plugin DatasmithContent
LogPluginManager: Mounting plugin AlembicImporter
LogPluginManager: Mounting plugin AppleImageUtils
LogPluginManager: Mounting plugin AppleVision
LogPluginManager: Mounting plugin BackChannel
LogPluginManager: Mounting plugin CharacterAI
LogPluginManager: Mounting plugin GeometryCache
LogPluginManager: Mounting plugin HTML5Networking
LogPluginManager: Mounting plugin ProxyLODPlugin
LogPluginManager: Mounting plugin MagicLeap
LogPluginManager: Mounting plugin MagicLeapEmulator
LogPluginManager: Mounting plugin MagicLeapMedia
LogPluginManager: Mounting plugin AndroidMedia
LogPluginManager: Mounting plugin AvfMedia
LogPluginManager: Mounting plugin ImgMedia
LogPluginManager: Mounting plugin LinearTimecode
LogPluginManager: Mounting plugin MediaCompositing
LogPluginManager: Mounting plugin MediaPlayerEditor
LogPluginManager: Mounting plugin WmfMedia
LogPluginManager: Mounting plugin TcpMessaging
LogPluginManager: Mounting plugin UdpMessaging
LogPluginManager: Mounting plugin ActorSequence
LogPluginManager: Mounting plugin LevelSequenceEditor
LogPluginManager: Mounting plugin MatineeToLevelSequence
LogPluginManager: Mounting plugin NetcodeUnitTest
LogPluginManager: Mounting plugin NUTUnrealEngine4
LogPluginManager: Mounting plugin OnlineSubsystemGooglePlay
LogPluginManager: Mounting plugin OnlineSubsystemIOS
LogPluginManager: Mounting plugin OnlineSubsystem
LogPluginManager: Mounting plugin OnlineSubsystemNull
LogPluginManager: Mounting plugin OnlineSubsystemUtils
LogPluginManager: Mounting plugin LauncherChunkInstaller
LogPluginManager: Mounting plugin AndroidDeviceProfileSelector
LogPluginManager: Mounting plugin AndroidMoviePlayer
LogPluginManager: Mounting plugin AndroidPermission
LogPluginManager: Mounting plugin AppleMoviePlayer
LogPluginManager: Mounting plugin ArchVisCharacter
LogPluginManager: Mounting plugin AudioCapture
LogPluginManager: Mounting plugin CableComponent
LogPluginManager: Mounting plugin CustomMeshComponent
LogPluginManager: Mounting plugin EditableMesh
LogPluginManager: Mounting plugin ExampleDeviceProfileSelector
LogPluginManager: Mounting plugin GoogleCloudMessaging
LogPluginManager: Mounting plugin ImmediatePhysics
LogPluginManager: Mounting plugin IOSDeviceProfileSelector
LogPluginManager: Mounting plugin LinuxDeviceProfileSelector
LogPluginManager: Mounting plugin LocationServicesBPLibrary
LogPluginManager: Mounting plugin MobilePatchingUtils
LogPluginManager: Mounting plugin OculusVR
LogPluginManager: Plugin shader directory ../../../Engine/Plugins/Runtime/Oculus/OculusVR/Shaders found
LogPluginManager: Mapping shader source directory ../../../Engine/Plugins/Runtime/Oculus/OculusVR/Shaders to virtual directory /Plugin/OculusVR
LogPluginManager: Mounting plugin PhysXVehicles
LogPluginManager: Mounting plugin ProceduralMeshComponent
LogPluginManager: Mounting plugin RuntimePhysXCooking
LogPluginManager: Mounting plugin SteamVR
LogPluginManager: Mounting plugin WindowsMoviePlayer
LogStreaming: Display: Took  0.133s to configure plugins.
LogInit: Using libcurl 7.55.1-DEV
LogInit:  - built for x86_64-pc-win32
LogInit:  - supports SSL with OpenSSL/1.0.2h
LogInit:  - supports HTTP deflate (compression) using libz 1.2.8
LogInit:  - other features:
LogInit:      CURL_VERSION_SSL
LogInit:      CURL_VERSION_LIBZ
LogInit:      CURL_VERSION_IPV6
LogInit:      CURL_VERSION_ASYNCHDNS
LogInit:      CURL_VERSION_LARGEFILE
LogInit:      CURL_VERSION_IDN
LogInit:  CurlRequestOptions (configurable via config and command line):
LogInit:  - bVerifyPeer = false  - Libcurl will NOT verify peer certificate
LogInit:  - bUseHttpProxy = false  - Libcurl will NOT use HTTP proxy
LogInit:  - bDontReuseConnections = false  - Libcurl will reuse connections
LogInit:  - CertBundlePath = nullptr  - Libcurl will use whatever was configured at build time.
LogInit:  - MaxHostConnections = 16  - Libcurl will limit the number of connections to a host
LogInit:  - LocalHostAddr = Default
LogInit:  - BufferSize = 65536
LogInit: WinSock: version 1.1 (2.2), MaxSocks=32767, MaxUdp=65467
LogInit: Build: ++UE4+Release-4.20-CL-4369336
LogInit: Engine Version: 4.20.3-4369336+++UE4+Release-4.20
LogInit: Compatible Engine Version: 4.20.0-4212847+++UE4+Release-4.20
LogInit: Net CL: 4212847
LogInit: OS: Windows 10 (), CPU: Intel(R) Core(TM) i7-6700HQ CPU @ 2.60GHz, GPU: Intel(R) HD Graphics 530
LogInit: Compiled (64-bit): Sep 17 2018 12:26:19
LogInit: Compiled with Visual C++: 19.13.26129.00
LogInit: Build Configuration: Development
LogInit: Branch Name: ++UE4+Release-4.20
LogInit: Command Line: 
LogInit: Base Directory: C:/Program Files/Epic Games/UE_4.20/Engine/Binaries/Win64/
LogInit: Installed Engine Build: 1
LogDevObjectVersion: Number of dev versions registered: 20
LogDevObjectVersion:   Dev-Blueprints (B0D832E4-1F89-4F0D-ACCF-7EB736FD4AA2): 10
LogDevObjectVersion:   Dev-Build (E1C64328-A22C-4D53-A36C-8E866417BD8C): 0
LogDevObjectVersion:   Dev-Core (375EC13C-06E4-48FB-B500-84F0262A717E): 2
LogDevObjectVersion:   Dev-Editor (E4B068ED-F494-42E9-A231-DA0B2E46BB41): 24
LogDevObjectVersion:   Dev-Framework (CFFC743F-43B0-4480-9391-14DF171D2073): 34
LogDevObjectVersion:   Dev-Mobile (B02B49B5-BB20-44E9-A304-32B752E40360): 2
LogDevObjectVersion:   Dev-Networking (A4E4105C-59A1-49B5-A7C5-40C4547EDFEE): 0
LogDevObjectVersion:   Dev-Online (39C831C9-5AE6-47DC-9A44-9C173E1C8E7C): 0
LogDevObjectVersion:   Dev-Physics (78F01B33-EBEA-4F98-B9B4-84EACCB95AA2): 0
LogDevObjectVersion:   Dev-Platform (6631380F-2D4D-43E0-8009-CF276956A95A): 0
LogDevObjectVersion:   Dev-Rendering (12F88B9F-8875-4AFC-A67C-D90C383ABD29): 26
LogDevObjectVersion:   Dev-Sequencer (7B5AE74C-D270-4C10-A958-57980B212A5A): 9
LogDevObjectVersion:   Dev-VR (D7296918-1DD6-4BDD-9DE2-64A83CC13884): 2
LogDevObjectVersion:   Dev-LoadTimes (C2A15278-BFE7-4AFE-6C17-90FF531DF755): 1
LogDevObjectVersion:   Private-Geometry (6EACA3D4-40EC-4CC1-B786-8BED09428FC5): 3
LogDevObjectVersion:   Dev-AnimPhys (29E575DD-E0A3-4627-9D10-D276232CDCEA): 17
LogDevObjectVersion:   Dev-ReflectionCapture (6B266CEC-1EC7-4B8F-A30B-E4D90942FC07): 1
LogDevObjectVersion:   Dev-Automation (0DF73D61-A23F-47EA-B727-89E90C41499A): 1
LogDevObjectVersion:   FortniteMain (601D1886-AC64-4F84-AA16-D3DE0DEAC7D6): 12
LogDevObjectVersion:   Dev-Enterprise (9DFFBCD6-494F-0158-E221-12823C92A888): 1
LogStreaming: Display: Took  0.005s to delete old logs.
LogInit: Presizing for max 8388607 objects, including 0 objects not considered by GC, pre-allocating 0 bytes for permanent pool.
LogInit: Object subsystem initialized
[2019.04.05-19.16.28:126][  0]LogInit: Selected Device Profile: [Windows]
[2019.04.05-19.16.28:126][  0]LogInit: Applying CVar settings loaded from the selected device profile: [Windows]
[2019.04.05-19.16.28:171][  0]LogHAL: Display: Platform has ~ 16 GB [16751534080 / 17179869184 / 16], which maps to Larger [LargestMinGB=32, LargerMinGB=12, DefaultMinGB=8, SmallerMinGB=6, SmallestMinGB=0)
[2019.04.05-19.16.28:171][  0]LogInit: Setting Device Profile CVar: [[r.Vulkan.UseRealUBs:1]]
[2019.04.05-19.16.28:171][  0]LogInit: Going up to parent DeviceProfile []
[2019.04.05-19.16.28:171][  0]LogInit: Computer: JESSIES-LAPTOP
[2019.04.05-19.16.28:171][  0]LogInit: User: jessielichter
[2019.04.05-19.16.28:171][  0]LogInit: CPU Page size=4096, Cores=4
[2019.04.05-19.16.28:171][  0]LogInit: High frequency timer resolution =2.531250 MHz
[2019.04.05-19.16.28:171][  0]LogMemory: Memory total: Physical=15.6GB (16GB approx)
[2019.04.05-19.16.28:171][  0]LogMemory: Platform Memory Stats for Windows
[2019.04.05-19.16.28:171][  0]LogMemory: Process Physical Memory: 109.51 MB used, 109.51 MB peak
[2019.04.05-19.16.28:171][  0]LogMemory: Process Virtual Memory: 94.28 MB used, 94.28 MB peak
[2019.04.05-19.16.28:171][  0]LogMemory: Physical Memory: 6207.47 MB used,  9768.04 MB free, 15975.51 MB total
[2019.04.05-19.16.28:171][  0]LogMemory: Virtual Memory: 4643.89 MB used,  9768.04 MB free, 134217728.00 MB total
[2019.04.05-19.16.28:195][  0]LogInit: Using OS detected language (en-US).
[2019.04.05-19.16.28:195][  0]LogInit: Using OS detected locale (en-US).
[2019.04.05-19.16.28:196][  0]LogTextLocalizationManager: No specific localization for 'en-US' exists, so the 'en' localization will be used.
[2019.04.05-19.16.28:600][  0]LogStreaming: Display: Took  0.405s to InitEngineTextLocalization.
[2019.04.05-19.16.28:600][  0]LogInit: Setting process to per monitor DPI aware
[2019.04.05-19.16.28:643][  0]LogSlate: New Slate User Created.  User Index 0, Is Virtual User: 0
[2019.04.05-19.16.28:643][  0]LogSlate: Slate User Registered.  User Index 0, Is Virtual User: 0
[2019.04.05-19.16.28:895][  0]LogHMD: Failed to initialize OpenVR with code 110
[2019.04.05-19.16.28:895][  0]LogD3D11RHI: D3D11 adapters:
[2019.04.05-19.16.28:954][  0]LogD3D11RHI:    0. 'NVIDIA GeForce GTX 960M' (Feature Level 11_0)
[2019.04.05-19.16.28:954][  0]LogD3D11RHI:       2010/0/7987 MB DedicatedVideo/DedicatedSystem/SharedSystem, Outputs:1, VendorId:0x10de
[2019.04.05-19.16.28:965][  0]LogD3D11RHI:    1. 'Intel(R) HD Graphics 530' (Feature Level 11_0)
[2019.04.05-19.16.28:965][  0]LogD3D11RHI:       128/0/7987 MB DedicatedVideo/DedicatedSystem/SharedSystem, Outputs:0, VendorId:0x8086
[2019.04.05-19.16.28:966][  0]LogD3D11RHI:    2. 'Microsoft Basic Render Driver' (Feature Level 11_0)
[2019.04.05-19.16.28:966][  0]LogD3D11RHI:       0/0/7987 MB DedicatedVideo/DedicatedSystem/SharedSystem, Outputs:0, VendorId:0x1414
[2019.04.05-19.16.28:966][  0]LogD3D11RHI: Chosen D3D11 Adapter: 0
[2019.04.05-19.16.29:011][  0]LogD3D11RHI: Creating new Direct3DDevice
[2019.04.05-19.16.29:011][  0]LogD3D11RHI:     GPU DeviceId: 0x139b (for the marketing name, search the web for "GPU Device Id")
[2019.04.05-19.16.29:011][  0]LogWindows: EnumDisplayDevices:
[2019.04.05-19.16.29:011][  0]LogWindows:    0. 'Intel(R) HD Graphics 530' (P:1 D:1)
[2019.04.05-19.16.29:011][  0]LogWindows:    1. 'Intel(R) HD Graphics 530' (P:0 D:0)
[2019.04.05-19.16.29:012][  0]LogWindows:    2. 'Intel(R) HD Graphics 530' (P:0 D:0)
[2019.04.05-19.16.29:012][  0]LogWindows: DebugString: PrimaryIsNotTheChoosenAdapter PrimaryIsNotTheChoosenAdapter PrimaryIsNotTheChoosenAdapter FoundDriverCount:0 
[2019.04.05-19.16.29:012][  0]LogD3D11RHI:     Adapter Name: NVIDIA GeForce GTX 960M
[2019.04.05-19.16.29:012][  0]LogD3D11RHI:   Driver Version: Unknown (internal:Unknown, unified:Unknown)
[2019.04.05-19.16.29:012][  0]LogD3D11RHI:      Driver Date: Unknown
[2019.04.05-19.16.29:012][  0]LogRHI: Texture pool is 1407 MB (70% of 2010 MB)
[2019.04.05-19.16.29:052][  0]LogD3D11RHI: Async texture creation enabled
[2019.04.05-19.16.29:071][  0]LogD3D11RHI: GPU Timing Frequency: 1000.000000 (Debug: 2 2)
[2019.04.05-19.16.29:072][  0]LogShaderCompilers: Guid format shader working directory is -29 characters bigger than the processId version (../../../../../../Users/jessie lichter/Documents/GitHub/GameDev2Project/MarshMellow/Intermediate/Shaders/WorkingDirectory/42508/).
[2019.04.05-19.16.29:072][  0]LogShaderCompilers: Cleaned the shader compiler working directory 'C:/Users/jessie lichter/AppData/Local/Temp/UnrealShaderWorkingDir/40F204DF4F2500B66DF967B438712629/'.
[2019.04.05-19.16.29:414][  0]LogTemp: Display: Loaded TP AllDesktopTargetPlatform
[2019.04.05-19.16.29:433][  0]LogTemp: Display: Loaded TP MacClientTargetPlatform
[2019.04.05-19.16.29:450][  0]LogTemp: Display: Loaded TP MacNoEditorTargetPlatform
[2019.04.05-19.16.29:470][  0]LogTemp: Display: Loaded TP MacServerTargetPlatform
[2019.04.05-19.16.29:489][  0]LogTemp: Display: Loaded TP MacTargetPlatform
[2019.04.05-19.16.29:507][  0]LogTemp: Display: Loaded TP WindowsClientTargetPlatform
[2019.04.05-19.16.29:524][  0]LogTemp: Display: Loaded TP WindowsNoEditorTargetPlatform
[2019.04.05-19.16.29:541][  0]LogTemp: Display: Loaded TP WindowsServerTargetPlatform
[2019.04.05-19.16.29:551][  0]LogTemp: Display: Loaded TP WindowsTargetPlatform
[2019.04.05-19.16.29:653][  0]LogTemp: Display: Loaded TP AndroidTargetPlatform
[2019.04.05-19.16.29:653][  0]LogTemp: Display: Loaded TP AndroidTargetPlatform
[2019.04.05-19.16.29:653][  0]LogTemp: Display: Loaded TP AndroidTargetPlatform
[2019.04.05-19.16.29:653][  0]LogTemp: Display: Loaded TP AndroidTargetPlatform
[2019.04.05-19.16.29:653][  0]LogTemp: Display: Loaded TP AndroidTargetPlatform
[2019.04.05-19.16.29:653][  0]LogTemp: Display: Loaded TP AndroidTargetPlatform
[2019.04.05-19.16.29:653][  0]LogTemp: Display: Loaded TP AndroidTargetPlatform
[2019.04.05-19.16.29:653][  0]LogTemp: Display: Loaded TP AndroidTargetPlatform
[2019.04.05-19.16.29:653][  0]LogTemp: Display: Loaded TP AndroidTargetPlatform
[2019.04.05-19.16.29:653][  0]LogTemp: Display: Loaded TP AndroidTargetPlatform
[2019.04.05-19.16.29:653][  0]LogTemp: Display: Loaded TP AndroidTargetPlatform
[2019.04.05-19.16.29:653][  0]LogTemp: Display: Loaded TP AndroidTargetPlatform
[2019.04.05-19.16.29:653][  0]LogTemp: Display: Loaded TP AndroidTargetPlatform
[2019.04.05-19.16.29:653][  0]LogTemp: Display: Loaded TP AndroidTargetPlatform
[2019.04.05-19.16.29:653][  0]LogTemp: Display: Loaded TP AndroidTargetPlatform
[2019.04.05-19.16.29:653][  0]LogTemp: Display: Loaded TP AndroidTargetPlatform
[2019.04.05-19.16.29:653][  0]LogTemp: Display: Loaded TP AndroidTargetPlatform
[2019.04.05-19.16.29:653][  0]LogTemp: Display: Loaded TP AndroidTargetPlatform
[2019.04.05-19.16.29:655][  0]LogTemp: Display: Loaded TP HTML5TargetPlatform
[2019.04.05-19.16.29:720][  0]LogTemp: Display: Loaded TP IOSTargetPlatform
[2019.04.05-19.16.29:720][  0]LogTemp: Display: Loaded TP IOSTargetPlatform
[2019.04.05-19.16.29:748][  0]LogTemp: Display: Loaded TP TVOSTargetPlatform
[2019.04.05-19.16.29:748][  0]LogTemp: Display: Loaded TP TVOSTargetPlatform
[2019.04.05-19.16.29:765][  0]LogTemp: Display: Loaded TP LinuxClientTargetPlatform
[2019.04.05-19.16.29:779][  0]LogTemp: Display: Loaded TP LinuxNoEditorTargetPlatform
[2019.04.05-19.16.29:793][  0]LogTemp: Display: Loaded TP LinuxServerTargetPlatform
[2019.04.05-19.16.29:808][  0]LogTemp: Display: Loaded TP LinuxTargetPlatform
[2019.04.05-19.16.29:819][  0]LogTemp: Display: Loaded TP LuminTargetPlatform
[2019.04.05-19.16.29:819][  0]LogTargetPlatformManager: Display: Building Assets For Windows
[2019.04.05-19.16.29:898][  0]LogXGEController: Cannot use XGE Controller as Incredibuild is not installed on this machine.
[2019.04.05-19.16.29:898][  0]LogShaderCompilers: Cannot use XGE Shader Compiler as Incredibuild is not installed on this machine.
[2019.04.05-19.16.29:898][  0]LogShaderCompilers: Display: Using Local Shader Compiler.
[2019.04.05-19.16.30:824][  0]LogDerivedDataCache: Display: Max Cache Size: 512 MB
[2019.04.05-19.16.30:898][  0]LogDerivedDataCache: Loaded boot cache 0.07s 71MB C:/Users/jessie lichter/AppData/Local/UnrealEngine/4.20/DerivedDataCache/Boot.ddc.
[2019.04.05-19.16.30:898][  0]LogDerivedDataCache: Display: Loaded Boot cache: C:/Users/jessie lichter/AppData/Local/UnrealEngine/4.20/DerivedDataCache/Boot.ddc
[2019.04.05-19.16.30:898][  0]LogDerivedDataCache: FDerivedDataBackendGraph:  Pak pak cache file ../../../../../../Users/jessie lichter/Documents/GitHub/GameDev2Project/MarshMellow/DerivedDataCache/DDC.ddp not found, will not use a pak cache.
[2019.04.05-19.16.30:898][  0]LogDerivedDataCache: Unable to find inner node Pak for hierarchical cache Hierarchy.
[2019.04.05-19.16.30:898][  0]LogDerivedDataCache: FDerivedDataBackendGraph:  CompressedPak pak cache file ../../../../../../Users/jessie lichter/Documents/GitHub/GameDev2Project/MarshMellow/DerivedDataCache/Compressed.ddp not found, will not use a pak cache.
[2019.04.05-19.16.30:898][  0]LogDerivedDataCache: Unable to find inner node CompressedPak for hierarchical cache Hierarchy.
[2019.04.05-19.16.30:916][  0]LogDerivedDataCache: Display: Pak cache opened for reading ../../../Engine/DerivedDataCache/Compressed.ddp.
[2019.04.05-19.16.30:929][  0]LogDerivedDataCache: Using Local data cache path C:/Users/jessie lichter/AppData/Local/UnrealEngine/Common/DerivedDataCache: Writable
[2019.04.05-19.16.30:929][  0]LogDerivedDataCache: Shared data cache path not found in *engine.ini, will not use an Shared cache.
[2019.04.05-19.16.30:929][  0]LogDerivedDataCache: Unable to find inner node Shared for hierarchical cache Hierarchy.
[2019.04.05-19.16.30:951][  0]LogMaterial: Verifying Global Shaders for PCD3D_SM5
[2019.04.05-19.16.30:953][  0]LogSlate: Using FreeType 2.6.0
[2019.04.05-19.16.30:954][  0]LogSlate: SlateFontServices - WITH_FREETYPE: 1, WITH_HARFBUZZ: 1
[2019.04.05-19.16.31:039][  0]LogAssetRegistry: FAssetRegistry took 0.0291 seconds to start up
[2019.04.05-19.16.32:909][  0]LogInit: Selected Device Profile: [Windows]
[2019.04.05-19.16.33:072][  0]LogSimplygon: Simplygon DLL not present - disabling.
[2019.04.05-19.16.33:076][  0]LogMeshReduction: Using SimplygonSwarm for distributed automatic mesh merging
[2019.04.05-19.16.33:076][  0]LogMeshReduction: Using ProxyLODMeshReduction for automatic mesh merging
[2019.04.05-19.16.33:077][  0]LogMeshReduction: Using QuadricMeshReduction for automatic static mesh reduction
[2019.04.05-19.16.33:077][  0]LogMeshReduction: No automatic skeletal mesh reduction module available
[2019.04.05-19.16.33:096][  0]LogNetVersion: MarshMellow 1.0.0, NetCL: 4212847, EngineNetVer: 5, GameNetVer: 0 (Checksum: 3750370364)
[2019.04.05-19.16.33:710][  0]LogPackageLocalizationCache: Processed 11 localized package path(s) for 2 prioritized culture(s) in 0.127340 seconds
[2019.04.05-19.16.33:717][  0]LogUObjectArray: 38425 objects as part of root set at end of initial load.
[2019.04.05-19.16.33:717][  0]LogUObjectAllocator: 6690864 out of 0 bytes used by permanent object pool.
[2019.04.05-19.16.33:717][  0]LogUObjectArray: CloseDisregardForGC: 0/0 objects in disregard for GC pool
[2019.04.05-19.16.34:713][  0]LogTcpMessaging: Initializing TcpMessaging bridge
[2019.04.05-19.16.34:727][  0]LogUdpMessaging: Initializing bridge on interface 0.0.0.0:0 to multicast group 230.0.0.1:6666.
[2019.04.05-19.16.34:882][  0]SourceControl: Source control is disabled
[2019.04.05-19.16.34:882][  0]SourceControl: Source control is disabled
[2019.04.05-19.16.34:884][  0]SourceControl: Source control is disabled
[2019.04.05-19.16.34:885][  0]SourceControl: Source control is disabled
[2019.04.05-19.16.35:056][  0]LogAndroidPermission: UAndroidPermissionCallbackProxy::GetInstance
[2019.04.05-19.16.35:255][  0]LogOcInput: OculusInput pre-init called
[2019.04.05-19.16.35:322][  0]LogEngine: Initializing Engine...
[2019.04.05-19.16.35:323][  0]LogHMD: Failed to initialize OpenVR with code 110
[2019.04.05-19.16.35:325][  0]LogStats: UGameplayTagsManager::ConstructGameplayTagTree: ImportINI prefixes -  0.000 s
[2019.04.05-19.16.35:325][  0]LogStats: UGameplayTagsManager::ConstructGameplayTagTree: Construct from data asset -  0.000 s
[2019.04.05-19.16.35:325][  0]LogStats: UGameplayTagsManager::ConstructGameplayTagTree: ImportINI -  0.000 s
[2019.04.05-19.16.35:325][  0]LogStats: UGameplayTagsManager::ConstructGameplayTagTree: GameplayTagTreeChangedEvent.Broadcast -  0.000 s
[2019.04.05-19.16.35:569][  0]LogInit: Initializing FReadOnlyCVARCache
[2019.04.05-19.16.35:584][  0]LogAIModule: Creating AISystem for world Untitled
[2019.04.05-19.16.35:651][  0]LogInit: XAudio2 using 'Speakers / Headphones (Realtek Audio)' : 2 channels at 48 kHz using 32 bits per sample (channel mask 0x3)
[2019.04.05-19.16.35:842][  0]LogInit: FAudioDevice initialized.
[2019.04.05-19.16.35:842][  0]LogNetVersion: Set ProjectVersion to 1.0.0.0. Version Checksum will be recalculated on next use.
[2019.04.05-19.16.35:895][  0]LogDerivedDataCache: Saved boot cache 0.05s 71MB C:/Users/jessie lichter/AppData/Local/UnrealEngine/4.20/DerivedDataCache/Boot.ddc.
[2019.04.05-19.16.35:911][  0]LogInit: Texture streaming: Enabled
[2019.04.05-19.16.35:932][  0]LogEngineSessionManager: EngineSessionManager initialized
[2019.04.05-19.16.35:953][  0]LogInit: Transaction tracking system initialized
[2019.04.05-19.16.35:983][  0]BlueprintLog: New page: Editor Load
[2019.04.05-19.16.36:076][  0]LocalizationService: Localization service is disabled
[2019.04.05-19.16.36:424][  0]LogCook: Display: Max memory allowance for cook 16384mb min free memory 0mb
[2019.04.05-19.16.36:424][  0]LogCook: Display: Mobile HDR setting 1
[2019.04.05-19.16.36:424][  0]LogGameplayTags: Display: UGameplayTagsManager::DoneAddingNativeTags. DelegateIsBound: 0
[2019.04.05-19.16.36:424][  0]LogStats: UGameplayTagsManager::ConstructGameplayTagTree: ImportINI prefixes -  0.000 s
[2019.04.05-19.16.36:424][  0]LogStats: UGameplayTagsManager::ConstructGameplayTagTree: Construct from data asset -  0.000 s
[2019.04.05-19.16.36:424][  0]LogStats: UGameplayTagsManager::ConstructGameplayTagTree: ImportINI -  0.000 s
[2019.04.05-19.16.36:424][  0]LogStats: UGameplayTagsManager::ConstructGameplayTagTree: GameplayTagTreeChangedEvent.Broadcast -  0.000 s
[2019.04.05-19.16.36:572][  0]LogFileCache: Scanning file cache for directory 'C:/Users/jessie lichter/Documents/GitHub/GameDev2Project/MarshMellow/Content/' took 0.08s
[2019.04.05-19.16.36:582][  0]SourceControl: Source control is disabled
[2019.04.05-19.16.36:582][  0]Cmd: MAP LOAD FILE="../../../../../../Users/jessie lichter/Documents/GitHub/GameDev2Project/MarshMellow/Content/ThirdPersonBP/Maps/ThirdPersonExampleMap.umap" TEMPLATE=0 SHOWPROGRESS=1 FEATURELEVEL=3
[2019.04.05-19.16.36:583][  0]LightingResults: New page: Lighting Build
[2019.04.05-19.16.36:587][  0]MapCheck: New page: Map Check
[2019.04.05-19.16.36:587][  0]LightingResults: New page: Lighting Build
[2019.04.05-19.16.36:642][  0]LogBlueprint: Warning: [Compiler Marshmallow_MVP] Idle to Walk/RUn  will never be taken, please connect something to  Can Enter Transition
[2019.04.05-19.16.36:642][  0]LogBlueprint: Warning: [Compiler Marshmallow_MVP] Walk/RUn to Idle  will never be taken, please connect something to  Can Enter Transition
[2019.04.05-19.16.36:645][  0]LogBlueprint: Warning: [Compiler Marshmallow_MVP] [0010.79] Compile of Marshmallow_MVP successful, but with 2 Warning(s) [in 10 ms] (/Game/ThirdPersonBP/Blueprints/Marshmallow_MVP.Marshmallow_MVP)
[2019.04.05-19.16.36:969][  0]LogAIModule: Creating AISystem for world ThirdPersonExampleMap
[2019.04.05-19.16.36:981][  0]LogEditorServer: Finished looking for orphan Actors (0.000 secs)
[2019.04.05-19.16.37:010][  0]Cmd: MAP CHECKDEP NOCLEARLOG
[2019.04.05-19.16.37:106][  0]MapCheck: Map check complete: 0 Error(s), 0 Warning(s), took 96.056ms to complete.
[2019.04.05-19.16.37:106][  0]LogFileHelpers: Loading map 'ThirdPersonExampleMap' took 0.524
[2019.04.05-19.16.37:230][  0]LogSlate: Updating window title bar state: overlay mode, drag disabled, window buttons hidden, title bar hidden
[2019.04.05-19.16.37:238][  0]LogCollectionManager: Loaded 0 collections in 0.002052 seconds
[2019.04.05-19.16.37:279][  0]LogFileCache: Scanning file cache for directory 'C:/Users/jessie lichter/Documents/GitHub/GameDev2Project/MarshMellow/Saved/Collections/' took 0.01s
[2019.04.05-19.16.37:280][  0]LogFileCache: Scanning file cache for directory 'C:/Users/jessie lichter/Documents/GitHub/GameDev2Project/MarshMellow/Content/Developers/jessielichter/Collections/' took 0.01s
[2019.04.05-19.16.37:280][  0]LogFileCache: Scanning file cache for directory 'C:/Users/jessie lichter/Documents/GitHub/GameDev2Project/MarshMellow/Content/Collections/' took 0.01s
[2019.04.05-19.16.37:280][  0]LogCollectionManager: Rebuilt the GUID cache for 0 collections in 0.000000 seconds
[2019.04.05-19.16.37:291][  0]LogContentBrowser: Native class hierarchy populated in 0.0114 seconds. Added 2572 classes and 603 folders.
[2019.04.05-19.16.37:301][  0]LogContentBrowser: Native class hierarchy updated for 'WidgetCarousel' in 0.0003 seconds. Added 0 classes and 0 folders.
[2019.04.05-19.16.37:362][  0]LogContentBrowser: Native class hierarchy updated for 'AddContentDialog' in 0.0002 seconds. Added 0 classes and 0 folders.
[2019.04.05-19.16.37:371][  0]LogContentBrowser: Native class hierarchy updated for 'WorldBrowser' in 0.0004 seconds. Added 2 classes and 3 folders.
[2019.04.05-19.16.37:381][  0]LogContentBrowser: Native class hierarchy updated for 'SceneOutliner' in 0.0004 seconds. Added 1 classes and 2 folders.
[2019.04.05-19.16.37:445][  0]LogSlate: Took 0.000235 seconds to synchronously load lazily loaded font '../../../Engine/Content/Slate/Fonts/Roboto-Regular.ttf' (155K)
[2019.04.05-19.16.37:448][  0]LogSlate: Took 0.000213 seconds to synchronously load lazily loaded font '../../../Engine/Content/Slate/Fonts/Roboto-Bold.ttf' (160K)
[2019.04.05-19.16.37:456][  0]LogSlate: Took 0.000357 seconds to synchronously load lazily loaded font '../../../Engine/Content/Editor/Slate/Fonts/FontAwesome.ttf' (139K)
[2019.04.05-19.16.37:548][  0]LogRenderer: Reallocating scene render targets to support 740x456 Format 10 NumSamples 1 (Frame:1).
[2019.04.05-19.16.37:707][  0]LogContentBrowser: Native class hierarchy updated for 'HierarchicalLODOutliner' in 0.0004 seconds. Added 0 classes and 0 folders.
[2019.04.05-19.16.37:707][  0]LogLoad: (Engine Initialization) Total time: 11.85 seconds
[2019.04.05-19.16.37:707][  0]LogLoad: (Engine Initialization) Total Blueprint compile time: 0.00 seconds
[2019.04.05-19.16.37:728][  0]LogWindowsTextInputMethodSystem: Display: IME system now deactivated.
[2019.04.05-19.16.37:764][  0]LogContentStreaming: Texture pool size now 1000 MB
[2019.04.05-19.16.38:030][  4]LogSlate: Took 0.000151 seconds to synchronously load lazily loaded font '../../../Engine/Content/Slate/Fonts/Roboto-Light.ttf' (167K)
[2019.04.05-19.16.38:041][  5]LogAssetRegistry: Asset discovery search completed in 7.0243 seconds
[2019.04.05-19.16.38:044][  5]LogCollectionManager: Rebuilt the object cache for 0 collections in 0.000000 seconds (found 0 objects)
[2019.04.05-19.16.38:044][  5]LogCollectionManager: Fixed up redirectors for 0 collections in 0.000100 seconds (updated 0 objects)
[2019.04.05-19.16.42:290][259]LogSlate: FSceneViewport::OnFocusLost() reason 0
[2019.04.05-19.16.42:823][291]LogFileCache: Retrieving MD5 hashes for directory 'C:/Users/jessie lichter/Documents/GitHub/GameDev2Project/MarshMellow/Content/' took 5.08s
[2019.04.05-19.16.45:298][439]LogSlate: Took 0.000190 seconds to synchronously load lazily loaded font '../../../Engine/Content/Slate/Fonts/DroidSansMono.ttf' (77K)
[2019.04.05-19.16.53:916][956]Cmd: r.Streaming.PoolSize=4000
[2019.04.05-19.17.00:322][340]LogSlate: Took 0.000194 seconds to synchronously load lazily loaded font '../../../Engine/Content/Slate/Fonts/Roboto-Light.ttf' (167K)
[2019.04.05-19.17.11:213][340]LogTexture: Display: Building textures: T_Sky_01_01_Sunrise (RGBA16F, 8192X8192)
[2019.04.05-19.17.11:213][340]LogTexture: Display: Building textures: T_Sky_05_05_Sunset (RGBA16F, 8192X8192)
[2019.04.05-19.17.11:213][340]LogFileManager: Error: Error writing to file: C:/Users/jessie lichter/AppData/Local/UnrealEngine/Common/DerivedDataCache/1/8/8/temp.F521E23543914C05755951A55260B290 (There is not enough space on the disk.)
[2019.04.05-19.17.11:213][340]LogDerivedDataCache: Warning: FFileSystemDerivedDataBackend: Temp file is short C:/Users/jessie lichter/AppData/Local/UnrealEngine/Common/DerivedDataCache/1/8/8/temp.F521E23543914C05755951A55260B290!
[2019.04.05-19.17.11:213][340]LogFileManager: Error: Error writing to file: C:/Users/jessie lichter/AppData/Local/UnrealEngine/Common/DerivedDataCache/1/8/8/temp.5AAB8D8C4A9E6B17466C668B1E6A33A3 (There is not enough space on the disk.)
[2019.04.05-19.17.11:213][340]LogDerivedDataCache: Warning: FFileSystemDerivedDataBackend: Temp file is short C:/Users/jessie lichter/AppData/Local/UnrealEngine/Common/DerivedDataCache/1/8/8/temp.5AAB8D8C4A9E6B17466C668B1E6A33A3!
[2019.04.05-19.17.11:213][340]LogDerivedDataCache: FDerivedDataBackendAsyncPutWrapper: Put failed, keeping in memory copy TEXTURE_68A083899C6F4316B8CE0E2958EDE2C2_RGBA16F_6E5394004F6490B2A32A3A9F6FD77__6350803B536C807B5232A5FFDA2FB84F705EFA40.
[2019.04.05-19.17.11:213][340]LogFileManager: Error: Error writing to file: C:/Users/jessie lichter/AppData/Local/UnrealEngine/Common/DerivedDataCache/9/5/7/temp.CD4611EB4DF2D6C6E25351A8CE4BDA5B (There is not enough space on the disk.)
[2019.04.05-19.17.11:213][340]LogDerivedDataCache: Warning: FFileSystemDerivedDataBackend: Temp file is short C:/Users/jessie lichter/AppData/Local/UnrealEngine/Common/DerivedDataCache/9/5/7/temp.CD4611EB4DF2D6C6E25351A8CE4BDA5B!
[2019.04.05-19.17.11:213][340]LogFileManager: Error: Error writing to file: C:/Users/jessie lichter/AppData/Local/UnrealEngine/Common/DerivedDataCache/9/5/7/temp.A5D94D5F4E6343CAEAAC90AD1EA83425 (There is not enough space on the disk.)
[2019.04.05-19.17.11:213][340]LogDerivedDataCache: Warning: FFileSystemDerivedDataBackend: Temp file is short C:/Users/jessie lichter/AppData/Local/UnrealEngine/Common/DerivedDataCache/9/5/7/temp.A5D94D5F4E6343CAEAAC90AD1EA83425!
[2019.04.05-19.17.11:269][340]LogDerivedDataCache: FDerivedDataBackendAsyncPutWrapper: Put failed, keeping in memory copy TEXTURE_68A083899C6F4316B8CE0E2958EDE2C2_RGBA16F_9F24063943CFFD4CB670E1BDB128E__1FD233D7A3C49E53E93F848AC4E88D44A8C7398B.
[2019.04.05-19.17.13:667][340]LogAIModule: Creating AISystem for world TestingPersistent
[2019.04.05-19.17.13:728][340]LogAssetEditorManager: Opening Asset editor for World /Game/TestingMaps/TestingPersistent.TestingPersistent
[2019.04.05-19.17.13:788][340]Cmd: MAP LOAD FILE="../../../../../../Users/jessie lichter/Documents/GitHub/GameDev2Project/MarshMellow/Content/TestingMaps/TestingPersistent.umap" TEMPLATE=0 SHOWPROGRESS=1 FEATURELEVEL=3
[2019.04.05-19.17.13:788][340]LightingResults: New page: Lighting Build
[2019.04.05-19.17.13:789][340]LoadErrors: New page: Loading map: TestingPersistent.umap
[2019.04.05-19.17.13:790][340]MapCheck: New page: Map Check
[2019.04.05-19.17.13:790][340]LightingResults: New page: Lighting Build
[2019.04.05-19.17.13:871][340]LogEditorServer: Finished looking for orphan Actors (0.000 secs)
[2019.04.05-19.17.13:943][340]Cmd: MAP CHECKDEP NOCLEARLOG
[2019.04.05-19.17.14:037][340]MapCheck: Map check complete: 0 Error(s), 0 Warning(s), took 93.647ms to complete.
[2019.04.05-19.17.14:037][340]LogFileHelpers: Loading map 'TestingPersistent' took 0.250
[2019.04.05-19.21.43:884][115]Cmd: r.Streaming.Po
[2019.04.05-19.21.55:485][811]Cmd: r.Streaming.PoolSize 4000
[2019.04.05-19.21.55:485][811]r.Streaming.PoolSize = "4000"
[2019.04.05-19.21.55:513][813]LogContentStreaming: Texture pool size now 4000 MB
[2019.04.05-19.22.02:461][229]LogEditorViewport: Clicking on Actor (LMB): BP_Sky_C (BP_Sky)
[2019.04.05-19.22.09:533][648]LogSlate: FSceneViewport::OnFocusLost() reason 0
[2019.04.05-19.22.16:782][ 66]LogSlate: FSceneViewport::OnFocusLost() reason 2
[2019.04.05-19.22.30:491][870]LogSlate: FSceneViewport::OnFocusLost() reason 0
[2019.04.05-19.22.45:449][756]LogSlate: FSceneViewport::OnFocusLost() reason 0
[2019.04.05-19.22.45:593][765]LogSlate: Window 'Color Picker' being destroyed
[2019.04.05-19.22.47:045][852]LogSlate: FSceneViewport::OnFocusLost() reason 0
[2019.04.05-19.22.51:660][116]LogSlate: FSceneViewport::OnFocusLost() reason 0
[2019.04.05-19.22.57:569][437]LogSlate: FSceneViewport::OnFocusLost() reason 0
[2019.04.05-19.23.24:997][ 30]LogSlate: FSceneViewport::OnFocusLost() reason 0
[2019.04.05-19.23.26:977][141]LogSlate: Window 'Color Picker' being destroyed
[2019.04.05-19.23.27:153][151]LogSlate: Took 0.007689 seconds to synchronously load lazily loaded font '../../../Engine/Content/Slate/Fonts/Roboto-Italic.ttf' (157K)
[2019.04.05-19.23.33:318][520]LogSlate: FSceneViewport::OnFocusLost() reason 2
[2019.04.05-19.23.39:639][822]LogSlate: Window 'Color Picker' being destroyed
[2019.04.05-19.23.44:917][138]LogSlate: FSceneViewport::OnFocusLost() reason 2
[2019.04.05-19.23.49:338][400]LogSlate: Window 'Color Picker' being destroyed
[2019.04.05-19.24.15:725][981]LogSlate: FSceneViewport::OnFocusLost() reason 2
[2019.04.05-19.24.29:911][292]LogTexture: Display: Building textures: T_Sky_05_01_Sunrise (RGBA16F, 8192X8192)
[2019.04.05-19.24.29:911][292]LogFileManager: Error: Error writing to file: C:/Users/jessie lichter/AppData/Local/UnrealEngine/Common/DerivedDataCache/8/9/3/temp.AE92B5F34100C73DDCEE10AABE83EB8E (There is not enough space on the disk.)
[2019.04.05-19.24.29:911][292]LogDerivedDataCache: Warning: FFileSystemDerivedDataBackend: Temp file is short C:/Users/jessie lichter/AppData/Local/UnrealEngine/Common/DerivedDataCache/8/9/3/temp.AE92B5F34100C73DDCEE10AABE83EB8E!
[2019.04.05-19.24.29:911][292]LogFileManager: Error: Error writing to file: C:/Users/jessie lichter/AppData/Local/UnrealEngine/Common/DerivedDataCache/8/9/3/temp.CF0D8CF54E4FFBF9CCF5A9B52DD24218 (There is not enough space on the disk.)
[2019.04.05-19.24.29:911][292]LogDerivedDataCache: Warning: FFileSystemDerivedDataBackend: Temp file is short C:/Users/jessie lichter/AppData/Local/UnrealEngine/Common/DerivedDataCache/8/9/3/temp.CF0D8CF54E4FFBF9CCF5A9B52DD24218!
[2019.04.05-19.24.29:911][292]LogDerivedDataCache: FDerivedDataBackendAsyncPutWrapper: Put failed, keeping in memory copy TEXTURE_68A083899C6F4316B8CE0E2958EDE2C2_RGBA16F_6FA101D345CDA339A44F39B250969__6E06EB3C300602653AA51E03958DB5029288E0FE.
[2019.04.05-19.24.48:319][315]LogSlate: FSceneViewport::OnFocusLost() reason 2
[2019.04.05-19.25.09:133][118]LogTexture: Display: Building textures: T_Sky_05_05_Sunset_Mask (AutoDXT, 8192X8192)
[2019.04.05-19.25.09:173][118]LogSlate: FSceneViewport::OnFocusLost() reason 2
[2019.04.05-19.25.22:511][916]LogSlate: FSceneViewport::OnFocusLost() reason 0
[2019.04.05-19.25.30:876][415]LogSlate: FSceneViewport::OnFocusLost() reason 2
[2019.04.05-19.25.31:007][420]LogAssetEditorManager: Opening Asset editor for Texture2D /Game/FantasticSkies/Textures/Sky_05/T_Sky_05_01_Sunrise.T_Sky_05_01_Sunrise
[2019.04.05-19.25.31:018][420]LogContentBrowser: Native class hierarchy updated for 'TextureEditor' in 0.0003 seconds. Added 1 classes and 2 folders.
[2019.04.05-19.25.34:177][597]LogSlate: Window 'T_Sky_05_01_Sunrise' being destroyed
[2019.04.05-19.25.34:840][634]LogSlate: FSceneViewport::OnFocusLost() reason 0
[2019.04.05-19.25.39:791][931]LogSlate: FSceneViewport::OnFocusLost() reason 0
[2019.04.05-19.26.03:364][937]LogTexture: Display: Building textures: T_Sky_05_01_Sunrise_Mask (AutoDXT, 8192X8192)
[2019.04.05-19.26.03:423][937]LogSlate: FSceneViewport::OnFocusLost() reason 2
[2019.04.05-19.26.16:106][696]LogSlate: FSceneViewport::OnFocusLost() reason 0
[2019.04.05-19.26.17:854][799]LogAssetEditorManager: Opening Asset editor for Blueprint /Game/FantasticSkies/Blueprints/BP_Sky.BP_Sky
[2019.04.05-19.26.18:682][799]LogContentBrowser: Native class hierarchy updated for 'BlueprintGraph' in 0.0013 seconds. Added 116 classes and 0 folders.
[2019.04.05-19.26.19:841][799]LogSlate: Took 0.007299 seconds to synchronously load lazily loaded font '../../../Engine/Content/Slate/Fonts/Roboto-BoldCondensed.ttf' (158K)
[2019.04.05-19.26.50:828][598]LogAssetEditorManager: Opening Asset editor for Material /Game/FantasticSkies/Materials/M_Sky.M_Sky
[2019.04.05-19.26.50:834][598]LogMaterial: Display: Missing cached shader map for material M_Sky, compiling. 
[2019.04.05-19.26.51:274][598]LogMaterial: Display: Missing cached shader map for material M_Sky, compiling. 
[2019.04.05-19.26.51:283][598]LogShaderCompilers: Display: Shaders left to compile 9
[2019.04.05-19.26.51:283][598]LogShaderCompilers: Display: Shaders left to compile 8
[2019.04.05-19.26.51:283][598]LogShaderCompilers: Display: Shaders left to compile 7
[2019.04.05-19.26.51:283][598]LogShaderCompilers: Display: Shaders left to compile 6
[2019.04.05-19.26.51:285][598]LogMaterial: Display: Missing cached shader map for material M_Sky, compiling. 
[2019.04.05-19.26.51:329][598]LogMaterial: Display: Missing cached shader map for material FMatExpressionPreview MaterialExpressionTextureSampleParameter2D_0, compiling. 
[2019.04.05-19.26.51:339][598]LogMaterial: Display: Missing cached shader map for material FMatExpressionPreview MaterialExpressionVectorParameter_0, compiling. 
[2019.04.05-19.26.51:345][598]LogMaterial: Display: Missing cached shader map for material FMatExpressionPreview MaterialExpressionTextureSampleParameter2D_1, compiling. 
[2019.04.05-19.26.51:353][598]LogMaterial: Display: Missing cached shader map for material FMatExpressionPreview MaterialExpressionDesaturation_0, compiling. 
[2019.04.05-19.26.51:360][598]LogMaterial: Display: Missing cached shader map for material FMatExpressionPreview MaterialExpressionVectorParameter_1, compiling. 
[2019.04.05-19.26.51:370][598]LogMaterial: Display: Missing cached shader map for material FMatExpressionPreview MaterialExpressionVectorParameter_2, compiling. 
[2019.04.05-19.26.51:378][598]LogMaterial: Display: Missing cached shader map for material FMatExpressionPreview MaterialExpressionVectorParameter_3, compiling. 
[2019.04.05-19.26.52:008][619]LogShaderCompilers: Display: Shaders left to compile 23
[2019.04.05-19.26.52:028][620]LogShaderCompilers: Display: Shaders left to compile 22
[2019.04.05-19.26.52:072][622]LogShaderCompilers: Display: Shaders left to compile 21
[2019.04.05-19.26.52:091][623]LogShaderCompilers: Display: Shaders left to compile 20
[2019.04.05-19.26.52:288][633]LogShaderCompilers: Display: Shaders left to compile 19
[2019.04.05-19.26.52:364][637]LogShaderCompilers: Display: Shaders left to compile 18
[2019.04.05-19.26.52:399][639]LogShaderCompilers: Display: Shaders left to compile 17
[2019.04.05-19.26.52:413][640]LogShaderCompilers: Display: Shaders left to compile 16
[2019.04.05-19.26.52:534][647]LogShaderCompilers: Display: Shaders left to compile 15
[2019.04.05-19.26.52:643][653]LogShaderCompilers: Display: Shaders left to compile 14
[2019.04.05-19.26.52:828][662]LogShaderCompilers: Display: Shaders left to compile 13
[2019.04.05-19.26.52:942][668]LogShaderCompilers: Display: Shaders left to compile 12
[2019.04.05-19.26.53:189][680]LogShaderCompilers: Display: Shaders left to compile 11
[2019.04.05-19.26.53:212][681]LogShaderCompilers: Display: Shaders left to compile 10
[2019.04.05-19.26.53:292][685]LogShaderCompilers: Display: Shaders left to compile 9
[2019.04.05-19.26.53:314][686]MaterialEditorStats: Base pass shader without light map: 32 instructions
[2019.04.05-19.26.53:314][686]MaterialEditorStats: Base pass vertex shader: 36 instructions
[2019.04.05-19.26.53:314][686]MaterialEditorStats: Texture samplers: 1/16
[2019.04.05-19.26.53:314][686]MaterialEditorStats: Texture Lookups (Est.): VS(0), PS(1)
[2019.04.05-19.26.53:315][686]MaterialEditorStats: User interpolators: 2/4 Scalars (1/4 Vectors) (TexCoords: 2, Custom: 0)
[2019.04.05-19.26.53:440][692]LogShaderCompilers: Display: Shaders left to compile 8
[2019.04.05-19.26.53:563][698]LogShaderCompilers: Display: Shaders left to compile 7
[2019.04.05-19.26.53:666][703]LogShaderCompilers: Display: Shaders left to compile 6
[2019.04.05-19.26.53:726][706]LogShaderCompilers: Display: Shaders left to compile 5
[2019.04.05-19.26.53:912][715]LogShaderCompilers: Display: Shaders left to compile 4
[2019.04.05-19.26.53:937][716]LogShaderCompilers: Display: Shaders left to compile 3
[2019.04.05-19.26.54:089][723]LogShaderCompilers: Display: Shaders left to compile 2
[2019.04.05-19.26.54:149][726]LogShaderCompilers: Display: Shaders left to compile 1
[2019.04.05-19.27.19:676][990]LogSlate: Window 'BP_Sky' being destroyed
[2019.04.05-19.27.19:682][990]LogSlate: Window 'BP_Sky' being destroyed
[2019.04.05-19.27.30:532][636]LogSlate: FSceneViewport::OnFocusLost() reason 0
[2019.04.05-19.27.38:203][ 54]LogSlate: FSceneViewport::OnFocusLost() reason 0
[2019.04.05-19.27.46:943][450]LogSlate: FSceneViewport::OnFocusLost() reason 2
[2019.04.06-16.38.29:173][538]LogSavePackage: Moving '../../../../../../Users/jessie lichter/Documents/GitHub/GameDev2Project/MarshMellow/Saved/TestingPersistent_Auto17346D4074C1BFBA31A7627B6C8E87E10.tmp' to '../../../../../../Users/jessie lichter/Documents/GitHub/GameDev2Project/MarshMellow/Saved/Autosaves/Game/TestingMaps/TestingPersistent_Auto1.umap'
[2019.04.06-16.38.29:206][538]LogFileHelpers: Editor autosave (incl. sublevels) for '/Game/TestingMaps/TestingPersistent' took 0.544
[2019.04.06-16.38.29:207][538]LogFileHelpers: Editor autosave (incl. sublevels) for all levels took 0.544
[2019.04.06-16.38.29:391][540]LogHttp: Warning: 000001C91E9AB9C0: request failed, libcurl error: 6 (Couldn't resolve host name)
[2019.04.06-16.38.29:391][540]LogHttp: Warning: 000001C91E9AB9C0: libcurl info message cache 0 (Connection 4 seems to be dead!)
[2019.04.06-16.38.29:391][540]LogHttp: Warning: 000001C91E9AB9C0: libcurl info message cache 1 (Closing connection 4)
[2019.04.06-16.38.29:391][540]LogHttp: Warning: 000001C91E9AB9C0: libcurl info message cache 2 (Could not resolve host: datarouter.ol.epicgames.com)
[2019.04.06-16.38.29:391][540]LogHttp: Warning: 000001C91E9AB9C0: libcurl info message cache 3 (Closing connection 5)
[2019.04.06-16.41.00:903][601]LogSlate: FSceneViewport::OnFocusLost() reason 2
[2019.04.06-16.41.20:251][181]LogTexture: Display: Building textures: T_Sky_01_03_Day (RGBA16F, 8192X8192)
[2019.04.06-16.41.20:251][181]LogFileManager: Error: Error writing to file: C:/Users/jessie lichter/AppData/Local/UnrealEngine/Common/DerivedDataCache/3/8/0/temp.D8F983F147D86D1309A7C89F58B4681C (There is not enough space on the disk.)
[2019.04.06-16.41.20:251][181]LogDerivedDataCache: Warning: FFileSystemDerivedDataBackend: Temp file is short C:/Users/jessie lichter/AppData/Local/UnrealEngine/Common/DerivedDataCache/3/8/0/temp.D8F983F147D86D1309A7C89F58B4681C!
[2019.04.06-16.41.20:284][181]LogFileManager: Error: Error writing to file: C:/Users/jessie lichter/AppData/Local/UnrealEngine/Common/DerivedDataCache/3/8/0/temp.9B4E4D994A34992AAE21B3BB694E9DF8 (There is not enough space on the disk.)
[2019.04.06-16.41.20:284][181]LogDerivedDataCache: Warning: FFileSystemDerivedDataBackend: Temp file is short C:/Users/jessie lichter/AppData/Local/UnrealEngine/Common/DerivedDataCache/3/8/0/temp.9B4E4D994A34992AAE21B3BB694E9DF8!
[2019.04.06-16.41.20:382][181]LogDerivedDataCache: FDerivedDataBackendAsyncPutWrapper: Put failed, keeping in memory copy TEXTURE_68A083899C6F4316B8CE0E2958EDE2C2_RGBA16F_691716BF46933A7D1C03E08753EA8__674D87D4DE69A388F6873664FB9BCE458E441BE0.
[2019.04.06-16.41.32:527][333]LogSlate: FSceneViewport::OnFocusLost() reason 0
[2019.04.06-16.41.40:076][949]LogSlate: FSceneViewport::OnFocusLost() reason 2
[2019.04.06-16.41.47:294][476]LogSlate: Window 'Color Picker' being destroyed
[2019.04.06-16.41.50:192][796]LogSlate: FSceneViewport::OnFocusLost() reason 0
[2019.04.06-16.42.10:390][468]LogTexture: Display: Building textures: T_Sky_01_04_Evening (RGBA16F, 8192X8192)
[2019.04.06-16.42.10:390][468]LogMemory: Warning: Freeing 33554432 bytes from backup pool to handle out of memory.
[2019.04.06-16.42.10:390][468]LogMemory: Warning: MemoryStats:
	AvailablePhysical 2181459968
	 AvailableVirtual 140721370034176
	     UsedPhysical 8781631488
	 PeakUsedPhysical 9169285120
	      UsedVirtual 10754732032
	  PeakUsedVirtual 11531436032
[2019.04.06-16.42.10:390][468]Allocator Stats for TBB: (not implemented)
[2019.04.06-16.42.10:390][468]LogWindows: Windows GetLastError: The operation completed successfully. (0)
[2019.04.06-16.42.16:365][468]LogThreadingWindows: Error: Runnable thread PoolThread 9 crashed.
[2019.04.06-16.42.16:365][468]LogWindows: Error: === Critical error: ===
[2019.04.06-16.42.16:365][468]LogWindows: Error: 
[2019.04.06-16.42.16:365][468]LogWindows: Error: Fatal error: [File:D:\Build\++UE4\Sync\Engine\Source\Runtime\Core\Private\GenericPlatform\GenericPlatformMemory.cpp] [Line: 193] 
[2019.04.06-16.42.16:365][468]LogWindows: Error: Ran out of memory allocating 738197928 bytes with alignment 0
[2019.04.06-16.42.16:365][468]LogWindows: Error: 
[2019.04.06-16.42.16:365][468]LogWindows: Error: 
[2019.04.06-16.42.16:365][468]LogWindows: Error: [Callstack] 0x00007ff93372a388 KERNELBASE.dll!UnknownFunction []
[2019.04.06-16.42.16:365][468]LogWindows: Error: [Callstack] 0x00007ff91eac6850 UE4Editor-ApplicationCore.dll!UnknownFunction []
[2019.04.06-16.42.16:365][468]LogWindows: Error: [Callstack] 0x00007ff8f92562fc UE4Editor-Core.dll!UnknownFunction []
[2019.04.06-16.42.16:365][468]LogWindows: Error: [Callstack] 0x00007ff8f91e51db UE4Editor-Core.dll!UnknownFunction []
[2019.04.06-16.42.16:365][468]LogWindows: Error: [Callstack] 0x00007ff8f90bf564 UE4Editor-Core.dll!UnknownFunction []
[2019.04.06-16.42.16:365][468]LogWindows: Error: [Callstack] 0x00007ff8f913810f UE4Editor-Core.dll!UnknownFunction []
[2019.04.06-16.42.16:366][468]LogWindows: Error: [Callstack] 0x00007ff8f9138343 UE4Editor-Core.dll!UnknownFunction []
[2019.04.06-16.42.16:366][468]LogWindows: Error: [Callstack] 0x00007ff8c20cc64c UE4Editor-DerivedDataCache.dll!UnknownFunction []
[2019.04.06-16.42.16:366][468]LogWindows: Error: [Callstack] 0x00007ff8c20c6135 UE4Editor-DerivedDataCache.dll!UnknownFunction []
[2019.04.06-16.42.16:366][468]LogWindows: Error: [Callstack] 0x00007ff8c20c438b UE4Editor-DerivedDataCache.dll!UnknownFunction []
[2019.04.06-16.42.16:366][468]LogWindows: Error: [Callstack] 0x00007ff8c20c4ac4 UE4Editor-DerivedDataCache.dll!UnknownFunction []
[2019.04.06-16.42.16:366][468]LogWindows: Error: [Callstack] 0x00007ff8ca16758c UE4Editor-Engine.dll!UnknownFunction []
[2019.04.06-16.42.16:366][468]LogWindows: Error: [Callstack] 0x00007ff8ca15a0e6 UE4Editor-Engine.dll!UnknownFunction []
[2019.04.06-16.42.16:366][468]LogWindows: Error: [Callstack] 0x00007ff8ca1a49fa UE4Editor-Engine.dll!UnknownFunction []
[2019.04.06-16.42.16:366][468]LogWindows: Error: [Callstack] 0x00007ff8ca1b9d20 UE4Editor-Engine.dll!UnknownFunction []
[2019.04.06-16.42.16:366][468]LogWindows: Error: [Callstack] 0x00007ff8ca1435c1 UE4Editor-Engine.dll!UnknownFunction []
[2019.04.06-16.42.16:366][468]LogWindows: Error: [Callstack] 0x00007ff8ca14341e UE4Editor-Engine.dll!UnknownFunction []
[2019.04.06-16.42.16:366][468]LogWindows: Error: [Callstack] 0x00007ff8f91438b5 UE4Editor-Core.dll!UnknownFunction []
[2019.04.06-16.42.16:366][468]LogWindows: Error: [Callstack] 0x00007ff8f94b6b7c UE4Editor-Core.dll!UnknownFunction []
[2019.04.06-16.42.16:366][468]LogWindows: Error: [Callstack] 0x00007ff8f94b17c7 UE4Editor-Core.dll!UnknownFunction []
[2019.04.06-16.42.16:366][468]LogWindows: Error: [Callstack] 0x00007ff936b93dc4 KERNEL32.DLL!UnknownFunction []
[2019.04.06-16.42.16:366][468]LogWindows: Error: [Callstack] 0x00007ff9370e3691 ntdll.dll!UnknownFunction []
[2019.04.06-16.42.16:366][468]LogWindows: Error: 
[2019.04.06-16.42.16:366][468]LogWindows: Error: Crash in runnable thread PoolThread 9
[2019.04.06-16.42.16:528][468]LogExit: Executing StaticShutdownAfterError
[2019.04.06-16.42.16:528][468]LogWindows: FPlatformMisc::RequestExit(1)
[2019.04.06-16.42.16:533][468]Log file closed, 04/06/19 12:42:16
