Log file open, 04/23/19 11:09:09
LogWindows: Failed to load 'aqProf.dll' (GetLastError=126)
LogWindows: File 'aqProf.dll' does not exist
LogWindows: Failed to load 'VSPerf140.dll' (GetLastError=126)
LogWindows: File 'VSPerf140.dll' does not exist
LogWindows: Failed to load 'VtuneApi.dll' (GetLastError=126)
LogWindows: File 'VtuneApi.dll' does not exist
LogWindows: Failed to load 'VtuneApi32e.dll' (GetLastError=126)
LogWindows: File 'VtuneApi32e.dll' does not exist
LogInit: Display: Running engine for game: MarshMellow
LogPlatformFile: Not using cached read wrapper
LogTaskGraph: Started task graph with 5 named threads and 23 total threads with 3 sets of task threads.
LogStats: Stats thread started at 0.298737
LogD3D11RHI: Loaded GFSDK_Aftermath_Lib.x64.dll
LogICUInternationalization: Display: ICU TimeZone Detection - Raw Offset: -5:00, Platform Override: ''
LogPluginManager: Mounting plugin Paper2D
LogPluginManager: Mounting plugin AISupport
LogPluginManager: Mounting plugin LightPropagationVolume
LogPluginManager: Mounting plugin CLionSourceCodeAccess
LogPluginManager: Mounting plugin CodeLiteSourceCodeAccess
LogPluginManager: Mounting plugin GitSourceControl
LogPluginManager: Mounting plugin KDevelopSourceCodeAccess
LogPluginManager: Mounting plugin NullSourceCodeAccess
LogPluginManager: Mounting plugin PerforceSourceControl
LogPluginManager: Mounting plugin SubversionSourceControl
LogPluginManager: Mounting plugin UObjectPlugin
LogPluginManager: Mounting plugin VisualStudioCodeSourceCodeAccess
LogPluginManager: Mounting plugin VisualStudioSourceCodeAccess
LogPluginManager: Mounting plugin XCodeSourceCodeAccess
LogPluginManager: Mounting plugin AssetManagerEditor
LogPluginManager: Mounting plugin CryptoKeys
LogPluginManager: Mounting plugin DataValidation
LogPluginManager: Mounting plugin FacialAnimation
LogPluginManager: Mounting plugin GameplayTagsEditor
LogPluginManager: Mounting plugin MacGraphicsSwitching
LogPluginManager: Mounting plugin MeshEditor
LogPluginManager: Mounting plugin MobileLauncherProfileWizard
LogPluginManager: Mounting plugin PluginBrowser
LogPluginManager: Mounting plugin SpeedTreeImporter
LogPluginManager: Mounting plugin DatasmithContent
LogPluginManager: Mounting plugin AlembicImporter
LogPluginManager: Mounting plugin AppleImageUtils
LogPluginManager: Mounting plugin AppleVision
LogPluginManager: Mounting plugin BackChannel
LogPluginManager: Mounting plugin CharacterAI
LogPluginManager: Mounting plugin GeometryCache
LogPluginManager: Mounting plugin HTML5Networking
LogPluginManager: Mounting plugin ProxyLODPlugin
LogPluginManager: Mounting plugin MagicLeap
LogPluginManager: Mounting plugin MagicLeapEmulator
LogPluginManager: Mounting plugin MagicLeapMedia
LogPluginManager: Mounting plugin AndroidMedia
LogPluginManager: Mounting plugin AvfMedia
LogPluginManager: Mounting plugin ImgMedia
LogPluginManager: Mounting plugin LinearTimecode
LogPluginManager: Mounting plugin MediaCompositing
LogPluginManager: Mounting plugin MediaPlayerEditor
LogPluginManager: Mounting plugin WmfMedia
LogPluginManager: Mounting plugin TcpMessaging
LogPluginManager: Mounting plugin UdpMessaging
LogPluginManager: Mounting plugin ActorSequence
LogPluginManager: Mounting plugin LevelSequenceEditor
LogPluginManager: Mounting plugin MatineeToLevelSequence
LogPluginManager: Mounting plugin NetcodeUnitTest
LogPluginManager: Mounting plugin NUTUnrealEngine4
LogPluginManager: Mounting plugin OnlineSubsystemGooglePlay
LogPluginManager: Mounting plugin OnlineSubsystemIOS
LogPluginManager: Mounting plugin OnlineSubsystem
LogPluginManager: Mounting plugin OnlineSubsystemNull
LogPluginManager: Mounting plugin OnlineSubsystemUtils
LogPluginManager: Mounting plugin LauncherChunkInstaller
LogPluginManager: Mounting plugin AndroidDeviceProfileSelector
LogPluginManager: Mounting plugin AndroidMoviePlayer
LogPluginManager: Mounting plugin AndroidPermission
LogPluginManager: Mounting plugin AppleMoviePlayer
LogPluginManager: Mounting plugin ArchVisCharacter
LogPluginManager: Mounting plugin AudioCapture
LogPluginManager: Mounting plugin CableComponent
LogPluginManager: Mounting plugin CustomMeshComponent
LogPluginManager: Mounting plugin EditableMesh
LogPluginManager: Mounting plugin ExampleDeviceProfileSelector
LogPluginManager: Mounting plugin GoogleCloudMessaging
LogPluginManager: Mounting plugin ImmediatePhysics
LogPluginManager: Mounting plugin IOSDeviceProfileSelector
LogPluginManager: Mounting plugin LinuxDeviceProfileSelector
LogPluginManager: Mounting plugin LocationServicesBPLibrary
LogPluginManager: Mounting plugin MobilePatchingUtils
LogPluginManager: Mounting plugin OculusVR
LogPluginManager: Plugin shader directory ../../../Engine/Plugins/Runtime/Oculus/OculusVR/Shaders found
LogPluginManager: Mapping shader source directory ../../../Engine/Plugins/Runtime/Oculus/OculusVR/Shaders to virtual directory /Plugin/OculusVR
LogPluginManager: Mounting plugin PhysXVehicles
LogPluginManager: Mounting plugin ProceduralMeshComponent
LogPluginManager: Mounting plugin RuntimePhysXCooking
LogPluginManager: Mounting plugin SteamVR
LogPluginManager: Mounting plugin WindowsMoviePlayer
LogStreaming: Display: Took  0.122s to configure plugins.
LogInit: Using libcurl 7.55.1-DEV
LogInit:  - built for x86_64-pc-win32
LogInit:  - supports SSL with OpenSSL/1.0.2h
LogInit:  - supports HTTP deflate (compression) using libz 1.2.8
LogInit:  - other features:
LogInit:      CURL_VERSION_SSL
LogInit:      CURL_VERSION_LIBZ
LogInit:      CURL_VERSION_IPV6
LogInit:      CURL_VERSION_ASYNCHDNS
LogInit:      CURL_VERSION_LARGEFILE
LogInit:      CURL_VERSION_IDN
LogInit:  CurlRequestOptions (configurable via config and command line):
LogInit:  - bVerifyPeer = false  - Libcurl will NOT verify peer certificate
LogInit:  - bUseHttpProxy = false  - Libcurl will NOT use HTTP proxy
LogInit:  - bDontReuseConnections = false  - Libcurl will reuse connections
LogInit:  - CertBundlePath = nullptr  - Libcurl will use whatever was configured at build time.
LogInit:  - MaxHostConnections = 16  - Libcurl will limit the number of connections to a host
LogInit:  - LocalHostAddr = Default
LogInit:  - BufferSize = 65536
LogInit: WinSock: version 1.1 (2.2), MaxSocks=32767, MaxUdp=65467
LogInit: Build: ++UE4+Release-4.20-CL-4369336
LogInit: Engine Version: 4.20.3-4369336+++UE4+Release-4.20
LogInit: Compatible Engine Version: 4.20.0-4212847+++UE4+Release-4.20
LogInit: Net CL: 4212847
LogInit: OS: Windows 10 (), CPU: Intel(R) Core(TM) i7-6700HQ CPU @ 2.60GHz, GPU: Intel(R) HD Graphics 530
LogInit: Compiled (64-bit): Sep 17 2018 12:26:19
LogInit: Compiled with Visual C++: 19.13.26129.00
LogInit: Build Configuration: Development
LogInit: Branch Name: ++UE4+Release-4.20
LogInit: Command Line:  
LogInit: Base Directory: C:/Program Files/Epic Games/UE_4.20/Engine/Binaries/Win64/
LogInit: Installed Engine Build: 1
LogDevObjectVersion: Number of dev versions registered: 20
LogDevObjectVersion:   Dev-Blueprints (B0D832E4-1F89-4F0D-ACCF-7EB736FD4AA2): 10
LogDevObjectVersion:   Dev-Build (E1C64328-A22C-4D53-A36C-8E866417BD8C): 0
LogDevObjectVersion:   Dev-Core (375EC13C-06E4-48FB-B500-84F0262A717E): 2
LogDevObjectVersion:   Dev-Editor (E4B068ED-F494-42E9-A231-DA0B2E46BB41): 24
LogDevObjectVersion:   Dev-Framework (CFFC743F-43B0-4480-9391-14DF171D2073): 34
LogDevObjectVersion:   Dev-Mobile (B02B49B5-BB20-44E9-A304-32B752E40360): 2
LogDevObjectVersion:   Dev-Networking (A4E4105C-59A1-49B5-A7C5-40C4547EDFEE): 0
LogDevObjectVersion:   Dev-Online (39C831C9-5AE6-47DC-9A44-9C173E1C8E7C): 0
LogDevObjectVersion:   Dev-Physics (78F01B33-EBEA-4F98-B9B4-84EACCB95AA2): 0
LogDevObjectVersion:   Dev-Platform (6631380F-2D4D-43E0-8009-CF276956A95A): 0
LogDevObjectVersion:   Dev-Rendering (12F88B9F-8875-4AFC-A67C-D90C383ABD29): 26
LogDevObjectVersion:   Dev-Sequencer (7B5AE74C-D270-4C10-A958-57980B212A5A): 9
LogDevObjectVersion:   Dev-VR (D7296918-1DD6-4BDD-9DE2-64A83CC13884): 2
LogDevObjectVersion:   Dev-LoadTimes (C2A15278-BFE7-4AFE-6C17-90FF531DF755): 1
LogDevObjectVersion:   Private-Geometry (6EACA3D4-40EC-4CC1-B786-8BED09428FC5): 3
LogDevObjectVersion:   Dev-AnimPhys (29E575DD-E0A3-4627-9D10-D276232CDCEA): 17
LogDevObjectVersion:   Dev-ReflectionCapture (6B266CEC-1EC7-4B8F-A30B-E4D90942FC07): 1
LogDevObjectVersion:   Dev-Automation (0DF73D61-A23F-47EA-B727-89E90C41499A): 1
LogDevObjectVersion:   FortniteMain (601D1886-AC64-4F84-AA16-D3DE0DEAC7D6): 12
LogDevObjectVersion:   Dev-Enterprise (9DFFBCD6-494F-0158-E221-12823C92A888): 1
LogStreaming: Display: Took  0.003s to delete old logs.
LogInit: Presizing for max 8388607 objects, including 0 objects not considered by GC, pre-allocating 0 bytes for permanent pool.
LogInit: Object subsystem initialized
[2019.04.23-15.09.09:547][  0]LogInit: Selected Device Profile: [Windows]
[2019.04.23-15.09.09:547][  0]LogInit: Applying CVar settings loaded from the selected device profile: [Windows]
[2019.04.23-15.09.09:590][  0]LogHAL: Display: Platform has ~ 16 GB [16919941120 / 17179869184 / 16], which maps to Larger [LargestMinGB=32, LargerMinGB=12, DefaultMinGB=8, SmallerMinGB=6, SmallestMinGB=0)
[2019.04.23-15.09.09:590][  0]LogInit: Setting Device Profile CVar: [[r.Vulkan.UseRealUBs:1]]
[2019.04.23-15.09.09:590][  0]LogInit: Going up to parent DeviceProfile []
[2019.04.23-15.09.09:590][  0]LogInit: Computer: DESKTOP-06E64QA
[2019.04.23-15.09.09:590][  0]LogInit: User: thompz
[2019.04.23-15.09.09:590][  0]LogInit: CPU Page size=4096, Cores=4
[2019.04.23-15.09.09:590][  0]LogInit: High frequency timer resolution =2.531248 MHz
[2019.04.23-15.09.09:591][  0]LogMemory: Memory total: Physical=15.8GB (16GB approx)
[2019.04.23-15.09.09:591][  0]LogMemory: Platform Memory Stats for Windows
[2019.04.23-15.09.09:591][  0]LogMemory: Process Physical Memory: 110.48 MB used, 110.48 MB peak
[2019.04.23-15.09.09:591][  0]LogMemory: Process Virtual Memory: 103.01 MB used, 103.01 MB peak
[2019.04.23-15.09.09:591][  0]LogMemory: Physical Memory: 6693.60 MB used,  9442.52 MB free, 16136.11 MB total
[2019.04.23-15.09.09:591][  0]LogMemory: Virtual Memory: 4652.48 MB used,  9442.52 MB free, 134217728.00 MB total
[2019.04.23-15.09.09:617][  0]LogInit: Using OS detected language (en-US).
[2019.04.23-15.09.09:617][  0]LogInit: Using OS detected locale (en-US).
[2019.04.23-15.09.09:618][  0]LogTextLocalizationManager: No specific localization for 'en-US' exists, so the 'en' localization will be used.
[2019.04.23-15.09.10:057][  0]LogStreaming: Display: Took  0.440s to InitEngineTextLocalization.
[2019.04.23-15.09.10:057][  0]LogInit: Setting process to per monitor DPI aware
[2019.04.23-15.09.10:111][  0]LogSlate: New Slate User Created.  User Index 0, Is Virtual User: 0
[2019.04.23-15.09.10:112][  0]LogSlate: Slate User Registered.  User Index 0, Is Virtual User: 0
[2019.04.23-15.09.10:363][  0]LogHMD: Failed to initialize OpenVR with code 110
[2019.04.23-15.09.10:363][  0]LogD3D11RHI: D3D11 adapters:
[2019.04.23-15.09.10:435][  0]LogD3D11RHI:    0. 'NVIDIA GeForce GTX 960M' (Feature Level 11_0)
[2019.04.23-15.09.10:435][  0]LogD3D11RHI:       2010/0/8068 MB DedicatedVideo/DedicatedSystem/SharedSystem, Outputs:1, VendorId:0x10de
[2019.04.23-15.09.10:447][  0]LogD3D11RHI:    1. 'Intel(R) HD Graphics 530' (Feature Level 11_0)
[2019.04.23-15.09.10:447][  0]LogD3D11RHI:       128/0/8068 MB DedicatedVideo/DedicatedSystem/SharedSystem, Outputs:0, VendorId:0x8086
[2019.04.23-15.09.10:449][  0]LogD3D11RHI:    2. 'Microsoft Basic Render Driver' (Feature Level 11_0)
[2019.04.23-15.09.10:449][  0]LogD3D11RHI:       0/0/8068 MB DedicatedVideo/DedicatedSystem/SharedSystem, Outputs:0, VendorId:0x1414
[2019.04.23-15.09.10:449][  0]LogD3D11RHI: Chosen D3D11 Adapter: 0
[2019.04.23-15.09.10:488][  0]LogD3D11RHI: Creating new Direct3DDevice
[2019.04.23-15.09.10:488][  0]LogD3D11RHI:     GPU DeviceId: 0x139b (for the marketing name, search the web for "GPU Device Id")
[2019.04.23-15.09.10:488][  0]LogWindows: EnumDisplayDevices:
[2019.04.23-15.09.10:489][  0]LogWindows:    0. 'Intel(R) HD Graphics 530' (P:1 D:1)
[2019.04.23-15.09.10:489][  0]LogWindows:    1. 'Intel(R) HD Graphics 530' (P:0 D:0)
[2019.04.23-15.09.10:489][  0]LogWindows:    2. 'Intel(R) HD Graphics 530' (P:0 D:0)
[2019.04.23-15.09.10:489][  0]LogWindows: DebugString: PrimaryIsNotTheChoosenAdapter PrimaryIsNotTheChoosenAdapter PrimaryIsNotTheChoosenAdapter FoundDriverCount:0 
[2019.04.23-15.09.10:489][  0]LogD3D11RHI:     Adapter Name: NVIDIA GeForce GTX 960M
[2019.04.23-15.09.10:489][  0]LogD3D11RHI:   Driver Version: Unknown (internal:Unknown, unified:Unknown)
[2019.04.23-15.09.10:489][  0]LogD3D11RHI:      Driver Date: Unknown
[2019.04.23-15.09.10:489][  0]LogRHI: Texture pool is 1407 MB (70% of 2010 MB)
[2019.04.23-15.09.10:533][  0]LogD3D11RHI: Async texture creation enabled
[2019.04.23-15.09.10:558][  0]LogD3D11RHI: GPU Timing Frequency: 1000.000000 (Debug: 2 1)
[2019.04.23-15.09.10:559][  0]LogShaderCompilers: Guid format shader working directory is -29 characters bigger than the processId version (../../../../../../Users/thompz/Documents/GitHub/GameDev2Project/MarshMellow/Intermediate/Shaders/WorkingDirectory/19528/).
[2019.04.23-15.09.10:559][  0]LogShaderCompilers: Cleaned the shader compiler working directory 'C:/Users/thompz/AppData/Local/Temp/UnrealShaderWorkingDir/4555E36E41BE8A3021947C85D53593F4/'.
[2019.04.23-15.09.10:865][  0]LogTemp: Display: Loaded TP AllDesktopTargetPlatform
[2019.04.23-15.09.10:879][  0]LogTemp: Display: Loaded TP MacClientTargetPlatform
[2019.04.23-15.09.10:894][  0]LogTemp: Display: Loaded TP MacNoEditorTargetPlatform
[2019.04.23-15.09.10:909][  0]LogTemp: Display: Loaded TP MacServerTargetPlatform
[2019.04.23-15.09.10:924][  0]LogTemp: Display: Loaded TP MacTargetPlatform
[2019.04.23-15.09.10:939][  0]LogTemp: Display: Loaded TP WindowsClientTargetPlatform
[2019.04.23-15.09.10:953][  0]LogTemp: Display: Loaded TP WindowsNoEditorTargetPlatform
[2019.04.23-15.09.10:967][  0]LogTemp: Display: Loaded TP WindowsServerTargetPlatform
[2019.04.23-15.09.10:974][  0]LogTemp: Display: Loaded TP WindowsTargetPlatform
[2019.04.23-15.09.11:058][  0]LogTemp: Display: Loaded TP AndroidTargetPlatform
[2019.04.23-15.09.11:058][  0]LogTemp: Display: Loaded TP AndroidTargetPlatform
[2019.04.23-15.09.11:058][  0]LogTemp: Display: Loaded TP AndroidTargetPlatform
[2019.04.23-15.09.11:058][  0]LogTemp: Display: Loaded TP AndroidTargetPlatform
[2019.04.23-15.09.11:058][  0]LogTemp: Display: Loaded TP AndroidTargetPlatform
[2019.04.23-15.09.11:058][  0]LogTemp: Display: Loaded TP AndroidTargetPlatform
[2019.04.23-15.09.11:058][  0]LogTemp: Display: Loaded TP AndroidTargetPlatform
[2019.04.23-15.09.11:058][  0]LogTemp: Display: Loaded TP AndroidTargetPlatform
[2019.04.23-15.09.11:058][  0]LogTemp: Display: Loaded TP AndroidTargetPlatform
[2019.04.23-15.09.11:058][  0]LogTemp: Display: Loaded TP AndroidTargetPlatform
[2019.04.23-15.09.11:058][  0]LogTemp: Display: Loaded TP AndroidTargetPlatform
[2019.04.23-15.09.11:058][  0]LogTemp: Display: Loaded TP AndroidTargetPlatform
[2019.04.23-15.09.11:058][  0]LogTemp: Display: Loaded TP AndroidTargetPlatform
[2019.04.23-15.09.11:058][  0]LogTemp: Display: Loaded TP AndroidTargetPlatform
[2019.04.23-15.09.11:058][  0]LogTemp: Display: Loaded TP AndroidTargetPlatform
[2019.04.23-15.09.11:058][  0]LogTemp: Display: Loaded TP AndroidTargetPlatform
[2019.04.23-15.09.11:058][  0]LogTemp: Display: Loaded TP AndroidTargetPlatform
[2019.04.23-15.09.11:058][  0]LogTemp: Display: Loaded TP AndroidTargetPlatform
[2019.04.23-15.09.11:060][  0]LogTemp: Display: Loaded TP HTML5TargetPlatform
[2019.04.23-15.09.11:123][  0]LogTemp: Display: Loaded TP IOSTargetPlatform
[2019.04.23-15.09.11:123][  0]LogTemp: Display: Loaded TP IOSTargetPlatform
[2019.04.23-15.09.11:148][  0]LogTemp: Display: Loaded TP TVOSTargetPlatform
[2019.04.23-15.09.11:148][  0]LogTemp: Display: Loaded TP TVOSTargetPlatform
[2019.04.23-15.09.11:160][  0]LogTemp: Display: Loaded TP LinuxClientTargetPlatform
[2019.04.23-15.09.11:173][  0]LogTemp: Display: Loaded TP LinuxNoEditorTargetPlatform
[2019.04.23-15.09.11:187][  0]LogTemp: Display: Loaded TP LinuxServerTargetPlatform
[2019.04.23-15.09.11:201][  0]LogTemp: Display: Loaded TP LinuxTargetPlatform
[2019.04.23-15.09.11:211][  0]LogTemp: Display: Loaded TP LuminTargetPlatform
[2019.04.23-15.09.11:211][  0]LogTargetPlatformManager: Display: Building Assets For Windows
[2019.04.23-15.09.11:276][  0]LogXGEController: Cleaning working directory: C:/Users/thompz/AppData/Local/Temp/UnrealXGEWorkingDir/
[2019.04.23-15.09.11:276][  0]LogXGEController: Cannot use XGE Controller as Incredibuild is not installed on this machine.
[2019.04.23-15.09.11:276][  0]LogShaderCompilers: Cannot use XGE Shader Compiler as Incredibuild is not installed on this machine.
[2019.04.23-15.09.11:276][  0]LogShaderCompilers: Display: Using Local Shader Compiler.
[2019.04.23-15.09.12:124][  0]LogDerivedDataCache: Display: Max Cache Size: 512 MB
[2019.04.23-15.09.12:187][  0]LogDerivedDataCache: Loaded boot cache 0.06s 71MB C:/Users/thompz/AppData/Local/UnrealEngine/4.20/DerivedDataCache/Boot.ddc.
[2019.04.23-15.09.12:188][  0]LogDerivedDataCache: Display: Loaded Boot cache: C:/Users/thompz/AppData/Local/UnrealEngine/4.20/DerivedDataCache/Boot.ddc
[2019.04.23-15.09.12:188][  0]LogDerivedDataCache: FDerivedDataBackendGraph:  Pak pak cache file ../../../../../../Users/thompz/Documents/GitHub/GameDev2Project/MarshMellow/DerivedDataCache/DDC.ddp not found, will not use a pak cache.
[2019.04.23-15.09.12:188][  0]LogDerivedDataCache: Unable to find inner node Pak for hierarchical cache Hierarchy.
[2019.04.23-15.09.12:188][  0]LogDerivedDataCache: FDerivedDataBackendGraph:  CompressedPak pak cache file ../../../../../../Users/thompz/Documents/GitHub/GameDev2Project/MarshMellow/DerivedDataCache/Compressed.ddp not found, will not use a pak cache.
[2019.04.23-15.09.12:188][  0]LogDerivedDataCache: Unable to find inner node CompressedPak for hierarchical cache Hierarchy.
[2019.04.23-15.09.12:205][  0]LogDerivedDataCache: Display: Pak cache opened for reading ../../../Engine/DerivedDataCache/Compressed.ddp.
[2019.04.23-15.09.12:217][  0]LogDerivedDataCache: Using Local data cache path C:/Users/thompz/AppData/Local/UnrealEngine/Common/DerivedDataCache: Writable
[2019.04.23-15.09.12:217][  0]LogDerivedDataCache: Shared data cache path not found in *engine.ini, will not use an Shared cache.
[2019.04.23-15.09.12:217][  0]LogDerivedDataCache: Unable to find inner node Shared for hierarchical cache Hierarchy.
[2019.04.23-15.09.12:237][  0]LogMaterial: Verifying Global Shaders for PCD3D_SM5
[2019.04.23-15.09.12:239][  0]LogSlate: Using FreeType 2.6.0
[2019.04.23-15.09.12:239][  0]LogSlate: SlateFontServices - WITH_FREETYPE: 1, WITH_HARFBUZZ: 1
[2019.04.23-15.09.12:321][  0]LogAssetRegistry: FAssetRegistry took 0.0271 seconds to start up
[2019.04.23-15.09.14:008][  0]LogInit: Selected Device Profile: [Windows]
[2019.04.23-15.09.14:156][  0]LogSimplygon: Simplygon DLL not present - disabling.
[2019.04.23-15.09.14:160][  0]LogMeshReduction: Using SimplygonSwarm for distributed automatic mesh merging
[2019.04.23-15.09.14:160][  0]LogMeshReduction: Using ProxyLODMeshReduction for automatic mesh merging
[2019.04.23-15.09.14:160][  0]LogMeshReduction: Using QuadricMeshReduction for automatic static mesh reduction
[2019.04.23-15.09.14:160][  0]LogMeshReduction: No automatic skeletal mesh reduction module available
[2019.04.23-15.09.14:180][  0]LogNetVersion: MarshMellow 1.0.0, NetCL: 4212847, EngineNetVer: 5, GameNetVer: 0 (Checksum: 3750370364)
[2019.04.23-15.09.14:779][  0]LogPackageLocalizationCache: Processed 11 localized package path(s) for 2 prioritized culture(s) in 0.119667 seconds
[2019.04.23-15.09.14:786][  0]LogUObjectArray: 38425 objects as part of root set at end of initial load.
[2019.04.23-15.09.14:786][  0]LogUObjectAllocator: 6690872 out of 0 bytes used by permanent object pool.
[2019.04.23-15.09.14:786][  0]LogUObjectArray: CloseDisregardForGC: 0/0 objects in disregard for GC pool
[2019.04.23-15.09.15:709][  0]LogTcpMessaging: Initializing TcpMessaging bridge
[2019.04.23-15.09.15:723][  0]LogUdpMessaging: Initializing bridge on interface 0.0.0.0:0 to multicast group 230.0.0.1:6666.
[2019.04.23-15.09.15:872][  0]SourceControl: Source control is disabled
[2019.04.23-15.09.15:872][  0]SourceControl: Source control is disabled
[2019.04.23-15.09.15:873][  0]SourceControl: Source control is disabled
[2019.04.23-15.09.15:874][  0]SourceControl: Source control is disabled
[2019.04.23-15.09.16:039][  0]LogAndroidPermission: UAndroidPermissionCallbackProxy::GetInstance
[2019.04.23-15.09.16:106][  0]LogOcInput: OculusInput pre-init called
[2019.04.23-15.09.16:172][  0]LogEngine: Initializing Engine...
[2019.04.23-15.09.16:173][  0]LogHMD: Failed to initialize OpenVR with code 110
[2019.04.23-15.09.16:175][  0]LogStats: UGameplayTagsManager::ConstructGameplayTagTree: ImportINI prefixes -  0.000 s
[2019.04.23-15.09.16:175][  0]LogStats: UGameplayTagsManager::ConstructGameplayTagTree: Construct from data asset -  0.000 s
[2019.04.23-15.09.16:175][  0]LogStats: UGameplayTagsManager::ConstructGameplayTagTree: ImportINI -  0.000 s
[2019.04.23-15.09.16:175][  0]LogStats: UGameplayTagsManager::ConstructGameplayTagTree: GameplayTagTreeChangedEvent.Broadcast -  0.000 s
[2019.04.23-15.09.16:440][  0]LogInit: Initializing FReadOnlyCVARCache
[2019.04.23-15.09.16:454][  0]LogAIModule: Creating AISystem for world Untitled
[2019.04.23-15.09.16:469][  0]LogInit: XAudio2 using 'Speakers / Headphones (Realtek Audio)' : 2 channels at 48 kHz using 32 bits per sample (channel mask 0x3)
[2019.04.23-15.09.16:700][  0]LogInit: FAudioDevice initialized.
[2019.04.23-15.09.16:700][  0]LogNetVersion: Set ProjectVersion to 1.0.0.0. Version Checksum will be recalculated on next use.
[2019.04.23-15.09.16:770][  0]LogDerivedDataCache: Saved boot cache 0.07s 71MB C:/Users/thompz/AppData/Local/UnrealEngine/4.20/DerivedDataCache/Boot.ddc.
[2019.04.23-15.09.16:776][  0]LogInit: Texture streaming: Enabled
[2019.04.23-15.09.16:794][  0]LogEngineSessionManager: EngineSessionManager initialized
[2019.04.23-15.09.16:809][  0]LogInit: Transaction tracking system initialized
[2019.04.23-15.09.16:833][  0]BlueprintLog: New page: Editor Load
[2019.04.23-15.09.16:923][  0]LocalizationService: Localization service is disabled
[2019.04.23-15.09.16:990][  0]LogLinker: Warning: Can't find file '/Game/FirstPersonBP/FirstPersonOverview'
[2019.04.23-15.09.16:990][  0]LogLinker: Warning: Can't find file '/Game/FirstPersonBP/FirstPersonOverview'
[2019.04.23-15.09.16:990][  0]LogUObjectGlobals: Warning: Failed to find object 'Class /Game/FirstPersonBP/FirstPersonOverview.FirstPersonOverview_C'
[2019.04.23-15.09.17:294][  0]LogCook: Display: Max memory allowance for cook 16384mb min free memory 0mb
[2019.04.23-15.09.17:294][  0]LogCook: Display: Mobile HDR setting 1
[2019.04.23-15.09.17:294][  0]LogGameplayTags: Display: UGameplayTagsManager::DoneAddingNativeTags. DelegateIsBound: 0
[2019.04.23-15.09.17:294][  0]LogStats: UGameplayTagsManager::ConstructGameplayTagTree: ImportINI prefixes -  0.000 s
[2019.04.23-15.09.17:294][  0]LogStats: UGameplayTagsManager::ConstructGameplayTagTree: Construct from data asset -  0.000 s
[2019.04.23-15.09.17:294][  0]LogStats: UGameplayTagsManager::ConstructGameplayTagTree: ImportINI -  0.000 s
[2019.04.23-15.09.17:294][  0]LogStats: UGameplayTagsManager::ConstructGameplayTagTree: GameplayTagTreeChangedEvent.Broadcast -  0.000 s
[2019.04.23-15.09.17:436][  0]LogFileCache: Scanning file cache for directory 'C:/Users/thompz/Documents/GitHub/GameDev2Project/MarshMellow/Content/' took 0.07s
[2019.04.23-15.09.17:445][  0]SourceControl: Source control is disabled
[2019.04.23-15.09.17:445][  0]Cmd: MAP LOAD FILE="../../../../../../Users/thompz/Documents/GitHub/GameDev2Project/MarshMellow/Content/ThirdPersonBP/Maps/ThirdPersonExampleMap.umap" TEMPLATE=0 SHOWPROGRESS=1 FEATURELEVEL=3
[2019.04.23-15.09.17:445][  0]LightingResults: New page: Lighting Build
[2019.04.23-15.09.17:449][  0]MapCheck: New page: Map Check
[2019.04.23-15.09.17:449][  0]LightingResults: New page: Lighting Build
[2019.04.23-15.09.17:879][  0]LogAIModule: Creating AISystem for world ThirdPersonExampleMap
[2019.04.23-15.09.17:909][  0]LogEditorServer: Finished looking for orphan Actors (0.000 secs)
[2019.04.23-15.09.17:935][  0]Cmd: MAP CHECKDEP NOCLEARLOG
[2019.04.23-15.09.18:019][  0]MapCheck: Map check complete: 0 Error(s), 0 Warning(s), took 84.053ms to complete.
[2019.04.23-15.09.18:020][  0]LogFileHelpers: Loading map 'ThirdPersonExampleMap' took 0.574
[2019.04.23-15.09.18:132][  0]LogSlate: Updating window title bar state: overlay mode, drag disabled, window buttons hidden, title bar hidden
[2019.04.23-15.09.18:140][  0]LogCollectionManager: Loaded 0 collections in 0.001985 seconds
[2019.04.23-15.09.18:185][  0]LogFileCache: Scanning file cache for directory 'C:/Users/thompz/Documents/GitHub/GameDev2Project/MarshMellow/Saved/Collections/' took 0.01s
[2019.04.23-15.09.18:185][  0]LogFileCache: Scanning file cache for directory 'C:/Users/thompz/Documents/GitHub/GameDev2Project/MarshMellow/Content/Developers/thompz/Collections/' took 0.01s
[2019.04.23-15.09.18:185][  0]LogFileCache: Scanning file cache for directory 'C:/Users/thompz/Documents/GitHub/GameDev2Project/MarshMellow/Content/Collections/' took 0.01s
[2019.04.23-15.09.18:185][  0]LogCollectionManager: Rebuilt the GUID cache for 0 collections in 0.000000 seconds
[2019.04.23-15.09.18:196][  0]LogContentBrowser: Native class hierarchy populated in 0.0104 seconds. Added 2572 classes and 603 folders.
[2019.04.23-15.09.18:205][  0]LogContentBrowser: Native class hierarchy updated for 'WidgetCarousel' in 0.0002 seconds. Added 0 classes and 0 folders.
[2019.04.23-15.09.18:253][  0]LogContentBrowser: Native class hierarchy updated for 'AddContentDialog' in 0.0002 seconds. Added 0 classes and 0 folders.
[2019.04.23-15.09.18:259][  0]LogContentBrowser: Native class hierarchy updated for 'SceneOutliner' in 0.0002 seconds. Added 1 classes and 2 folders.
[2019.04.23-15.09.18:331][  0]LogSlate: Took 0.000263 seconds to synchronously load lazily loaded font '../../../Engine/Content/Slate/Fonts/Roboto-Regular.ttf' (155K)
[2019.04.23-15.09.18:334][  0]LogSlate: Took 0.000258 seconds to synchronously load lazily loaded font '../../../Engine/Content/Slate/Fonts/Roboto-Bold.ttf' (160K)
[2019.04.23-15.09.18:342][  0]LogSlate: Took 0.000301 seconds to synchronously load lazily loaded font '../../../Engine/Content/Editor/Slate/Fonts/FontAwesome.ttf' (139K)
[2019.04.23-15.09.18:435][  0]LogRenderer: Reallocating scene render targets to support 848x480 Format 10 NumSamples 1 (Frame:1).
[2019.04.23-15.09.18:636][  0]LogContentBrowser: Native class hierarchy updated for 'HierarchicalLODOutliner' in 0.0003 seconds. Added 0 classes and 0 folders.
[2019.04.23-15.09.18:636][  0]LogLoad: (Engine Initialization) Total time: 10.90 seconds
[2019.04.23-15.09.18:636][  0]LogLoad: (Engine Initialization) Total Blueprint compile time: 0.00 seconds
[2019.04.23-15.09.18:655][  0]LogWindowsTextInputMethodSystem: Display: IME system now deactivated.
[2019.04.23-15.09.18:697][  0]LogContentStreaming: Texture pool size now 1000 MB
[2019.04.23-15.09.18:756][  0]LogSlate: Took 0.000171 seconds to synchronously load lazily loaded font '../../../Engine/Content/Slate/Fonts/Roboto-Light.ttf' (167K)
[2019.04.23-15.09.19:246][  5]LogAssetRegistry: Asset discovery search completed in 6.9476 seconds
[2019.04.23-15.09.19:249][  5]LogCollectionManager: Rebuilt the object cache for 0 collections in 0.000000 seconds (found 0 objects)
[2019.04.23-15.09.19:249][  5]LogCollectionManager: Fixed up redirectors for 0 collections in 0.000109 seconds (updated 0 objects)
[2019.04.23-15.09.23:769][275]LogFileCache: Retrieving MD5 hashes for directory 'C:/Users/thompz/Documents/GitHub/GameDev2Project/MarshMellow/Content/' took 5.10s
[2019.04.23-15.09.26:244][423]LogSlate: FSceneViewport::OnFocusLost() reason 0
[2019.04.23-15.09.28:834][578]LogSlate: Took 0.000299 seconds to synchronously load lazily loaded font '../../../Engine/Content/Slate/Fonts/Roboto-Light.ttf' (167K)
[2019.04.23-15.09.30:991][578]LogMaterial: Display: Missing cached shader map for material IceCreamBottomID, compiling. 
[2019.04.23-15.09.31:131][578]LogShaderCompilers: Display: Shaders left to compile 22
[2019.04.23-15.09.31:131][578]LogShaderCompilers: Display: Shaders left to compile 12
[2019.04.23-15.09.31:131][578]LogShaderCompilers: Display: Shaders left to compile 2
[2019.04.23-15.09.38:580][578]LogAIModule: Creating AISystem for world GoldenLevel
[2019.04.23-15.09.38:596][578]LogAssetEditorManager: Opening Asset editor for World /Game/Jessie_AllThingsGold/ActualGoldenLevel/GoldenLevel.GoldenLevel
[2019.04.23-15.09.38:620][578]Cmd: MAP LOAD FILE="../../../../../../Users/thompz/Documents/GitHub/GameDev2Project/MarshMellow/Content/Jessie_AllThingsGold/ActualGoldenLevel/GoldenLevel.umap" TEMPLATE=0 SHOWPROGRESS=1 FEATURELEVEL=3
[2019.04.23-15.09.38:620][578]LightingResults: New page: Lighting Build
[2019.04.23-15.09.38:621][578]LoadErrors: New page: Loading map: GoldenLevel.umap
[2019.04.23-15.09.38:622][578]MapCheck: New page: Map Check
[2019.04.23-15.09.38:622][578]LightingResults: New page: Lighting Build
[2019.04.23-15.09.38:941][578]LogEditorServer: Finished looking for orphan Actors (0.000 secs)
[2019.04.23-15.09.39:020][578]Cmd: MAP CHECKDEP NOCLEARLOG
[2019.04.23-15.09.39:140][578]MapCheck: Map check complete: 0 Error(s), 0 Warning(s), took 119.904ms to complete.
[2019.04.23-15.09.39:141][578]LogFileHelpers: Loading map 'GoldenLevel' took 0.521
[2019.04.23-15.09.56:248][586]LogSlate: FSceneViewport::OnFocusLost() reason 0
[2019.04.23-15.10.16:099][735]LogSlate: FSceneViewport::OnFocusLost() reason 0
[2019.04.23-15.10.31:892][674]LogEditorViewport: Clicking on Actor (context menu): Landscape (Landscape)
[2019.04.23-15.10.31:944][674]LogSlate: FSceneViewport::OnFocusLost() reason 2
[2019.04.23-15.10.34:856][847]LogEditorViewport: Clicking on Actor (context menu): BP_Sky_C (BP_Sky)
[2019.04.23-15.10.34:904][847]LogSlate: FSceneViewport::OnFocusLost() reason 2
[2019.04.23-15.10.58:789][253]LogSlate: FSceneViewport::OnFocusLost() reason 2
[2019.04.23-15.10.59:659][305]Cmd: TRANSACTION UNDO
[2019.04.23-15.10.59:659][305]LogEditorTransaction: Undo Move Actors
[2019.04.23-15.11.01:544][417]LogSlate: FSceneViewport::OnFocusLost() reason 0
[2019.04.23-15.11.10:878][973]LogSlate: FSceneViewport::OnFocusLost() reason 0
[2019.04.23-15.11.29:173][ 70]LogEditorViewport: Clicking on Actor (context menu): Landscape (Landscape)
[2019.04.23-15.11.29:221][ 70]LogSlate: FSceneViewport::OnFocusLost() reason 2
[2019.04.23-15.11.38:194][598]LogSlate: FSceneViewport::OnFocusLost() reason 0
[2019.04.23-15.11.44:343][963]LogSlate: FSceneViewport::OnFocusLost() reason 0
[2019.04.23-15.11.57:517][752]LogEditorViewport: Clicking on Actor (context menu): BP_Sky_C (BP_Sky)
[2019.04.23-15.11.57:561][752]LogSlate: FSceneViewport::OnFocusLost() reason 2
[2019.04.23-15.12.01:715][ 48]LogEditorViewport: Clicking on Actor (context menu): BP_Sky_C (BP_Sky)
[2019.04.23-15.12.01:749][ 48]LogSlate: FSceneViewport::OnFocusLost() reason 2
[2019.04.23-15.12.43:224][670]LogSlate: FSceneViewport::OnFocusLost() reason 0
[2019.04.23-15.13.05:874][217]LogSlate: FSceneViewport::OnFocusLost() reason 0
[2019.04.23-15.14.01:008][137]LogTemp: Repeating last play command: New Editor Window (PIE)
[2019.04.23-15.14.01:137][137]LogPlayLevel: PlayLevel: No blueprints needed recompiling
[2019.04.23-15.14.01:154][137]PIE: New page: PIE session: GoldenLevel (Apr 23, 2019, 7:14:01 AM)
[2019.04.23-15.14.01:154][137]LogPlayLevel: Creating play world package: /Game/Jessie_AllThingsGold/ActualGoldenLevel/UEDPIE_0_GoldenLevel
[2019.04.23-15.14.01:230][137]LogPlayLevel: PIE: StaticDuplicateObject took: (0.076043s)
[2019.04.23-15.14.01:232][137]LogAIModule: Creating AISystem for world GoldenLevel
[2019.04.23-15.14.01:233][137]LogPlayLevel: PIE: World Init took: (0.003258s)
[2019.04.23-15.14.01:233][137]LogPlayLevel: PIE: Created PIE world by copying editor world from /Game/Jessie_AllThingsGold/ActualGoldenLevel/GoldenLevel.GoldenLevel to /Game/Jessie_AllThingsGold/ActualGoldenLevel/UEDPIE_0_GoldenLevel.GoldenLevel (0.079962s)
[2019.04.23-15.14.01:341][137]LogInit: XAudio2 using 'Speakers / Headphones (Realtek Audio)' : 2 channels at 48 kHz using 32 bits per sample (channel mask 0x3)
[2019.04.23-15.14.01:413][137]LogInit: FAudioDevice initialized.
[2019.04.23-15.14.01:441][137]LogSlate: Updating window title bar state: overlay mode, drag disabled, window buttons hidden, title bar hidden
[2019.04.23-15.14.09:224][137]LogLoad: Game class is 'ThirdPersonGameMode_C'
[2019.04.23-15.14.09:233][137]LogWorld: Bringing World /Game/Jessie_AllThingsGold/ActualGoldenLevel/UEDPIE_0_GoldenLevel.GoldenLevel up for play (max tick rate 0) at 2019.04.23-11.14.09
[2019.04.23-15.14.09:234][137]LogWorld: Bringing up level for play took: 0.006066
[2019.04.23-15.14.09:260][137]LogContentBrowser: Native class hierarchy updated for 'MovieSceneCapture' in 0.0005 seconds. Added 10 classes and 0 folders.
[2019.04.23-15.14.09:265][137]PIE: Play in editor start time for /Game/Jessie_AllThingsGold/ActualGoldenLevel/UEDPIE_0_GoldenLevel 9.015
[2019.04.23-15.14.09:376][137]LogRenderer: Reallocating scene render targets to support 1024x576 Format 10 NumSamples 1 (Frame:1).
[2019.04.23-15.14.24:546][717]LogSlate: Updating window title bar state: overlay mode, drag disabled, window buttons hidden, title bar hidden
[2019.04.23-15.14.24:657][717]LogSlate: Window 'MarshMellow Game Preview Standalone (64-bit/PCD3D_SM5)' being destroyed
[2019.04.23-15.14.24:713][717]LogPlayLevel: Display: Shutting down PIE online subsystems
[2019.04.23-15.14.24:954][718]LogPlayLevel: Display: Destroying online subsystem :Context_1
[2019.04.23-15.15.26:051][441]LogSlate: Window 'Color Picker' being destroyed
[2019.04.23-15.15.31:827][676]LogTemp: Repeating last play command: New Editor Window (PIE)
[2019.04.23-15.15.31:945][676]LogPlayLevel: PlayLevel: No blueprints needed recompiling
[2019.04.23-15.15.31:946][676]PIE: New page: PIE session: GoldenLevel (Apr 23, 2019, 7:15:31 AM)
[2019.04.23-15.15.31:946][676]LogPlayLevel: Creating play world package: /Game/Jessie_AllThingsGold/ActualGoldenLevel/UEDPIE_0_GoldenLevel
[2019.04.23-15.15.31:984][676]LogPlayLevel: PIE: StaticDuplicateObject took: (0.036989s)
[2019.04.23-15.15.31:985][676]LogAIModule: Creating AISystem for world GoldenLevel
[2019.04.23-15.15.31:986][676]LogPlayLevel: PIE: World Init took: (0.002129s)
[2019.04.23-15.15.31:986][676]LogPlayLevel: PIE: Created PIE world by copying editor world from /Game/Jessie_AllThingsGold/ActualGoldenLevel/GoldenLevel.GoldenLevel to /Game/Jessie_AllThingsGold/ActualGoldenLevel/UEDPIE_0_GoldenLevel.GoldenLevel (0.039741s)
[2019.04.23-15.15.32:091][676]LogInit: XAudio2 using 'Speakers / Headphones (Realtek Audio)' : 2 channels at 48 kHz using 32 bits per sample (channel mask 0x3)
[2019.04.23-15.15.32:162][676]LogInit: FAudioDevice initialized.
[2019.04.23-15.15.32:189][676]LogSlate: Updating window title bar state: overlay mode, drag disabled, window buttons hidden, title bar hidden
[2019.04.23-15.15.32:320][676]LogLoad: Game class is 'ThirdPersonGameMode_C'
[2019.04.23-15.15.32:335][676]LogWorld: Bringing World /Game/Jessie_AllThingsGold/ActualGoldenLevel/UEDPIE_0_GoldenLevel.GoldenLevel up for play (max tick rate 0) at 2019.04.23-11.15.32
[2019.04.23-15.15.32:335][676]LogWorld: Bringing up level for play took: 0.012262
[2019.04.23-15.15.32:357][676]PIE: Play in editor start time for /Game/Jessie_AllThingsGold/ActualGoldenLevel/UEDPIE_0_GoldenLevel 0.108
[2019.04.23-15.15.57:759][676]LogSlate: Updating window title bar state: overlay mode, drag disabled, window buttons hidden, title bar hidden
[2019.04.23-15.15.57:872][676]LogSlate: Window 'MarshMellow Game Preview Standalone (64-bit/PCD3D_SM5)' being destroyed
[2019.04.23-15.15.57:927][676]LogPlayLevel: Display: Shutting down PIE online subsystems
[2019.04.23-15.15.58:086][677]LogPlayLevel: Display: Destroying online subsystem :Context_2
[2019.04.23-15.16.49:087][809]LogTemp: Repeating last play command: New Editor Window (PIE)
[2019.04.23-15.16.49:200][809]LogPlayLevel: PlayLevel: No blueprints needed recompiling
[2019.04.23-15.16.49:200][809]PIE: New page: PIE session: GoldenLevel (Apr 23, 2019, 7:16:49 AM)
[2019.04.23-15.16.49:201][809]LogPlayLevel: Creating play world package: /Game/Jessie_AllThingsGold/ActualGoldenLevel/UEDPIE_0_GoldenLevel
[2019.04.23-15.16.49:239][809]LogPlayLevel: PIE: StaticDuplicateObject took: (0.037935s)
[2019.04.23-15.16.49:239][809]LogAIModule: Creating AISystem for world GoldenLevel
[2019.04.23-15.16.49:240][809]LogPlayLevel: PIE: World Init took: (0.002167s)
[2019.04.23-15.16.49:240][809]LogPlayLevel: PIE: Created PIE world by copying editor world from /Game/Jessie_AllThingsGold/ActualGoldenLevel/GoldenLevel.GoldenLevel to /Game/Jessie_AllThingsGold/ActualGoldenLevel/UEDPIE_0_GoldenLevel.GoldenLevel (0.040750s)
[2019.04.23-15.16.49:341][809]LogInit: XAudio2 using 'Speakers / Headphones (Realtek Audio)' : 2 channels at 48 kHz using 32 bits per sample (channel mask 0x3)
[2019.04.23-15.16.49:412][809]LogInit: FAudioDevice initialized.
[2019.04.23-15.16.49:442][809]LogSlate: Updating window title bar state: overlay mode, drag disabled, window buttons hidden, title bar hidden
[2019.04.23-15.16.49:577][809]LogLoad: Game class is 'ThirdPersonGameMode_C'
[2019.04.23-15.16.49:590][809]LogWorld: Bringing World /Game/Jessie_AllThingsGold/ActualGoldenLevel/UEDPIE_0_GoldenLevel.GoldenLevel up for play (max tick rate 0) at 2019.04.23-11.16.49
[2019.04.23-15.16.49:591][809]LogWorld: Bringing up level for play took: 0.011569
[2019.04.23-15.16.49:613][809]PIE: Play in editor start time for /Game/Jessie_AllThingsGold/ActualGoldenLevel/UEDPIE_0_GoldenLevel 1.364
[2019.04.23-15.16.58:397][115]LogSlate: Updating window title bar state: overlay mode, drag disabled, window buttons hidden, title bar hidden
[2019.04.23-15.16.58:507][115]LogSlate: Window 'MarshMellow Game Preview Standalone (64-bit/PCD3D_SM5)' being destroyed
[2019.04.23-15.16.58:561][115]LogPlayLevel: Display: Shutting down PIE online subsystems
[2019.04.23-15.16.58:713][116]LogPlayLevel: Display: Destroying online subsystem :Context_4
[2019.04.23-15.18.12:234][421]LogTexture: Display: Building textures: SM_ground_gravel_c_d (AutoDXT, 2048X2048)
[2019.04.23-15.18.12:234][421]LogTexture: Display: Building textures: landscape_splat (AutoDXT, 2048X2048)
[2019.04.23-15.18.12:234][421]LogTexture: Display: Building textures: SM_sand_pebbles_a_d (AutoDXT, 2048X2048)
[2019.04.23-15.18.12:234][421]LogTexture: Display: Building textures: snow_terrain_n (BC5, 4096X4096)
[2019.04.23-15.18.12:234][421]LogTexture: Display: Building textures: SM_sand_pebbles_a_n (BC5, 2048X2048)
[2019.04.23-15.18.12:234][421]LogTexture: Display: Building textures: SM_ground_gravel_c_n (BC5, 2048X2048)
[2019.04.23-15.18.12:235][421]LogTexture: Display: Building textures: SM_ground_gravel_b_d (AutoDXT, 2048X2048)
[2019.04.23-15.18.12:235][421]LogTexture: Display: Building textures: SM_ground_gravel_b_n (BC5, 2048X2048)
[2019.04.23-15.18.12:235][421]LogMaterial: Display: Missing cached shader map for material afghan_terrain, compiling. 
[2019.04.23-15.18.12:427][421]LogShaderCompilers: Display: Shaders left to compile 31
[2019.04.23-15.18.12:427][421]LogShaderCompilers: Display: Shaders left to compile 21
[2019.04.23-15.18.12:427][421]LogShaderCompilers: Display: Shaders left to compile 11
[2019.04.23-15.18.12:427][421]LogShaderCompilers: Display: Shaders left to compile 1
[2019.04.23-15.18.25:836][833]LogTemp: Repeating last play command: New Editor Window (PIE)
[2019.04.23-15.18.26:004][833]LogPlayLevel: PlayLevel: No blueprints needed recompiling
[2019.04.23-15.18.26:004][833]PIE: New page: PIE session: GoldenLevel (Apr 23, 2019, 7:18:26 AM)
[2019.04.23-15.18.26:005][833]LogPlayLevel: Creating play world package: /Game/Jessie_AllThingsGold/ActualGoldenLevel/UEDPIE_0_GoldenLevel
[2019.04.23-15.18.26:055][833]LogPlayLevel: PIE: StaticDuplicateObject took: (0.050336s)
[2019.04.23-15.18.26:058][833]LogAIModule: Creating AISystem for world GoldenLevel
[2019.04.23-15.18.26:059][833]LogPlayLevel: PIE: World Init took: (0.003753s)
[2019.04.23-15.18.26:059][833]LogPlayLevel: PIE: Created PIE world by copying editor world from /Game/Jessie_AllThingsGold/ActualGoldenLevel/GoldenLevel.GoldenLevel to /Game/Jessie_AllThingsGold/ActualGoldenLevel/UEDPIE_0_GoldenLevel.GoldenLevel (0.054903s)
[2019.04.23-15.18.26:188][833]LogInit: XAudio2 using 'Speakers / Headphones (Realtek Audio)' : 2 channels at 48 kHz using 32 bits per sample (channel mask 0x3)
[2019.04.23-15.18.26:268][833]LogInit: FAudioDevice initialized.
[2019.04.23-15.18.26:295][833]LogSlate: Updating window title bar state: overlay mode, drag disabled, window buttons hidden, title bar hidden
[2019.04.23-15.18.26:437][833]LogLoad: Game class is 'ThirdPersonGameMode_C'
[2019.04.23-15.18.26:456][833]LogWorld: Bringing World /Game/Jessie_AllThingsGold/ActualGoldenLevel/UEDPIE_0_GoldenLevel.GoldenLevel up for play (max tick rate 0) at 2019.04.23-11.18.26
[2019.04.23-15.18.26:457][833]LogWorld: Bringing up level for play took: 0.016943
[2019.04.23-15.18.26:480][833]PIE: Play in editor start time for /Game/Jessie_AllThingsGold/ActualGoldenLevel/UEDPIE_0_GoldenLevel 0.231
[2019.04.23-15.18.39:851][138]LogSlate: Updating window title bar state: overlay mode, drag disabled, window buttons hidden, title bar hidden
[2019.04.23-15.18.39:970][138]LogSlate: Window 'MarshMellow Game Preview Standalone (64-bit/PCD3D_SM5)' being destroyed
[2019.04.23-15.18.40:026][138]LogPlayLevel: Display: Shutting down PIE online subsystems
[2019.04.23-15.18.40:174][139]LogPlayLevel: Display: Destroying online subsystem :Context_6
[2019.04.23-15.19.15:630][495]MapCheck: New page: Map Check
[2019.04.23-15.19.15:681][495]LightingResults: New page: Lighting Build - Apr 23, 2019, 7:19:15 AM
[2019.04.23-15.19.15:854][495]LogSwarmInterface: [OpenConnection] Registering TCP channel ...
[2019.04.23-15.19.16:162][495]LogSwarmInterface: [OpenConnection] Connecting to agent ...
[2019.04.23-15.19.16:206][495]LogSwarmInterface: [TryOpenConnection] Testing the Agent
[2019.04.23-15.19.17:756][495]LogSwarmInterface: [TryOpenConnection] Opening Connection to Agent
[2019.04.23-15.19.17:756][495]LogSwarmInterface: [TryOpenConnection] Local Process ID is 19528
[2019.04.23-15.19.19:938][495]LightingResults: Warning: No importance volume found and the scene is so large that the automatically synthesized volume will not yield good results.  Please add a tightly bounding lightmass importance volume to optimize your scene's quality and lighting build times.
[2019.04.23-15.19.19:939][495]LogStaticLightingSystem: Running Lightmass w/ ImmediateImport mode ENABLED
[2019.04.23-15.19.19:939][495]LogStaticLightingSystem: Running Lightmass w/ ImmediateProcess mode ENABLED
[2019.04.23-15.19.19:939][495]LogStaticLightingSystem: Running Lightmass w/ Sorting mode ENABLED
[2019.04.23-15.19.19:939][495]LogStaticLightingSystem: Running Lightmass w/ Mapping paddings ENABLED
[2019.04.23-15.19.19:939][495]LogStaticLightingSystem: Running Lightmass w/ Mapping debug paddings DISABLED
[2019.04.23-15.19.20:239][495]LogEditorBuildUtils: Build time 0:04
[2019.04.23-15.19.20:248][495]LogMaterial: Display: Missing cached shader map for material FLightmassMaterialRenderer LandscapeMaterialInstanceConstant_1, compiling. 
[2019.04.23-15.19.20:259][495]LogMaterial: Display: Missing cached shader map for material FLightmassMaterialRenderer LandscapeMaterialInstanceConstant_1, compiling. 
[2019.04.23-15.19.20:268][496]LogShaderCompilers: Display: Shaders left to compile 4
[2019.04.23-15.19.22:791][557]LogMaterial: Display: Missing cached shader map for material FLightmassMaterialRenderer waffID, compiling. 
[2019.04.23-15.19.22:815][557]LogShaderCompilers: Display: Shaders left to compile 2
[2019.04.23-15.19.22:816][557]LogMaterial: Display: Missing cached shader map for material FLightmassMaterialRenderer waffID, compiling. 
[2019.04.23-15.19.22:842][558]LogShaderCompilers: Display: Shaders left to compile 2
[2019.04.23-15.19.22:868][558]LogMaterial: Display: Missing cached shader map for material FLightmassMaterialRenderer iceCreamTopID, compiling. 
[2019.04.23-15.19.22:900][558]LogShaderCompilers: Display: Shaders left to compile 2
[2019.04.23-15.19.22:900][558]LogMaterial: Display: Missing cached shader map for material FLightmassMaterialRenderer iceCreamTopID, compiling. 
[2019.04.23-15.19.22:965][559]LogMaterial: Display: Missing cached shader map for material FLightmassMaterialRenderer IceCreamBottomID, compiling. 
[2019.04.23-15.19.23:003][559]LogMaterial: Display: Missing cached shader map for material FLightmassMaterialRenderer IceCreamBottomID, compiling. 
[2019.04.23-15.19.23:067][560]LogMaterial: Display: Missing cached shader map for material FLightmassMaterialRenderer DoorOuterID, compiling. 
[2019.04.23-15.19.23:109][560]LogMaterial: Display: Missing cached shader map for material FLightmassMaterialRenderer DoorOuterID, compiling. 
[2019.04.23-15.19.23:162][561]LogMaterial: Display: Missing cached shader map for material FLightmassMaterialRenderer DoorSideBackID, compiling. 
[2019.04.23-15.19.23:188][561]LogMaterial: Display: Missing cached shader map for material FLightmassMaterialRenderer DoorSideBackID, compiling. 
[2019.04.23-15.19.23:241][562]LogMaterial: Display: Missing cached shader map for material FLightmassMaterialRenderer DoorFrontID, compiling. 
[2019.04.23-15.19.23:274][562]LogMaterial: Display: Missing cached shader map for material FLightmassMaterialRenderer DoorFrontID, compiling. 
[2019.04.23-15.19.23:338][563]LogMaterial: Display: Missing cached shader map for material FLightmassMaterialRenderer M_Basic_Wall, compiling. 
[2019.04.23-15.19.23:370][563]LogMaterial: Display: Missing cached shader map for material FLightmassMaterialRenderer M_Basic_Wall, compiling. 
[2019.04.23-15.19.34:610][565]LogShaderCompilers: Display: Shaders left to compile 22
[2019.04.23-15.19.34:610][565]LogShaderCompilers: Display: Shaders left to compile 12
[2019.04.23-15.19.34:610][565]LogShaderCompilers: Display: Shaders left to compile 2
[2019.04.23-15.20.19:228][826]Job is a success!
[2019.04.23-15.20.19:945][827]LogVolumetricLightmapImport: Imported Volumetric Lightmap in 0.510s
[2019.04.23-15.20.19:945][827]LogVolumetricLightmapImport:      Indirection Texture 32x32x32 = 0.1Mb
[2019.04.23-15.20.19:945][827]LogVolumetricLightmapImport:      BrickData 1280x15x5 = 3.8Mb (trimmed 0.0Mb due to 0.010000 MinBrickError)
[2019.04.23-15.20.19:946][827]LogVolumetricLightmapImport:      Bricks at Level
[2019.04.23-15.20.19:946][827]LogVolumetricLightmapImport:          0: 1.1% covering 100.0% of volume
[2019.04.23-15.20.19:946][827]LogVolumetricLightmapImport:          1: 6.7% covering 9.6% of volume
[2019.04.23-15.20.19:946][827]LogVolumetricLightmapImport:          2: 92.2% covering 2.1% of volume
[2019.04.23-15.20.20:032][827]LogMaterial: Warning: Material /Game/Jessie_AllThingsGold/GoldenModels/GoldenMaterials/IceCream_M/IceCreamBottomID.IceCreamBottomID needed to have new flag set bUsedWithStaticLighting !
[2019.04.23-15.20.20:040][827]LogMaterial: Display: Missing cached shader map for material IceCreamBottomID, compiling. 
[2019.04.23-15.20.20:122][827]LogShaderCompilers: Display: Shaders left to compile 31
[2019.04.23-15.20.20:122][827]LogShaderCompilers: Display: Shaders left to compile 21
[2019.04.23-15.20.20:122][827]LogShaderCompilers: Display: Shaders left to compile 11
[2019.04.23-15.20.20:122][827]LogShaderCompilers: Display: Shaders left to compile 1
[2019.04.23-15.20.20:123][827]LogMaterial: Warning: Material /Game/Jessie_AllThingsGold/GoldenModels/GoldenMaterials/IceCream_M/iceCreamTopID.iceCreamTopID needed to have new flag set bUsedWithStaticLighting !
[2019.04.23-15.20.20:131][827]LogMaterial: Display: Missing cached shader map for material iceCreamTopID, compiling. 
[2019.04.23-15.20.20:214][827]LogMaterial: Warning: Material /Game/Jessie_AllThingsGold/GoldenModels/GoldenMaterials/Door_M/DoorSideBackID.DoorSideBackID needed to have new flag set bUsedWithStaticLighting !
[2019.04.23-15.20.20:223][827]LogMaterial: Display: Missing cached shader map for material DoorSideBackID, compiling. 
[2019.04.23-15.20.20:325][827]LogMaterial: Warning: Material /Game/Jessie_AllThingsGold/GoldenModels/GoldenMaterials/Door_M/DoorFrontID.DoorFrontID needed to have new flag set bUsedWithStaticLighting !
[2019.04.23-15.20.20:337][827]LogMaterial: Display: Missing cached shader map for material DoorFrontID, compiling. 
[2019.04.23-15.20.20:489][827]LogMaterial: Warning: Material /Game/Jessie_AllThingsGold/GoldenModels/GoldenMaterials/Door_M/DoorOuterID.DoorOuterID needed to have new flag set bUsedWithStaticLighting !
[2019.04.23-15.20.20:501][827]LogMaterial: Display: Missing cached shader map for material DoorOuterID, compiling. 
[2019.04.23-15.20.20:623][827]LogMaterial: Warning: Material /Game/Jessie_AllThingsGold/GoldenModels/GoldenMaterials/waffID.waffID needed to have new flag set bUsedWithStaticLighting !
[2019.04.23-15.20.20:631][827]LogMaterial: Display: Missing cached shader map for material waffID, compiling. 
[2019.04.23-15.20.21:646][827]LogTexture: Display: Building textures: SkyOcclusion0_1 (AutoDXT, 512X256)
[2019.04.23-15.20.21:647][827]LogTexture: Display: Building textures: HQ_Lightmap0_1 (AutoDXT, 512X512)
[2019.04.23-15.20.21:647][827]LogTexture: Display: Building textures: LQ_Lightmap_0_1 (DXT1, 512X512)
[2019.04.23-15.20.21:647][827]LogTexture: Display: Building textures: SkyOcclusion0_2 (AutoDXT, 128X64)
[2019.04.23-15.20.21:647][827]LogTexture: Display: Building textures: HQ_Lightmap0_2 (AutoDXT, 128X128)
[2019.04.23-15.20.21:647][827]LogTexture: Display: Building textures: LQ_Lightmap_0_2 (DXT1, 128X128)
[2019.04.23-15.20.21:647][827]LogTexture: Display: Building textures: SkyOcclusion0_3 (AutoDXT, 256X128)
[2019.04.23-15.20.21:648][827]LogTexture: Display: Building textures: HQ_Lightmap0_3 (AutoDXT, 256X256)
[2019.04.23-15.20.21:648][827]LogTexture: Display: Building textures: LQ_Lightmap_0_3 (DXT1, 256X256)
[2019.04.23-15.20.21:648][827]LogTexture: Display: Building textures: SkyOcclusion0_4 (AutoDXT, 128X64)
[2019.04.23-15.20.21:648][827]LogTexture: Display: Building textures: HQ_Lightmap0_4 (AutoDXT, 128X128)
[2019.04.23-15.20.21:648][827]LogTexture: Display: Building textures: LQ_Lightmap_0_4 (DXT1, 128X128)
[2019.04.23-15.20.21:648][827]LogTexture: Display: Building textures: SkyOcclusion0_5 (AutoDXT, 256X128)
[2019.04.23-15.20.21:649][827]LogTexture: Display: Building textures: HQ_Lightmap0_5 (AutoDXT, 256X256)
[2019.04.23-15.20.21:649][827]LogTexture: Display: Building textures: LQ_Lightmap_0_5 (DXT1, 256X256)
[2019.04.23-15.20.21:649][827]LogTexture: Display: Building textures: SkyOcclusion0_6 (AutoDXT, 128X64)
[2019.04.23-15.20.21:649][827]LogTexture: Display: Building textures: HQ_Lightmap0_6 (AutoDXT, 128X128)
[2019.04.23-15.20.21:649][827]LogTexture: Display: Building textures: LQ_Lightmap_0_6 (DXT1, 128X128)
[2019.04.23-15.20.21:650][827]LogTexture: Display: Building textures: SkyOcclusion0_7 (AutoDXT, 128X64)
[2019.04.23-15.20.21:650][827]LogTexture: Display: Building textures: HQ_Lightmap0_7 (AutoDXT, 128X128)
[2019.04.23-15.20.21:650][827]LogTexture: Display: Building textures: LQ_Lightmap_0_7 (DXT1, 128X128)
[2019.04.23-15.20.21:650][827]LogTexture: Display: Building textures: SkyOcclusion0_8 (AutoDXT, 64X32)
[2019.04.23-15.20.21:650][827]LogTexture: Display: Building textures: HQ_Lightmap0_8 (AutoDXT, 64X64)
[2019.04.23-15.20.21:651][827]LogTexture: Display: Building textures: LQ_Lightmap_0_8 (DXT1, 64X64)
[2019.04.23-15.20.22:000][827]LogTexture: Display: Building textures: ShadowMapTexture2D_1 (G8, 256X32)
[2019.04.23-15.20.22:016][827]LogTexture: Display: Building textures: ShadowMapTexture2D_3 (G8, 256X32)
[2019.04.23-15.20.22:028][827]LogTexture: Display: Building textures: ShadowMapTexture2D_5 (G8, 256X32)
[2019.04.23-15.20.22:033][827]LogTexture: Display: Building textures: ShadowMapTexture2D_6 (G8, 256X32)
[2019.04.23-15.20.22:044][827]LogTexture: Display: Building textures: ShadowMapTexture2D_2 (G8, 512X32)
[2019.04.23-15.20.22:045][827]LogTexture: Display: Building textures: ShadowMapTexture2D_7 (G8, 64X32)
[2019.04.23-15.20.22:045][827]LogTexture: Display: Building textures: ShadowMapTexture2D_4 (G8, 512X32)
[2019.04.23-15.20.22:045][827]LogTexture: Display: Building textures: ShadowMapTexture2D_0 (G8, 1024X64)
[2019.04.23-15.20.22:260][827]Lightmass on DESKTOP-06E64QA: 40.0 sec total, 1.64 sec importing, 604 ms setup, 7.03 sec photons, 30.5 sec processing, 0 ms extra exporting [71/71 mappings]. Threads: 3:33 min total, 55.5 sec processing.
[2019.04.23-15.20.22:492][827]LogStaticLightingSystem: Illumination: 1:06 min (847 ms encoding lightmaps, 345 ms encoding shadowmaps)
[2019.04.23-15.20.22:493][827]LogStaticLightingSystem: Lightmap texture memory:  1.2 MB (1.2 MB streaming, 0.0 MB non-streaming), 16 textures
[2019.04.23-15.20.22:493][827]LogStaticLightingSystem: Shadowmap texture memory: 0.2 MB (0.2 MB streaming, 0.0 MB non-streaming), 8 textures
[2019.04.23-15.20.22:987][827]DumpUnbuiltLightIteractions
[2019.04.23-15.20.22:987][827]Lights with unbuilt interactions: 0
[2019.04.23-15.20.22:987][827]
[2019.04.23-15.20.22:987][827]Primitives with unbuilt interactions: 0
[2019.04.23-15.21.16:416][827]LogShaderCompilers: Display: Shaders left to compile 155
[2019.04.23-15.21.16:416][827]LogShaderCompilers: Display: Shaders left to compile 145
[2019.04.23-15.21.16:416][827]LogShaderCompilers: Display: Shaders left to compile 135
[2019.04.23-15.21.16:416][827]LogShaderCompilers: Display: Shaders left to compile 125
[2019.04.23-15.21.16:416][827]LogShaderCompilers: Display: Shaders left to compile 115
[2019.04.23-15.21.16:417][827]LogShaderCompilers: Display: Shaders left to compile 105
[2019.04.23-15.21.16:417][827]LogShaderCompilers: Display: Shaders left to compile 95
[2019.04.23-15.21.16:417][827]LogShaderCompilers: Display: Shaders left to compile 85
[2019.04.23-15.21.16:417][827]LogShaderCompilers: Display: Shaders left to compile 75
[2019.04.23-15.21.16:417][827]LogShaderCompilers: Display: Shaders left to compile 65
[2019.04.23-15.21.16:417][827]LogShaderCompilers: Display: Shaders left to compile 55
[2019.04.23-15.21.16:417][827]LogShaderCompilers: Display: Shaders left to compile 45
[2019.04.23-15.21.16:417][827]LogShaderCompilers: Display: Shaders left to compile 35
[2019.04.23-15.21.16:418][827]LogShaderCompilers: Display: Shaders left to compile 25
[2019.04.23-15.21.16:418][827]LogShaderCompilers: Display: Shaders left to compile 15
[2019.04.23-15.21.16:418][827]LogShaderCompilers: Display: Shaders left to compile 5
[2019.04.23-15.21.16:859][828]Cmd: MAP CHECK NOTIFYRESULTS
[2019.04.23-15.21.16:860][828]MapCheck: New page: GoldenLevel - Apr 23, 2019, 7:21:16 AM
[2019.04.23-15.21.17:534][828]MapCheck: Map check complete: 0 Error(s), 0 Warning(s), took 674.504ms to complete.
[2019.04.23-15.21.25:804][117]LogSlate: Window 'Message Log' being destroyed
[2019.04.23-15.21.25:823][117]LogSlate: Window 'Message Log' being destroyed
[2019.04.23-15.21.34:421][469]LogTemp: Repeating last play command: New Editor Window (PIE)
[2019.04.23-15.21.34:552][469]LogPlayLevel: PlayLevel: No blueprints needed recompiling
[2019.04.23-15.21.34:552][469]PIE: New page: PIE session: GoldenLevel (Apr 23, 2019, 7:21:34 AM)
[2019.04.23-15.21.34:552][469]LogPlayLevel: Creating play world package: /Game/Jessie_AllThingsGold/ActualGoldenLevel/UEDPIE_0_GoldenLevel
[2019.04.23-15.21.34:595][469]LogPlayLevel: PIE: StaticDuplicateObject took: (0.042332s)
[2019.04.23-15.21.34:597][469]LogAIModule: Creating AISystem for world GoldenLevel
[2019.04.23-15.21.34:598][469]LogPlayLevel: PIE: World Init took: (0.002550s)
[2019.04.23-15.21.34:598][469]LogPlayLevel: PIE: Created PIE world by copying editor world from /Game/Jessie_AllThingsGold/ActualGoldenLevel/GoldenLevel.GoldenLevel to /Game/Jessie_AllThingsGold/ActualGoldenLevel/UEDPIE_0_GoldenLevel.GoldenLevel (0.045683s)
[2019.04.23-15.21.34:704][469]LogInit: XAudio2 using 'Speakers / Headphones (Realtek Audio)' : 2 channels at 48 kHz using 32 bits per sample (channel mask 0x3)
[2019.04.23-15.21.34:775][469]LogInit: FAudioDevice initialized.
[2019.04.23-15.21.34:803][469]LogSlate: Updating window title bar state: overlay mode, drag disabled, window buttons hidden, title bar hidden
[2019.04.23-15.21.34:940][469]LogLoad: Game class is 'ThirdPersonGameMode_C'
[2019.04.23-15.21.34:955][469]LogWorld: Bringing World /Game/Jessie_AllThingsGold/ActualGoldenLevel/UEDPIE_0_GoldenLevel.GoldenLevel up for play (max tick rate 0) at 2019.04.23-11.21.34
[2019.04.23-15.21.34:956][469]LogWorld: Bringing up level for play took: 0.012838
[2019.04.23-15.21.34:979][469]PIE: Play in editor start time for /Game/Jessie_AllThingsGold/ActualGoldenLevel/UEDPIE_0_GoldenLevel 0.731
[2019.04.23-15.22.52:091][696]LogTemp: Repeating last play command: New Editor Window (PIE)
[2019.04.23-15.22.52:222][696]LogSlate: Updating window title bar state: overlay mode, drag disabled, window buttons hidden, title bar hidden
[2019.04.23-15.22.52:331][696]LogSlate: Window 'MarshMellow Game Preview Standalone (64-bit/PCD3D_SM5)' being destroyed
[2019.04.23-15.22.52:390][696]LogPlayLevel: Display: Shutting down PIE online subsystems
[2019.04.23-15.22.52:588][697]LogPlayLevel: Display: Destroying online subsystem :Context_7
[2019.04.23-15.23.14:351][560]LogSavePackage: Moving '../../../../../../Users/thompz/Documents/GitHub/GameDev2Project/MarshMellow/Saved/GoldenLevel3320ACFC44C8A50846CF5A91A52E8BB5.tmp' to '../../../../../../Users/thompz/Documents/GitHub/GameDev2Project/MarshMellow/Content/Jessie_AllThingsGold/ActualGoldenLevel/GoldenLevel.umap'
[2019.04.23-15.23.14:469][560]LogFileHelpers: Saving map 'GoldenLevel' took 1.348
[2019.04.23-15.23.14:697][560]LogSavePackage: Moving '../../../../../../Users/thompz/Documents/GitHub/GameDev2Project/MarshMellow/Saved/GoldenLevel_BuiltData4DDDA7244056806B581B3A98D701BE28.tmp' to '../../../../../../Users/thompz/Documents/GitHub/GameDev2Project/MarshMellow/Content/Jessie_AllThingsGold/ActualGoldenLevel/GoldenLevel_BuiltData.uasset'
[2019.04.23-15.23.14:813][560]LogSavePackage: Moving '../../../../../../Users/thompz/Documents/GitHub/GameDev2Project/MarshMellow/Saved/IceCreamBottomID5D14844B42C842F0C608A19EE1A467E7.tmp' to '../../../../../../Users/thompz/Documents/GitHub/GameDev2Project/MarshMellow/Content/Jessie_AllThingsGold/GoldenModels/GoldenMaterials/IceCream_M/IceCreamBottomID.uasset'
[2019.04.23-15.23.14:933][560]LogSavePackage: Moving '../../../../../../Users/thompz/Documents/GitHub/GameDev2Project/MarshMellow/Saved/iceCreamTopID4FEE3FD9490311185E982B98942571C0.tmp' to '../../../../../../Users/thompz/Documents/GitHub/GameDev2Project/MarshMellow/Content/Jessie_AllThingsGold/GoldenModels/GoldenMaterials/IceCream_M/iceCreamTopID.uasset'
[2019.04.23-15.23.15:045][560]LogSavePackage: Moving '../../../../../../Users/thompz/Documents/GitHub/GameDev2Project/MarshMellow/Saved/DoorFrontIDE8DE7CF543CB9A72BBA6C9A8BD622AEA.tmp' to '../../../../../../Users/thompz/Documents/GitHub/GameDev2Project/MarshMellow/Content/Jessie_AllThingsGold/GoldenModels/GoldenMaterials/Door_M/DoorFrontID.uasset'
[2019.04.23-15.23.15:156][560]LogSavePackage: Moving '../../../../../../Users/thompz/Documents/GitHub/GameDev2Project/MarshMellow/Saved/DoorSideBackID2C6EF94840B2FC345DF4F6B053B47136.tmp' to '../../../../../../Users/thompz/Documents/GitHub/GameDev2Project/MarshMellow/Content/Jessie_AllThingsGold/GoldenModels/GoldenMaterials/Door_M/DoorSideBackID.uasset'
[2019.04.23-15.23.15:262][560]LogSavePackage: Moving '../../../../../../Users/thompz/Documents/GitHub/GameDev2Project/MarshMellow/Saved/DoorOuterIDDD3E8FC14B63D6FE58DE75B9FDFECD21.tmp' to '../../../../../../Users/thompz/Documents/GitHub/GameDev2Project/MarshMellow/Content/Jessie_AllThingsGold/GoldenModels/GoldenMaterials/Door_M/DoorOuterID.uasset'
[2019.04.23-15.23.15:370][560]LogSavePackage: Moving '../../../../../../Users/thompz/Documents/GitHub/GameDev2Project/MarshMellow/Saved/waffID68FCD3404DCFE2329A626DB61A684168.tmp' to '../../../../../../Users/thompz/Documents/GitHub/GameDev2Project/MarshMellow/Content/Jessie_AllThingsGold/GoldenModels/GoldenMaterials/waffID.uasset'
[2019.04.23-15.23.19:693][766]LogSlate: Window 'MarshMellow - Unreal Editor' being destroyed
[2019.04.23-15.23.19:696][766]LogWindowsTextInputMethodSystem: Display: IME system now deactivated.
[2019.04.23-15.23.20:150][767]Cmd: QUIT_EDITOR
[2019.04.23-15.23.20:442][767]LogExit: Preparing to exit.
[2019.04.23-15.23.21:224][767]LogExit: Editor shut down
[2019.04.23-15.23.21:225][767]LogExit: Transaction tracking system shut down
[2019.04.23-15.23.21:818][767]LogExit: Object subsystem successfully closed.
[2019.04.23-15.23.21:849][767]LogShaderCompilers: Display: Shaders left to compile 0
[2019.04.23-15.23.21:857][767]LogD3D11RHI: Shutdown
[2019.04.23-15.23.21:857][767]LogD3D11RHI: CleanupD3DDevice
[2019.04.23-15.23.21:861][767]LogD3D11RHI: ~FD3D11DynamicRHI
[2019.04.23-15.23.21:917][767]LogModuleManager: Shutting down and abandoning module MovieSceneCapture (614)
[2019.04.23-15.23.21:917][767]LogModuleManager: Shutting down and abandoning module Voice (612)
[2019.04.23-15.23.21:918][767]LogModuleManager: Shutting down and abandoning module HierarchicalLODOutliner (610)
[2019.04.23-15.23.21:918][767]LogModuleManager: Shutting down and abandoning module SceneOutliner (608)
[2019.04.23-15.23.21:918][767]LogModuleManager: Shutting down and abandoning module AddContentDialog (606)
[2019.04.23-15.23.21:919][767]LogModuleManager: Shutting down and abandoning module WidgetCarousel (605)
[2019.04.23-15.23.21:919][767]LogModuleManager: Shutting down and abandoning module EditorWidgets (602)
[2019.04.23-15.23.21:919][767]LogModuleManager: Shutting down and abandoning module CollectionManager (600)
[2019.04.23-15.23.21:919][767]LogModuleManager: Shutting down and abandoning module StatsViewer (598)
[2019.04.23-15.23.21:919][767]LogModuleManager: Shutting down and abandoning module FoliageEdit (596)
[2019.04.23-15.23.21:919][767]LogModuleManager: Shutting down and abandoning module LandscapeEditor (594)
[2019.04.23-15.23.21:919][767]LogModuleManager: Shutting down and abandoning module MeshPaintMode (592)
[2019.04.23-15.23.21:920][767]LogModuleManager: Shutting down and abandoning module SceneDepthPickerMode (590)
[2019.04.23-15.23.21:920][767]LogModuleManager: Shutting down and abandoning module ActorPickerMode (588)
[2019.04.23-15.23.21:920][767]LogModuleManager: Shutting down and abandoning module GeometryMode (586)
[2019.04.23-15.23.21:920][767]LogModuleManager: Shutting down and abandoning module TextureAlignMode (584)
[2019.04.23-15.23.21:920][767]LogModuleManager: Shutting down and abandoning module BspMode (582)
[2019.04.23-15.23.21:920][767]LogModuleManager: Shutting down and abandoning module PIEPreviewDeviceProfileSelector (580)
[2019.04.23-15.23.21:920][767]LogModuleManager: Shutting down and abandoning module SequenceRecorderSections (578)
[2019.04.23-15.23.21:920][767]LogModuleManager: Shutting down and abandoning module AutomationWorker (576)
[2019.04.23-15.23.21:920][767]LogModuleManager: Shutting down and abandoning module AudioCaptureEditor (574)
[2019.04.23-15.23.21:920][767]LogModuleManager: Shutting down and abandoning module SequenceRecorder (573)
[2019.04.23-15.23.21:920][767]LogModuleManager: Shutting down and abandoning module MatineeToLevelSequence (570)
[2019.04.23-15.23.21:920][767]LogModuleManager: Shutting down and abandoning module LevelSequenceEditor (568)
[2019.04.23-15.23.21:920][767]LogModuleManager: Shutting down and abandoning module PlacementMode (567)
[2019.04.23-15.23.21:920][767]LogModuleManager: Shutting down and abandoning module MaterialEditor (566)
[2019.04.23-15.23.21:921][767]LogModuleManager: Shutting down and abandoning module WmfMediaFactory (562)
[2019.04.23-15.23.21:921][767]LogModuleManager: Shutting down and abandoning module WmfMediaEditor (560)
[2019.04.23-15.23.21:921][767]LogModuleManager: Shutting down and abandoning module MediaPlayerEditor (558)
[2019.04.23-15.23.21:921][767]LogModuleManager: Shutting down and abandoning module OpenExrWrapper (556)
[2019.04.23-15.23.21:921][767]LogModuleManager: Shutting down and abandoning module ImgMediaFactory (554)
[2019.04.23-15.23.21:921][767]LogModuleManager: Shutting down and abandoning module ImgMediaEditor (552)
[2019.04.23-15.23.21:922][767]LogModuleManager: Shutting down and abandoning module AvfMediaFactory (550)
[2019.04.23-15.23.21:922][767]LogModuleManager: Shutting down and abandoning module AvfMediaEditor (548)
[2019.04.23-15.23.21:922][767]LogModuleManager: Shutting down and abandoning module AndroidMediaFactory (546)
[2019.04.23-15.23.21:922][767]LogModuleManager: Shutting down and abandoning module AndroidMediaEditor (544)
[2019.04.23-15.23.21:922][767]LogModuleManager: Shutting down and abandoning module MagicLeapCameraPreviewFactory (542)
[2019.04.23-15.23.21:922][767]LogModuleManager: Shutting down and abandoning module MagicLeapMediaFactory (540)
[2019.04.23-15.23.21:922][767]LogModuleManager: Shutting down and abandoning module MagicLeapMediaEditor (538)
[2019.04.23-15.23.21:922][767]LogModuleManager: Shutting down and abandoning module CharacterAI (536)
[2019.04.23-15.23.21:922][767]LogModuleManager: Shutting down and abandoning module SmartSnapping (534)
[2019.04.23-15.23.21:923][767]LogModuleManager: Shutting down and abandoning module SessionServices (532)
[2019.04.23-15.23.21:923][767]LogModuleManager: Shutting down and abandoning module ViewportSnapping (530)
[2019.04.23-15.23.21:923][767]LogModuleManager: Shutting down and abandoning module ViewportInteraction (528)
[2019.04.23-15.23.21:923][767]LogModuleManager: Shutting down and abandoning module ClothPainter (526)
[2019.04.23-15.23.21:923][767]LogModuleManager: Shutting down and abandoning module SkeletalMeshEditor (525)
[2019.04.23-15.23.21:923][767]LogModuleManager: Shutting down and abandoning module LogVisualizer (522)
[2019.04.23-15.23.21:924][767]LogModuleManager: Shutting down and abandoning module IntroTutorials (520)
[2019.04.23-15.23.21:924][767]LogModuleManager: Shutting down and abandoning module GameProjectGeneration (519)
[2019.04.23-15.23.21:924][767]LogModuleManager: Shutting down and abandoning module LuminPlatformEditor (516)
[2019.04.23-15.23.21:925][767]LogModuleManager: Shutting down and abandoning module IOSPlatformEditor (514)
[2019.04.23-15.23.21:925][767]LogModuleManager: Shutting down and abandoning module HTML5PlatformEditor (512)
[2019.04.23-15.23.21:925][767]LogModuleManager: Shutting down and abandoning module AndroidPlatformEditor (510)
[2019.04.23-15.23.21:925][767]LogModuleManager: Shutting down and abandoning module AndroidDeviceDetection (509)
[2019.04.23-15.23.22:473][767]LogModuleManager: Shutting down and abandoning module WindowsPlatformEditor (506)
[2019.04.23-15.23.22:473][767]LogModuleManager: Shutting down and abandoning module LuminRuntimeSettings (504)
[2019.04.23-15.23.22:473][767]LogModuleManager: Shutting down and abandoning module IOSRuntimeSettings (502)
[2019.04.23-15.23.22:474][767]LogModuleManager: Shutting down and abandoning module AndroidRuntimeSettings (500)
[2019.04.23-15.23.22:474][767]LogModuleManager: Shutting down and abandoning module InputBindingEditor (498)
[2019.04.23-15.23.22:474][767]LogModuleManager: Shutting down and abandoning module MergeActors (496)
[2019.04.23-15.23.22:474][767]LogModuleManager: Shutting down and abandoning module LocalizationDashboard (494)
[2019.04.23-15.23.22:474][767]LogModuleManager: Shutting down and abandoning module LocalizationService (493)
[2019.04.23-15.23.22:474][767]LogModuleManager: Shutting down and abandoning module HardwareTargeting (490)
[2019.04.23-15.23.22:474][767]LogModuleManager: Shutting down and abandoning module DeviceProfileEditor (488)
[2019.04.23-15.23.22:474][767]LogModuleManager: Shutting down and abandoning module UndoHistory (486)
[2019.04.23-15.23.22:474][767]LogModuleManager: Shutting down and abandoning module XmlParser (484)
[2019.04.23-15.23.22:474][767]LogModuleManager: Shutting down and abandoning module Blutility (482)
[2019.04.23-15.23.22:475][767]LogModuleManager: Shutting down and abandoning module ProjectSettingsViewer (480)
[2019.04.23-15.23.22:475][767]LogModuleManager: Shutting down and abandoning module ProjectTargetPlatformEditor (479)
[2019.04.23-15.23.22:475][767]LogModuleManager: Shutting down and abandoning module EditorSettingsViewer (476)
[2019.04.23-15.23.22:475][767]LogModuleManager: Shutting down and abandoning module SettingsEditor (474)
[2019.04.23-15.23.22:475][767]LogModuleManager: Shutting down and abandoning module ProjectLauncher (472)
[2019.04.23-15.23.22:475][767]LogModuleManager: Shutting down and abandoning module SessionFrontend (470)
[2019.04.23-15.23.22:475][767]LogModuleManager: Shutting down and abandoning module ProfilerClient (468)
[2019.04.23-15.23.22:476][767]LogModuleManager: Shutting down and abandoning module DeviceManager (466)
[2019.04.23-15.23.22:476][767]LogModuleManager: Shutting down and abandoning module TargetDeviceServices (465)
[2019.04.23-15.23.22:548][767]LogModuleManager: Shutting down and abandoning module AutomationController (462)
[2019.04.23-15.23.22:548][767]LogModuleManager: Shutting down and abandoning module AutomationWindow (460)
[2019.04.23-15.23.22:548][767]LogModuleManager: Shutting down and abandoning module Layers (458)
[2019.04.23-15.23.22:548][767]LogModuleManager: Shutting down and abandoning module ComponentVisualizers (456)
[2019.04.23-15.23.22:548][767]LogModuleManager: Shutting down and abandoning module DetailCustomizations (454)
[2019.04.23-15.23.22:548][767]LogModuleManager: Shutting down and abandoning module PackagesDialog (452)
[2019.04.23-15.23.22:549][767]LogModuleManager: Shutting down and abandoning module Persona (450)
[2019.04.23-15.23.22:549][767]LogModuleManager: Shutting down and abandoning module AdvancedPreviewScene (449)
[2019.04.23-15.23.22:549][767]LogModuleManager: Shutting down and abandoning module AnimGraph (447)
[2019.04.23-15.23.22:549][767]LogModuleManager: Shutting down and abandoning module Kismet (444)
[2019.04.23-15.23.22:553][767]LogModuleManager: Shutting down and abandoning module GraphEditor (442)
[2019.04.23-15.23.22:554][767]LogModuleManager: Shutting down and abandoning module ClassViewer (440)
[2019.04.23-15.23.22:554][767]LogModuleManager: Shutting down and abandoning module Toolbox (438)
[2019.04.23-15.23.22:554][767]LogModuleManager: Shutting down and abandoning module ModuleUI (436)
[2019.04.23-15.23.22:554][767]LogModuleManager: Shutting down and abandoning module MovieSceneTools (434)
[2019.04.23-15.23.22:554][767]LogModuleManager: Shutting down and abandoning module OutputLog (432)
[2019.04.23-15.23.22:554][767]LogModuleManager: Shutting down and abandoning module GammaUI (430)
[2019.04.23-15.23.22:555][767]LogModuleManager: Shutting down and abandoning module Documentation (428)
[2019.04.23-15.23.22:555][767]LogModuleManager: Shutting down and abandoning module MovieSceneTracks (426)
[2019.04.23-15.23.22:555][767]LogModuleManager: Shutting down and abandoning module MovieScene (424)
[2019.04.23-15.23.22:555][767]LogModuleManager: Shutting down and abandoning module StreamingPauseRendering (422)
[2019.04.23-15.23.22:555][767]LogModuleManager: Shutting down and abandoning module LauncherPlatform (420)
[2019.04.23-15.23.22:555][767]LogModuleManager: Shutting down and abandoning module AnalyticsET (418)
[2019.04.23-15.23.22:555][767]LogModuleManager: Shutting down and abandoning module PortalServices (416)
[2019.04.23-15.23.22:555][767]LogModuleManager: Shutting down and abandoning module PortalRpc (414)
[2019.04.23-15.23.22:555][767]LogModuleManager: Shutting down and abandoning module MessagingRpc (412)
[2019.04.23-15.23.22:556][767]LogModuleManager: Shutting down and abandoning module AIModule (410)
[2019.04.23-15.23.22:556][767]LogModuleManager: Shutting down and abandoning module GameplayDebugger (409)
[2019.04.23-15.23.22:556][767]LogModuleManager: Shutting down and abandoning module AITestSuite (407)
[2019.04.23-15.23.22:556][767]LogModuleManager: Shutting down and abandoning module NavigationSystem (405)
[2019.04.23-15.23.22:556][767]LogModuleManager: Shutting down and abandoning module DesktopPlatform (402)
[2019.04.23-15.23.22:556][767]LogModuleManager: Shutting down and abandoning module ProfilerService (400)
[2019.04.23-15.23.22:632][767]LogModuleManager: Shutting down and abandoning module TaskGraph (398)
[2019.04.23-15.23.22:633][767]LogModuleManager: Shutting down and abandoning module SteamVRController (396)
[2019.04.23-15.23.22:633][767]LogModuleManager: Shutting down and abandoning module ProceduralMeshComponentEditor (394)
[2019.04.23-15.23.22:633][767]LogModuleManager: Shutting down and abandoning module ProceduralMeshComponent (392)
[2019.04.23-15.23.22:633][767]LogModuleManager: Shutting down and abandoning module OculusInput (390)
[2019.04.23-15.23.22:633][767]LogModuleManager: Shutting down and abandoning module MobilePatchingUtils (388)
[2019.04.23-15.23.22:633][767]LogModuleManager: Shutting down and abandoning module EditableMesh (386)
[2019.04.23-15.23.22:633][767]LogModuleManager: Shutting down and abandoning module CustomMeshComponent (384)
[2019.04.23-15.23.22:633][767]LogModuleManager: Shutting down and abandoning module CableComponent (382)
[2019.04.23-15.23.22:633][767]LogModuleManager: Shutting down and abandoning module AudioCapture (380)
[2019.04.23-15.23.22:633][767]LogModuleManager: Shutting down and abandoning module ArchVisCharacter (378)
[2019.04.23-15.23.22:633][767]LogModuleManager: Shutting down and abandoning module AndroidPermission (376)
[2019.04.23-15.23.22:634][767]LogModuleManager: Shutting down and abandoning module NUTUnrealEngine4 (374)
[2019.04.23-15.23.22:634][767]LogModuleManager: Shutting down and abandoning module NetcodeUnitTest (372)
[2019.04.23-15.23.22:634][767]LogModuleManager: Shutting down and abandoning module MediaCompositingEditor (370)
[2019.04.23-15.23.22:634][767]LogModuleManager: Shutting down and abandoning module MediaCompositing (368)
[2019.04.23-15.23.22:634][767]LogModuleManager: Shutting down and abandoning module LinearTimecode (366)
[2019.04.23-15.23.22:634][767]LogModuleManager: Shutting down and abandoning module ImgMedia (364)
[2019.04.23-15.23.22:643][767]LogModuleManager: Shutting down and abandoning module HTML5Networking (362)
[2019.04.23-15.23.22:644][767]LogModuleManager: Shutting down and abandoning module GeometryCacheTracks (360)
[2019.04.23-15.23.22:644][767]LogModuleManager: Shutting down and abandoning module GeometryCacheSequencer (358)
[2019.04.23-15.23.22:644][767]LogModuleManager: Shutting down and abandoning module BackChannel (356)
[2019.04.23-15.23.22:644][767]LogModuleManager: Shutting down and abandoning module AppleVision (354)
[2019.04.23-15.23.22:644][767]LogModuleManager: Shutting down and abandoning module AppleImageUtils (352)
[2019.04.23-15.23.22:644][767]LogModuleManager: Shutting down and abandoning module AlembicImporter (350)
[2019.04.23-15.23.22:644][767]LogModuleManager: Shutting down and abandoning module AlembicLibrary (349)
[2019.04.23-15.23.22:644][767]LogModuleManager: Shutting down and abandoning module GeometryCache (348)
[2019.04.23-15.23.22:644][767]LogModuleManager: Shutting down and abandoning module GeometryCacheEd (347)
[2019.04.23-15.23.22:644][767]LogModuleManager: Shutting down and abandoning module DatasmithContentEditor (342)
[2019.04.23-15.23.22:644][767]LogModuleManager: Shutting down and abandoning module DatasmithContent (340)
[2019.04.23-15.23.22:646][767]LogModuleManager: Shutting down and abandoning module SpeedTreeImporter (338)
[2019.04.23-15.23.22:646][767]LogModuleManager: Shutting down and abandoning module PluginBrowser (336)
[2019.04.23-15.23.22:646][767]LogModuleManager: Shutting down and abandoning module MobileLauncherProfileWizard (334)
[2019.04.23-15.23.22:646][767]LogModuleManager: Shutting down and abandoning module PolygonModeling (332)
[2019.04.23-15.23.22:646][767]LogModuleManager: Shutting down and abandoning module MeshEditor (330)
[2019.04.23-15.23.22:646][767]LogModuleManager: Shutting down and abandoning module CryptoKeysOpenSSL (328)
[2019.04.23-15.23.22:647][767]LogModuleManager: Shutting down and abandoning module CryptoKeys (326)
[2019.04.23-15.23.22:647][767]LogModuleManager: Shutting down and abandoning module VisualStudioSourceCodeAccess (324)
[2019.04.23-15.23.22:647][767]LogModuleManager: Shutting down and abandoning module VisualStudioCodeSourceCodeAccess (322)
[2019.04.23-15.23.22:647][767]LogModuleManager: Shutting down and abandoning module UObjectPlugin (320)
[2019.04.23-15.23.22:647][767]LogModuleManager: Shutting down and abandoning module SubversionSourceControl (318)
[2019.04.23-15.23.22:647][767]LogModuleManager: Shutting down and abandoning module PerforceSourceControl (316)
[2019.04.23-15.23.22:647][767]LogModuleManager: Shutting down and abandoning module GitSourceControl (314)
[2019.04.23-15.23.22:647][767]LogModuleManager: Shutting down and abandoning module SourceControl (313)
[2019.04.23-15.23.22:648][767]LogModuleManager: Shutting down and abandoning module CLionSourceCodeAccess (310)
[2019.04.23-15.23.22:648][767]LogModuleManager: Shutting down and abandoning module LightPropagationVolumeEditor (308)
[2019.04.23-15.23.22:648][767]LogModuleManager: Shutting down and abandoning module PaperTiledImporter (306)
[2019.04.23-15.23.22:648][767]LogModuleManager: Shutting down and abandoning module PaperSpriteSheetImporter (304)
[2019.04.23-15.23.22:648][767]LogModuleManager: Shutting down and abandoning module Paper2DEditor (302)
[2019.04.23-15.23.22:648][767]LogModuleManager: Shutting down and abandoning module MeshPaint (301)
[2019.04.23-15.23.22:648][767]LogModuleManager: Shutting down and abandoning module RuntimePhysXCooking (298)
[2019.04.23-15.23.22:648][767]LogModuleManager: Shutting down and abandoning module PhysXVehiclesEditor (296)
[2019.04.23-15.23.22:648][767]LogModuleManager: Shutting down and abandoning module PhysXVehicles (294)
[2019.04.23-15.23.22:648][767]LogModuleManager: Shutting down and abandoning module OculusEditor (292)
[2019.04.23-15.23.22:649][767]LogModuleManager: Shutting down and abandoning module LocationServicesBPLibrary (290)
[2019.04.23-15.23.22:649][767]LogModuleManager: Shutting down and abandoning module ImmediatePhysicsEditor (288)
[2019.04.23-15.23.22:649][767]LogModuleManager: Shutting down and abandoning module ImmediatePhysics (286)
[2019.04.23-15.23.22:649][767]LogModuleManager: Shutting down and abandoning module ActorSequence (284)
[2019.04.23-15.23.22:649][767]LogModuleManager: Shutting down and abandoning module UdpMessaging (282)
[2019.04.23-15.23.22:749][767]LogModuleManager: Shutting down and abandoning module TcpMessaging (280)
[2019.04.23-15.23.22:850][767]LogModuleManager: Shutting down and abandoning module MagicLeapAudio (278)
[2019.04.23-15.23.22:850][767]LogModuleManager: Shutting down and abandoning module GameplayTagsEditor (276)
[2019.04.23-15.23.22:850][767]LogModuleManager: Shutting down and abandoning module FacialAnimationEditor (274)
[2019.04.23-15.23.22:850][767]LogModuleManager: Shutting down and abandoning module FacialAnimation (272)
[2019.04.23-15.23.22:850][767]LogModuleManager: Shutting down and abandoning module DataValidation (270)
[2019.04.23-15.23.22:850][767]LogModuleManager: Shutting down and abandoning module AssetManagerEditor (268)
[2019.04.23-15.23.22:850][767]LogModuleManager: Shutting down and abandoning module LevelEditor (267)
[2019.04.23-15.23.22:852][767]LogModuleManager: Shutting down and abandoning module PixelInspectorModule (266)
[2019.04.23-15.23.22:852][767]LogModuleManager: Shutting down and abandoning module CommonMenuExtensions (264)
[2019.04.23-15.23.22:853][767]LogModuleManager: Shutting down and abandoning module MainFrame (262)
[2019.04.23-15.23.22:853][767]LogModuleManager: Shutting down and abandoning module HotReload (261)
[2019.04.23-15.23.22:854][767]LogModuleManager: Shutting down and abandoning module ContentBrowser (257)
[2019.04.23-15.23.22:857][767]LogModuleManager: Shutting down and abandoning module TreeMap (255)
[2019.04.23-15.23.22:857][767]LogModuleManager: Shutting down and abandoning module LightPropagationVolumeRuntime (252)
[2019.04.23-15.23.22:857][767]LogModuleManager: Shutting down and abandoning module AISupportModule (250)
[2019.04.23-15.23.22:857][767]LogModuleManager: Shutting down and abandoning module Paper2D (248)
[2019.04.23-15.23.22:857][767]LogModuleManager: Shutting down and abandoning module WindowsMoviePlayer (246)
[2019.04.23-15.23.22:857][767]LogModuleManager: Shutting down and abandoning module WmfMedia (244)
[2019.04.23-15.23.22:862][767]LogModuleManager: Shutting down and abandoning module Media (243)
[2019.04.23-15.23.22:869][767]LogModuleManager: Shutting down and abandoning module PacketHandler (240)
[2019.04.23-15.23.22:869][767]LogModuleManager: Shutting down and abandoning module ClothingSystemEditor (238)
[2019.04.23-15.23.22:869][767]LogModuleManager: Shutting down and abandoning module ClothingSystemRuntime (236)
[2019.04.23-15.23.22:869][767]LogModuleManager: Shutting down and abandoning module MediaAssets (234)
[2019.04.23-15.23.22:869][767]LogModuleManager: Shutting down and abandoning module Overlay (232)
[2019.04.23-15.23.22:869][767]LogModuleManager: Shutting down and abandoning module OverlayEditor (231)
[2019.04.23-15.23.22:870][767]LogModuleManager: Shutting down and abandoning module VREditor (228)
[2019.04.23-15.23.22:870][767]LogModuleManager: Shutting down and abandoning module StringTableEditor (226)
[2019.04.23-15.23.22:870][767]LogModuleManager: Shutting down and abandoning module GameplayTasksEditor (224)
[2019.04.23-15.23.22:870][767]LogModuleManager: Shutting down and abandoning module BehaviorTreeEditor (222)
[2019.04.23-15.23.22:870][767]LogModuleManager: Shutting down and abandoning module FunctionalTesting (220)
[2019.04.23-15.23.22:870][767]LogModuleManager: Shutting down and abandoning module CollisionAnalyzer (218)
[2019.04.23-15.23.22:870][767]LogModuleManager: Shutting down and abandoning module WorkspaceMenuStructure (217)
[2019.04.23-15.23.22:870][767]LogModuleManager: Shutting down and abandoning module UMG (214)
[2019.04.23-15.23.22:870][767]LogModuleManager: Shutting down and abandoning module UMGEditor (213)
[2019.04.23-15.23.22:870][767]LogModuleManager: Shutting down and abandoning module Sequencer (212)
[2019.04.23-15.23.22:871][767]LogModuleManager: Shutting down and abandoning module MessageLog (209)
[2019.04.23-15.23.22:871][767]LogModuleManager: Shutting down and abandoning module SlateReflector (204)
[2019.04.23-15.23.22:871][767]LogModuleManager: Shutting down and abandoning module Slate (202)
[2019.04.23-15.23.22:871][767]LogModuleManager: Shutting down and abandoning module EditorStyle (200)
[2019.04.23-15.23.22:876][767]LogModuleManager: Shutting down and abandoning module MRMesh (198)
[2019.04.23-15.23.22:876][767]LogModuleManager: Shutting down and abandoning module SourceCodeAccess (196)
[2019.04.23-15.23.22:876][767]LogModuleManager: Shutting down and abandoning module HeadMountedDisplay (194)
[2019.04.23-15.23.22:876][767]LogModuleManager: Shutting down and abandoning module XAudio2 (192)
[2019.04.23-15.23.22:876][767]LogModuleManager: Shutting down and abandoning module Networking (190)
[2019.04.23-15.23.22:876][767]LogModuleManager: Shutting down and abandoning module Core (188)
[2019.04.23-15.23.22:876][767]LogModuleManager: Shutting down and abandoning module LevelSequence (186)
[2019.04.23-15.23.22:877][767]LogModuleManager: Shutting down and abandoning module KismetCompiler (184)
[2019.04.23-15.23.22:877][767]LogModuleManager: Shutting down and abandoning module MeshUtilities (182)
[2019.04.23-15.23.22:877][767]LogModuleManager: Shutting down and abandoning module MeshMergeUtilities (181)
[2019.04.23-15.23.22:877][767]LogModuleManager: Shutting down and abandoning module MeshReductionInterface (180)
[2019.04.23-15.23.22:877][767]LogModuleManager: Shutting down and abandoning module SimplygonSwarm (179)
[2019.04.23-15.23.22:877][767]LogModuleManager: Shutting down and abandoning module ProxyLODMeshReduction (177)
[2019.04.23-15.23.22:877][767]LogModuleManager: Shutting down and abandoning module SimplygonMeshReduction (175)
[2019.04.23-15.23.22:877][767]LogModuleManager: Shutting down and abandoning module QuadricMeshReduction (173)
[2019.04.23-15.23.22:877][767]LogModuleManager: Shutting down and abandoning module MaterialBaking (169)
[2019.04.23-15.23.22:877][767]LogModuleManager: Shutting down and abandoning module DirectoryWatcher (165)
[2019.04.23-15.23.22:878][767]LogModuleManager: Shutting down and abandoning module DerivedDataCache (162)
[2019.04.23-15.23.22:906][767]LogDerivedDataCache: Shutdown
[2019.04.23-15.23.22:906][767]LogModuleManager: Shutting down and abandoning module XGEController (160)
[2019.04.23-15.23.22:907][767]LogXGEController: Cleaning working directory: C:/Users/thompz/AppData/Local/Temp/UnrealXGEWorkingDir/
[2019.04.23-15.23.22:907][767]LogModuleManager: Shutting down and abandoning module TargetPlatform (158)
[2019.04.23-15.23.22:907][767]LogModuleManager: Shutting down and abandoning module VulkanShaderFormat (157)
[2019.04.23-15.23.22:907][767]LogModuleManager: Shutting down and abandoning module ShaderFormatVectorVM (155)
[2019.04.23-15.23.22:907][767]LogModuleManager: Shutting down and abandoning module ShaderFormatOpenGL (153)
[2019.04.23-15.23.22:908][767]LogModuleManager: Shutting down and abandoning module ShaderFormatD3D (151)
[2019.04.23-15.23.22:908][767]LogModuleManager: Shutting down and abandoning module MetalShaderFormat (149)
[2019.04.23-15.23.22:908][767]LogModuleManager: Shutting down and abandoning module TextureFormatUncompressed (147)
[2019.04.23-15.23.22:908][767]LogModuleManager: Shutting down and abandoning module TextureFormatPVR (145)
[2019.04.23-15.23.22:908][767]LogModuleManager: Shutting down and abandoning module TextureFormatDXT (143)
[2019.04.23-15.23.22:908][767]LogModuleManager: Shutting down and abandoning module TextureFormatIntelISPCTexComp (141)
[2019.04.23-15.23.22:908][767]LogModuleManager: Shutting down and abandoning module TextureFormatASTC (139)
[2019.04.23-15.23.22:909][767]LogModuleManager: Shutting down and abandoning module ImageWrapper (138)
[2019.04.23-15.23.22:909][767]LogModuleManager: Shutting down and abandoning module TextureFormatAndroid (135)
[2019.04.23-15.23.22:909][767]LogModuleManager: Shutting down and abandoning module AudioFormatOpus (133)
[2019.04.23-15.23.22:909][767]LogModuleManager: Shutting down and abandoning module AudioFormatOgg (131)
[2019.04.23-15.23.22:909][767]LogModuleManager: Shutting down and abandoning module AudioFormatADPCM (129)
[2019.04.23-15.23.22:909][767]LogModuleManager: Shutting down and abandoning module LuminTargetPlatform (127)
[2019.04.23-15.23.22:909][767]LogModuleManager: Shutting down and abandoning module LinuxTargetPlatform (125)
[2019.04.23-15.23.22:909][767]LogModuleManager: Shutting down and abandoning module LinuxServerTargetPlatform (123)
[2019.04.23-15.23.22:909][767]LogModuleManager: Shutting down and abandoning module LinuxNoEditorTargetPlatform (121)
[2019.04.23-15.23.22:910][767]LogModuleManager: Shutting down and abandoning module LinuxClientTargetPlatform (119)
[2019.04.23-15.23.22:910][767]LogModuleManager: Shutting down and abandoning module TVOSTargetPlatform (117)
[2019.04.23-15.23.22:912][767]LogModuleManager: Shutting down and abandoning module Messaging (115)
[2019.04.23-15.23.22:912][767]LogModuleManager: Shutting down and abandoning module IOSTargetPlatform (113)
[2019.04.23-15.23.22:915][767]LogModuleManager: Shutting down and abandoning module HTML5TargetPlatform (111)
[2019.04.23-15.23.22:915][767]LogModuleManager: Shutting down and abandoning module AndroidTargetPlatform (109)
[2019.04.23-15.23.22:930][767]LogModuleManager: Shutting down and abandoning module WindowsTargetPlatform (107)
[2019.04.23-15.23.22:930][767]LogModuleManager: Shutting down and abandoning module WindowsServerTargetPlatform (105)
[2019.04.23-15.23.22:930][767]LogModuleManager: Shutting down and abandoning module WindowsNoEditorTargetPlatform (103)
[2019.04.23-15.23.22:930][767]LogModuleManager: Shutting down and abandoning module WindowsClientTargetPlatform (101)
[2019.04.23-15.23.22:930][767]LogModuleManager: Shutting down and abandoning module MacTargetPlatform (99)
[2019.04.23-15.23.22:930][767]LogModuleManager: Shutting down and abandoning module MacServerTargetPlatform (97)
[2019.04.23-15.23.22:930][767]LogModuleManager: Shutting down and abandoning module MacNoEditorTargetPlatform (95)
[2019.04.23-15.23.22:930][767]LogModuleManager: Shutting down and abandoning module MacClientTargetPlatform (93)
[2019.04.23-15.23.22:930][767]LogModuleManager: Shutting down and abandoning module AllDesktopTargetPlatform (91)
[2019.04.23-15.23.22:930][767]LogModuleManager: Shutting down and abandoning module InputCore (88)
[2019.04.23-15.23.22:931][767]LogModuleManager: Shutting down and abandoning module Settings (86)
[2019.04.23-15.23.22:931][767]LogModuleManager: Shutting down and abandoning module PhysXCooking (84)
[2019.04.23-15.23.22:931][767]LogModuleManager: Shutting down and abandoning module SteamVR (82)
[2019.04.23-15.23.22:931][767]LogModuleManager: Shutting down and abandoning module OculusHMD (80)
[2019.04.23-15.23.22:931][767]LogModuleManager: Shutting down and abandoning module ExampleDeviceProfileSelector (78)
[2019.04.23-15.23.22:931][767]LogModuleManager: Shutting down and abandoning module LauncherChunkInstaller (76)
[2019.04.23-15.23.22:931][767]LogModuleManager: Shutting down and abandoning module OnlineBlueprintSupport (74)
[2019.04.23-15.23.22:931][767]LogModuleManager: Shutting down and abandoning module OnlineSubsystem (70)
[2019.04.23-15.23.22:933][767]LogModuleManager: Shutting down and abandoning module XMPP (65)
[2019.04.23-15.23.22:933][767]LogModuleManager: Shutting down and abandoning module WebSockets (64)
[2019.04.23-15.23.22:940][767]LogModuleManager: Shutting down and abandoning module HTTP (61)
[2019.04.23-15.23.22:940][767]LogHttp: Display: Http module shutting down, but needs to wait on 1 outstanding Http requests:
[2019.04.23-15.23.22:940][767]LogHttp: Display: 	verb=[POST] url=[https://datarouter.ol.epicgames.com/datarouter/api/v1/public/data?SessionID=%7B4C488E05-44F8-915F-C622-F487B1FDC996%7D&AppID=UEEditor.Rocket.Release&AppVersion=4.20.3-4369336%2B%2B%2BUE4%2BRelease-4.20&UserID=4c4980464a998323e2b518b7b9418929%7C99d159c103ec4e91a4b3ac6e44ca1423%7C2787f8b0-45ea-467b-a86b-9a03b99e6a83&AppEnvironment=datacollector-binary&UploadType=eteventstream] status=Processing
[2019.04.23-15.23.22:960][767]LogModuleManager: Shutting down and abandoning module SSL (60)
[2019.04.23-15.23.22:963][767]LogModuleManager: Shutting down and abandoning module MagicLeapEmulator (56)
[2019.04.23-15.23.22:963][767]LogModuleManager: Shutting down and abandoning module MagicLeapPrivileges (54)
[2019.04.23-15.23.22:963][767]LogModuleManager: Shutting down and abandoning module MagicLeapIdentity (52)
[2019.04.23-15.23.22:964][767]LogModuleManager: Shutting down and abandoning module MagicLeapHelperVulkan (50)
[2019.04.23-15.23.22:964][767]LogModuleManager: Shutting down and abandoning module MagicLeapHelperOpenGL (48)
[2019.04.23-15.23.22:964][767]LogModuleManager: Shutting down and abandoning module MagicLeapSecureStorage (46)
[2019.04.23-15.23.22:964][767]LogModuleManager: Shutting down and abandoning module MagicLeapGestures (44)
[2019.04.23-15.23.22:964][767]LogModuleManager: Shutting down and abandoning module MagicLeapEyeTracker (42)
[2019.04.23-15.23.22:964][767]LogModuleManager: Shutting down and abandoning module MagicLeapController (40)
[2019.04.23-15.23.22:964][767]LogSlate: Slate User Destroyed.  User Index 0, Is Virtual User: 0
[2019.04.23-15.23.22:964][767]LogModuleManager: Shutting down and abandoning module MagicLeap (38)
[2019.04.23-15.23.22:965][767]LogModuleManager: Shutting down and abandoning module AnimationModifiers (36)
[2019.04.23-15.23.22:965][767]LogModuleManager: Shutting down and abandoning module PropertyEditor (35)
[2019.04.23-15.23.22:965][767]LogModuleManager: Shutting down and abandoning module AudioEditor (32)
[2019.04.23-15.23.22:965][767]LogModuleManager: Shutting down and abandoning module TextureCompressor (30)
[2019.04.23-15.23.22:965][767]LogModuleManager: Shutting down and abandoning module ShaderCore (28)
[2019.04.23-15.23.22:965][767]LogModuleManager: Shutting down and abandoning module Landscape (26)
[2019.04.23-15.23.22:965][767]LogModuleManager: Shutting down and abandoning module SlateRHIRenderer (24)
[2019.04.23-15.23.22:966][767]LogModuleManager: Shutting down and abandoning module OpenGLDrv (22)
[2019.04.23-15.23.22:966][767]LogModuleManager: Shutting down and abandoning module D3D11RHI (20)
[2019.04.23-15.23.22:966][767]LogModuleManager: Shutting down and abandoning module AnimGraphRuntime (18)
[2019.04.23-15.23.22:966][767]LogModuleManager: Shutting down and abandoning module Renderer (16)
[2019.04.23-15.23.22:966][767]LogModuleManager: Shutting down and abandoning module Engine (14)
[2019.04.23-15.23.22:966][767]LogModuleManager: Shutting down and abandoning module CoreUObject (12)
[2019.04.23-15.23.22:967][767]LogModuleManager: Shutting down and abandoning module NetworkFile (10)
[2019.04.23-15.23.22:967][767]LogModuleManager: Shutting down and abandoning module CookedIterativeFile (8)
[2019.04.23-15.23.22:967][767]LogModuleManager: Shutting down and abandoning module StreamingFile (6)
[2019.04.23-15.23.22:967][767]LogModuleManager: Shutting down and abandoning module SandboxFile (4)
[2019.04.23-15.23.22:967][767]LogModuleManager: Shutting down and abandoning module PakFile (2)
[2019.04.23-15.23.22:989][767]LogExit: Exiting.
[2019.04.23-15.23.22:996][767]Log file closed, 04/23/19 11:23:22
