Log file open, 03/31/19 21:07:25
LogWindows: Failed to load 'aqProf.dll' (GetLastError=126)
LogWindows: File 'aqProf.dll' does not exist
LogWindows: Failed to load 'VtuneApi.dll' (GetLastError=126)
LogWindows: File 'VtuneApi.dll' does not exist
LogWindows: Failed to load 'VtuneApi32e.dll' (GetLastError=126)
LogWindows: File 'VtuneApi32e.dll' does not exist
LogInit: Display: Running engine for game: MarshMellow
LogPlatformFile: Not using cached read wrapper
LogTaskGraph: Started task graph with 5 named threads and 23 total threads with 3 sets of task threads.
LogStats: Stats thread started at 0.302845
LogD3D11RHI: Loaded GFSDK_Aftermath_Lib.x64.dll
LogICUInternationalization: Display: ICU TimeZone Detection - Raw Offset: -5:00, Platform Override: ''
LogPluginManager: Mounting plugin Paper2D
LogPluginManager: Mounting plugin AISupport
LogPluginManager: Mounting plugin LightPropagationVolume
LogPluginManager: Mounting plugin CLionSourceCodeAccess
LogPluginManager: Mounting plugin CodeLiteSourceCodeAccess
LogPluginManager: Mounting plugin GitSourceControl
LogPluginManager: Mounting plugin KDevelopSourceCodeAccess
LogPluginManager: Mounting plugin NullSourceCodeAccess
LogPluginManager: Mounting plugin PerforceSourceControl
LogPluginManager: Mounting plugin SubversionSourceControl
LogPluginManager: Mounting plugin UObjectPlugin
LogPluginManager: Mounting plugin VisualStudioCodeSourceCodeAccess
LogPluginManager: Mounting plugin VisualStudioSourceCodeAccess
LogPluginManager: Mounting plugin XCodeSourceCodeAccess
LogPluginManager: Mounting plugin AssetManagerEditor
LogPluginManager: Mounting plugin CryptoKeys
LogPluginManager: Mounting plugin DataValidation
LogPluginManager: Mounting plugin FacialAnimation
LogPluginManager: Mounting plugin GameplayTagsEditor
LogPluginManager: Mounting plugin MacGraphicsSwitching
LogPluginManager: Mounting plugin MeshEditor
LogPluginManager: Mounting plugin MobileLauncherProfileWizard
LogPluginManager: Mounting plugin PluginBrowser
LogPluginManager: Mounting plugin SpeedTreeImporter
LogPluginManager: Mounting plugin DatasmithContent
LogPluginManager: Mounting plugin AlembicImporter
LogPluginManager: Mounting plugin AppleImageUtils
LogPluginManager: Mounting plugin AppleVision
LogPluginManager: Mounting plugin BackChannel
LogPluginManager: Mounting plugin CharacterAI
LogPluginManager: Mounting plugin GeometryCache
LogPluginManager: Mounting plugin HTML5Networking
LogPluginManager: Mounting plugin ProxyLODPlugin
LogPluginManager: Mounting plugin MagicLeap
LogPluginManager: Mounting plugin MagicLeapEmulator
LogPluginManager: Mounting plugin MagicLeapMedia
LogPluginManager: Mounting plugin AndroidMedia
LogPluginManager: Mounting plugin AvfMedia
LogPluginManager: Mounting plugin ImgMedia
LogPluginManager: Mounting plugin LinearTimecode
LogPluginManager: Mounting plugin MediaCompositing
LogPluginManager: Mounting plugin MediaPlayerEditor
LogPluginManager: Mounting plugin WmfMedia
LogPluginManager: Mounting plugin TcpMessaging
LogPluginManager: Mounting plugin UdpMessaging
LogPluginManager: Mounting plugin ActorSequence
LogPluginManager: Mounting plugin LevelSequenceEditor
LogPluginManager: Mounting plugin MatineeToLevelSequence
LogPluginManager: Mounting plugin NetcodeUnitTest
LogPluginManager: Mounting plugin NUTUnrealEngine4
LogPluginManager: Mounting plugin OnlineSubsystemGooglePlay
LogPluginManager: Mounting plugin OnlineSubsystemIOS
LogPluginManager: Mounting plugin OnlineSubsystem
LogPluginManager: Mounting plugin OnlineSubsystemNull
LogPluginManager: Mounting plugin OnlineSubsystemUtils
LogPluginManager: Mounting plugin LauncherChunkInstaller
LogPluginManager: Mounting plugin AndroidDeviceProfileSelector
LogPluginManager: Mounting plugin AndroidMoviePlayer
LogPluginManager: Mounting plugin AndroidPermission
LogPluginManager: Mounting plugin AppleMoviePlayer
LogPluginManager: Mounting plugin ArchVisCharacter
LogPluginManager: Mounting plugin AudioCapture
LogPluginManager: Mounting plugin CableComponent
LogPluginManager: Mounting plugin CustomMeshComponent
LogPluginManager: Mounting plugin EditableMesh
LogPluginManager: Mounting plugin ExampleDeviceProfileSelector
LogPluginManager: Mounting plugin GoogleCloudMessaging
LogPluginManager: Mounting plugin ImmediatePhysics
LogPluginManager: Mounting plugin IOSDeviceProfileSelector
LogPluginManager: Mounting plugin LinuxDeviceProfileSelector
LogPluginManager: Mounting plugin LocationServicesBPLibrary
LogPluginManager: Mounting plugin MobilePatchingUtils
LogPluginManager: Mounting plugin OculusVR
LogPluginManager: Plugin shader directory ../../../Engine/Plugins/Runtime/Oculus/OculusVR/Shaders found
LogPluginManager: Mapping shader source directory ../../../Engine/Plugins/Runtime/Oculus/OculusVR/Shaders to virtual directory /Plugin/OculusVR
LogPluginManager: Mounting plugin PhysXVehicles
LogPluginManager: Mounting plugin ProceduralMeshComponent
LogPluginManager: Mounting plugin RuntimePhysXCooking
LogPluginManager: Mounting plugin SteamVR
LogPluginManager: Mounting plugin WindowsMoviePlayer
LogStreaming: Display: Took  0.149s to configure plugins.
LogInit: Using libcurl 7.55.1-DEV
LogInit:  - built for x86_64-pc-win32
LogInit:  - supports SSL with OpenSSL/1.0.2h
LogInit:  - supports HTTP deflate (compression) using libz 1.2.8
LogInit:  - other features:
LogInit:      CURL_VERSION_SSL
LogInit:      CURL_VERSION_LIBZ
LogInit:      CURL_VERSION_IPV6
LogInit:      CURL_VERSION_ASYNCHDNS
LogInit:      CURL_VERSION_LARGEFILE
LogInit:      CURL_VERSION_IDN
LogInit:  CurlRequestOptions (configurable via config and command line):
LogInit:  - bVerifyPeer = false  - Libcurl will NOT verify peer certificate
LogInit:  - bUseHttpProxy = false  - Libcurl will NOT use HTTP proxy
LogInit:  - bDontReuseConnections = false  - Libcurl will reuse connections
LogInit:  - CertBundlePath = nullptr  - Libcurl will use whatever was configured at build time.
LogInit:  - MaxHostConnections = 16  - Libcurl will limit the number of connections to a host
LogInit:  - LocalHostAddr = Default
LogInit:  - BufferSize = 65536
LogInit: WinSock: version 1.1 (2.2), MaxSocks=32767, MaxUdp=65467
LogInit: Build: ++UE4+Release-4.20-CL-4369336
LogInit: Engine Version: 4.20.3-4369336+++UE4+Release-4.20
LogInit: Compatible Engine Version: 4.20.0-4212847+++UE4+Release-4.20
LogInit: Net CL: 4212847
LogInit: OS: Windows 10 (), CPU: Intel(R) Core(TM) i7-6700HQ CPU @ 2.60GHz, GPU: Intel(R) HD Graphics 530
LogInit: Compiled (64-bit): Sep 17 2018 12:26:19
LogInit: Compiled with Visual C++: 19.13.26129.00
LogInit: Build Configuration: Development
LogInit: Branch Name: ++UE4+Release-4.20
LogInit: Command Line: 
LogInit: Base Directory: C:/Program Files/Epic Games/UE_4.20/Engine/Binaries/Win64/
LogInit: Installed Engine Build: 1
LogDevObjectVersion: Number of dev versions registered: 20
LogDevObjectVersion:   Dev-Blueprints (B0D832E4-1F89-4F0D-ACCF-7EB736FD4AA2): 10
LogDevObjectVersion:   Dev-Build (E1C64328-A22C-4D53-A36C-8E866417BD8C): 0
LogDevObjectVersion:   Dev-Core (375EC13C-06E4-48FB-B500-84F0262A717E): 2
LogDevObjectVersion:   Dev-Editor (E4B068ED-F494-42E9-A231-DA0B2E46BB41): 24
LogDevObjectVersion:   Dev-Framework (CFFC743F-43B0-4480-9391-14DF171D2073): 34
LogDevObjectVersion:   Dev-Mobile (B02B49B5-BB20-44E9-A304-32B752E40360): 2
LogDevObjectVersion:   Dev-Networking (A4E4105C-59A1-49B5-A7C5-40C4547EDFEE): 0
LogDevObjectVersion:   Dev-Online (39C831C9-5AE6-47DC-9A44-9C173E1C8E7C): 0
LogDevObjectVersion:   Dev-Physics (78F01B33-EBEA-4F98-B9B4-84EACCB95AA2): 0
LogDevObjectVersion:   Dev-Platform (6631380F-2D4D-43E0-8009-CF276956A95A): 0
LogDevObjectVersion:   Dev-Rendering (12F88B9F-8875-4AFC-A67C-D90C383ABD29): 26
LogDevObjectVersion:   Dev-Sequencer (7B5AE74C-D270-4C10-A958-57980B212A5A): 9
LogDevObjectVersion:   Dev-VR (D7296918-1DD6-4BDD-9DE2-64A83CC13884): 2
LogDevObjectVersion:   Dev-LoadTimes (C2A15278-BFE7-4AFE-6C17-90FF531DF755): 1
LogDevObjectVersion:   Private-Geometry (6EACA3D4-40EC-4CC1-B786-8BED09428FC5): 3
LogDevObjectVersion:   Dev-AnimPhys (29E575DD-E0A3-4627-9D10-D276232CDCEA): 17
LogDevObjectVersion:   Dev-ReflectionCapture (6B266CEC-1EC7-4B8F-A30B-E4D90942FC07): 1
LogDevObjectVersion:   Dev-Automation (0DF73D61-A23F-47EA-B727-89E90C41499A): 1
LogDevObjectVersion:   FortniteMain (601D1886-AC64-4F84-AA16-D3DE0DEAC7D6): 12
LogDevObjectVersion:   Dev-Enterprise (9DFFBCD6-494F-0158-E221-12823C92A888): 1
LogStreaming: Display: Took  0.005s to delete old logs.
LogInit: Presizing for max 8388607 objects, including 0 objects not considered by GC, pre-allocating 0 bytes for permanent pool.
LogInit: Object subsystem initialized
[2019.04.01-01.07.25:693][  0]LogInit: Selected Device Profile: [Windows]
[2019.04.01-01.07.25:693][  0]LogInit: Applying CVar settings loaded from the selected device profile: [Windows]
[2019.04.01-01.07.25:727][  0]LogHAL: Display: Platform has ~ 16 GB [16751534080 / 17179869184 / 16], which maps to Larger [LargestMinGB=32, LargerMinGB=12, DefaultMinGB=8, SmallerMinGB=6, SmallestMinGB=0)
[2019.04.01-01.07.25:727][  0]LogInit: Setting Device Profile CVar: [[r.Vulkan.UseRealUBs:1]]
[2019.04.01-01.07.25:727][  0]LogInit: Going up to parent DeviceProfile []
[2019.04.01-01.07.25:728][  0]LogInit: Computer: JESSIES-LAPTOP
[2019.04.01-01.07.25:728][  0]LogInit: User: jessielichter
[2019.04.01-01.07.25:728][  0]LogInit: CPU Page size=4096, Cores=4
[2019.04.01-01.07.25:728][  0]LogInit: High frequency timer resolution =2.531248 MHz
[2019.04.01-01.07.25:729][  0]LogMemory: Memory total: Physical=15.6GB (16GB approx)
[2019.04.01-01.07.25:729][  0]LogMemory: Platform Memory Stats for Windows
[2019.04.01-01.07.25:729][  0]LogMemory: Process Physical Memory: 100.64 MB used, 100.64 MB peak
[2019.04.01-01.07.25:729][  0]LogMemory: Process Virtual Memory: 89.29 MB used, 89.29 MB peak
[2019.04.01-01.07.25:729][  0]LogMemory: Physical Memory: 8051.46 MB used,  7924.05 MB free, 15975.51 MB total
[2019.04.01-01.07.25:729][  0]LogMemory: Virtual Memory: 4639.14 MB used,  7924.05 MB free, 134217728.00 MB total
[2019.04.01-01.07.25:770][  0]LogInit: Using OS detected language (en-US).
[2019.04.01-01.07.25:770][  0]LogInit: Using OS detected locale (en-US).
[2019.04.01-01.07.25:771][  0]LogTextLocalizationManager: No specific localization for 'en-US' exists, so the 'en' localization will be used.
[2019.04.01-01.07.26:168][  0]LogStreaming: Display: Took  0.398s to InitEngineTextLocalization.
[2019.04.01-01.07.26:168][  0]LogInit: Setting process to per monitor DPI aware
[2019.04.01-01.07.26:212][  0]LogSlate: New Slate User Created.  User Index 0, Is Virtual User: 0
[2019.04.01-01.07.26:212][  0]LogSlate: Slate User Registered.  User Index 0, Is Virtual User: 0
[2019.04.01-01.07.26:489][  0]LogHMD: Failed to initialize OpenVR with code 110
[2019.04.01-01.07.26:489][  0]LogD3D11RHI: D3D11 adapters:
[2019.04.01-01.07.26:559][  0]LogD3D11RHI:    0. 'NVIDIA GeForce GTX 960M' (Feature Level 11_0)
[2019.04.01-01.07.26:559][  0]LogD3D11RHI:       2010/0/7987 MB DedicatedVideo/DedicatedSystem/SharedSystem, Outputs:1, VendorId:0x10de
[2019.04.01-01.07.26:571][  0]LogD3D11RHI:    1. 'Intel(R) HD Graphics 530' (Feature Level 11_0)
[2019.04.01-01.07.26:571][  0]LogD3D11RHI:       128/0/7987 MB DedicatedVideo/DedicatedSystem/SharedSystem, Outputs:0, VendorId:0x8086
[2019.04.01-01.07.26:574][  0]LogD3D11RHI:    2. 'Microsoft Basic Render Driver' (Feature Level 11_0)
[2019.04.01-01.07.26:574][  0]LogD3D11RHI:       0/0/7987 MB DedicatedVideo/DedicatedSystem/SharedSystem, Outputs:0, VendorId:0x1414
[2019.04.01-01.07.26:574][  0]LogD3D11RHI: Chosen D3D11 Adapter: 0
[2019.04.01-01.07.26:627][  0]LogD3D11RHI: Creating new Direct3DDevice
[2019.04.01-01.07.26:627][  0]LogD3D11RHI:     GPU DeviceId: 0x139b (for the marketing name, search the web for "GPU Device Id")
[2019.04.01-01.07.26:627][  0]LogWindows: EnumDisplayDevices:
[2019.04.01-01.07.26:627][  0]LogWindows:    0. 'Intel(R) HD Graphics 530' (P:1 D:1)
[2019.04.01-01.07.26:628][  0]LogWindows:    1. 'Intel(R) HD Graphics 530' (P:0 D:0)
[2019.04.01-01.07.26:628][  0]LogWindows:    2. 'Intel(R) HD Graphics 530' (P:0 D:0)
[2019.04.01-01.07.26:628][  0]LogWindows: DebugString: PrimaryIsNotTheChoosenAdapter PrimaryIsNotTheChoosenAdapter PrimaryIsNotTheChoosenAdapter FoundDriverCount:0 
[2019.04.01-01.07.26:628][  0]LogD3D11RHI:     Adapter Name: NVIDIA GeForce GTX 960M
[2019.04.01-01.07.26:628][  0]LogD3D11RHI:   Driver Version: Unknown (internal:Unknown, unified:Unknown)
[2019.04.01-01.07.26:628][  0]LogD3D11RHI:      Driver Date: Unknown
[2019.04.01-01.07.26:628][  0]LogRHI: Texture pool is 1407 MB (70% of 2010 MB)
[2019.04.01-01.07.26:670][  0]LogD3D11RHI: Async texture creation enabled
[2019.04.01-01.07.26:689][  0]LogD3D11RHI: GPU Timing Frequency: 1000.000000 (Debug: 2 2)
[2019.04.01-01.07.26:690][  0]LogShaderCompilers: Guid format shader working directory is -29 characters bigger than the processId version (../../../../../../Users/jessie lichter/Documents/GitHub/GameDev2Project/MarshMellow/Intermediate/Shaders/WorkingDirectory/21624/).
[2019.04.01-01.07.26:690][  0]LogShaderCompilers: Cleaned the shader compiler working directory 'C:/Users/jessie lichter/AppData/Local/Temp/UnrealShaderWorkingDir/91E4245D499893DF70E126B50EAF42D7/'.
[2019.04.01-01.07.27:067][  0]LogTemp: Display: Loaded TP AllDesktopTargetPlatform
[2019.04.01-01.07.27:088][  0]LogTemp: Display: Loaded TP MacClientTargetPlatform
[2019.04.01-01.07.27:107][  0]LogTemp: Display: Loaded TP MacNoEditorTargetPlatform
[2019.04.01-01.07.27:127][  0]LogTemp: Display: Loaded TP MacServerTargetPlatform
[2019.04.01-01.07.27:146][  0]LogTemp: Display: Loaded TP MacTargetPlatform
[2019.04.01-01.07.27:166][  0]LogTemp: Display: Loaded TP WindowsClientTargetPlatform
[2019.04.01-01.07.27:185][  0]LogTemp: Display: Loaded TP WindowsNoEditorTargetPlatform
[2019.04.01-01.07.27:204][  0]LogTemp: Display: Loaded TP WindowsServerTargetPlatform
[2019.04.01-01.07.27:213][  0]LogTemp: Display: Loaded TP WindowsTargetPlatform
[2019.04.01-01.07.27:321][  0]LogTemp: Display: Loaded TP AndroidTargetPlatform
[2019.04.01-01.07.27:322][  0]LogTemp: Display: Loaded TP AndroidTargetPlatform
[2019.04.01-01.07.27:322][  0]LogTemp: Display: Loaded TP AndroidTargetPlatform
[2019.04.01-01.07.27:322][  0]LogTemp: Display: Loaded TP AndroidTargetPlatform
[2019.04.01-01.07.27:322][  0]LogTemp: Display: Loaded TP AndroidTargetPlatform
[2019.04.01-01.07.27:322][  0]LogTemp: Display: Loaded TP AndroidTargetPlatform
[2019.04.01-01.07.27:322][  0]LogTemp: Display: Loaded TP AndroidTargetPlatform
[2019.04.01-01.07.27:322][  0]LogTemp: Display: Loaded TP AndroidTargetPlatform
[2019.04.01-01.07.27:322][  0]LogTemp: Display: Loaded TP AndroidTargetPlatform
[2019.04.01-01.07.27:322][  0]LogTemp: Display: Loaded TP AndroidTargetPlatform
[2019.04.01-01.07.27:322][  0]LogTemp: Display: Loaded TP AndroidTargetPlatform
[2019.04.01-01.07.27:322][  0]LogTemp: Display: Loaded TP AndroidTargetPlatform
[2019.04.01-01.07.27:322][  0]LogTemp: Display: Loaded TP AndroidTargetPlatform
[2019.04.01-01.07.27:322][  0]LogTemp: Display: Loaded TP AndroidTargetPlatform
[2019.04.01-01.07.27:322][  0]LogTemp: Display: Loaded TP AndroidTargetPlatform
[2019.04.01-01.07.27:322][  0]LogTemp: Display: Loaded TP AndroidTargetPlatform
[2019.04.01-01.07.27:322][  0]LogTemp: Display: Loaded TP AndroidTargetPlatform
[2019.04.01-01.07.27:322][  0]LogTemp: Display: Loaded TP AndroidTargetPlatform
[2019.04.01-01.07.27:323][  0]LogTemp: Display: Loaded TP HTML5TargetPlatform
[2019.04.01-01.07.27:393][  0]LogTemp: Display: Loaded TP IOSTargetPlatform
[2019.04.01-01.07.27:393][  0]LogTemp: Display: Loaded TP IOSTargetPlatform
[2019.04.01-01.07.27:425][  0]LogTemp: Display: Loaded TP TVOSTargetPlatform
[2019.04.01-01.07.27:425][  0]LogTemp: Display: Loaded TP TVOSTargetPlatform
[2019.04.01-01.07.27:441][  0]LogTemp: Display: Loaded TP LinuxClientTargetPlatform
[2019.04.01-01.07.27:457][  0]LogTemp: Display: Loaded TP LinuxNoEditorTargetPlatform
[2019.04.01-01.07.27:473][  0]LogTemp: Display: Loaded TP LinuxServerTargetPlatform
[2019.04.01-01.07.27:491][  0]LogTemp: Display: Loaded TP LinuxTargetPlatform
[2019.04.01-01.07.27:504][  0]LogTemp: Display: Loaded TP LuminTargetPlatform
[2019.04.01-01.07.27:504][  0]LogTargetPlatformManager: Display: Building Assets For Windows
[2019.04.01-01.07.27:588][  0]LogXGEController: Cannot use XGE Controller as Incredibuild is not installed on this machine.
[2019.04.01-01.07.27:588][  0]LogShaderCompilers: Cannot use XGE Shader Compiler as Incredibuild is not installed on this machine.
[2019.04.01-01.07.27:588][  0]LogShaderCompilers: Display: Using Local Shader Compiler.
[2019.04.01-01.07.28:571][  0]LogDerivedDataCache: Display: Max Cache Size: 512 MB
[2019.04.01-01.07.28:632][  0]LogDerivedDataCache: Loaded boot cache 0.06s 71MB C:/Users/jessie lichter/AppData/Local/UnrealEngine/4.20/DerivedDataCache/Boot.ddc.
[2019.04.01-01.07.28:633][  0]LogDerivedDataCache: Display: Loaded Boot cache: C:/Users/jessie lichter/AppData/Local/UnrealEngine/4.20/DerivedDataCache/Boot.ddc
[2019.04.01-01.07.28:633][  0]LogDerivedDataCache: FDerivedDataBackendGraph:  Pak pak cache file ../../../../../../Users/jessie lichter/Documents/GitHub/GameDev2Project/MarshMellow/DerivedDataCache/DDC.ddp not found, will not use a pak cache.
[2019.04.01-01.07.28:633][  0]LogDerivedDataCache: Unable to find inner node Pak for hierarchical cache Hierarchy.
[2019.04.01-01.07.28:633][  0]LogDerivedDataCache: FDerivedDataBackendGraph:  CompressedPak pak cache file ../../../../../../Users/jessie lichter/Documents/GitHub/GameDev2Project/MarshMellow/DerivedDataCache/Compressed.ddp not found, will not use a pak cache.
[2019.04.01-01.07.28:633][  0]LogDerivedDataCache: Unable to find inner node CompressedPak for hierarchical cache Hierarchy.
[2019.04.01-01.07.28:651][  0]LogDerivedDataCache: Display: Pak cache opened for reading ../../../Engine/DerivedDataCache/Compressed.ddp.
[2019.04.01-01.07.28:663][  0]LogDerivedDataCache: Using Local data cache path C:/Users/jessie lichter/AppData/Local/UnrealEngine/Common/DerivedDataCache: Writable
[2019.04.01-01.07.28:663][  0]LogDerivedDataCache: Shared data cache path not found in *engine.ini, will not use an Shared cache.
[2019.04.01-01.07.28:663][  0]LogDerivedDataCache: Unable to find inner node Shared for hierarchical cache Hierarchy.
[2019.04.01-01.07.28:685][  0]LogMaterial: Verifying Global Shaders for PCD3D_SM5
[2019.04.01-01.07.28:687][  0]LogSlate: Using FreeType 2.6.0
[2019.04.01-01.07.28:687][  0]LogSlate: SlateFontServices - WITH_FREETYPE: 1, WITH_HARFBUZZ: 1
[2019.04.01-01.07.28:767][  0]LogAssetRegistry: FAssetRegistry took 0.0270 seconds to start up
[2019.04.01-01.07.29:138][  0]LogInit: Selected Device Profile: [Windows]
[2019.04.01-01.07.29:292][  0]LogSimplygon: Simplygon DLL not present - disabling.
[2019.04.01-01.07.29:297][  0]LogMeshReduction: Using SimplygonSwarm for distributed automatic mesh merging
[2019.04.01-01.07.29:297][  0]LogMeshReduction: Using ProxyLODMeshReduction for automatic mesh merging
[2019.04.01-01.07.29:297][  0]LogMeshReduction: Using QuadricMeshReduction for automatic static mesh reduction
[2019.04.01-01.07.29:297][  0]LogMeshReduction: No automatic skeletal mesh reduction module available
[2019.04.01-01.07.29:314][  0]LogNetVersion: MarshMellow 1.0.0, NetCL: 4212847, EngineNetVer: 5, GameNetVer: 0 (Checksum: 3750370364)
[2019.04.01-01.07.29:952][  0]LogPackageLocalizationCache: Processed 11 localized package path(s) for 2 prioritized culture(s) in 0.133972 seconds
[2019.04.01-01.07.29:962][  0]LogUObjectArray: 38425 objects as part of root set at end of initial load.
[2019.04.01-01.07.29:962][  0]LogUObjectAllocator: 6690872 out of 0 bytes used by permanent object pool.
[2019.04.01-01.07.29:962][  0]LogUObjectArray: CloseDisregardForGC: 0/0 objects in disregard for GC pool
[2019.04.01-01.07.31:119][  0]LogTcpMessaging: Initializing TcpMessaging bridge
[2019.04.01-01.07.31:133][  0]LogUdpMessaging: Initializing bridge on interface 0.0.0.0:0 to multicast group 230.0.0.1:6666.
[2019.04.01-01.07.31:312][  0]SourceControl: Source control is disabled
[2019.04.01-01.07.31:313][  0]SourceControl: Source control is disabled
[2019.04.01-01.07.31:314][  0]SourceControl: Source control is disabled
[2019.04.01-01.07.31:315][  0]SourceControl: Source control is disabled
[2019.04.01-01.07.31:504][  0]LogAndroidPermission: UAndroidPermissionCallbackProxy::GetInstance
[2019.04.01-01.07.31:708][  0]LogOcInput: OculusInput pre-init called
[2019.04.01-01.07.31:791][  0]LogEngine: Initializing Engine...
[2019.04.01-01.07.31:792][  0]LogHMD: Failed to initialize OpenVR with code 110
[2019.04.01-01.07.31:793][  0]LogStats: UGameplayTagsManager::ConstructGameplayTagTree: ImportINI prefixes -  0.000 s
[2019.04.01-01.07.31:793][  0]LogStats: UGameplayTagsManager::ConstructGameplayTagTree: Construct from data asset -  0.000 s
[2019.04.01-01.07.31:793][  0]LogStats: UGameplayTagsManager::ConstructGameplayTagTree: ImportINI -  0.000 s
[2019.04.01-01.07.31:793][  0]LogStats: UGameplayTagsManager::ConstructGameplayTagTree: GameplayTagTreeChangedEvent.Broadcast -  0.000 s
[2019.04.01-01.07.32:012][  0]LogInit: Initializing FReadOnlyCVARCache
[2019.04.01-01.07.32:028][  0]LogAIModule: Creating AISystem for world Untitled
[2019.04.01-01.07.32:096][  0]LogInit: XAudio2 using 'Speakers / Headphones (Realtek Audio)' : 2 channels at 48 kHz using 32 bits per sample (channel mask 0x3)
[2019.04.01-01.07.32:135][  0]LogInit: FAudioDevice initialized.
[2019.04.01-01.07.32:135][  0]LogNetVersion: Set ProjectVersion to 1.0.0.0. Version Checksum will be recalculated on next use.
[2019.04.01-01.07.32:196][  0]LogDerivedDataCache: Saved boot cache 0.06s 71MB C:/Users/jessie lichter/AppData/Local/UnrealEngine/4.20/DerivedDataCache/Boot.ddc.
[2019.04.01-01.07.32:203][  0]LogInit: Texture streaming: Enabled
[2019.04.01-01.07.32:223][  0]LogEngineSessionManager: EngineSessionManager initialized
[2019.04.01-01.07.32:247][  0]LogInit: Transaction tracking system initialized
[2019.04.01-01.07.32:276][  0]BlueprintLog: New page: Editor Load
[2019.04.01-01.07.32:374][  0]LocalizationService: Localization service is disabled
[2019.04.01-01.07.32:697][  0]LogCook: Display: Max memory allowance for cook 16384mb min free memory 0mb
[2019.04.01-01.07.32:697][  0]LogCook: Display: Mobile HDR setting 1
[2019.04.01-01.07.32:697][  0]LogGameplayTags: Display: UGameplayTagsManager::DoneAddingNativeTags. DelegateIsBound: 0
[2019.04.01-01.07.32:697][  0]LogStats: UGameplayTagsManager::ConstructGameplayTagTree: ImportINI prefixes -  0.000 s
[2019.04.01-01.07.32:697][  0]LogStats: UGameplayTagsManager::ConstructGameplayTagTree: Construct from data asset -  0.000 s
[2019.04.01-01.07.32:697][  0]LogStats: UGameplayTagsManager::ConstructGameplayTagTree: ImportINI -  0.000 s
[2019.04.01-01.07.32:697][  0]LogStats: UGameplayTagsManager::ConstructGameplayTagTree: GameplayTagTreeChangedEvent.Broadcast -  0.000 s
[2019.04.01-01.07.32:848][  0]LogFileCache: Scanning file cache for directory 'C:/Users/jessie lichter/Documents/GitHub/GameDev2Project/MarshMellow/Content/' took 0.08s
[2019.04.01-01.07.32:858][  0]SourceControl: Source control is disabled
[2019.04.01-01.07.32:858][  0]Cmd: MAP LOAD FILE="../../../../../../Users/jessie lichter/Documents/GitHub/GameDev2Project/MarshMellow/Content/ThirdPersonBP/Maps/ThirdPersonExampleMap.umap" TEMPLATE=0 SHOWPROGRESS=1 FEATURELEVEL=3
[2019.04.01-01.07.32:864][  0]LightingResults: New page: Lighting Build
[2019.04.01-01.07.32:869][  0]MapCheck: New page: Map Check
[2019.04.01-01.07.32:869][  0]LightingResults: New page: Lighting Build
[2019.04.01-01.07.33:164][  0]LogLinker: Warning: Can't find file '/Game/ThirdPersonBP/Maps/ThirdPersonExampleMap_BuiltData'
[2019.04.01-01.07.33:165][  0]LogLinker: Warning: Can't find file for asset '/Game/ThirdPersonBP/Maps/ThirdPersonExampleMap_BuiltData' while loading ../../../../../../Users/jessie lichter/Documents/GitHub/GameDev2Project/MarshMellow/Content/ThirdPersonBP/Maps/ThirdPersonExampleMap.umap.
[2019.04.01-01.07.33:165][  0]LoadErrors: Error: /Game/ThirdPersonBP/Maps/ThirdPersonExampleMap : Can't find file for asset. /Game/ThirdPersonBP/Maps/ThirdPersonExampleMap_BuiltData
[2019.04.01-01.07.33:186][  0]LogLinker: Warning: Can't find file '/Game/ThirdPersonBP/Maps/ThirdPersonExampleMap_BuiltData'
[2019.04.01-01.07.33:187][  0]LogLinker: Warning: Can't find file for asset '/Game/ThirdPersonBP/Maps/ThirdPersonExampleMap_BuiltData' while loading ../../../../../../Users/jessie lichter/Documents/GitHub/GameDev2Project/MarshMellow/Content/ThirdPersonBP/Maps/ThirdPersonExampleMap.umap.
[2019.04.01-01.07.33:187][  0]LoadErrors: Error: /Game/ThirdPersonBP/Maps/ThirdPersonExampleMap : Can't find file for asset. /Game/ThirdPersonBP/Maps/ThirdPersonExampleMap_BuiltData
[2019.04.01-01.07.33:190][  0]LogLinker: Warning: Can't find file '/Game/ThirdPersonBP/Maps/ThirdPersonExampleMap_BuiltData'
[2019.04.01-01.07.33:190][  0]LogLinker: Warning: Can't find file for asset '/Game/ThirdPersonBP/Maps/ThirdPersonExampleMap_BuiltData' while loading NULL.
[2019.04.01-01.07.33:191][  0]LogLinker: Warning: Can't find file '/Game/ThirdPersonBP/Maps/ThirdPersonExampleMap_BuiltData'
[2019.04.01-01.07.33:191][  0]LogLinker: Warning: Can't find file for asset '/Game/ThirdPersonBP/Maps/ThirdPersonExampleMap_BuiltData' while loading NULL.
[2019.04.01-01.07.33:260][  0]LogLinker: Warning: Can't find file '/Game/ThirdPersonBP/Maps/ThirdPersonExampleMap_BuiltData'
[2019.04.01-01.07.33:260][  0]LoadErrors: Failed to load /Game/ThirdPersonBP/Maps/ThirdPersonExampleMap_BuiltData.ThirdPersonExampleMap_BuiltData Referenced by PersistentLevel
[2019.04.01-01.07.33:260][  0]LogLinker: Warning: Can't find file for asset '/Game/ThirdPersonBP/Maps/ThirdPersonExampleMap_BuiltData' while loading NULL.
[2019.04.01-01.07.33:260][  0]LoadErrors: Failed to load /Game/ThirdPersonBP/Maps/ThirdPersonExampleMap_BuiltData.ThirdPersonExampleMap_BuiltData Referenced by PersistentLevel
[2019.04.01-01.07.33:468][  0]LogAIModule: Creating AISystem for world ThirdPersonExampleMap
[2019.04.01-01.07.33:503][  0]LogEditorServer: Finished looking for orphan Actors (0.000 secs)
[2019.04.01-01.07.33:538][  0]Cmd: MAP CHECKDEP NOCLEARLOG
[2019.04.01-01.07.33:638][  0]MapCheck: Map check complete: 0 Error(s), 0 Warning(s), took 100.36ms to complete.
[2019.04.01-01.07.33:638][  0]LogFileHelpers: Loading map 'ThirdPersonExampleMap' took 0.780
[2019.04.01-01.07.33:750][  0]LogSlate: Updating window title bar state: overlay mode, drag disabled, window buttons hidden, title bar hidden
[2019.04.01-01.07.33:759][  0]LogCollectionManager: Loaded 0 collections in 0.002756 seconds
[2019.04.01-01.07.33:802][  0]LogFileCache: Scanning file cache for directory 'C:/Users/jessie lichter/Documents/GitHub/GameDev2Project/MarshMellow/Saved/Collections/' took 0.01s
[2019.04.01-01.07.33:802][  0]LogFileCache: Scanning file cache for directory 'C:/Users/jessie lichter/Documents/GitHub/GameDev2Project/MarshMellow/Content/Developers/jessielichter/Collections/' took 0.01s
[2019.04.01-01.07.33:802][  0]LogFileCache: Scanning file cache for directory 'C:/Users/jessie lichter/Documents/GitHub/GameDev2Project/MarshMellow/Content/Collections/' took 0.01s
[2019.04.01-01.07.33:802][  0]LogCollectionManager: Rebuilt the GUID cache for 0 collections in 0.000000 seconds
[2019.04.01-01.07.33:813][  0]LogContentBrowser: Native class hierarchy populated in 0.0110 seconds. Added 2572 classes and 603 folders.
[2019.04.01-01.07.33:823][  0]LogContentBrowser: Native class hierarchy updated for 'WidgetCarousel' in 0.0003 seconds. Added 0 classes and 0 folders.
[2019.04.01-01.07.33:884][  0]LogContentBrowser: Native class hierarchy updated for 'AddContentDialog' in 0.0003 seconds. Added 0 classes and 0 folders.
[2019.04.01-01.07.33:893][  0]LogContentBrowser: Native class hierarchy updated for 'WorldBrowser' in 0.0003 seconds. Added 2 classes and 3 folders.
[2019.04.01-01.07.33:900][  0]LogContentBrowser: Native class hierarchy updated for 'SceneOutliner' in 0.0003 seconds. Added 1 classes and 2 folders.
[2019.04.01-01.07.33:974][  0]LogSlate: Took 0.000316 seconds to synchronously load lazily loaded font '../../../Engine/Content/Slate/Fonts/Roboto-Regular.ttf' (155K)
[2019.04.01-01.07.33:977][  0]LogSlate: Took 0.000262 seconds to synchronously load lazily loaded font '../../../Engine/Content/Slate/Fonts/Roboto-Bold.ttf' (160K)
[2019.04.01-01.07.34:080][  0]LogRenderer: Reallocating scene render targets to support 796x560 Format 10 NumSamples 1 (Frame:1).
[2019.04.01-01.07.34:263][  0]LogContentBrowser: Native class hierarchy updated for 'HierarchicalLODOutliner' in 0.0003 seconds. Added 0 classes and 0 folders.
[2019.04.01-01.07.34:263][  0]LogLoad: (Engine Initialization) Total time: 10.77 seconds
[2019.04.01-01.07.34:263][  0]LogLoad: (Engine Initialization) Total Blueprint compile time: 0.00 seconds
[2019.04.01-01.07.34:275][  0]LogWindowsTextInputMethodSystem: Display: IME system now deactivated.
[2019.04.01-01.07.34:310][  0]LogContentStreaming: Texture pool size now 1000 MB
[2019.04.01-01.07.34:314][  0]LogSlate: FSceneViewport::OnFocusLost() reason 2
[2019.04.01-01.07.34:732][  4]LogAssetRegistry: Asset discovery search completed in 5.9872 seconds
[2019.04.01-01.07.34:735][  4]LogCollectionManager: Rebuilt the object cache for 0 collections in 0.000000 seconds (found 0 objects)
[2019.04.01-01.07.34:735][  4]LogCollectionManager: Fixed up redirectors for 0 collections in 0.000080 seconds (updated 0 objects)
[2019.04.01-01.07.39:362][523]LogFileCache: Retrieving MD5 hashes for directory 'C:/Users/jessie lichter/Documents/GitHub/GameDev2Project/MarshMellow/Content/' took 5.07s
[2019.04.01-01.08.19:860][279]LogSlate: Window 'Message Log' being destroyed
[2019.04.01-01.08.19:866][279]LogSlate: Window 'Message Log' being destroyed
[2019.04.01-01.08.21:707][498]LogSlate: FSceneViewport::OnFocusLost() reason 0
[2019.04.01-01.08.21:709][498]LogSlate: Took 0.000290 seconds to synchronously load lazily loaded font '../../../Engine/Content/Editor/Slate/Fonts/FontAwesome.ttf' (139K)
[2019.04.01-01.08.21:754][498]LogSlate: Took 0.000211 seconds to synchronously load lazily loaded font '../../../Engine/Content/Slate/Fonts/Roboto-Light.ttf' (167K)
[2019.04.01-01.13.39:785][300]LogSlate: Took 0.000245 seconds to synchronously load lazily loaded font '../../../Engine/Content/Slate/Fonts/Roboto-Light.ttf' (167K)
[2019.04.01-01.13.40:590][300]LogAIModule: Creating AISystem for world PersistentLevel
[2019.04.01-01.13.40:760][300]LogAssetEditorManager: Opening Asset editor for World /Game/BetalWorld/B_Levels/PersistentLevel.PersistentLevel
[2019.04.01-01.13.40:796][300]Cmd: MAP LOAD FILE="../../../../../../Users/jessie lichter/Documents/GitHub/GameDev2Project/MarshMellow/Content/BetalWorld/B_Levels/PersistentLevel.umap" TEMPLATE=0 SHOWPROGRESS=1 FEATURELEVEL=3
[2019.04.01-01.13.40:796][300]LightingResults: New page: Lighting Build
[2019.04.01-01.13.40:797][300]LoadErrors: New page: Loading map: PersistentLevel.umap
[2019.04.01-01.13.40:798][300]MapCheck: New page: Map Check
[2019.04.01-01.13.40:798][300]LightingResults: New page: Lighting Build
[2019.04.01-01.13.41:066][300]LogEditorServer: Finished looking for orphan Actors (0.000 secs)
[2019.04.01-01.13.41:129][300]Cmd: MAP CHECKDEP NOCLEARLOG
[2019.04.01-01.13.41:242][300]MapCheck: Map check complete: 0 Error(s), 0 Warning(s), took 114.303ms to complete.
[2019.04.01-01.13.41:244][300]LogFileHelpers: Loading map 'PersistentLevel' took 0.449
[2019.04.01-01.16.40:964][603]LogSlate: FSceneViewport::OnFocusLost() reason 0
[2019.04.01-01.16.41:672][682]LogSlate: Took 0.000220 seconds to synchronously load lazily loaded font '../../../Engine/Content/Slate/Fonts/Roboto-Italic.ttf' (157K)
[2019.04.01-01.17.10:012][ 34]LogSlate: FSceneViewport::OnFocusLost() reason 0
[2019.04.01-01.17.40:311][600]LogSlate: FSceneViewport::OnFocusLost() reason 0
[2019.04.01-01.18.15:215][357]LogSlate: FSceneViewport::OnFocusLost() reason 2
[2019.04.01-01.18.21:531][726]LogSlate: Updating window title bar state: overlay mode, drag disabled, window buttons hidden, title bar hidden
[2019.04.01-01.18.21:551][726]LogSlate: Updating window title bar state: overlay mode, drag disabled, window buttons hidden, title bar hidden
[2019.04.01-01.18.21:570][726]LogSlate: Updating window title bar state: overlay mode, drag disabled, window buttons hidden, title bar hidden
[2019.04.01-01.18.21:588][726]LogSlate: Updating window title bar state: overlay mode, drag disabled, window buttons hidden, title bar hidden
[2019.04.01-01.18.57:706][281]LogSlate: FSceneViewport::OnFocusLost() reason 2
[2019.04.01-01.18.57:871][293]LogEditorViewport: Clicking Background
[2019.04.01-01.18.58:971][408]LogEditorViewport: Clicking Background
[2019.04.01-01.19.00:480][564]LogSlate: FSceneViewport::OnFocusLost() reason 2
[2019.04.01-01.19.00:640][580]LogEditorViewport: Clicking Background
[2019.04.01-01.19.01:807][701]LogEditorViewport: Clicking Background
[2019.04.01-01.19.03:656][888]LogSlate: FSceneViewport::OnFocusLost() reason 0
[2019.04.01-01.19.25:614][868]LogSlate: FSceneViewport::OnFocusLost() reason 2
[2019.04.01-01.19.25:774][883]LogEditorViewport: Clicking on Actor (LMB): Beta_BP_Sky_Sphere_C (Beta_BP_Sky_Sphere)
[2019.04.01-01.19.27:280][ 29]LogEditorViewport: Clicking on Actor (LMB): Beta_BP_Sky_Sphere_C (Beta_BP_Sky_Sphere)
[2019.04.01-01.19.30:259][316]LogSlate: FSceneViewport::OnFocusLost() reason 2
[2019.04.01-01.19.32:392][505]LogSlate: Updating window title bar state: overlay mode, drag disabled, window buttons hidden, title bar hidden
[2019.04.01-01.19.38:681][138]LogSlate: FSceneViewport::OnFocusLost() reason 0
[2019.04.01-01.19.57:924][295]LogSlate: FSceneViewport::OnFocusLost() reason 0
[2019.04.01-01.20.01:815][704]LogSlate: FSceneViewport::OnFocusLost() reason 0
[2019.04.01-01.21.07:950][251]LogSlate: Window 'Color Picker' being destroyed
[2019.04.01-01.21.11:995][516]LogEditorViewport: Clicking on Actor (LMB): Landscape (Landscape)
[2019.04.01-01.21.12:411][545]LogEditorViewport: Clicking on Actor (context menu): Landscape (Landscape)
[2019.04.01-01.21.12:478][545]LogSlate: FSceneViewport::OnFocusLost() reason 2
[2019.04.01-01.21.13:398][623]LogEditorViewport: Clicking on Actor (LMB): Landscape (Landscape)
[2019.04.01-01.21.14:254][668]LogSlate: FSceneViewport::OnFocusLost() reason 0
[2019.04.01-01.21.14:366][677]LogTemp: Repeating last play command: Selected Viewport
[2019.04.01-01.21.14:426][677]LogPlayLevel: PlayLevel: No blueprints needed recompiling
[2019.04.01-01.21.14:443][677]PIE: New page: PIE session: PersistentLevel (Mar 31, 2019, 5:21:14 PM)
[2019.04.01-01.21.14:444][677]LogPlayLevel: Creating play world package: /Game/BetalWorld/B_Levels/UEDPIE_0_PersistentLevel
[2019.04.01-01.21.14:483][677]LogPlayLevel: PIE: StaticDuplicateObject took: (0.039189s)
[2019.04.01-01.21.14:484][677]LogAIModule: Creating AISystem for world PersistentLevel
[2019.04.01-01.21.14:485][677]LogPlayLevel: PIE: World Init took: (0.002111s)
[2019.04.01-01.21.14:485][677]LogPlayLevel: PIE: Created PIE world by copying editor world from /Game/BetalWorld/B_Levels/PersistentLevel.PersistentLevel to /Game/BetalWorld/B_Levels/UEDPIE_0_PersistentLevel.PersistentLevel (0.041740s)
[2019.04.01-01.21.14:581][677]LogInit: XAudio2 using 'Speakers / Headphones (Realtek Audio)' : 2 channels at 48 kHz using 32 bits per sample (channel mask 0x3)
[2019.04.01-01.21.14:650][677]LogInit: FAudioDevice initialized.
[2019.04.01-01.21.14:721][677]LogLoad: Game class is 'ThirdPersonGameMode_C'
[2019.04.01-01.21.14:733][677]LogWorld: Bringing World /Game/BetalWorld/B_Levels/UEDPIE_0_PersistentLevel.PersistentLevel up for play (max tick rate 0) at 2019.03.31-21.21.14
[2019.04.01-01.21.14:736][677]LogWorld: Bringing up level for play took: 0.009540
[2019.04.01-01.21.14:774][677]LogContentBrowser: Native class hierarchy updated for 'MovieSceneCapture' in 0.0006 seconds. Added 10 classes and 0 folders.
[2019.04.01-01.21.14:825][677]LogStreaming: Display: Flushing async loaders.
[2019.04.01-01.21.14:878][677]PIE: Play in editor start time for /Game/BetalWorld/B_Levels/UEDPIE_0_PersistentLevel 0.923
[2019.04.01-01.22.03:749][582]LogSlate: Updating window title bar state: overlay mode, drag disabled, window buttons hidden, title bar hidden
[2019.04.01-01.22.03:799][582]LogPlayLevel: Display: Shutting down PIE online subsystems
[2019.04.01-01.22.03:848][582]LogSlate: Updating window title bar state: overlay mode, drag disabled, window buttons hidden, title bar hidden
[2019.04.01-01.22.03:915][583]LogPlayLevel: Display: Destroying online subsystem :Context_1
[2019.04.01-01.22.10:142][282]LogEditorViewport: Clicking on Actor (LMB): Landscape (Landscape)
[2019.04.01-01.22.15:024][771]LogSlate: FSceneViewport::OnFocusLost() reason 0
[2019.04.01-01.22.15:120][781]LogTemp: Repeating last play command: Selected Viewport
[2019.04.01-01.22.15:148][781]LogPlayLevel: PlayLevel: No blueprints needed recompiling
[2019.04.01-01.22.15:149][781]PIE: New page: PIE session: PersistentLevel (Mar 31, 2019, 5:22:15 PM)
[2019.04.01-01.22.15:149][781]LogPlayLevel: Creating play world package: /Game/BetalWorld/B_Levels/UEDPIE_0_PersistentLevel
[2019.04.01-01.22.15:163][781]LogPlayLevel: PIE: StaticDuplicateObject took: (0.014001s)
[2019.04.01-01.22.15:164][781]LogAIModule: Creating AISystem for world PersistentLevel
[2019.04.01-01.22.15:164][781]LogPlayLevel: PIE: World Init took: (0.001012s)
[2019.04.01-01.22.15:164][781]LogPlayLevel: PIE: Created PIE world by copying editor world from /Game/BetalWorld/B_Levels/PersistentLevel.PersistentLevel to /Game/BetalWorld/B_Levels/UEDPIE_0_PersistentLevel.PersistentLevel (0.015235s)
[2019.04.01-01.22.15:222][781]LogInit: XAudio2 using 'Speakers / Headphones (Realtek Audio)' : 2 channels at 48 kHz using 32 bits per sample (channel mask 0x3)
[2019.04.01-01.22.15:266][781]LogInit: FAudioDevice initialized.
[2019.04.01-01.22.15:300][781]LogLoad: Game class is 'ThirdPersonGameMode_C'
[2019.04.01-01.22.15:305][781]LogWorld: Bringing World /Game/BetalWorld/B_Levels/UEDPIE_0_PersistentLevel.PersistentLevel up for play (max tick rate 0) at 2019.03.31-21.22.15
[2019.04.01-01.22.15:305][781]LogWorld: Bringing up level for play took: 0.003305
[2019.04.01-01.22.15:371][781]LogStreaming: Display: Flushing async loaders.
[2019.04.01-01.22.15:415][781]PIE: Play in editor start time for /Game/BetalWorld/B_Levels/UEDPIE_0_PersistentLevel -0.539
[2019.04.01-01.22.30:123][516]LogSlate: Updating window title bar state: overlay mode, drag disabled, window buttons hidden, title bar hidden
[2019.04.01-01.22.30:165][516]LogPlayLevel: Display: Shutting down PIE online subsystems
[2019.04.01-01.22.30:206][516]LogSlate: Updating window title bar state: overlay mode, drag disabled, window buttons hidden, title bar hidden
[2019.04.01-01.22.30:265][517]LogPlayLevel: Display: Destroying online subsystem :Context_2
[2019.04.01-01.22.38:456][444]LogSlate: FSceneViewport::OnFocusLost() reason 0
[2019.04.01-01.22.47:550][492]LogEditorViewport: Clicking on Actor (LMB): ThirdPersonCharacter_C (ThirdPersonCharacter)
[2019.04.01-01.23.01:521][628]Cmd: TRANSACTION UNDO
[2019.04.01-01.23.01:521][628]LogEditorTransaction: Undo Move Actors
[2019.04.01-01.23.11:608][324]LogSlate: FSceneViewport::OnFocusLost() reason 0
[2019.04.01-01.23.18:486][745]LogEditorViewport: Clicking on Actor (LMB): Landscape (Landscape)
[2019.04.01-01.23.20:103][857]LogEditorViewport: Clicking on Actor (LMB): ThirdPersonCharacter_C (ThirdPersonCharacter)
[2019.04.01-01.23.23:913][ 33]LogSlate: FSceneViewport::OnFocusLost() reason 0
[2019.04.01-01.23.24:049][ 41]LogTemp: Repeating last play command: Selected Viewport
[2019.04.01-01.23.24:090][ 41]LogPlayLevel: PlayLevel: No blueprints needed recompiling
[2019.04.01-01.23.24:090][ 41]PIE: New page: PIE session: PersistentLevel (Mar 31, 2019, 5:23:24 PM)
[2019.04.01-01.23.24:090][ 41]LogPlayLevel: Creating play world package: /Game/BetalWorld/B_Levels/UEDPIE_0_PersistentLevel
[2019.04.01-01.23.24:110][ 41]LogPlayLevel: PIE: StaticDuplicateObject took: (0.019481s)
[2019.04.01-01.23.24:111][ 41]LogAIModule: Creating AISystem for world PersistentLevel
[2019.04.01-01.23.24:112][ 41]LogPlayLevel: PIE: World Init took: (0.001630s)
[2019.04.01-01.23.24:112][ 41]LogPlayLevel: PIE: Created PIE world by copying editor world from /Game/BetalWorld/B_Levels/PersistentLevel.PersistentLevel to /Game/BetalWorld/B_Levels/UEDPIE_0_PersistentLevel.PersistentLevel (0.021385s)
[2019.04.01-01.23.24:227][ 41]LogInit: XAudio2 using 'Speakers / Headphones (Realtek Audio)' : 2 channels at 48 kHz using 32 bits per sample (channel mask 0x3)
[2019.04.01-01.23.24:282][ 41]LogInit: FAudioDevice initialized.
[2019.04.01-01.23.24:316][ 41]LogLoad: Game class is 'ThirdPersonGameMode_C'
[2019.04.01-01.23.24:322][ 41]LogWorld: Bringing World /Game/BetalWorld/B_Levels/UEDPIE_0_PersistentLevel.PersistentLevel up for play (max tick rate 0) at 2019.03.31-21.23.24
[2019.04.01-01.23.24:322][ 41]LogWorld: Bringing up level for play took: 0.004437
[2019.04.01-01.23.24:344][ 41]PIE: Play in editor start time for /Game/BetalWorld/B_Levels/UEDPIE_0_PersistentLevel 0.39
[2019.04.01-01.23.41:208][901]LogSlate: Updating window title bar state: overlay mode, drag disabled, window buttons hidden, title bar hidden
[2019.04.01-01.23.41:259][901]LogPlayLevel: Display: Shutting down PIE online subsystems
[2019.04.01-01.23.41:333][901]LogSlate: Updating window title bar state: overlay mode, drag disabled, window buttons hidden, title bar hidden
[2019.04.01-01.23.41:409][902]LogPlayLevel: Display: Destroying online subsystem :Context_5
[2019.04.01-01.23.49:126][381]LogSlate: FSceneViewport::OnFocusLost() reason 0
[2019.04.01-01.23.49:760][388]LogMaterial: Display: Missing cached shader map for material M_Landscape, compiling. 
[2019.04.01-01.23.49:831][388]LogShaderCompilers: Display: Shaders left to compile 8
[2019.04.01-01.23.50:449][388]LogTexture: Display: Building textures: Texture2D_2 (G8, 128X128)
[2019.04.01-01.24.16:004][945]LogSlate: FSceneViewport::OnFocusLost() reason 0
[2019.04.01-01.24.16:844][ 12]LogEditorViewport: Clicking on Actor (LMB): Landscape (Landscape)
[2019.04.01-01.24.23:442][499]LogSlate: FSceneViewport::OnFocusLost() reason 0
[2019.04.01-01.24.37:681][706]LogSlate: FSceneViewport::OnFocusLost() reason 0
[2019.04.01-01.25.40:292][221]LogTexture: Display: Building textures: Texture2D_0 (BGRA8, 64X64)
[2019.04.01-01.25.40:520][221]LogSavePackage: Moving '../../../../../../Users/jessie lichter/Documents/GitHub/GameDev2Project/MarshMellow/Saved/PersistentLevel_Auto1FCBA3F574801A105BDD13A91DB1FB56C.tmp' to '../../../../../../Users/jessie lichter/Documents/GitHub/GameDev2Project/MarshMellow/Saved/Autosaves/Game/BetalWorld/B_Levels/PersistentLevel_Auto1.umap'
[2019.04.01-01.25.40:559][221]LogSavePackage: Moving '../../../../../../Users/jessie lichter/Documents/GitHub/GameDev2Project/MarshMellow/Saved/LakeLanding_Auto1A5118C054DE80A0E57176FAD141A5CFC.tmp' to '../../../../../../Users/jessie lichter/Documents/GitHub/GameDev2Project/MarshMellow/Saved/Autosaves/Game/BetalWorld/B_Levels/LakeLanding_Auto1.umap'
[2019.04.01-01.25.40:564][221]LogFileHelpers: Editor autosave (incl. sublevels) for '/Game/BetalWorld/B_Levels/PersistentLevel' took 0.374
[2019.04.01-01.25.40:564][221]LogFileHelpers: Editor autosave (incl. sublevels) for all levels took 0.374
[2019.04.01-01.25.41:145][224]LogSlate: FSceneViewport::OnFocusLost() reason 0
[2019.04.01-01.26.56:448][745]LogSlate: Window 'Save Content' being destroyed
[2019.04.01-01.26.56:674][745]LogSavePackage: Moving '../../../../../../Users/jessie lichter/Documents/GitHub/GameDev2Project/MarshMellow/Saved/LakeLanding6FA6AB8746A6F3533C227FB1A85DCD20.tmp' to '../../../../../../Users/jessie lichter/Documents/GitHub/GameDev2Project/MarshMellow/Content/BetalWorld/B_Levels/LakeLanding.umap'
[2019.04.01-01.26.56:682][745]LogFileHelpers: Saving map 'LakeLanding' took 0.184
[2019.04.01-01.26.57:044][745]LogSavePackage: Moving '../../../../../../Users/jessie lichter/Documents/GitHub/GameDev2Project/MarshMellow/Saved/PersistentLevel202A4151468FA8E0C203E6813869A22F.tmp' to '../../../../../../Users/jessie lichter/Documents/GitHub/GameDev2Project/MarshMellow/Content/BetalWorld/B_Levels/PersistentLevel.umap'
[2019.04.01-01.26.57:081][745]LogFileHelpers: Saving map 'PersistentLevel' took 0.394
[2019.04.01-01.26.57:126][745]LogSlate: Window 'MarshMellow - Unreal Editor' being destroyed
[2019.04.01-01.26.57:128][745]LogWindowsTextInputMethodSystem: Display: IME system now deactivated.
[2019.04.01-01.26.57:261][746]Cmd: QUIT_EDITOR
[2019.04.01-01.26.57:618][746]LogExit: Preparing to exit.
[2019.04.01-01.26.58:792][746]LogExit: Editor shut down
[2019.04.01-01.26.58:792][746]LogExit: Transaction tracking system shut down
[2019.04.01-01.26.59:181][746]LogExit: Object subsystem successfully closed.
[2019.04.01-01.26.59:199][746]LogShaderCompilers: Display: Shaders left to compile 0
[2019.04.01-01.26.59:203][746]LogD3D11RHI: Shutdown
[2019.04.01-01.26.59:203][746]LogD3D11RHI: CleanupD3DDevice
[2019.04.01-01.26.59:205][746]LogD3D11RHI: ~FD3D11DynamicRHI
[2019.04.01-01.26.59:231][746]LogModuleManager: Shutting down and abandoning module MovieSceneCapture (616)
[2019.04.01-01.26.59:231][746]LogModuleManager: Shutting down and abandoning module Voice (614)
[2019.04.01-01.26.59:231][746]LogModuleManager: Shutting down and abandoning module HierarchicalLODOutliner (612)
[2019.04.01-01.26.59:231][746]LogModuleManager: Shutting down and abandoning module SceneOutliner (610)
[2019.04.01-01.26.59:231][746]LogModuleManager: Shutting down and abandoning module WorldBrowser (608)
[2019.04.01-01.26.59:231][746]LogModuleManager: Shutting down and abandoning module AddContentDialog (606)
[2019.04.01-01.26.59:231][746]LogModuleManager: Shutting down and abandoning module WidgetCarousel (605)
[2019.04.01-01.26.59:231][746]LogModuleManager: Shutting down and abandoning module EditorWidgets (602)
[2019.04.01-01.26.59:231][746]LogModuleManager: Shutting down and abandoning module CollectionManager (600)
[2019.04.01-01.26.59:231][746]LogModuleManager: Shutting down and abandoning module StatsViewer (598)
[2019.04.01-01.26.59:231][746]LogModuleManager: Shutting down and abandoning module FoliageEdit (596)
[2019.04.01-01.26.59:231][746]LogModuleManager: Shutting down and abandoning module LandscapeEditor (594)
[2019.04.01-01.26.59:231][746]LogModuleManager: Shutting down and abandoning module MeshPaintMode (592)
[2019.04.01-01.26.59:231][746]LogModuleManager: Shutting down and abandoning module SceneDepthPickerMode (590)
[2019.04.01-01.26.59:231][746]LogModuleManager: Shutting down and abandoning module ActorPickerMode (588)
[2019.04.01-01.26.59:231][746]LogModuleManager: Shutting down and abandoning module GeometryMode (586)
[2019.04.01-01.26.59:231][746]LogModuleManager: Shutting down and abandoning module TextureAlignMode (584)
[2019.04.01-01.26.59:231][746]LogModuleManager: Shutting down and abandoning module BspMode (582)
[2019.04.01-01.26.59:231][746]LogModuleManager: Shutting down and abandoning module PIEPreviewDeviceProfileSelector (580)
[2019.04.01-01.26.59:232][746]LogModuleManager: Shutting down and abandoning module SequenceRecorderSections (578)
[2019.04.01-01.26.59:232][746]LogModuleManager: Shutting down and abandoning module AutomationWorker (576)
[2019.04.01-01.26.59:232][746]LogModuleManager: Shutting down and abandoning module AudioCaptureEditor (574)
[2019.04.01-01.26.59:232][746]LogModuleManager: Shutting down and abandoning module SequenceRecorder (573)
[2019.04.01-01.26.59:232][746]LogModuleManager: Shutting down and abandoning module MatineeToLevelSequence (570)
[2019.04.01-01.26.59:232][746]LogModuleManager: Shutting down and abandoning module LevelSequenceEditor (568)
[2019.04.01-01.26.59:232][746]LogModuleManager: Shutting down and abandoning module PlacementMode (567)
[2019.04.01-01.26.59:232][746]LogModuleManager: Shutting down and abandoning module MaterialEditor (566)
[2019.04.01-01.26.59:232][746]LogModuleManager: Shutting down and abandoning module WmfMediaFactory (562)
[2019.04.01-01.26.59:232][746]LogModuleManager: Shutting down and abandoning module WmfMediaEditor (560)
[2019.04.01-01.26.59:232][746]LogModuleManager: Shutting down and abandoning module MediaPlayerEditor (558)
[2019.04.01-01.26.59:232][746]LogModuleManager: Shutting down and abandoning module OpenExrWrapper (556)
[2019.04.01-01.26.59:232][746]LogModuleManager: Shutting down and abandoning module ImgMediaFactory (554)
[2019.04.01-01.26.59:232][746]LogModuleManager: Shutting down and abandoning module ImgMediaEditor (552)
[2019.04.01-01.26.59:232][746]LogModuleManager: Shutting down and abandoning module AvfMediaFactory (550)
[2019.04.01-01.26.59:232][746]LogModuleManager: Shutting down and abandoning module AvfMediaEditor (548)
[2019.04.01-01.26.59:232][746]LogModuleManager: Shutting down and abandoning module AndroidMediaFactory (546)
[2019.04.01-01.26.59:232][746]LogModuleManager: Shutting down and abandoning module AndroidMediaEditor (544)
[2019.04.01-01.26.59:232][746]LogModuleManager: Shutting down and abandoning module MagicLeapCameraPreviewFactory (542)
[2019.04.01-01.26.59:232][746]LogModuleManager: Shutting down and abandoning module MagicLeapMediaFactory (540)
[2019.04.01-01.26.59:232][746]LogModuleManager: Shutting down and abandoning module MagicLeapMediaEditor (538)
[2019.04.01-01.26.59:232][746]LogModuleManager: Shutting down and abandoning module CharacterAI (536)
[2019.04.01-01.26.59:232][746]LogModuleManager: Shutting down and abandoning module SmartSnapping (534)
[2019.04.01-01.26.59:232][746]LogModuleManager: Shutting down and abandoning module SessionServices (532)
[2019.04.01-01.26.59:232][746]LogModuleManager: Shutting down and abandoning module ViewportSnapping (530)
[2019.04.01-01.26.59:232][746]LogModuleManager: Shutting down and abandoning module ViewportInteraction (528)
[2019.04.01-01.26.59:232][746]LogModuleManager: Shutting down and abandoning module ClothPainter (526)
[2019.04.01-01.26.59:232][746]LogModuleManager: Shutting down and abandoning module SkeletalMeshEditor (525)
[2019.04.01-01.26.59:232][746]LogModuleManager: Shutting down and abandoning module LogVisualizer (522)
[2019.04.01-01.26.59:232][746]LogModuleManager: Shutting down and abandoning module IntroTutorials (520)
[2019.04.01-01.26.59:232][746]LogModuleManager: Shutting down and abandoning module GameProjectGeneration (519)
[2019.04.01-01.26.59:232][746]LogModuleManager: Shutting down and abandoning module LuminPlatformEditor (516)
[2019.04.01-01.26.59:232][746]LogModuleManager: Shutting down and abandoning module IOSPlatformEditor (514)
[2019.04.01-01.26.59:232][746]LogModuleManager: Shutting down and abandoning module HTML5PlatformEditor (512)
[2019.04.01-01.26.59:232][746]LogModuleManager: Shutting down and abandoning module AndroidPlatformEditor (510)
[2019.04.01-01.26.59:233][746]LogModuleManager: Shutting down and abandoning module AndroidDeviceDetection (509)
[2019.04.01-01.27.00:053][746]LogModuleManager: Shutting down and abandoning module WindowsPlatformEditor (506)
[2019.04.01-01.27.00:053][746]LogModuleManager: Shutting down and abandoning module LuminRuntimeSettings (504)
[2019.04.01-01.27.00:053][746]LogModuleManager: Shutting down and abandoning module IOSRuntimeSettings (502)
[2019.04.01-01.27.00:053][746]LogModuleManager: Shutting down and abandoning module AndroidRuntimeSettings (500)
[2019.04.01-01.27.00:053][746]LogModuleManager: Shutting down and abandoning module InputBindingEditor (498)
[2019.04.01-01.27.00:054][746]LogModuleManager: Shutting down and abandoning module MergeActors (496)
[2019.04.01-01.27.00:054][746]LogModuleManager: Shutting down and abandoning module LocalizationDashboard (494)
[2019.04.01-01.27.00:054][746]LogModuleManager: Shutting down and abandoning module LocalizationService (493)
[2019.04.01-01.27.00:054][746]LogModuleManager: Shutting down and abandoning module HardwareTargeting (490)
[2019.04.01-01.27.00:054][746]LogModuleManager: Shutting down and abandoning module DeviceProfileEditor (488)
[2019.04.01-01.27.00:054][746]LogModuleManager: Shutting down and abandoning module UndoHistory (486)
[2019.04.01-01.27.00:054][746]LogModuleManager: Shutting down and abandoning module XmlParser (484)
[2019.04.01-01.27.00:054][746]LogModuleManager: Shutting down and abandoning module Blutility (482)
[2019.04.01-01.27.00:054][746]LogModuleManager: Shutting down and abandoning module ProjectSettingsViewer (480)
[2019.04.01-01.27.00:054][746]LogModuleManager: Shutting down and abandoning module ProjectTargetPlatformEditor (479)
[2019.04.01-01.27.00:055][746]LogModuleManager: Shutting down and abandoning module EditorSettingsViewer (476)
[2019.04.01-01.27.00:055][746]LogModuleManager: Shutting down and abandoning module SettingsEditor (474)
[2019.04.01-01.27.00:055][746]LogModuleManager: Shutting down and abandoning module ProjectLauncher (472)
[2019.04.01-01.27.00:055][746]LogModuleManager: Shutting down and abandoning module SessionFrontend (470)
[2019.04.01-01.27.00:055][746]LogModuleManager: Shutting down and abandoning module ProfilerClient (468)
[2019.04.01-01.27.00:055][746]LogModuleManager: Shutting down and abandoning module DeviceManager (466)
[2019.04.01-01.27.00:055][746]LogModuleManager: Shutting down and abandoning module TargetDeviceServices (465)
[2019.04.01-01.27.00:110][746]LogModuleManager: Shutting down and abandoning module AutomationController (462)
[2019.04.01-01.27.00:110][746]LogModuleManager: Shutting down and abandoning module AutomationWindow (460)
[2019.04.01-01.27.00:110][746]LogModuleManager: Shutting down and abandoning module Layers (458)
[2019.04.01-01.27.00:110][746]LogModuleManager: Shutting down and abandoning module ComponentVisualizers (456)
[2019.04.01-01.27.00:110][746]LogModuleManager: Shutting down and abandoning module DetailCustomizations (454)
[2019.04.01-01.27.00:110][746]LogModuleManager: Shutting down and abandoning module PackagesDialog (452)
[2019.04.01-01.27.00:110][746]LogModuleManager: Shutting down and abandoning module Persona (450)
[2019.04.01-01.27.00:110][746]LogModuleManager: Shutting down and abandoning module AdvancedPreviewScene (449)
[2019.04.01-01.27.00:110][746]LogModuleManager: Shutting down and abandoning module AnimGraph (447)
[2019.04.01-01.27.00:111][746]LogModuleManager: Shutting down and abandoning module Kismet (444)
[2019.04.01-01.27.00:111][746]LogModuleManager: Shutting down and abandoning module GraphEditor (442)
[2019.04.01-01.27.00:111][746]LogModuleManager: Shutting down and abandoning module ClassViewer (440)
[2019.04.01-01.27.00:111][746]LogModuleManager: Shutting down and abandoning module Toolbox (438)
[2019.04.01-01.27.00:111][746]LogModuleManager: Shutting down and abandoning module ModuleUI (436)
[2019.04.01-01.27.00:111][746]LogModuleManager: Shutting down and abandoning module MovieSceneTools (434)
[2019.04.01-01.27.00:112][746]LogModuleManager: Shutting down and abandoning module OutputLog (432)
[2019.04.01-01.27.00:112][746]LogModuleManager: Shutting down and abandoning module GammaUI (430)
[2019.04.01-01.27.00:112][746]LogModuleManager: Shutting down and abandoning module Documentation (428)
[2019.04.01-01.27.00:112][746]LogModuleManager: Shutting down and abandoning module MovieSceneTracks (426)
[2019.04.01-01.27.00:112][746]LogModuleManager: Shutting down and abandoning module MovieScene (424)
[2019.04.01-01.27.00:112][746]LogModuleManager: Shutting down and abandoning module StreamingPauseRendering (422)
[2019.04.01-01.27.00:112][746]LogModuleManager: Shutting down and abandoning module LauncherPlatform (420)
[2019.04.01-01.27.00:112][746]LogModuleManager: Shutting down and abandoning module AnalyticsET (418)
[2019.04.01-01.27.00:112][746]LogModuleManager: Shutting down and abandoning module PortalServices (416)
[2019.04.01-01.27.00:112][746]LogModuleManager: Shutting down and abandoning module PortalRpc (414)
[2019.04.01-01.27.00:112][746]LogModuleManager: Shutting down and abandoning module MessagingRpc (412)
[2019.04.01-01.27.00:112][746]LogModuleManager: Shutting down and abandoning module AIModule (410)
[2019.04.01-01.27.00:113][746]LogModuleManager: Shutting down and abandoning module GameplayDebugger (409)
[2019.04.01-01.27.00:113][746]LogModuleManager: Shutting down and abandoning module AITestSuite (407)
[2019.04.01-01.27.00:113][746]LogModuleManager: Shutting down and abandoning module NavigationSystem (405)
[2019.04.01-01.27.00:113][746]LogModuleManager: Shutting down and abandoning module DesktopPlatform (402)
[2019.04.01-01.27.00:113][746]LogModuleManager: Shutting down and abandoning module ProfilerService (400)
[2019.04.01-01.27.00:127][746]LogModuleManager: Shutting down and abandoning module TaskGraph (398)
[2019.04.01-01.27.00:127][746]LogModuleManager: Shutting down and abandoning module SteamVRController (396)
[2019.04.01-01.27.00:127][746]LogModuleManager: Shutting down and abandoning module ProceduralMeshComponentEditor (394)
[2019.04.01-01.27.00:127][746]LogModuleManager: Shutting down and abandoning module ProceduralMeshComponent (392)
[2019.04.01-01.27.00:128][746]LogModuleManager: Shutting down and abandoning module OculusInput (390)
[2019.04.01-01.27.00:128][746]LogModuleManager: Shutting down and abandoning module MobilePatchingUtils (388)
[2019.04.01-01.27.00:128][746]LogModuleManager: Shutting down and abandoning module EditableMesh (386)
[2019.04.01-01.27.00:128][746]LogModuleManager: Shutting down and abandoning module CustomMeshComponent (384)
[2019.04.01-01.27.00:128][746]LogModuleManager: Shutting down and abandoning module CableComponent (382)
[2019.04.01-01.27.00:128][746]LogModuleManager: Shutting down and abandoning module AudioCapture (380)
[2019.04.01-01.27.00:128][746]LogModuleManager: Shutting down and abandoning module ArchVisCharacter (378)
[2019.04.01-01.27.00:128][746]LogModuleManager: Shutting down and abandoning module AndroidPermission (376)
[2019.04.01-01.27.00:128][746]LogModuleManager: Shutting down and abandoning module NUTUnrealEngine4 (374)
[2019.04.01-01.27.00:128][746]LogModuleManager: Shutting down and abandoning module NetcodeUnitTest (372)
[2019.04.01-01.27.00:128][746]LogModuleManager: Shutting down and abandoning module MediaCompositingEditor (370)
[2019.04.01-01.27.00:128][746]LogModuleManager: Shutting down and abandoning module MediaCompositing (368)
[2019.04.01-01.27.00:128][746]LogModuleManager: Shutting down and abandoning module LinearTimecode (366)
[2019.04.01-01.27.00:128][746]LogModuleManager: Shutting down and abandoning module ImgMedia (364)
[2019.04.01-01.27.00:133][746]LogModuleManager: Shutting down and abandoning module HTML5Networking (362)
[2019.04.01-01.27.00:133][746]LogModuleManager: Shutting down and abandoning module GeometryCacheTracks (360)
[2019.04.01-01.27.00:133][746]LogModuleManager: Shutting down and abandoning module GeometryCacheSequencer (358)
[2019.04.01-01.27.00:133][746]LogModuleManager: Shutting down and abandoning module BackChannel (356)
[2019.04.01-01.27.00:133][746]LogModuleManager: Shutting down and abandoning module AppleVision (354)
[2019.04.01-01.27.00:133][746]LogModuleManager: Shutting down and abandoning module AppleImageUtils (352)
[2019.04.01-01.27.00:133][746]LogModuleManager: Shutting down and abandoning module AlembicImporter (350)
[2019.04.01-01.27.00:133][746]LogModuleManager: Shutting down and abandoning module AlembicLibrary (349)
[2019.04.01-01.27.00:133][746]LogModuleManager: Shutting down and abandoning module GeometryCache (348)
[2019.04.01-01.27.00:133][746]LogModuleManager: Shutting down and abandoning module GeometryCacheEd (347)
[2019.04.01-01.27.00:133][746]LogModuleManager: Shutting down and abandoning module DatasmithContentEditor (342)
[2019.04.01-01.27.00:133][746]LogModuleManager: Shutting down and abandoning module DatasmithContent (340)
[2019.04.01-01.27.00:134][746]LogModuleManager: Shutting down and abandoning module SpeedTreeImporter (338)
[2019.04.01-01.27.00:134][746]LogModuleManager: Shutting down and abandoning module PluginBrowser (336)
[2019.04.01-01.27.00:134][746]LogModuleManager: Shutting down and abandoning module MobileLauncherProfileWizard (334)
[2019.04.01-01.27.00:134][746]LogModuleManager: Shutting down and abandoning module PolygonModeling (332)
[2019.04.01-01.27.00:134][746]LogModuleManager: Shutting down and abandoning module MeshEditor (330)
[2019.04.01-01.27.00:134][746]LogModuleManager: Shutting down and abandoning module CryptoKeysOpenSSL (328)
[2019.04.01-01.27.00:134][746]LogModuleManager: Shutting down and abandoning module CryptoKeys (326)
[2019.04.01-01.27.00:134][746]LogModuleManager: Shutting down and abandoning module VisualStudioSourceCodeAccess (324)
[2019.04.01-01.27.00:134][746]LogModuleManager: Shutting down and abandoning module VisualStudioCodeSourceCodeAccess (322)
[2019.04.01-01.27.00:134][746]LogModuleManager: Shutting down and abandoning module UObjectPlugin (320)
[2019.04.01-01.27.00:134][746]LogModuleManager: Shutting down and abandoning module SubversionSourceControl (318)
[2019.04.01-01.27.00:134][746]LogModuleManager: Shutting down and abandoning module PerforceSourceControl (316)
[2019.04.01-01.27.00:134][746]LogModuleManager: Shutting down and abandoning module GitSourceControl (314)
[2019.04.01-01.27.00:134][746]LogModuleManager: Shutting down and abandoning module SourceControl (313)
[2019.04.01-01.27.00:135][746]LogModuleManager: Shutting down and abandoning module CLionSourceCodeAccess (310)
[2019.04.01-01.27.00:135][746]LogModuleManager: Shutting down and abandoning module LightPropagationVolumeEditor (308)
[2019.04.01-01.27.00:135][746]LogModuleManager: Shutting down and abandoning module PaperTiledImporter (306)
[2019.04.01-01.27.00:135][746]LogModuleManager: Shutting down and abandoning module PaperSpriteSheetImporter (304)
[2019.04.01-01.27.00:135][746]LogModuleManager: Shutting down and abandoning module Paper2DEditor (302)
[2019.04.01-01.27.00:135][746]LogModuleManager: Shutting down and abandoning module MeshPaint (301)
[2019.04.01-01.27.00:135][746]LogModuleManager: Shutting down and abandoning module RuntimePhysXCooking (298)
[2019.04.01-01.27.00:135][746]LogModuleManager: Shutting down and abandoning module PhysXVehiclesEditor (296)
[2019.04.01-01.27.00:135][746]LogModuleManager: Shutting down and abandoning module PhysXVehicles (294)
[2019.04.01-01.27.00:135][746]LogModuleManager: Shutting down and abandoning module OculusEditor (292)
[2019.04.01-01.27.00:135][746]LogModuleManager: Shutting down and abandoning module LocationServicesBPLibrary (290)
[2019.04.01-01.27.00:135][746]LogModuleManager: Shutting down and abandoning module ImmediatePhysicsEditor (288)
[2019.04.01-01.27.00:135][746]LogModuleManager: Shutting down and abandoning module ImmediatePhysics (286)
[2019.04.01-01.27.00:135][746]LogModuleManager: Shutting down and abandoning module ActorSequence (284)
[2019.04.01-01.27.00:135][746]LogModuleManager: Shutting down and abandoning module UdpMessaging (282)
[2019.04.01-01.27.00:236][746]LogModuleManager: Shutting down and abandoning module TcpMessaging (280)
[2019.04.01-01.27.00:337][746]LogModuleManager: Shutting down and abandoning module MagicLeapAudio (278)
[2019.04.01-01.27.00:337][746]LogModuleManager: Shutting down and abandoning module GameplayTagsEditor (276)
[2019.04.01-01.27.00:337][746]LogModuleManager: Shutting down and abandoning module FacialAnimationEditor (274)
[2019.04.01-01.27.00:337][746]LogModuleManager: Shutting down and abandoning module FacialAnimation (272)
[2019.04.01-01.27.00:337][746]LogModuleManager: Shutting down and abandoning module DataValidation (270)
[2019.04.01-01.27.00:337][746]LogModuleManager: Shutting down and abandoning module AssetManagerEditor (268)
[2019.04.01-01.27.00:337][746]LogModuleManager: Shutting down and abandoning module LevelEditor (267)
[2019.04.01-01.27.00:338][746]LogModuleManager: Shutting down and abandoning module PixelInspectorModule (266)
[2019.04.01-01.27.00:338][746]LogModuleManager: Shutting down and abandoning module CommonMenuExtensions (264)
[2019.04.01-01.27.00:338][746]LogModuleManager: Shutting down and abandoning module MainFrame (262)
[2019.04.01-01.27.00:338][746]LogModuleManager: Shutting down and abandoning module HotReload (261)
[2019.04.01-01.27.00:338][746]LogModuleManager: Shutting down and abandoning module ContentBrowser (257)
[2019.04.01-01.27.00:339][746]LogModuleManager: Shutting down and abandoning module TreeMap (255)
[2019.04.01-01.27.00:339][746]LogModuleManager: Shutting down and abandoning module LightPropagationVolumeRuntime (252)
[2019.04.01-01.27.00:339][746]LogModuleManager: Shutting down and abandoning module AISupportModule (250)
[2019.04.01-01.27.00:339][746]LogModuleManager: Shutting down and abandoning module Paper2D (248)
[2019.04.01-01.27.00:339][746]LogModuleManager: Shutting down and abandoning module WindowsMoviePlayer (246)
[2019.04.01-01.27.00:339][746]LogModuleManager: Shutting down and abandoning module WmfMedia (244)
[2019.04.01-01.27.00:341][746]LogModuleManager: Shutting down and abandoning module Media (243)
[2019.04.01-01.27.00:348][746]LogModuleManager: Shutting down and abandoning module PacketHandler (240)
[2019.04.01-01.27.00:348][746]LogModuleManager: Shutting down and abandoning module ClothingSystemEditor (238)
[2019.04.01-01.27.00:348][746]LogModuleManager: Shutting down and abandoning module ClothingSystemRuntime (236)
[2019.04.01-01.27.00:348][746]LogModuleManager: Shutting down and abandoning module MediaAssets (234)
[2019.04.01-01.27.00:348][746]LogModuleManager: Shutting down and abandoning module Overlay (232)
[2019.04.01-01.27.00:348][746]LogModuleManager: Shutting down and abandoning module OverlayEditor (231)
[2019.04.01-01.27.00:348][746]LogModuleManager: Shutting down and abandoning module VREditor (228)
[2019.04.01-01.27.00:349][746]LogModuleManager: Shutting down and abandoning module StringTableEditor (226)
[2019.04.01-01.27.00:349][746]LogModuleManager: Shutting down and abandoning module GameplayTasksEditor (224)
[2019.04.01-01.27.00:349][746]LogModuleManager: Shutting down and abandoning module BehaviorTreeEditor (222)
[2019.04.01-01.27.00:349][746]LogModuleManager: Shutting down and abandoning module FunctionalTesting (220)
[2019.04.01-01.27.00:349][746]LogModuleManager: Shutting down and abandoning module CollisionAnalyzer (218)
[2019.04.01-01.27.00:349][746]LogModuleManager: Shutting down and abandoning module WorkspaceMenuStructure (217)
[2019.04.01-01.27.00:349][746]LogModuleManager: Shutting down and abandoning module UMG (214)
[2019.04.01-01.27.00:349][746]LogModuleManager: Shutting down and abandoning module UMGEditor (213)
[2019.04.01-01.27.00:349][746]LogModuleManager: Shutting down and abandoning module Sequencer (212)
[2019.04.01-01.27.00:349][746]LogModuleManager: Shutting down and abandoning module MessageLog (209)
[2019.04.01-01.27.00:349][746]LogModuleManager: Shutting down and abandoning module SlateReflector (204)
[2019.04.01-01.27.00:349][746]LogModuleManager: Shutting down and abandoning module Slate (202)
[2019.04.01-01.27.00:349][746]LogModuleManager: Shutting down and abandoning module EditorStyle (200)
[2019.04.01-01.27.00:351][746]LogModuleManager: Shutting down and abandoning module MRMesh (198)
[2019.04.01-01.27.00:351][746]LogModuleManager: Shutting down and abandoning module SourceCodeAccess (196)
[2019.04.01-01.27.00:351][746]LogModuleManager: Shutting down and abandoning module HeadMountedDisplay (194)
[2019.04.01-01.27.00:351][746]LogModuleManager: Shutting down and abandoning module XAudio2 (192)
[2019.04.01-01.27.00:351][746]LogModuleManager: Shutting down and abandoning module Networking (190)
[2019.04.01-01.27.00:351][746]LogModuleManager: Shutting down and abandoning module Core (188)
[2019.04.01-01.27.00:351][746]LogModuleManager: Shutting down and abandoning module LevelSequence (186)
[2019.04.01-01.27.00:351][746]LogModuleManager: Shutting down and abandoning module KismetCompiler (184)
[2019.04.01-01.27.00:351][746]LogModuleManager: Shutting down and abandoning module MeshUtilities (182)
[2019.04.01-01.27.00:351][746]LogModuleManager: Shutting down and abandoning module MeshMergeUtilities (181)
[2019.04.01-01.27.00:351][746]LogModuleManager: Shutting down and abandoning module MeshReductionInterface (180)
[2019.04.01-01.27.00:351][746]LogModuleManager: Shutting down and abandoning module SimplygonSwarm (179)
[2019.04.01-01.27.00:351][746]LogModuleManager: Shutting down and abandoning module ProxyLODMeshReduction (177)
[2019.04.01-01.27.00:351][746]LogModuleManager: Shutting down and abandoning module SimplygonMeshReduction (175)
[2019.04.01-01.27.00:351][746]LogModuleManager: Shutting down and abandoning module QuadricMeshReduction (173)
[2019.04.01-01.27.00:351][746]LogModuleManager: Shutting down and abandoning module MaterialBaking (169)
[2019.04.01-01.27.00:351][746]LogModuleManager: Shutting down and abandoning module DirectoryWatcher (165)
[2019.04.01-01.27.00:351][746]LogModuleManager: Shutting down and abandoning module DerivedDataCache (162)
[2019.04.01-01.27.00:374][746]LogDerivedDataCache: Shutdown
[2019.04.01-01.27.00:374][746]LogModuleManager: Shutting down and abandoning module XGEController (160)
[2019.04.01-01.27.00:375][746]LogModuleManager: Shutting down and abandoning module TargetPlatform (158)
[2019.04.01-01.27.00:375][746]LogModuleManager: Shutting down and abandoning module VulkanShaderFormat (157)
[2019.04.01-01.27.00:375][746]LogModuleManager: Shutting down and abandoning module ShaderFormatVectorVM (155)
[2019.04.01-01.27.00:375][746]LogModuleManager: Shutting down and abandoning module ShaderFormatOpenGL (153)
[2019.04.01-01.27.00:375][746]LogModuleManager: Shutting down and abandoning module ShaderFormatD3D (151)
[2019.04.01-01.27.00:375][746]LogModuleManager: Shutting down and abandoning module MetalShaderFormat (149)
[2019.04.01-01.27.00:375][746]LogModuleManager: Shutting down and abandoning module TextureFormatUncompressed (147)
[2019.04.01-01.27.00:375][746]LogModuleManager: Shutting down and abandoning module TextureFormatPVR (145)
[2019.04.01-01.27.00:375][746]LogModuleManager: Shutting down and abandoning module TextureFormatDXT (143)
[2019.04.01-01.27.00:375][746]LogModuleManager: Shutting down and abandoning module TextureFormatIntelISPCTexComp (141)
[2019.04.01-01.27.00:375][746]LogModuleManager: Shutting down and abandoning module TextureFormatASTC (139)
[2019.04.01-01.27.00:375][746]LogModuleManager: Shutting down and abandoning module ImageWrapper (138)
[2019.04.01-01.27.00:375][746]LogModuleManager: Shutting down and abandoning module TextureFormatAndroid (135)
[2019.04.01-01.27.00:375][746]LogModuleManager: Shutting down and abandoning module AudioFormatOpus (133)
[2019.04.01-01.27.00:375][746]LogModuleManager: Shutting down and abandoning module AudioFormatOgg (131)
[2019.04.01-01.27.00:375][746]LogModuleManager: Shutting down and abandoning module AudioFormatADPCM (129)
[2019.04.01-01.27.00:375][746]LogModuleManager: Shutting down and abandoning module LuminTargetPlatform (127)
[2019.04.01-01.27.00:375][746]LogModuleManager: Shutting down and abandoning module LinuxTargetPlatform (125)
[2019.04.01-01.27.00:375][746]LogModuleManager: Shutting down and abandoning module LinuxServerTargetPlatform (123)
[2019.04.01-01.27.00:375][746]LogModuleManager: Shutting down and abandoning module LinuxNoEditorTargetPlatform (121)
[2019.04.01-01.27.00:375][746]LogModuleManager: Shutting down and abandoning module LinuxClientTargetPlatform (119)
[2019.04.01-01.27.00:375][746]LogModuleManager: Shutting down and abandoning module TVOSTargetPlatform (117)
[2019.04.01-01.27.00:376][746]LogModuleManager: Shutting down and abandoning module Messaging (115)
[2019.04.01-01.27.00:377][746]LogModuleManager: Shutting down and abandoning module IOSTargetPlatform (113)
[2019.04.01-01.27.00:377][746]LogModuleManager: Shutting down and abandoning module HTML5TargetPlatform (111)
[2019.04.01-01.27.00:377][746]LogModuleManager: Shutting down and abandoning module AndroidTargetPlatform (109)
[2019.04.01-01.27.00:384][746]LogModuleManager: Shutting down and abandoning module WindowsTargetPlatform (107)
[2019.04.01-01.27.00:384][746]LogModuleManager: Shutting down and abandoning module WindowsServerTargetPlatform (105)
[2019.04.01-01.27.00:384][746]LogModuleManager: Shutting down and abandoning module WindowsNoEditorTargetPlatform (103)
[2019.04.01-01.27.00:384][746]LogModuleManager: Shutting down and abandoning module WindowsClientTargetPlatform (101)
[2019.04.01-01.27.00:384][746]LogModuleManager: Shutting down and abandoning module MacTargetPlatform (99)
[2019.04.01-01.27.00:385][746]LogModuleManager: Shutting down and abandoning module MacServerTargetPlatform (97)
[2019.04.01-01.27.00:385][746]LogModuleManager: Shutting down and abandoning module MacNoEditorTargetPlatform (95)
[2019.04.01-01.27.00:385][746]LogModuleManager: Shutting down and abandoning module MacClientTargetPlatform (93)
[2019.04.01-01.27.00:385][746]LogModuleManager: Shutting down and abandoning module AllDesktopTargetPlatform (91)
[2019.04.01-01.27.00:385][746]LogModuleManager: Shutting down and abandoning module InputCore (88)
[2019.04.01-01.27.00:385][746]LogModuleManager: Shutting down and abandoning module Settings (86)
[2019.04.01-01.27.00:385][746]LogModuleManager: Shutting down and abandoning module PhysXCooking (84)
[2019.04.01-01.27.00:385][746]LogModuleManager: Shutting down and abandoning module SteamVR (82)
[2019.04.01-01.27.00:385][746]LogModuleManager: Shutting down and abandoning module OculusHMD (80)
[2019.04.01-01.27.00:385][746]LogModuleManager: Shutting down and abandoning module ExampleDeviceProfileSelector (78)
[2019.04.01-01.27.00:385][746]LogModuleManager: Shutting down and abandoning module LauncherChunkInstaller (76)
[2019.04.01-01.27.00:385][746]LogModuleManager: Shutting down and abandoning module OnlineBlueprintSupport (74)
[2019.04.01-01.27.00:385][746]LogModuleManager: Shutting down and abandoning module OnlineSubsystem (70)
[2019.04.01-01.27.00:386][746]LogModuleManager: Shutting down and abandoning module XMPP (65)
[2019.04.01-01.27.00:386][746]LogModuleManager: Shutting down and abandoning module WebSockets (64)
[2019.04.01-01.27.00:396][746]LogModuleManager: Shutting down and abandoning module HTTP (61)
[2019.04.01-01.27.00:396][746]LogHttp: Display: Http module shutting down, but needs to wait on 1 outstanding Http requests:
[2019.04.01-01.27.00:396][746]LogHttp: Display: 	verb=[POST] url=[https://datarouter.ol.epicgames.com/datarouter/api/v1/public/data?SessionID=%7BFB69E91A-4C76-8BA6-80C3-4191C0EC3AC3%7D&AppID=UEEditor.Rocket.Release&AppVersion=4.20.3-4369336%2B%2B%2BUE4%2BRelease-4.20&UserID=52c8d69c47c3b558f96bdeaad69b44a8%7C1e4490187f7d4590821fe5ea33366920%7Ca0ac2db9-04c3-40ba-9c12-a7ac0bed75b1&AppEnvironment=datacollector-binary&UploadType=eteventstream] status=Processing
[2019.04.01-01.27.00:410][746]LogModuleManager: Shutting down and abandoning module SSL (60)
[2019.04.01-01.27.00:412][746]LogModuleManager: Shutting down and abandoning module MagicLeapEmulator (56)
[2019.04.01-01.27.00:412][746]LogModuleManager: Shutting down and abandoning module MagicLeapPrivileges (54)
[2019.04.01-01.27.00:412][746]LogModuleManager: Shutting down and abandoning module MagicLeapIdentity (52)
[2019.04.01-01.27.00:412][746]LogModuleManager: Shutting down and abandoning module MagicLeapHelperVulkan (50)
[2019.04.01-01.27.00:412][746]LogModuleManager: Shutting down and abandoning module MagicLeapHelperOpenGL (48)
[2019.04.01-01.27.00:412][746]LogModuleManager: Shutting down and abandoning module MagicLeapSecureStorage (46)
[2019.04.01-01.27.00:412][746]LogModuleManager: Shutting down and abandoning module MagicLeapGestures (44)
[2019.04.01-01.27.00:412][746]LogModuleManager: Shutting down and abandoning module MagicLeapEyeTracker (42)
[2019.04.01-01.27.00:412][746]LogModuleManager: Shutting down and abandoning module MagicLeapController (40)
[2019.04.01-01.27.00:412][746]LogSlate: Slate User Destroyed.  User Index 0, Is Virtual User: 0
[2019.04.01-01.27.00:413][746]LogModuleManager: Shutting down and abandoning module MagicLeap (38)
[2019.04.01-01.27.00:413][746]LogModuleManager: Shutting down and abandoning module AnimationModifiers (36)
[2019.04.01-01.27.00:413][746]LogModuleManager: Shutting down and abandoning module PropertyEditor (35)
[2019.04.01-01.27.00:413][746]LogModuleManager: Shutting down and abandoning module AudioEditor (32)
[2019.04.01-01.27.00:413][746]LogModuleManager: Shutting down and abandoning module TextureCompressor (30)
[2019.04.01-01.27.00:413][746]LogModuleManager: Shutting down and abandoning module ShaderCore (28)
[2019.04.01-01.27.00:413][746]LogModuleManager: Shutting down and abandoning module Landscape (26)
[2019.04.01-01.27.00:413][746]LogModuleManager: Shutting down and abandoning module SlateRHIRenderer (24)
[2019.04.01-01.27.00:413][746]LogModuleManager: Shutting down and abandoning module OpenGLDrv (22)
[2019.04.01-01.27.00:413][746]LogModuleManager: Shutting down and abandoning module D3D11RHI (20)
[2019.04.01-01.27.00:413][746]LogModuleManager: Shutting down and abandoning module AnimGraphRuntime (18)
[2019.04.01-01.27.00:413][746]LogModuleManager: Shutting down and abandoning module Renderer (16)
[2019.04.01-01.27.00:413][746]LogModuleManager: Shutting down and abandoning module Engine (14)
[2019.04.01-01.27.00:413][746]LogModuleManager: Shutting down and abandoning module CoreUObject (12)
[2019.04.01-01.27.00:413][746]LogModuleManager: Shutting down and abandoning module NetworkFile (10)
[2019.04.01-01.27.00:414][746]LogModuleManager: Shutting down and abandoning module CookedIterativeFile (8)
[2019.04.01-01.27.00:414][746]LogModuleManager: Shutting down and abandoning module StreamingFile (6)
[2019.04.01-01.27.00:414][746]LogModuleManager: Shutting down and abandoning module SandboxFile (4)
[2019.04.01-01.27.00:414][746]LogModuleManager: Shutting down and abandoning module PakFile (2)
[2019.04.01-01.27.00:426][746]LogExit: Exiting.
[2019.04.01-01.27.00:436][746]Log file closed, 03/31/19 21:27:00
