Log file open, 03/24/19 00:19:55
LogWindows: Failed to load 'aqProf.dll' (GetLastError=126)
LogWindows: File 'aqProf.dll' does not exist
LogWindows: Failed to load 'VtuneApi.dll' (GetLastError=126)
LogWindows: File 'VtuneApi.dll' does not exist
LogWindows: Failed to load 'VtuneApi32e.dll' (GetLastError=126)
LogWindows: File 'VtuneApi32e.dll' does not exist
LogInit: Display: Running engine for game: MarshMellow
LogPlatformFile: Not using cached read wrapper
LogTaskGraph: Started task graph with 5 named threads and 23 total threads with 3 sets of task threads.
LogStats: Stats thread started at 0.270874
LogD3D11RHI: Loaded GFSDK_Aftermath_Lib.x64.dll
LogICUInternationalization: Display: ICU TimeZone Detection - Raw Offset: -5:00, Platform Override: ''
LogPluginManager: Mounting plugin Paper2D
LogPluginManager: Mounting plugin AISupport
LogPluginManager: Mounting plugin LightPropagationVolume
LogPluginManager: Mounting plugin CLionSourceCodeAccess
LogPluginManager: Mounting plugin CodeLiteSourceCodeAccess
LogPluginManager: Mounting plugin GitSourceControl
LogPluginManager: Mounting plugin KDevelopSourceCodeAccess
LogPluginManager: Mounting plugin NullSourceCodeAccess
LogPluginManager: Mounting plugin PerforceSourceControl
LogPluginManager: Mounting plugin SubversionSourceControl
LogPluginManager: Mounting plugin UObjectPlugin
LogPluginManager: Mounting plugin VisualStudioCodeSourceCodeAccess
LogPluginManager: Mounting plugin VisualStudioSourceCodeAccess
LogPluginManager: Mounting plugin XCodeSourceCodeAccess
LogPluginManager: Mounting plugin AssetManagerEditor
LogPluginManager: Mounting plugin CryptoKeys
LogPluginManager: Mounting plugin DataValidation
LogPluginManager: Mounting plugin FacialAnimation
LogPluginManager: Mounting plugin GameplayTagsEditor
LogPluginManager: Mounting plugin MacGraphicsSwitching
LogPluginManager: Mounting plugin MeshEditor
LogPluginManager: Mounting plugin MobileLauncherProfileWizard
LogPluginManager: Mounting plugin PluginBrowser
LogPluginManager: Mounting plugin SpeedTreeImporter
LogPluginManager: Mounting plugin DatasmithContent
LogPluginManager: Mounting plugin AlembicImporter
LogPluginManager: Mounting plugin AppleImageUtils
LogPluginManager: Mounting plugin AppleVision
LogPluginManager: Mounting plugin BackChannel
LogPluginManager: Mounting plugin CharacterAI
LogPluginManager: Mounting plugin GeometryCache
LogPluginManager: Mounting plugin HTML5Networking
LogPluginManager: Mounting plugin ProxyLODPlugin
LogPluginManager: Mounting plugin MagicLeap
LogPluginManager: Mounting plugin MagicLeapEmulator
LogPluginManager: Mounting plugin MagicLeapMedia
LogPluginManager: Mounting plugin AndroidMedia
LogPluginManager: Mounting plugin AvfMedia
LogPluginManager: Mounting plugin ImgMedia
LogPluginManager: Mounting plugin LinearTimecode
LogPluginManager: Mounting plugin MediaCompositing
LogPluginManager: Mounting plugin MediaPlayerEditor
LogPluginManager: Mounting plugin WmfMedia
LogPluginManager: Mounting plugin TcpMessaging
LogPluginManager: Mounting plugin UdpMessaging
LogPluginManager: Mounting plugin ActorSequence
LogPluginManager: Mounting plugin LevelSequenceEditor
LogPluginManager: Mounting plugin MatineeToLevelSequence
LogPluginManager: Mounting plugin NetcodeUnitTest
LogPluginManager: Mounting plugin NUTUnrealEngine4
LogPluginManager: Mounting plugin OnlineSubsystemGooglePlay
LogPluginManager: Mounting plugin OnlineSubsystemIOS
LogPluginManager: Mounting plugin OnlineSubsystem
LogPluginManager: Mounting plugin OnlineSubsystemNull
LogPluginManager: Mounting plugin OnlineSubsystemUtils
LogPluginManager: Mounting plugin LauncherChunkInstaller
LogPluginManager: Mounting plugin AndroidDeviceProfileSelector
LogPluginManager: Mounting plugin AndroidMoviePlayer
LogPluginManager: Mounting plugin AndroidPermission
LogPluginManager: Mounting plugin AppleMoviePlayer
LogPluginManager: Mounting plugin ArchVisCharacter
LogPluginManager: Mounting plugin AudioCapture
LogPluginManager: Mounting plugin CableComponent
LogPluginManager: Mounting plugin CustomMeshComponent
LogPluginManager: Mounting plugin EditableMesh
LogPluginManager: Mounting plugin ExampleDeviceProfileSelector
LogPluginManager: Mounting plugin GoogleCloudMessaging
LogPluginManager: Mounting plugin ImmediatePhysics
LogPluginManager: Mounting plugin IOSDeviceProfileSelector
LogPluginManager: Mounting plugin LinuxDeviceProfileSelector
LogPluginManager: Mounting plugin LocationServicesBPLibrary
LogPluginManager: Mounting plugin MobilePatchingUtils
LogPluginManager: Mounting plugin OculusVR
LogPluginManager: Plugin shader directory ../../../Engine/Plugins/Runtime/Oculus/OculusVR/Shaders found
LogPluginManager: Mapping shader source directory ../../../Engine/Plugins/Runtime/Oculus/OculusVR/Shaders to virtual directory /Plugin/OculusVR
LogPluginManager: Mounting plugin PhysXVehicles
LogPluginManager: Mounting plugin ProceduralMeshComponent
LogPluginManager: Mounting plugin RuntimePhysXCooking
LogPluginManager: Mounting plugin SteamVR
LogPluginManager: Mounting plugin WindowsMoviePlayer
LogStreaming: Display: Took  0.092s to configure plugins.
LogInit: Using libcurl 7.55.1-DEV
LogInit:  - built for x86_64-pc-win32
LogInit:  - supports SSL with OpenSSL/1.0.2h
LogInit:  - supports HTTP deflate (compression) using libz 1.2.8
LogInit:  - other features:
LogInit:      CURL_VERSION_SSL
LogInit:      CURL_VERSION_LIBZ
LogInit:      CURL_VERSION_IPV6
LogInit:      CURL_VERSION_ASYNCHDNS
LogInit:      CURL_VERSION_LARGEFILE
LogInit:      CURL_VERSION_IDN
LogInit:  CurlRequestOptions (configurable via config and command line):
LogInit:  - bVerifyPeer = false  - Libcurl will NOT verify peer certificate
LogInit:  - bUseHttpProxy = false  - Libcurl will NOT use HTTP proxy
LogInit:  - bDontReuseConnections = false  - Libcurl will reuse connections
LogInit:  - CertBundlePath = nullptr  - Libcurl will use whatever was configured at build time.
LogInit:  - MaxHostConnections = 16  - Libcurl will limit the number of connections to a host
LogInit:  - LocalHostAddr = Default
LogInit:  - BufferSize = 65536
LogInit: WinSock: version 1.1 (2.2), MaxSocks=32767, MaxUdp=65467
LogInit: Build: ++UE4+Release-4.20-CL-4369336
LogInit: Engine Version: 4.20.3-4369336+++UE4+Release-4.20
LogInit: Compatible Engine Version: 4.20.0-4212847+++UE4+Release-4.20
LogInit: Net CL: 4212847
LogInit: OS: Windows 10 (), CPU: Intel(R) Core(TM) i7-6700K CPU @ 4.00GHz, GPU: NVIDIA TITAN X (Pascal)
LogInit: Compiled (64-bit): Sep 17 2018 12:26:19
LogInit: Compiled with Visual C++: 19.13.26129.00
LogInit: Build Configuration: Development
LogInit: Branch Name: ++UE4+Release-4.20
LogInit: Command Line: 
LogInit: Base Directory: C:/Program Files/Epic Games/UE_4.20/Engine/Binaries/Win64/
LogInit: Installed Engine Build: 1
LogDevObjectVersion: Number of dev versions registered: 20
LogDevObjectVersion:   Dev-Blueprints (B0D832E4-1F89-4F0D-ACCF-7EB736FD4AA2): 10
LogDevObjectVersion:   Dev-Build (E1C64328-A22C-4D53-A36C-8E866417BD8C): 0
LogDevObjectVersion:   Dev-Core (375EC13C-06E4-48FB-B500-84F0262A717E): 2
LogDevObjectVersion:   Dev-Editor (E4B068ED-F494-42E9-A231-DA0B2E46BB41): 24
LogDevObjectVersion:   Dev-Framework (CFFC743F-43B0-4480-9391-14DF171D2073): 34
LogDevObjectVersion:   Dev-Mobile (B02B49B5-BB20-44E9-A304-32B752E40360): 2
LogDevObjectVersion:   Dev-Networking (A4E4105C-59A1-49B5-A7C5-40C4547EDFEE): 0
LogDevObjectVersion:   Dev-Online (39C831C9-5AE6-47DC-9A44-9C173E1C8E7C): 0
LogDevObjectVersion:   Dev-Physics (78F01B33-EBEA-4F98-B9B4-84EACCB95AA2): 0
LogDevObjectVersion:   Dev-Platform (6631380F-2D4D-43E0-8009-CF276956A95A): 0
LogDevObjectVersion:   Dev-Rendering (12F88B9F-8875-4AFC-A67C-D90C383ABD29): 26
LogDevObjectVersion:   Dev-Sequencer (7B5AE74C-D270-4C10-A958-57980B212A5A): 9
LogDevObjectVersion:   Dev-VR (D7296918-1DD6-4BDD-9DE2-64A83CC13884): 2
LogDevObjectVersion:   Dev-LoadTimes (C2A15278-BFE7-4AFE-6C17-90FF531DF755): 1
LogDevObjectVersion:   Private-Geometry (6EACA3D4-40EC-4CC1-B786-8BED09428FC5): 3
LogDevObjectVersion:   Dev-AnimPhys (29E575DD-E0A3-4627-9D10-D276232CDCEA): 17
LogDevObjectVersion:   Dev-ReflectionCapture (6B266CEC-1EC7-4B8F-A30B-E4D90942FC07): 1
LogDevObjectVersion:   Dev-Automation (0DF73D61-A23F-47EA-B727-89E90C41499A): 1
LogDevObjectVersion:   FortniteMain (601D1886-AC64-4F84-AA16-D3DE0DEAC7D6): 12
LogDevObjectVersion:   Dev-Enterprise (9DFFBCD6-494F-0158-E221-12823C92A888): 1
LogStreaming: Display: Took  0.000s to delete old logs.
LogInit: Presizing for max 8388607 objects, including 0 objects not considered by GC, pre-allocating 0 bytes for permanent pool.
LogInit: Object subsystem initialized
[2019.03.24-04.19.55:709][  0]LogInit: Selected Device Profile: [Windows]
[2019.03.24-04.19.55:709][  0]LogInit: Applying CVar settings loaded from the selected device profile: [Windows]
[2019.03.24-04.19.55:719][  0]LogHAL: Display: Platform has ~ 16 GB [17120710656 / 17179869184 / 16], which maps to Larger [LargestMinGB=32, LargerMinGB=12, DefaultMinGB=8, SmallerMinGB=6, SmallestMinGB=0)
[2019.03.24-04.19.55:719][  0]LogInit: Setting Device Profile CVar: [[r.Vulkan.UseRealUBs:1]]
[2019.03.24-04.19.55:719][  0]LogInit: Going up to parent DeviceProfile []
[2019.03.24-04.19.55:719][  0]LogInit: Computer: DESKTOP-I0Q4SH2
[2019.03.24-04.19.55:719][  0]LogInit: User: LohasKevin
[2019.03.24-04.19.55:720][  0]LogInit: CPU Page size=4096, Cores=4
[2019.03.24-04.19.55:720][  0]LogInit: High frequency timer resolution =10.000000 MHz
[2019.03.24-04.19.55:720][  0]LogMemory: Memory total: Physical=15.9GB (16GB approx)
[2019.03.24-04.19.55:720][  0]LogMemory: Platform Memory Stats for Windows
[2019.03.24-04.19.55:720][  0]LogMemory: Process Physical Memory: 100.44 MB used, 100.44 MB peak
[2019.03.24-04.19.55:720][  0]LogMemory: Process Virtual Memory: 91.02 MB used, 91.02 MB peak
[2019.03.24-04.19.55:720][  0]LogMemory: Physical Memory: 7438.29 MB used,  8889.29 MB free, 16327.58 MB total
[2019.03.24-04.19.55:720][  0]LogMemory: Virtual Memory: 4643.03 MB used,  8889.29 MB free, 134217728.00 MB total
[2019.03.24-04.19.55:734][  0]LogInit: Using OS detected language (en-US).
[2019.03.24-04.19.55:734][  0]LogInit: Using OS detected locale (en-US).
[2019.03.24-04.19.55:735][  0]LogTextLocalizationManager: No specific localization for 'en-US' exists, so the 'en' localization will be used.
[2019.03.24-04.19.56:022][  0]LogStreaming: Display: Took  0.288s to InitEngineTextLocalization.
[2019.03.24-04.19.56:022][  0]LogInit: Setting process to per monitor DPI aware
[2019.03.24-04.19.56:059][  0]LogSlate: New Slate User Created.  User Index 0, Is Virtual User: 0
[2019.03.24-04.19.56:059][  0]LogSlate: Slate User Registered.  User Index 0, Is Virtual User: 0
[2019.03.24-04.19.56:214][  0]LogHMD: Failed to initialize OpenVR with code 110
[2019.03.24-04.19.56:214][  0]LogD3D11RHI: D3D11 adapters:
[2019.03.24-04.19.56:271][  0]LogD3D11RHI:    0. 'NVIDIA TITAN X (Pascal)' (Feature Level 11_0)
[2019.03.24-04.19.56:271][  0]LogD3D11RHI:       12147/0/8163 MB DedicatedVideo/DedicatedSystem/SharedSystem, Outputs:1, VendorId:0x10de
[2019.03.24-04.19.56:273][  0]LogD3D11RHI:    1. 'Microsoft Basic Render Driver' (Feature Level 11_0)
[2019.03.24-04.19.56:273][  0]LogD3D11RHI:       0/0/8163 MB DedicatedVideo/DedicatedSystem/SharedSystem, Outputs:0, VendorId:0x1414
[2019.03.24-04.19.56:273][  0]LogD3D11RHI: Chosen D3D11 Adapter: 0
[2019.03.24-04.19.56:280][  0]LogD3D11RHI: Creating new Direct3DDevice
[2019.03.24-04.19.56:280][  0]LogD3D11RHI:     GPU DeviceId: 0x1b00 (for the marketing name, search the web for "GPU Device Id")
[2019.03.24-04.19.56:280][  0]LogWindows: EnumDisplayDevices:
[2019.03.24-04.19.56:280][  0]LogWindows:    0. 'NVIDIA TITAN X (Pascal)' (P:1 D:1)
[2019.03.24-04.19.56:280][  0]LogWindows:    1. 'NVIDIA TITAN X (Pascal)' (P:0 D:0)
[2019.03.24-04.19.56:281][  0]LogWindows:    2. 'NVIDIA TITAN X (Pascal)' (P:0 D:0)
[2019.03.24-04.19.56:281][  0]LogWindows:    3. 'NVIDIA TITAN X (Pascal)' (P:0 D:0)
[2019.03.24-04.19.56:281][  0]LogWindows: DebugString: FoundDriverCount:4 
[2019.03.24-04.19.56:281][  0]LogD3D11RHI:     Adapter Name: NVIDIA TITAN X (Pascal)
[2019.03.24-04.19.56:281][  0]LogD3D11RHI:   Driver Version: 417.35 (internal:25.21.14.1735, unified:417.35)
[2019.03.24-04.19.56:281][  0]LogD3D11RHI:      Driver Date: 12-11-2018
[2019.03.24-04.19.56:281][  0]LogRHI: Texture pool is 8502 MB (70% of 12147 MB)
[2019.03.24-04.19.56:316][  0]LogD3D11RHI: Async texture creation enabled
[2019.03.24-04.19.56:344][  0]LogD3D11RHI: GPU Timing Frequency: 1000.000000 (Debug: 2 2)
[2019.03.24-04.19.56:385][  0]LogShaderCompilers: Guid format shader working directory is 22 characters bigger than the processId version (E:/GameDev2Project/MarshMellow/Intermediate/Shaders/WorkingDirectory/7260/).
[2019.03.24-04.19.56:385][  0]LogShaderCompilers: Cleaned the shader compiler working directory 'C:/Users/Lohas_Kevin/AppData/Local/Temp/UnrealShaderWorkingDir/32A3F1C441D276A422C4C6A426C44997/'.
[2019.03.24-04.19.56:632][  0]LogTemp: Display: Loaded TP AllDesktopTargetPlatform
[2019.03.24-04.19.56:643][  0]LogTemp: Display: Loaded TP MacClientTargetPlatform
[2019.03.24-04.19.56:654][  0]LogTemp: Display: Loaded TP MacNoEditorTargetPlatform
[2019.03.24-04.19.56:664][  0]LogTemp: Display: Loaded TP MacServerTargetPlatform
[2019.03.24-04.19.56:675][  0]LogTemp: Display: Loaded TP MacTargetPlatform
[2019.03.24-04.19.56:685][  0]LogTemp: Display: Loaded TP WindowsClientTargetPlatform
[2019.03.24-04.19.56:695][  0]LogTemp: Display: Loaded TP WindowsNoEditorTargetPlatform
[2019.03.24-04.19.56:706][  0]LogTemp: Display: Loaded TP WindowsServerTargetPlatform
[2019.03.24-04.19.56:712][  0]LogTemp: Display: Loaded TP WindowsTargetPlatform
[2019.03.24-04.19.56:771][  0]LogTemp: Display: Loaded TP AndroidTargetPlatform
[2019.03.24-04.19.56:771][  0]LogTemp: Display: Loaded TP AndroidTargetPlatform
[2019.03.24-04.19.56:771][  0]LogTemp: Display: Loaded TP AndroidTargetPlatform
[2019.03.24-04.19.56:771][  0]LogTemp: Display: Loaded TP AndroidTargetPlatform
[2019.03.24-04.19.56:771][  0]LogTemp: Display: Loaded TP AndroidTargetPlatform
[2019.03.24-04.19.56:771][  0]LogTemp: Display: Loaded TP AndroidTargetPlatform
[2019.03.24-04.19.56:771][  0]LogTemp: Display: Loaded TP AndroidTargetPlatform
[2019.03.24-04.19.56:771][  0]LogTemp: Display: Loaded TP AndroidTargetPlatform
[2019.03.24-04.19.56:771][  0]LogTemp: Display: Loaded TP AndroidTargetPlatform
[2019.03.24-04.19.56:771][  0]LogTemp: Display: Loaded TP AndroidTargetPlatform
[2019.03.24-04.19.56:771][  0]LogTemp: Display: Loaded TP AndroidTargetPlatform
[2019.03.24-04.19.56:771][  0]LogTemp: Display: Loaded TP AndroidTargetPlatform
[2019.03.24-04.19.56:771][  0]LogTemp: Display: Loaded TP AndroidTargetPlatform
[2019.03.24-04.19.56:771][  0]LogTemp: Display: Loaded TP AndroidTargetPlatform
[2019.03.24-04.19.56:771][  0]LogTemp: Display: Loaded TP AndroidTargetPlatform
[2019.03.24-04.19.56:771][  0]LogTemp: Display: Loaded TP AndroidTargetPlatform
[2019.03.24-04.19.56:771][  0]LogTemp: Display: Loaded TP AndroidTargetPlatform
[2019.03.24-04.19.56:771][  0]LogTemp: Display: Loaded TP AndroidTargetPlatform
[2019.03.24-04.19.56:772][  0]LogTemp: Display: Loaded TP HTML5TargetPlatform
[2019.03.24-04.19.56:826][  0]LogTemp: Display: Loaded TP IOSTargetPlatform
[2019.03.24-04.19.56:826][  0]LogTemp: Display: Loaded TP IOSTargetPlatform
[2019.03.24-04.19.56:846][  0]LogTemp: Display: Loaded TP TVOSTargetPlatform
[2019.03.24-04.19.56:846][  0]LogTemp: Display: Loaded TP TVOSTargetPlatform
[2019.03.24-04.19.56:856][  0]LogTemp: Display: Loaded TP LinuxClientTargetPlatform
[2019.03.24-04.19.56:866][  0]LogTemp: Display: Loaded TP LinuxNoEditorTargetPlatform
[2019.03.24-04.19.56:876][  0]LogTemp: Display: Loaded TP LinuxServerTargetPlatform
[2019.03.24-04.19.56:886][  0]LogTemp: Display: Loaded TP LinuxTargetPlatform
[2019.03.24-04.19.56:893][  0]LogTemp: Display: Loaded TP LuminTargetPlatform
[2019.03.24-04.19.56:893][  0]LogTargetPlatformManager: Display: Building Assets For Windows
[2019.03.24-04.19.56:941][  0]LogXGEController: Cannot use XGE Controller as Incredibuild is not installed on this machine.
[2019.03.24-04.19.56:941][  0]LogShaderCompilers: Cannot use XGE Shader Compiler as Incredibuild is not installed on this machine.
[2019.03.24-04.19.56:941][  0]LogShaderCompilers: Display: Using Local Shader Compiler.
[2019.03.24-04.19.57:582][  0]LogDerivedDataCache: Display: Max Cache Size: 512 MB
[2019.03.24-04.19.57:643][  0]LogDerivedDataCache: Loaded boot cache 0.06s 71MB C:/Users/Lohas_Kevin/AppData/Local/UnrealEngine/4.20/DerivedDataCache/Boot.ddc.
[2019.03.24-04.19.57:643][  0]LogDerivedDataCache: Display: Loaded Boot cache: C:/Users/Lohas_Kevin/AppData/Local/UnrealEngine/4.20/DerivedDataCache/Boot.ddc
[2019.03.24-04.19.57:643][  0]LogDerivedDataCache: FDerivedDataBackendGraph:  Pak pak cache file E:/GameDev2Project/MarshMellow/DerivedDataCache/DDC.ddp not found, will not use a pak cache.
[2019.03.24-04.19.57:643][  0]LogDerivedDataCache: Unable to find inner node Pak for hierarchical cache Hierarchy.
[2019.03.24-04.19.57:643][  0]LogDerivedDataCache: FDerivedDataBackendGraph:  CompressedPak pak cache file E:/GameDev2Project/MarshMellow/DerivedDataCache/Compressed.ddp not found, will not use a pak cache.
[2019.03.24-04.19.57:643][  0]LogDerivedDataCache: Unable to find inner node CompressedPak for hierarchical cache Hierarchy.
[2019.03.24-04.19.57:655][  0]LogDerivedDataCache: Display: Pak cache opened for reading ../../../Engine/DerivedDataCache/Compressed.ddp.
[2019.03.24-04.19.57:667][  0]LogDerivedDataCache: Using Local data cache path C:/Users/Lohas_Kevin/AppData/Local/UnrealEngine/Common/DerivedDataCache: Writable
[2019.03.24-04.19.57:667][  0]LogDerivedDataCache: Shared data cache path not found in *engine.ini, will not use an Shared cache.
[2019.03.24-04.19.57:667][  0]LogDerivedDataCache: Unable to find inner node Shared for hierarchical cache Hierarchy.
[2019.03.24-04.19.57:685][  0]LogMaterial: Verifying Global Shaders for PCD3D_SM5
[2019.03.24-04.19.57:686][  0]LogSlate: Using FreeType 2.6.0
[2019.03.24-04.19.57:687][  0]LogSlate: SlateFontServices - WITH_FREETYPE: 1, WITH_HARFBUZZ: 1
[2019.03.24-04.19.57:754][  0]LogAssetRegistry: FAssetRegistry took 0.0260 seconds to start up
[2019.03.24-04.19.58:029][  0]LogInit: Selected Device Profile: [Windows]
[2019.03.24-04.19.58:133][  0]LogSimplygon: Simplygon DLL not present - disabling.
[2019.03.24-04.19.58:136][  0]LogMeshReduction: Using SimplygonSwarm for distributed automatic mesh merging
[2019.03.24-04.19.58:136][  0]LogMeshReduction: Using ProxyLODMeshReduction for automatic mesh merging
[2019.03.24-04.19.58:136][  0]LogMeshReduction: Using QuadricMeshReduction for automatic static mesh reduction
[2019.03.24-04.19.58:136][  0]LogMeshReduction: No automatic skeletal mesh reduction module available
[2019.03.24-04.19.58:148][  0]LogNetVersion: MarshMellow 1.0.0, NetCL: 4212847, EngineNetVer: 5, GameNetVer: 0 (Checksum: 3750370364)
[2019.03.24-04.19.58:563][  0]LogPackageLocalizationCache: Processed 11 localized package path(s) for 2 prioritized culture(s) in 0.093587 seconds
[2019.03.24-04.19.58:568][  0]LogUObjectArray: 38425 objects as part of root set at end of initial load.
[2019.03.24-04.19.58:568][  0]LogUObjectAllocator: 6690872 out of 0 bytes used by permanent object pool.
[2019.03.24-04.19.58:568][  0]LogUObjectArray: CloseDisregardForGC: 0/0 objects in disregard for GC pool
[2019.03.24-04.19.59:273][  0]LogTcpMessaging: Initializing TcpMessaging bridge
[2019.03.24-04.19.59:287][  0]LogUdpMessaging: Initializing bridge on interface 0.0.0.0:0 to multicast group 230.0.0.1:6666.
[2019.03.24-04.19.59:422][  0]SourceControl: Source control is disabled
[2019.03.24-04.19.59:422][  0]SourceControl: Source control is disabled
[2019.03.24-04.19.59:423][  0]SourceControl: Source control is disabled
[2019.03.24-04.19.59:423][  0]SourceControl: Source control is disabled
[2019.03.24-04.19.59:575][  0]LogAndroidPermission: UAndroidPermissionCallbackProxy::GetInstance
[2019.03.24-04.19.59:634][  0]LogOcInput: OculusInput pre-init called
[2019.03.24-04.19.59:686][  0]LogEngine: Initializing Engine...
[2019.03.24-04.19.59:686][  0]LogHMD: Failed to initialize OpenVR with code 110
[2019.03.24-04.19.59:687][  0]LogStats: UGameplayTagsManager::ConstructGameplayTagTree: ImportINI prefixes -  0.000 s
[2019.03.24-04.19.59:687][  0]LogStats: UGameplayTagsManager::ConstructGameplayTagTree: Construct from data asset -  0.000 s
[2019.03.24-04.19.59:687][  0]LogStats: UGameplayTagsManager::ConstructGameplayTagTree: ImportINI -  0.000 s
[2019.03.24-04.19.59:687][  0]LogStats: UGameplayTagsManager::ConstructGameplayTagTree: GameplayTagTreeChangedEvent.Broadcast -  0.000 s
[2019.03.24-04.19.59:865][  0]LogInit: Initializing FReadOnlyCVARCache
[2019.03.24-04.19.59:880][  0]LogAIModule: Creating AISystem for world Untitled
[2019.03.24-04.19.59:922][  0]LogInit: XAudio2 using 'Acer XB241H (NVIDIA High Definition Audio)' : 2 channels at 48 kHz using 16 bits per sample (channel mask 0x3)
[2019.03.24-04.19.59:934][  0]LogInit: FAudioDevice initialized.
[2019.03.24-04.19.59:935][  0]LogNetVersion: Set ProjectVersion to 1.0.0.0. Version Checksum will be recalculated on next use.
[2019.03.24-04.19.59:978][  0]LogDerivedDataCache: Saved boot cache 0.04s 71MB C:/Users/Lohas_Kevin/AppData/Local/UnrealEngine/4.20/DerivedDataCache/Boot.ddc.
[2019.03.24-04.19.59:983][  0]LogInit: Texture streaming: Enabled
[2019.03.24-04.19.59:997][  0]LogEngineSessionManager: EngineSessionManager initialized
[2019.03.24-04.20.00:012][  0]LogInit: Transaction tracking system initialized
[2019.03.24-04.20.00:031][  0]BlueprintLog: New page: Editor Load
[2019.03.24-04.20.00:095][  0]LocalizationService: Localization service is disabled
[2019.03.24-04.20.00:314][  0]LogCook: Display: Max memory allowance for cook 16384mb min free memory 0mb
[2019.03.24-04.20.00:314][  0]LogCook: Display: Mobile HDR setting 1
[2019.03.24-04.20.00:314][  0]LogGameplayTags: Display: UGameplayTagsManager::DoneAddingNativeTags. DelegateIsBound: 0
[2019.03.24-04.20.00:314][  0]LogStats: UGameplayTagsManager::ConstructGameplayTagTree: ImportINI prefixes -  0.000 s
[2019.03.24-04.20.00:314][  0]LogStats: UGameplayTagsManager::ConstructGameplayTagTree: Construct from data asset -  0.000 s
[2019.03.24-04.20.00:314][  0]LogStats: UGameplayTagsManager::ConstructGameplayTagTree: ImportINI -  0.000 s
[2019.03.24-04.20.00:314][  0]LogStats: UGameplayTagsManager::ConstructGameplayTagTree: GameplayTagTreeChangedEvent.Broadcast -  0.000 s
[2019.03.24-04.20.00:409][  0]LogFileCache: Scanning file cache for directory 'E:/GameDev2Project/MarshMellow/Content/' took 0.03s
[2019.03.24-04.20.00:409][  0]SourceControl: Source control is disabled
[2019.03.24-04.20.00:409][  0]Cmd: MAP LOAD FILE="E:/GameDev2Project/MarshMellow/Content/ThirdPersonBP/Maps/ThirdPersonExampleMap.umap" TEMPLATE=0 SHOWPROGRESS=1 FEATURELEVEL=3
[2019.03.24-04.20.00:409][  0]LightingResults: New page: Lighting Build
[2019.03.24-04.20.00:412][  0]MapCheck: New page: Map Check
[2019.03.24-04.20.00:412][  0]LightingResults: New page: Lighting Build
[2019.03.24-04.20.00:751][  0]LogAIModule: Creating AISystem for world ThirdPersonExampleMap
[2019.03.24-04.20.00:758][  0]LogEditorServer: Finished looking for orphan Actors (0.000 secs)
[2019.03.24-04.20.00:779][  0]Cmd: MAP CHECKDEP NOCLEARLOG
[2019.03.24-04.20.00:841][  0]MapCheck: Map check complete: 0 Error(s), 0 Warning(s), took 63.002ms to complete.
[2019.03.24-04.20.00:841][  0]LogFileHelpers: Loading map 'ThirdPersonExampleMap' took 0.433
[2019.03.24-04.20.00:938][  0]LogSlate: Updating window title bar state: overlay mode, drag disabled, window buttons hidden, title bar hidden
[2019.03.24-04.20.00:944][  0]LogSlate: Updating window title bar state: overlay mode, drag disabled, window buttons hidden, title bar hidden
[2019.03.24-04.20.00:950][  0]LogSlate: Updating window title bar state: overlay mode, drag disabled, window buttons hidden, title bar hidden
[2019.03.24-04.20.00:956][  0]LogSlate: Updating window title bar state: overlay mode, drag disabled, window buttons hidden, title bar hidden
[2019.03.24-04.20.00:962][  0]LogCollectionManager: Loaded 0 collections in 0.001593 seconds
[2019.03.24-04.20.01:003][  0]LogFileCache: Scanning file cache for directory 'E:/GameDev2Project/MarshMellow/Saved/Collections/' took 0.01s
[2019.03.24-04.20.01:003][  0]LogFileCache: Scanning file cache for directory 'E:/GameDev2Project/MarshMellow/Content/Developers/LohasKevin/Collections/' took 0.01s
[2019.03.24-04.20.01:003][  0]LogFileCache: Scanning file cache for directory 'E:/GameDev2Project/MarshMellow/Content/Collections/' took 0.01s
[2019.03.24-04.20.01:003][  0]LogCollectionManager: Rebuilt the GUID cache for 0 collections in 0.000001 seconds
[2019.03.24-04.20.01:013][  0]LogContentBrowser: Native class hierarchy populated in 0.0099 seconds. Added 2572 classes and 603 folders.
[2019.03.24-04.20.01:025][  0]LogContentBrowser: Native class hierarchy updated for 'WidgetCarousel' in 0.0005 seconds. Added 0 classes and 0 folders.
[2019.03.24-04.20.01:073][  0]LogContentBrowser: Native class hierarchy updated for 'AddContentDialog' in 0.0002 seconds. Added 0 classes and 0 folders.
[2019.03.24-04.20.01:077][  0]LogContentBrowser: Native class hierarchy updated for 'SceneOutliner' in 0.0002 seconds. Added 1 classes and 2 folders.
[2019.03.24-04.20.01:089][  0]LogSlate: Took 0.000365 seconds to synchronously load lazily loaded font '../../../Engine/Content/Slate/Fonts/Roboto-Regular.ttf' (155K)
[2019.03.24-04.20.01:091][  0]LogSlate: Took 0.000239 seconds to synchronously load lazily loaded font '../../../Engine/Content/Slate/Fonts/Roboto-Bold.ttf' (160K)
[2019.03.24-04.20.01:096][  0]LogSlate: Took 0.000384 seconds to synchronously load lazily loaded font '../../../Engine/Content/Editor/Slate/Fonts/FontAwesome.ttf' (139K)
[2019.03.24-04.20.01:161][  0]LogRenderer: Reallocating scene render targets to support 1208x576 Format 10 NumSamples 1 (Frame:1).
[2019.03.24-04.20.01:308][  0]LogContentBrowser: Native class hierarchy updated for 'HierarchicalLODOutliner' in 0.0003 seconds. Added 0 classes and 0 folders.
[2019.03.24-04.20.01:308][  0]LogLoad: (Engine Initialization) Total time: 7.22 seconds
[2019.03.24-04.20.01:308][  0]LogLoad: (Engine Initialization) Total Blueprint compile time: 0.00 seconds
[2019.03.24-04.20.01:350][  0]LogContentStreaming: Texture pool size now 1000 MB
[2019.03.24-04.20.01:416][  0]LogSlate: Took 0.000126 seconds to synchronously load lazily loaded font '../../../Engine/Content/Slate/Fonts/Roboto-Light.ttf' (167K)
[2019.03.24-04.20.01:420][  1]LogFileCache: Retrieving MD5 hashes for directory 'E:/GameDev2Project/MarshMellow/Content/' took 0.09s
[2019.03.24-04.20.01:461][  2]LogAssetRegistry: Asset discovery search completed in 3.7294 seconds
[2019.03.24-04.20.01:463][  2]LogCollectionManager: Rebuilt the object cache for 0 collections in 0.000000 seconds (found 0 objects)
[2019.03.24-04.20.01:463][  2]LogCollectionManager: Fixed up redirectors for 0 collections in 0.000087 seconds (updated 0 objects)
[2019.03.24-04.20.04:352][147]LogSlate: Took 0.000198 seconds to synchronously load lazily loaded font '../../../Engine/Content/Slate/Fonts/Roboto-Light.ttf' (167K)
[2019.03.24-04.20.04:775][162]LogSlate: FSceneViewport::OnFocusLost() reason 0
[2019.03.24-04.20.08:386][259]AssetReimport: New page: Outstanding source content changes 8:20:08 PM
[2019.03.24-04.20.08:490][260]LogEditorFactories: Performing atomic reimport of [E:/GameDev2Project/MarshMellow/Content/Sprites/Item/Bullet_mags_1.png]
[2019.03.24-04.20.08:490][260]LogFactory: FactoryCreateFile: Texture2D with ReimportTextureFactory (0 0 E:/GameDev2Project/MarshMellow/Content/Sprites/Item/Bullet_mags_1.png)
[2019.03.24-04.20.08:499][260]LogEditorFactories: -- imported successfully
[2019.03.24-04.20.08:514][261]LogEditorFactories: Performing atomic reimport of [E:/GameDev2Project/MarshMellow/Content/Sprites/Item/Bullet_mags_2.png]
[2019.03.24-04.20.08:514][261]LogFactory: FactoryCreateFile: Texture2D with ReimportTextureFactory (0 0 E:/GameDev2Project/MarshMellow/Content/Sprites/Item/Bullet_mags_2.png)
[2019.03.24-04.20.08:524][261]LogEditorFactories: -- imported successfully
[2019.03.24-04.20.08:552][262]LogEditorFactories: Performing atomic reimport of [E:/GameDev2Project/MarshMellow/Content/Sprites/Item/Bullet_mags_3.png]
[2019.03.24-04.20.08:552][262]LogFactory: FactoryCreateFile: Texture2D with ReimportTextureFactory (0 0 E:/GameDev2Project/MarshMellow/Content/Sprites/Item/Bullet_mags_3.png)
[2019.03.24-04.20.08:572][262]LogEditorFactories: -- imported successfully
[2019.03.24-04.20.08:603][263]LogEditorFactories: Performing atomic reimport of [E:/GameDev2Project/MarshMellow/Content/Sprites/Item/Chest_Key.png]
[2019.03.24-04.20.08:603][263]LogFactory: FactoryCreateFile: Texture2D with ReimportTextureFactory (0 0 E:/GameDev2Project/MarshMellow/Content/Sprites/Item/Chest_Key.png)
[2019.03.24-04.20.08:622][263]LogEditorFactories: -- imported successfully
[2019.03.24-04.20.08:653][264]LogEditorFactories: Performing atomic reimport of [E:/GameDev2Project/MarshMellow/Content/Sprites/Item/Door_Key.png]
[2019.03.24-04.20.08:653][264]LogFactory: FactoryCreateFile: Texture2D with ReimportTextureFactory (0 0 E:/GameDev2Project/MarshMellow/Content/Sprites/Item/Door_Key.png)
[2019.03.24-04.20.08:673][264]LogEditorFactories: -- imported successfully
[2019.03.24-04.20.08:703][265]LogEditorFactories: Performing atomic reimport of [E:/GameDev2Project/MarshMellow/Content/Sprites/Item/Emergency_Flask.png]
[2019.03.24-04.20.08:703][265]LogFactory: FactoryCreateFile: Texture2D with ReimportTextureFactory (0 0 E:/GameDev2Project/MarshMellow/Content/Sprites/Item/Emergency_Flask.png)
[2019.03.24-04.20.08:724][265]LogEditorFactories: -- imported successfully
[2019.03.24-04.20.08:753][266]LogEditorFactories: Performing atomic reimport of [E:/GameDev2Project/MarshMellow/Content/Sprites/Item/First_Aid_Flask.png]
[2019.03.24-04.20.08:753][266]LogFactory: FactoryCreateFile: Texture2D with ReimportTextureFactory (0 0 E:/GameDev2Project/MarshMellow/Content/Sprites/Item/First_Aid_Flask.png)
[2019.03.24-04.20.08:774][266]LogEditorFactories: -- imported successfully
[2019.03.24-04.20.08:804][267]LogEditorFactories: Performing atomic reimport of [E:/GameDev2Project/MarshMellow/Content/Sprites/Item/Flame Radar (Off).png]
[2019.03.24-04.20.08:804][267]LogFactory: FactoryCreateFile: Texture2D with ReimportTextureFactory (0 0 E:/GameDev2Project/MarshMellow/Content/Sprites/Item/Flame Radar (Off).png)
[2019.03.24-04.20.08:825][267]LogEditorFactories: -- imported successfully
[2019.03.24-04.20.08:854][268]LogEditorFactories: Performing atomic reimport of [E:/GameDev2Project/MarshMellow/Content/Sprites/Item/Flame_Radar (Full_Power).png]
[2019.03.24-04.20.08:854][268]LogFactory: FactoryCreateFile: Texture2D with ReimportTextureFactory (0 0 E:/GameDev2Project/MarshMellow/Content/Sprites/Item/Flame_Radar (Full_Power).png)
[2019.03.24-04.20.08:875][268]LogEditorFactories: -- imported successfully
[2019.03.24-04.20.08:885][269]LogEditorFactories: Performing atomic reimport of [E:/GameDev2Project/MarshMellow/Content/Sprites/Item/Flame_Radar (Half_Power).png]
[2019.03.24-04.20.08:885][269]LogFactory: FactoryCreateFile: Texture2D with ReimportTextureFactory (0 0 E:/GameDev2Project/MarshMellow/Content/Sprites/Item/Flame_Radar (Half_Power).png)
[2019.03.24-04.20.08:909][269]LogEditorFactories: -- imported successfully
[2019.03.24-04.20.08:921][270]LogEditorFactories: Performing atomic reimport of [E:/GameDev2Project/MarshMellow/Content/Sprites/Item/Le'_Shroom.png]
[2019.03.24-04.20.08:921][270]LogFactory: FactoryCreateFile: Texture2D with ReimportTextureFactory (0 0 E:/GameDev2Project/MarshMellow/Content/Sprites/Item/Le'_Shroom.png)
[2019.03.24-04.20.08:957][270]LogEditorFactories: -- imported successfully
[2019.03.24-04.20.08:967][271]LogEditorFactories: Performing atomic reimport of [E:/GameDev2Project/MarshMellow/Content/Sprites/Item/Medical_Flask.png]
[2019.03.24-04.20.08:967][271]LogFactory: FactoryCreateFile: Texture2D with ReimportTextureFactory (0 0 E:/GameDev2Project/MarshMellow/Content/Sprites/Item/Medical_Flask.png)
[2019.03.24-04.20.09:007][271]LogEditorFactories: -- imported successfully
[2019.03.24-04.20.09:016][272]LogEditorFactories: Performing atomic reimport of [E:/GameDev2Project/MarshMellow/Content/Sprites/Item/Note(Burned).png]
[2019.03.24-04.20.09:017][272]LogFactory: FactoryCreateFile: Texture2D with ReimportTextureFactory (0 0 E:/GameDev2Project/MarshMellow/Content/Sprites/Item/Note(Burned).png)
[2019.03.24-04.20.09:058][272]LogEditorFactories: -- imported successfully
[2019.03.24-04.20.09:066][273]LogEditorFactories: Performing atomic reimport of [E:/GameDev2Project/MarshMellow/Content/Sprites/Item/Note.png]
[2019.03.24-04.20.09:066][273]LogFactory: FactoryCreateFile: Texture2D with ReimportTextureFactory (0 0 E:/GameDev2Project/MarshMellow/Content/Sprites/Item/Note.png)
[2019.03.24-04.20.09:108][273]LogEditorFactories: -- imported successfully
[2019.03.24-04.20.09:117][274]LogEditorFactories: Performing atomic reimport of [E:/GameDev2Project/MarshMellow/Content/Sprites/Item/Weird_Key.png]
[2019.03.24-04.20.09:118][274]LogFactory: FactoryCreateFile: Texture2D with ReimportTextureFactory (0 0 E:/GameDev2Project/MarshMellow/Content/Sprites/Item/Weird_Key.png)
[2019.03.24-04.20.09:159][274]LogEditorFactories: -- imported successfully
[2019.03.24-04.20.09:379][275]Cmd: OBJ SAVEPACKAGE PACKAGE="/Game/Sprites/Item/Bullet_mags_1" FILE="E:/GameDev2Project/MarshMellow/Content/Sprites/Item/Bullet_mags_1.uasset" SILENT=true
[2019.03.24-04.20.09:407][275]LogSavePackage: Moving 'E:/GameDev2Project/MarshMellow/Saved/Bullet_mags_1E381027244F9323AF1FDA0B17EECCB87.tmp' to 'E:/GameDev2Project/MarshMellow/Content/Sprites/Item/Bullet_mags_1.uasset'
[2019.03.24-04.20.09:530][275]Cmd: OBJ SAVEPACKAGE PACKAGE="/Game/Sprites/Item/Bullet_mags_2" FILE="E:/GameDev2Project/MarshMellow/Content/Sprites/Item/Bullet_mags_2.uasset" SILENT=true
[2019.03.24-04.20.09:550][275]LogSavePackage: Moving 'E:/GameDev2Project/MarshMellow/Saved/Bullet_mags_29FF4C34446B6D8910AA1D3BAF6E9D3A2.tmp' to 'E:/GameDev2Project/MarshMellow/Content/Sprites/Item/Bullet_mags_2.uasset'
[2019.03.24-04.20.09:681][275]Cmd: OBJ SAVEPACKAGE PACKAGE="/Game/Sprites/Item/Bullet_mags_3" FILE="E:/GameDev2Project/MarshMellow/Content/Sprites/Item/Bullet_mags_3.uasset" SILENT=true
[2019.03.24-04.20.09:711][275]LogSavePackage: Moving 'E:/GameDev2Project/MarshMellow/Saved/Bullet_mags_334BF78EC4CA951B47181969BCE6AE774.tmp' to 'E:/GameDev2Project/MarshMellow/Content/Sprites/Item/Bullet_mags_3.uasset'
[2019.03.24-04.20.09:834][275]Cmd: OBJ SAVEPACKAGE PACKAGE="/Game/Sprites/Item/Chest_Key" FILE="E:/GameDev2Project/MarshMellow/Content/Sprites/Item/Chest_Key.uasset" SILENT=true
[2019.03.24-04.20.09:858][275]LogSavePackage: Moving 'E:/GameDev2Project/MarshMellow/Saved/Chest_KeyE455F5464AAC8DFA6CAB19B0F2881060.tmp' to 'E:/GameDev2Project/MarshMellow/Content/Sprites/Item/Chest_Key.uasset'
[2019.03.24-04.20.09:985][275]Cmd: OBJ SAVEPACKAGE PACKAGE="/Game/Sprites/Item/Door_Key" FILE="E:/GameDev2Project/MarshMellow/Content/Sprites/Item/Door_Key.uasset" SILENT=true
[2019.03.24-04.20.10:008][275]LogSavePackage: Moving 'E:/GameDev2Project/MarshMellow/Saved/Door_KeyDF5DBB574B2BE90B2EB3B5927A04F1EB.tmp' to 'E:/GameDev2Project/MarshMellow/Content/Sprites/Item/Door_Key.uasset'
[2019.03.24-04.20.10:136][275]Cmd: OBJ SAVEPACKAGE PACKAGE="/Game/Sprites/Item/Emergency_Flask" FILE="E:/GameDev2Project/MarshMellow/Content/Sprites/Item/Emergency_Flask.uasset" SILENT=true
[2019.03.24-04.20.10:156][275]LogSavePackage: Moving 'E:/GameDev2Project/MarshMellow/Saved/Emergency_FlaskD82EDD8D45DB6A7430F34A89F212F33B.tmp' to 'E:/GameDev2Project/MarshMellow/Content/Sprites/Item/Emergency_Flask.uasset'
[2019.03.24-04.20.10:286][275]Cmd: OBJ SAVEPACKAGE PACKAGE="/Game/Sprites/Item/First_Aid_Flask" FILE="E:/GameDev2Project/MarshMellow/Content/Sprites/Item/First_Aid_Flask.uasset" SILENT=true
[2019.03.24-04.20.10:295][275]LogSavePackage: Moving 'E:/GameDev2Project/MarshMellow/Saved/First_Aid_FlaskEF6AF2014E8F3DB5EC5F388A09E0F518.tmp' to 'E:/GameDev2Project/MarshMellow/Content/Sprites/Item/First_Aid_Flask.uasset'
[2019.03.24-04.20.10:437][275]Cmd: OBJ SAVEPACKAGE PACKAGE="/Game/Sprites/Item/Flame_Radar__Off_" FILE="E:/GameDev2Project/MarshMellow/Content/Sprites/Item/Flame_Radar__Off_.uasset" SILENT=true
[2019.03.24-04.20.10:445][275]LogSavePackage: Moving 'E:/GameDev2Project/MarshMellow/Saved/Flame_Radar__Off_9F1021314AA0983E211223B9EC01F390.tmp' to 'E:/GameDev2Project/MarshMellow/Content/Sprites/Item/Flame_Radar__Off_.uasset'
[2019.03.24-04.20.10:588][275]Cmd: OBJ SAVEPACKAGE PACKAGE="/Game/Sprites/Item/Flame_Radar__Full_Power_" FILE="E:/GameDev2Project/MarshMellow/Content/Sprites/Item/Flame_Radar__Full_Power_.uasset" SILENT=true
[2019.03.24-04.20.10:598][275]LogSavePackage: Moving 'E:/GameDev2Project/MarshMellow/Saved/Flame_Radar__Full_Power_55F4ECC244014819AD26B095EBFB154F.tmp' to 'E:/GameDev2Project/MarshMellow/Content/Sprites/Item/Flame_Radar__Full_Power_.uasset'
[2019.03.24-04.20.10:738][275]Cmd: OBJ SAVEPACKAGE PACKAGE="/Game/Sprites/Item/Flame_Radar__Half_Power_" FILE="E:/GameDev2Project/MarshMellow/Content/Sprites/Item/Flame_Radar__Half_Power_.uasset" SILENT=true
[2019.03.24-04.20.10:749][275]LogSavePackage: Moving 'E:/GameDev2Project/MarshMellow/Saved/Flame_Radar__Half_Power_63CEF9AE4C732998A966499C96C76D25.tmp' to 'E:/GameDev2Project/MarshMellow/Content/Sprites/Item/Flame_Radar__Half_Power_.uasset'
[2019.03.24-04.20.10:889][275]Cmd: OBJ SAVEPACKAGE PACKAGE="/Game/Sprites/Item/Le__Shroom" FILE="E:/GameDev2Project/MarshMellow/Content/Sprites/Item/Le__Shroom.uasset" SILENT=true
[2019.03.24-04.20.10:899][275]LogSavePackage: Moving 'E:/GameDev2Project/MarshMellow/Saved/Le__Shroom1AFBBFFD4A18A74B4726F1951CC2075B.tmp' to 'E:/GameDev2Project/MarshMellow/Content/Sprites/Item/Le__Shroom.uasset'
[2019.03.24-04.20.11:040][275]Cmd: OBJ SAVEPACKAGE PACKAGE="/Game/Sprites/Item/Medical_Flask" FILE="E:/GameDev2Project/MarshMellow/Content/Sprites/Item/Medical_Flask.uasset" SILENT=true
[2019.03.24-04.20.11:050][275]LogSavePackage: Moving 'E:/GameDev2Project/MarshMellow/Saved/Medical_Flask665246D248DFC7CCCEFB248CD539427E.tmp' to 'E:/GameDev2Project/MarshMellow/Content/Sprites/Item/Medical_Flask.uasset'
[2019.03.24-04.20.11:191][275]Cmd: OBJ SAVEPACKAGE PACKAGE="/Game/Sprites/Item/Note_Burned_" FILE="E:/GameDev2Project/MarshMellow/Content/Sprites/Item/Note_Burned_.uasset" SILENT=true
[2019.03.24-04.20.11:205][275]LogSavePackage: Moving 'E:/GameDev2Project/MarshMellow/Saved/Note_Burned_0E332F78472E9648F7C803927B90E5DC.tmp' to 'E:/GameDev2Project/MarshMellow/Content/Sprites/Item/Note_Burned_.uasset'
[2019.03.24-04.20.11:342][275]Cmd: OBJ SAVEPACKAGE PACKAGE="/Game/Sprites/Item/Note" FILE="E:/GameDev2Project/MarshMellow/Content/Sprites/Item/Note.uasset" SILENT=true
[2019.03.24-04.20.11:352][275]LogSavePackage: Moving 'E:/GameDev2Project/MarshMellow/Saved/Note72BF70DF4684EECD519206B2887DDCB1.tmp' to 'E:/GameDev2Project/MarshMellow/Content/Sprites/Item/Note.uasset'
[2019.03.24-04.20.11:460][275]Cmd: OBJ SAVEPACKAGE PACKAGE="/Game/Sprites/Item/Weird_Key" FILE="E:/GameDev2Project/MarshMellow/Content/Sprites/Item/Weird_Key.uasset" SILENT=true
[2019.03.24-04.20.11:470][275]LogSavePackage: Moving 'E:/GameDev2Project/MarshMellow/Saved/Weird_KeyBACD6ED0457AD101FA24ED84F6AE5901.tmp' to 'E:/GameDev2Project/MarshMellow/Content/Sprites/Item/Weird_Key.uasset'
[2019.03.24-04.20.14:514][359]AssetReimport: Reimported asset Bullet_mags_1 from E:/GameDev2Project/MarshMellow/Content/Sprites/Item/Bullet_mags_1.png.
[2019.03.24-04.20.14:514][359]AssetReimport: Reimported asset Bullet_mags_2 from E:/GameDev2Project/MarshMellow/Content/Sprites/Item/Bullet_mags_2.png.
[2019.03.24-04.20.14:514][359]AssetReimport: Reimported asset Bullet_mags_3 from E:/GameDev2Project/MarshMellow/Content/Sprites/Item/Bullet_mags_3.png.
[2019.03.24-04.20.14:514][359]AssetReimport: Reimported asset Chest_Key from E:/GameDev2Project/MarshMellow/Content/Sprites/Item/Chest_Key.png.
[2019.03.24-04.20.14:514][359]AssetReimport: Reimported asset Door_Key from E:/GameDev2Project/MarshMellow/Content/Sprites/Item/Door_Key.png.
[2019.03.24-04.20.14:514][359]AssetReimport: Reimported asset Emergency_Flask from E:/GameDev2Project/MarshMellow/Content/Sprites/Item/Emergency_Flask.png.
[2019.03.24-04.20.14:514][359]AssetReimport: Reimported asset First_Aid_Flask from E:/GameDev2Project/MarshMellow/Content/Sprites/Item/First_Aid_Flask.png.
[2019.03.24-04.20.14:514][359]AssetReimport: Reimported asset Flame_Radar__Off_ from E:/GameDev2Project/MarshMellow/Content/Sprites/Item/Flame Radar (Off).png.
[2019.03.24-04.20.14:514][359]AssetReimport: Reimported asset Flame_Radar__Full_Power_ from E:/GameDev2Project/MarshMellow/Content/Sprites/Item/Flame_Radar (Full_Power).png.
[2019.03.24-04.20.14:515][359]AssetReimport: Reimported asset Flame_Radar__Half_Power_ from E:/GameDev2Project/MarshMellow/Content/Sprites/Item/Flame_Radar (Half_Power).png.
[2019.03.24-04.20.14:515][359]AssetReimport: Reimported asset Le__Shroom from E:/GameDev2Project/MarshMellow/Content/Sprites/Item/Le'_Shroom.png.
[2019.03.24-04.20.14:515][359]AssetReimport: Reimported asset Medical_Flask from E:/GameDev2Project/MarshMellow/Content/Sprites/Item/Medical_Flask.png.
[2019.03.24-04.20.14:515][359]AssetReimport: Reimported asset Note_Burned_ from E:/GameDev2Project/MarshMellow/Content/Sprites/Item/Note(Burned).png.
[2019.03.24-04.20.14:515][359]AssetReimport: Reimported asset Note from E:/GameDev2Project/MarshMellow/Content/Sprites/Item/Note.png.
[2019.03.24-04.20.14:515][359]AssetReimport: Reimported asset Weird_Key from E:/GameDev2Project/MarshMellow/Content/Sprites/Item/Weird_Key.png.
[2019.03.24-04.20.25:161][604]LogLinker: Warning: Can't find file '/Game/ThirdPersonBP/Blueprints/kisspng-mother-3-video-game-dialog-box-text-box-dialogue-textbox-5abe637fcb2695_9569141615224267518321'
[2019.03.24-04.20.25:161][604]LogLinker: Warning: Can't find file for asset '/Game/ThirdPersonBP/Blueprints/kisspng-mother-3-video-game-dialog-box-text-box-dialogue-textbox-5abe637fcb2695_9569141615224267518321' while loading E:/GameDev2Project/MarshMellow/Content/BluePrints/UI/TextBox.uasset.
[2019.03.24-04.20.25:161][604]LoadErrors: Error: /Game/BluePrints/UI/TextBox : Can't find file for asset. /Game/ThirdPersonBP/Blueprints/kisspng-mother-3-video-game-dialog-box-text-box-dialogue-textbox-5abe637fcb2695_9569141615224267518321
[2019.03.24-04.20.25:161][604]LogLinker: Warning: Can't find file '/Game/ThirdPersonBP/Blueprints/kisspng-mother-3-video-game-dialog-box-text-box-dialogue-textbox-5abe637fcb2695_9569141615224267518321'
[2019.03.24-04.20.25:161][604]LogLinker: Warning: Can't find file for asset '/Game/ThirdPersonBP/Blueprints/kisspng-mother-3-video-game-dialog-box-text-box-dialogue-textbox-5abe637fcb2695_9569141615224267518321' while loading E:/GameDev2Project/MarshMellow/Content/BluePrints/UI/TextBox.uasset.
[2019.03.24-04.20.25:163][604]LogLinker: Warning: Can't find file '/Game/ThirdPersonBP/Blueprints/kisspng-mother-3-video-game-dialog-box-text-box-dialogue-textbox-5abe637fcb2695_9569141615224267518321'
[2019.03.24-04.20.25:164][604]LogLinker: Warning: Can't find file for asset '/Game/ThirdPersonBP/Blueprints/kisspng-mother-3-video-game-dialog-box-text-box-dialogue-textbox-5abe637fcb2695_9569141615224267518321' while loading E:/GameDev2Project/MarshMellow/Content/BluePrints/NPCTalks.uasset.
[2019.03.24-04.20.25:164][604]LoadErrors: Error: /Game/BluePrints/NPCTalks : Can't find file for asset. /Game/ThirdPersonBP/Blueprints/kisspng-mother-3-video-game-dialog-box-text-box-dialogue-textbox-5abe637fcb2695_9569141615224267518321
[2019.03.24-04.20.25:164][604]LogLinker: Warning: Can't find file '/Game/ThirdPersonBP/Blueprints/kisspng-mother-3-video-game-dialog-box-text-box-dialogue-textbox-5abe637fcb2695_9569141615224267518321'
[2019.03.24-04.20.25:164][604]LogLinker: Warning: Can't find file for asset '/Game/ThirdPersonBP/Blueprints/kisspng-mother-3-video-game-dialog-box-text-box-dialogue-textbox-5abe637fcb2695_9569141615224267518321' while loading E:/GameDev2Project/MarshMellow/Content/BluePrints/NPCTalks.uasset.
[2019.03.24-04.20.25:164][604]LogLinker: Warning: Can't find file '/Game/ThirdPersonBP/Blueprints/kisspng-mother-3-video-game-dialog-box-text-box-dialogue-textbox-5abe637fcb2695_9569141615224267518321'
[2019.03.24-04.20.25:164][604]LoadErrors: Failed to load /Game/ThirdPersonBP/Blueprints/kisspng-mother-3-video-game-dialog-box-text-box-dialogue-textbox-5abe637fcb2695_9569141615224267518321.kisspng-mother-3-video-game-dialog-box-text-box-dialogue-textbox-5abe637fcb2695_9569141615224267518321 Referenced by Image_1
[2019.03.24-04.20.25:165][604]LogLinker: Warning: Can't find file for asset '/Game/ThirdPersonBP/Blueprints/kisspng-mother-3-video-game-dialog-box-text-box-dialogue-textbox-5abe637fcb2695_9569141615224267518321' while loading E:/GameDev2Project/MarshMellow/Content/BluePrints/NPCTalks.uasset.
[2019.03.24-04.20.25:232][604]LogBlueprint: Warning: [Compiler RevenantPlayerCharacter] InputAction Event references unknown Action 'Pause Game' for  InputAction Pause Game
[2019.03.24-04.20.25:232][604]LogBlueprint: Warning: [Compiler RevenantPlayerCharacter] InputAction Event references unknown Action 'Aim' for  InputAction Aim
[2019.03.24-04.20.25:232][604]LogBlueprint: Warning: [Compiler RevenantPlayerCharacter] InputAction Event references unknown Action 'PickUp' for  InputAction PickUp
[2019.03.24-04.20.25:233][604]LogBlueprint: Warning: [Compiler RevenantPlayerCharacter] InputAction Event references unknown Action 'Debug' for  InputAction Debug
[2019.03.24-04.20.25:262][604]LogBlueprint: Warning: [Compiler RevenantPlayerCharacter] [0031.17] Compile of RevenantPlayerCharacter successful, but with 4 Warning(s) [in 69 ms] (/Game/BluePrints/RevenantPlayerCharacter.RevenantPlayerCharacter)
[2019.03.24-04.20.26:229][604]LogAssetEditorManager: Opening Asset editor for Blueprint /Game/BluePrints/RevenantPlayerCharacter.RevenantPlayerCharacter
[2019.03.24-04.20.26:709][604]LogContentBrowser: Native class hierarchy updated for 'BlueprintGraph' in 0.0005 seconds. Added 116 classes and 0 folders.
[2019.03.24-04.20.27:366][604]LogScript: Warning: Script Msg: Divide by zero detected: 0.000000 / 0
Script call stack:
	Function /Game/ParagonRevenant/Characters/Heroes/Revenant/Revenant_AnimBlueprint.Revenant_AnimBlueprint_C:BlueprintUpdateAnimation
	Function /Game/ParagonRevenant/Characters/Heroes/Revenant/Revenant_AnimBlueprint.Revenant_AnimBlueprint_C:ExecuteUbergraph_Revenant_AnimBlueprint

[2019.03.24-04.20.27:368][604]LogScript: Warning: Script Msg: Divide by zero detected: 0.000000 / 0
Script call stack:
	Function /Game/ParagonRevenant/Characters/Heroes/Revenant/Revenant_AnimBlueprint.Revenant_AnimBlueprint_C:BlueprintUpdateAnimation
	Function /Game/ParagonRevenant/Characters/Heroes/Revenant/Revenant_AnimBlueprint.Revenant_AnimBlueprint_C:ExecuteUbergraph_Revenant_AnimBlueprint

[2019.03.24-04.20.27:380][604]LogSlate: Took 0.000264 seconds to synchronously load lazily loaded font '../../../Engine/Content/Slate/Fonts/Roboto-BoldCondensed.ttf' (158K)
[2019.03.24-04.20.27:773][605]LogSlate: Took 0.000222 seconds to synchronously load lazily loaded font '../../../Engine/Content/Slate/Fonts/Roboto-Italic.ttf' (157K)
[2019.03.24-04.20.34:632][770]BlueprintLog: New page: Compile RevenantPlayerCharacter
[2019.03.24-04.20.34:730][770]LogBlueprint: Warning: [Compiler RevenantPlayerCharacter] InputAction Event references unknown Action 'Pause Game' for  InputAction Pause Game
[2019.03.24-04.20.34:731][770]LogBlueprint: Warning: [Compiler RevenantPlayerCharacter] InputAction Event references unknown Action 'Aim' for  InputAction Aim
[2019.03.24-04.20.34:731][770]LogBlueprint: Warning: [Compiler RevenantPlayerCharacter] InputAction Event references unknown Action 'PickUp' for  InputAction PickUp
[2019.03.24-04.20.34:731][770]LogBlueprint: Warning: [Compiler RevenantPlayerCharacter] InputAction Event references unknown Action 'Debug' for  InputAction Debug
[2019.03.24-04.20.34:757][770]LogScript: Warning: Script Msg: Divide by zero detected: 0.000000 / 0
Script call stack:
	Function /Game/ParagonRevenant/Characters/Heroes/Revenant/Revenant_AnimBlueprint.Revenant_AnimBlueprint_C:BlueprintUpdateAnimation
	Function /Game/ParagonRevenant/Characters/Heroes/Revenant/Revenant_AnimBlueprint.Revenant_AnimBlueprint_C:ExecuteUbergraph_Revenant_AnimBlueprint

[2019.03.24-04.20.34:759][770]LogScript: Warning: Script Msg: Divide by zero detected: 0.000000 / 0
Script call stack:
	Function /Game/ParagonRevenant/Characters/Heroes/Revenant/Revenant_AnimBlueprint.Revenant_AnimBlueprint_C:BlueprintUpdateAnimation
	Function /Game/ParagonRevenant/Characters/Heroes/Revenant/Revenant_AnimBlueprint.Revenant_AnimBlueprint_C:ExecuteUbergraph_Revenant_AnimBlueprint

[2019.03.24-04.20.34:760][770]LogScript: Warning: Script Msg: Divide by zero detected: 0.000000 / 0
Script call stack:
	Function /Game/ParagonRevenant/Characters/Heroes/Revenant/Revenant_AnimBlueprint.Revenant_AnimBlueprint_C:BlueprintUpdateAnimation
	Function /Game/ParagonRevenant/Characters/Heroes/Revenant/Revenant_AnimBlueprint.Revenant_AnimBlueprint_C:ExecuteUbergraph_Revenant_AnimBlueprint

[2019.03.24-04.20.34:763][770]LogScript: Warning: Script Msg: Divide by zero detected: 0.000000 / 0
Script call stack:
	Function /Game/ParagonRevenant/Characters/Heroes/Revenant/Revenant_AnimBlueprint.Revenant_AnimBlueprint_C:BlueprintUpdateAnimation
	Function /Game/ParagonRevenant/Characters/Heroes/Revenant/Revenant_AnimBlueprint.Revenant_AnimBlueprint_C:ExecuteUbergraph_Revenant_AnimBlueprint

[2019.03.24-04.20.34:902][770]LogScript: Warning: Script Msg: Divide by zero detected: 0.000000 / 0
Script call stack:
	Function /Game/ParagonRevenant/Characters/Heroes/Revenant/Revenant_AnimBlueprint.Revenant_AnimBlueprint_C:BlueprintUpdateAnimation
	Function /Game/ParagonRevenant/Characters/Heroes/Revenant/Revenant_AnimBlueprint.Revenant_AnimBlueprint_C:ExecuteUbergraph_Revenant_AnimBlueprint

[2019.03.24-04.20.34:903][770]LogScript: Warning: Script Msg: Divide by zero detected: 0.000000 / 0
Script call stack:
	Function /Game/ParagonRevenant/Characters/Heroes/Revenant/Revenant_AnimBlueprint.Revenant_AnimBlueprint_C:BlueprintUpdateAnimation
	Function /Game/ParagonRevenant/Characters/Heroes/Revenant/Revenant_AnimBlueprint.Revenant_AnimBlueprint_C:ExecuteUbergraph_Revenant_AnimBlueprint

[2019.03.24-04.20.34:904][770]LogScript: Warning: Script Msg: Divide by zero detected: 0.000000 / 0
Script call stack:
	Function /Game/ParagonRevenant/Characters/Heroes/Revenant/Revenant_AnimBlueprint.Revenant_AnimBlueprint_C:BlueprintUpdateAnimation
	Function /Game/ParagonRevenant/Characters/Heroes/Revenant/Revenant_AnimBlueprint.Revenant_AnimBlueprint_C:ExecuteUbergraph_Revenant_AnimBlueprint

[2019.03.24-04.20.34:905][770]LogScript: Warning: Script Msg: Divide by zero detected: 0.000000 / 0
Script call stack:
	Function /Game/ParagonRevenant/Characters/Heroes/Revenant/Revenant_AnimBlueprint.Revenant_AnimBlueprint_C:BlueprintUpdateAnimation
	Function /Game/ParagonRevenant/Characters/Heroes/Revenant/Revenant_AnimBlueprint.Revenant_AnimBlueprint_C:ExecuteUbergraph_Revenant_AnimBlueprint

[2019.03.24-04.20.34:906][770]LogScript: Warning: Script Msg: Divide by zero detected: 0.000000 / 0
Script call stack:
	Function /Game/ParagonRevenant/Characters/Heroes/Revenant/Revenant_AnimBlueprint.Revenant_AnimBlueprint_C:BlueprintUpdateAnimation
	Function /Game/ParagonRevenant/Characters/Heroes/Revenant/Revenant_AnimBlueprint.Revenant_AnimBlueprint_C:ExecuteUbergraph_Revenant_AnimBlueprint

[2019.03.24-04.20.34:937][770]LogScript: Warning: Script Msg: Divide by zero detected: 0.000000 / 0
Script call stack:
	Function /Game/ParagonRevenant/Characters/Heroes/Revenant/Revenant_AnimBlueprint.Revenant_AnimBlueprint_C:BlueprintUpdateAnimation
	Function /Game/ParagonRevenant/Characters/Heroes/Revenant/Revenant_AnimBlueprint.Revenant_AnimBlueprint_C:ExecuteUbergraph_Revenant_AnimBlueprint

[2019.03.24-04.20.34:939][770]LogScript: Warning: Script Msg: Divide by zero detected: 0.000000 / 0
Script call stack:
	Function /Game/ParagonRevenant/Characters/Heroes/Revenant/Revenant_AnimBlueprint.Revenant_AnimBlueprint_C:BlueprintUpdateAnimation
	Function /Game/ParagonRevenant/Characters/Heroes/Revenant/Revenant_AnimBlueprint.Revenant_AnimBlueprint_C:ExecuteUbergraph_Revenant_AnimBlueprint

[2019.03.24-04.20.34:940][770]LogScript: Warning: Script Msg: Divide by zero detected: 0.000000 / 0
Script call stack:
	Function /Game/ParagonRevenant/Characters/Heroes/Revenant/Revenant_AnimBlueprint.Revenant_AnimBlueprint_C:BlueprintUpdateAnimation
	Function /Game/ParagonRevenant/Characters/Heroes/Revenant/Revenant_AnimBlueprint.Revenant_AnimBlueprint_C:ExecuteUbergraph_Revenant_AnimBlueprint

[2019.03.24-04.20.34:941][770]LogScript: Warning: Script Msg: Divide by zero detected: 0.000000 / 0
Script call stack:
	Function /Game/ParagonRevenant/Characters/Heroes/Revenant/Revenant_AnimBlueprint.Revenant_AnimBlueprint_C:BlueprintUpdateAnimation
	Function /Game/ParagonRevenant/Characters/Heroes/Revenant/Revenant_AnimBlueprint.Revenant_AnimBlueprint_C:ExecuteUbergraph_Revenant_AnimBlueprint

[2019.03.24-04.20.34:944][770]LogBlueprint: Warning: [Compiler RevenantPlayerCharacter] [0040.85] Compile of RevenantPlayerCharacter successful, but with 4 Warning(s) [in 312 ms] (/Game/BluePrints/RevenantPlayerCharacter.RevenantPlayerCharacter)
[2019.03.24-04.20.49:970][193]LogSlate: Window 'RevenantPlayerCharacter' being destroyed
[2019.03.24-04.20.50:008][193]LogSlate: Window 'RevenantPlayerCharacter' being destroyed
[2019.03.24-04.20.57:608][410]LogAIModule: Creating AISystem for world MovementTest
[2019.03.24-04.20.57:612][410]LogAssetEditorManager: Opening Asset editor for World /Game/Levels/MovementTest.MovementTest
[2019.03.24-04.20.57:640][410]Cmd: MAP LOAD FILE="E:/GameDev2Project/MarshMellow/Content/Levels/MovementTest.umap" TEMPLATE=0 SHOWPROGRESS=1 FEATURELEVEL=3
[2019.03.24-04.20.57:640][410]LightingResults: New page: Lighting Build
[2019.03.24-04.20.57:640][410]LoadErrors: New page: Loading map: MovementTest.umap
[2019.03.24-04.20.57:641][410]MapCheck: New page: Map Check
[2019.03.24-04.20.57:641][410]LightingResults: New page: Lighting Build
[2019.03.24-04.20.57:671][410]LogEditorServer: Finished looking for orphan Actors (0.000 secs)
[2019.03.24-04.20.57:711][410]Cmd: MAP CHECKDEP NOCLEARLOG
[2019.03.24-04.20.57:831][410]MapCheck: Map check complete: 0 Error(s), 0 Warning(s), took 118.971ms to complete.
[2019.03.24-04.20.57:832][410]LogFileHelpers: Loading map 'MovementTest' took 0.192
[2019.03.24-04.22.16:921][623]LogWindowsTextInputMethodSystem: Display: IME system now deactivated.
[2019.03.24-04.22.16:950][623]LogWindowsTextInputMethodSystem: Display: IME system now activated using TSF (搜狗拼音输入法).
[2019.03.24-04.22.17:797][654]LogSlate: FSceneViewport::OnFocusLost() reason 0
[2019.03.24-04.22.17:973][660]LogSlate: Window 'MarshMellow - Unreal Editor' being destroyed
[2019.03.24-04.22.17:976][660]LogWindowsTextInputMethodSystem: Display: IME system now activated using TSF (搜狗拼音输入法).
[2019.03.24-04.22.18:139][661]Cmd: QUIT_EDITOR
[2019.03.24-04.22.18:163][661]LogExit: Preparing to exit.
[2019.03.24-04.22.18:409][661]LogExit: Editor shut down
[2019.03.24-04.22.18:410][661]LogExit: Transaction tracking system shut down
[2019.03.24-04.22.18:675][661]LogExit: Object subsystem successfully closed.
[2019.03.24-04.22.18:694][661]LogShaderCompilers: Display: Shaders left to compile 0
[2019.03.24-04.22.18:698][661]LogD3D11RHI: Shutdown
[2019.03.24-04.22.18:698][661]LogD3D11RHI: CleanupD3DDevice
[2019.03.24-04.22.18:699][661]LogD3D11RHI: ~FD3D11DynamicRHI
[2019.03.24-04.22.18:719][661]LogModuleManager: Shutting down and abandoning module BlueprintGraph (612)
[2019.03.24-04.22.18:719][661]LogModuleManager: Shutting down and abandoning module HierarchicalLODOutliner (610)
[2019.03.24-04.22.18:719][661]LogModuleManager: Shutting down and abandoning module SceneOutliner (608)
[2019.03.24-04.22.18:719][661]LogModuleManager: Shutting down and abandoning module AddContentDialog (606)
[2019.03.24-04.22.18:719][661]LogModuleManager: Shutting down and abandoning module WidgetCarousel (605)
[2019.03.24-04.22.18:719][661]LogModuleManager: Shutting down and abandoning module EditorWidgets (602)
[2019.03.24-04.22.18:719][661]LogModuleManager: Shutting down and abandoning module CollectionManager (600)
[2019.03.24-04.22.18:720][661]LogModuleManager: Shutting down and abandoning module StatsViewer (598)
[2019.03.24-04.22.18:720][661]LogModuleManager: Shutting down and abandoning module FoliageEdit (596)
[2019.03.24-04.22.18:720][661]LogModuleManager: Shutting down and abandoning module LandscapeEditor (594)
[2019.03.24-04.22.18:720][661]LogModuleManager: Shutting down and abandoning module MeshPaintMode (592)
[2019.03.24-04.22.18:720][661]LogModuleManager: Shutting down and abandoning module SceneDepthPickerMode (590)
[2019.03.24-04.22.18:720][661]LogModuleManager: Shutting down and abandoning module ActorPickerMode (588)
[2019.03.24-04.22.18:720][661]LogModuleManager: Shutting down and abandoning module GeometryMode (586)
[2019.03.24-04.22.18:720][661]LogModuleManager: Shutting down and abandoning module TextureAlignMode (584)
[2019.03.24-04.22.18:720][661]LogModuleManager: Shutting down and abandoning module BspMode (582)
[2019.03.24-04.22.18:720][661]LogModuleManager: Shutting down and abandoning module PIEPreviewDeviceProfileSelector (580)
[2019.03.24-04.22.18:720][661]LogModuleManager: Shutting down and abandoning module SequenceRecorderSections (578)
[2019.03.24-04.22.18:720][661]LogModuleManager: Shutting down and abandoning module AutomationWorker (576)
[2019.03.24-04.22.18:720][661]LogModuleManager: Shutting down and abandoning module AudioCaptureEditor (574)
[2019.03.24-04.22.18:720][661]LogModuleManager: Shutting down and abandoning module SequenceRecorder (573)
[2019.03.24-04.22.18:720][661]LogModuleManager: Shutting down and abandoning module MatineeToLevelSequence (570)
[2019.03.24-04.22.18:720][661]LogModuleManager: Shutting down and abandoning module LevelSequenceEditor (568)
[2019.03.24-04.22.18:720][661]LogModuleManager: Shutting down and abandoning module PlacementMode (567)
[2019.03.24-04.22.18:720][661]LogModuleManager: Shutting down and abandoning module MaterialEditor (566)
[2019.03.24-04.22.18:720][661]LogModuleManager: Shutting down and abandoning module WmfMediaFactory (562)
[2019.03.24-04.22.18:720][661]LogModuleManager: Shutting down and abandoning module WmfMediaEditor (560)
[2019.03.24-04.22.18:720][661]LogModuleManager: Shutting down and abandoning module MediaPlayerEditor (558)
[2019.03.24-04.22.18:720][661]LogModuleManager: Shutting down and abandoning module OpenExrWrapper (556)
[2019.03.24-04.22.18:720][661]LogModuleManager: Shutting down and abandoning module ImgMediaFactory (554)
[2019.03.24-04.22.18:720][661]LogModuleManager: Shutting down and abandoning module ImgMediaEditor (552)
[2019.03.24-04.22.18:720][661]LogModuleManager: Shutting down and abandoning module AvfMediaFactory (550)
[2019.03.24-04.22.18:720][661]LogModuleManager: Shutting down and abandoning module AvfMediaEditor (548)
[2019.03.24-04.22.18:720][661]LogModuleManager: Shutting down and abandoning module AndroidMediaFactory (546)
[2019.03.24-04.22.18:720][661]LogModuleManager: Shutting down and abandoning module AndroidMediaEditor (544)
[2019.03.24-04.22.18:720][661]LogModuleManager: Shutting down and abandoning module MagicLeapCameraPreviewFactory (542)
[2019.03.24-04.22.18:720][661]LogModuleManager: Shutting down and abandoning module MagicLeapMediaFactory (540)
[2019.03.24-04.22.18:720][661]LogModuleManager: Shutting down and abandoning module MagicLeapMediaEditor (538)
[2019.03.24-04.22.18:720][661]LogModuleManager: Shutting down and abandoning module CharacterAI (536)
[2019.03.24-04.22.18:720][661]LogModuleManager: Shutting down and abandoning module SmartSnapping (534)
[2019.03.24-04.22.18:720][661]LogModuleManager: Shutting down and abandoning module SessionServices (532)
[2019.03.24-04.22.18:720][661]LogModuleManager: Shutting down and abandoning module ViewportSnapping (530)
[2019.03.24-04.22.18:720][661]LogModuleManager: Shutting down and abandoning module ViewportInteraction (528)
[2019.03.24-04.22.18:720][661]LogModuleManager: Shutting down and abandoning module ClothPainter (526)
[2019.03.24-04.22.18:720][661]LogModuleManager: Shutting down and abandoning module SkeletalMeshEditor (525)
[2019.03.24-04.22.18:720][661]LogModuleManager: Shutting down and abandoning module LogVisualizer (522)
[2019.03.24-04.22.18:720][661]LogModuleManager: Shutting down and abandoning module IntroTutorials (520)
[2019.03.24-04.22.18:721][661]LogModuleManager: Shutting down and abandoning module GameProjectGeneration (519)
[2019.03.24-04.22.18:721][661]LogModuleManager: Shutting down and abandoning module LuminPlatformEditor (516)
[2019.03.24-04.22.18:721][661]LogModuleManager: Shutting down and abandoning module IOSPlatformEditor (514)
[2019.03.24-04.22.18:721][661]LogModuleManager: Shutting down and abandoning module HTML5PlatformEditor (512)
[2019.03.24-04.22.18:721][661]LogModuleManager: Shutting down and abandoning module AndroidPlatformEditor (510)
[2019.03.24-04.22.18:721][661]LogModuleManager: Shutting down and abandoning module AndroidDeviceDetection (509)
[2019.03.24-04.22.19:201][661]LogModuleManager: Shutting down and abandoning module WindowsPlatformEditor (506)
[2019.03.24-04.22.19:201][661]LogModuleManager: Shutting down and abandoning module LuminRuntimeSettings (504)
[2019.03.24-04.22.19:201][661]LogModuleManager: Shutting down and abandoning module IOSRuntimeSettings (502)
[2019.03.24-04.22.19:201][661]LogModuleManager: Shutting down and abandoning module AndroidRuntimeSettings (500)
[2019.03.24-04.22.19:201][661]LogModuleManager: Shutting down and abandoning module InputBindingEditor (498)
[2019.03.24-04.22.19:201][661]LogModuleManager: Shutting down and abandoning module MergeActors (496)
[2019.03.24-04.22.19:201][661]LogModuleManager: Shutting down and abandoning module LocalizationDashboard (494)
[2019.03.24-04.22.19:201][661]LogModuleManager: Shutting down and abandoning module LocalizationService (493)
[2019.03.24-04.22.19:201][661]LogModuleManager: Shutting down and abandoning module HardwareTargeting (490)
[2019.03.24-04.22.19:201][661]LogModuleManager: Shutting down and abandoning module DeviceProfileEditor (488)
[2019.03.24-04.22.19:201][661]LogModuleManager: Shutting down and abandoning module UndoHistory (486)
[2019.03.24-04.22.19:201][661]LogModuleManager: Shutting down and abandoning module XmlParser (484)
[2019.03.24-04.22.19:201][661]LogModuleManager: Shutting down and abandoning module Blutility (482)
[2019.03.24-04.22.19:201][661]LogModuleManager: Shutting down and abandoning module ProjectSettingsViewer (480)
[2019.03.24-04.22.19:201][661]LogModuleManager: Shutting down and abandoning module ProjectTargetPlatformEditor (479)
[2019.03.24-04.22.19:201][661]LogModuleManager: Shutting down and abandoning module EditorSettingsViewer (476)
[2019.03.24-04.22.19:202][661]LogModuleManager: Shutting down and abandoning module SettingsEditor (474)
[2019.03.24-04.22.19:202][661]LogModuleManager: Shutting down and abandoning module ProjectLauncher (472)
[2019.03.24-04.22.19:202][661]LogModuleManager: Shutting down and abandoning module SessionFrontend (470)
[2019.03.24-04.22.19:202][661]LogModuleManager: Shutting down and abandoning module ProfilerClient (468)
[2019.03.24-04.22.19:202][661]LogModuleManager: Shutting down and abandoning module DeviceManager (466)
[2019.03.24-04.22.19:202][661]LogModuleManager: Shutting down and abandoning module TargetDeviceServices (465)
[2019.03.24-04.22.19:257][661]LogModuleManager: Shutting down and abandoning module AutomationController (462)
[2019.03.24-04.22.19:257][661]LogModuleManager: Shutting down and abandoning module AutomationWindow (460)
[2019.03.24-04.22.19:257][661]LogModuleManager: Shutting down and abandoning module Layers (458)
[2019.03.24-04.22.19:257][661]LogModuleManager: Shutting down and abandoning module ComponentVisualizers (456)
[2019.03.24-04.22.19:257][661]LogModuleManager: Shutting down and abandoning module DetailCustomizations (454)
[2019.03.24-04.22.19:257][661]LogModuleManager: Shutting down and abandoning module PackagesDialog (452)
[2019.03.24-04.22.19:257][661]LogModuleManager: Shutting down and abandoning module Persona (450)
[2019.03.24-04.22.19:257][661]LogModuleManager: Shutting down and abandoning module AdvancedPreviewScene (449)
[2019.03.24-04.22.19:257][661]LogModuleManager: Shutting down and abandoning module AnimGraph (447)
[2019.03.24-04.22.19:257][661]LogModuleManager: Shutting down and abandoning module Kismet (444)
[2019.03.24-04.22.19:261][661]LogModuleManager: Shutting down and abandoning module GraphEditor (442)
[2019.03.24-04.22.19:261][661]LogModuleManager: Shutting down and abandoning module ClassViewer (440)
[2019.03.24-04.22.19:261][661]LogModuleManager: Shutting down and abandoning module Toolbox (438)
[2019.03.24-04.22.19:261][661]LogModuleManager: Shutting down and abandoning module ModuleUI (436)
[2019.03.24-04.22.19:261][661]LogModuleManager: Shutting down and abandoning module MovieSceneTools (434)
[2019.03.24-04.22.19:261][661]LogModuleManager: Shutting down and abandoning module OutputLog (432)
[2019.03.24-04.22.19:261][661]LogModuleManager: Shutting down and abandoning module GammaUI (430)
[2019.03.24-04.22.19:261][661]LogModuleManager: Shutting down and abandoning module Documentation (428)
[2019.03.24-04.22.19:261][661]LogModuleManager: Shutting down and abandoning module MovieSceneTracks (426)
[2019.03.24-04.22.19:261][661]LogModuleManager: Shutting down and abandoning module MovieScene (424)
[2019.03.24-04.22.19:261][661]LogModuleManager: Shutting down and abandoning module StreamingPauseRendering (422)
[2019.03.24-04.22.19:261][661]LogModuleManager: Shutting down and abandoning module LauncherPlatform (420)
[2019.03.24-04.22.19:261][661]LogModuleManager: Shutting down and abandoning module AnalyticsET (418)
[2019.03.24-04.22.19:261][661]LogModuleManager: Shutting down and abandoning module PortalServices (416)
[2019.03.24-04.22.19:261][661]LogModuleManager: Shutting down and abandoning module PortalRpc (414)
[2019.03.24-04.22.19:262][661]LogModuleManager: Shutting down and abandoning module MessagingRpc (412)
[2019.03.24-04.22.19:262][661]LogModuleManager: Shutting down and abandoning module AIModule (410)
[2019.03.24-04.22.19:262][661]LogModuleManager: Shutting down and abandoning module GameplayDebugger (409)
[2019.03.24-04.22.19:262][661]LogModuleManager: Shutting down and abandoning module AITestSuite (407)
[2019.03.24-04.22.19:262][661]LogModuleManager: Shutting down and abandoning module NavigationSystem (405)
[2019.03.24-04.22.19:262][661]LogModuleManager: Shutting down and abandoning module DesktopPlatform (402)
[2019.03.24-04.22.19:262][661]LogModuleManager: Shutting down and abandoning module ProfilerService (400)
[2019.03.24-04.22.19:402][661]LogModuleManager: Shutting down and abandoning module TaskGraph (398)
[2019.03.24-04.22.19:402][661]LogModuleManager: Shutting down and abandoning module SteamVRController (396)
[2019.03.24-04.22.19:402][661]LogModuleManager: Shutting down and abandoning module ProceduralMeshComponentEditor (394)
[2019.03.24-04.22.19:402][661]LogModuleManager: Shutting down and abandoning module ProceduralMeshComponent (392)
[2019.03.24-04.22.19:402][661]LogModuleManager: Shutting down and abandoning module OculusInput (390)
[2019.03.24-04.22.19:402][661]LogModuleManager: Shutting down and abandoning module MobilePatchingUtils (388)
[2019.03.24-04.22.19:402][661]LogModuleManager: Shutting down and abandoning module EditableMesh (386)
[2019.03.24-04.22.19:402][661]LogModuleManager: Shutting down and abandoning module CustomMeshComponent (384)
[2019.03.24-04.22.19:402][661]LogModuleManager: Shutting down and abandoning module CableComponent (382)
[2019.03.24-04.22.19:402][661]LogModuleManager: Shutting down and abandoning module AudioCapture (380)
[2019.03.24-04.22.19:402][661]LogModuleManager: Shutting down and abandoning module ArchVisCharacter (378)
[2019.03.24-04.22.19:402][661]LogModuleManager: Shutting down and abandoning module AndroidPermission (376)
[2019.03.24-04.22.19:402][661]LogModuleManager: Shutting down and abandoning module NUTUnrealEngine4 (374)
[2019.03.24-04.22.19:402][661]LogModuleManager: Shutting down and abandoning module NetcodeUnitTest (372)
[2019.03.24-04.22.19:402][661]LogModuleManager: Shutting down and abandoning module MediaCompositingEditor (370)
[2019.03.24-04.22.19:402][661]LogModuleManager: Shutting down and abandoning module MediaCompositing (368)
[2019.03.24-04.22.19:402][661]LogModuleManager: Shutting down and abandoning module LinearTimecode (366)
[2019.03.24-04.22.19:402][661]LogModuleManager: Shutting down and abandoning module ImgMedia (364)
[2019.03.24-04.22.19:405][661]LogModuleManager: Shutting down and abandoning module HTML5Networking (362)
[2019.03.24-04.22.19:405][661]LogModuleManager: Shutting down and abandoning module GeometryCacheTracks (360)
[2019.03.24-04.22.19:405][661]LogModuleManager: Shutting down and abandoning module GeometryCacheSequencer (358)
[2019.03.24-04.22.19:405][661]LogModuleManager: Shutting down and abandoning module BackChannel (356)
[2019.03.24-04.22.19:405][661]LogModuleManager: Shutting down and abandoning module AppleVision (354)
[2019.03.24-04.22.19:405][661]LogModuleManager: Shutting down and abandoning module AppleImageUtils (352)
[2019.03.24-04.22.19:405][661]LogModuleManager: Shutting down and abandoning module AlembicImporter (350)
[2019.03.24-04.22.19:405][661]LogModuleManager: Shutting down and abandoning module AlembicLibrary (349)
[2019.03.24-04.22.19:405][661]LogModuleManager: Shutting down and abandoning module GeometryCache (348)
[2019.03.24-04.22.19:405][661]LogModuleManager: Shutting down and abandoning module GeometryCacheEd (347)
[2019.03.24-04.22.19:405][661]LogModuleManager: Shutting down and abandoning module DatasmithContentEditor (342)
[2019.03.24-04.22.19:405][661]LogModuleManager: Shutting down and abandoning module DatasmithContent (340)
[2019.03.24-04.22.19:405][661]LogModuleManager: Shutting down and abandoning module SpeedTreeImporter (338)
[2019.03.24-04.22.19:405][661]LogModuleManager: Shutting down and abandoning module PluginBrowser (336)
[2019.03.24-04.22.19:405][661]LogModuleManager: Shutting down and abandoning module MobileLauncherProfileWizard (334)
[2019.03.24-04.22.19:405][661]LogModuleManager: Shutting down and abandoning module PolygonModeling (332)
[2019.03.24-04.22.19:405][661]LogModuleManager: Shutting down and abandoning module MeshEditor (330)
[2019.03.24-04.22.19:405][661]LogModuleManager: Shutting down and abandoning module CryptoKeysOpenSSL (328)
[2019.03.24-04.22.19:405][661]LogModuleManager: Shutting down and abandoning module CryptoKeys (326)
[2019.03.24-04.22.19:405][661]LogModuleManager: Shutting down and abandoning module VisualStudioSourceCodeAccess (324)
[2019.03.24-04.22.19:405][661]LogModuleManager: Shutting down and abandoning module VisualStudioCodeSourceCodeAccess (322)
[2019.03.24-04.22.19:405][661]LogModuleManager: Shutting down and abandoning module UObjectPlugin (320)
[2019.03.24-04.22.19:406][661]LogModuleManager: Shutting down and abandoning module SubversionSourceControl (318)
[2019.03.24-04.22.19:406][661]LogModuleManager: Shutting down and abandoning module PerforceSourceControl (316)
[2019.03.24-04.22.19:406][661]LogModuleManager: Shutting down and abandoning module GitSourceControl (314)
[2019.03.24-04.22.19:406][661]LogModuleManager: Shutting down and abandoning module SourceControl (313)
[2019.03.24-04.22.19:406][661]LogModuleManager: Shutting down and abandoning module CLionSourceCodeAccess (310)
[2019.03.24-04.22.19:406][661]LogModuleManager: Shutting down and abandoning module LightPropagationVolumeEditor (308)
[2019.03.24-04.22.19:406][661]LogModuleManager: Shutting down and abandoning module PaperTiledImporter (306)
[2019.03.24-04.22.19:406][661]LogModuleManager: Shutting down and abandoning module PaperSpriteSheetImporter (304)
[2019.03.24-04.22.19:406][661]LogModuleManager: Shutting down and abandoning module Paper2DEditor (302)
[2019.03.24-04.22.19:406][661]LogModuleManager: Shutting down and abandoning module MeshPaint (301)
[2019.03.24-04.22.19:406][661]LogModuleManager: Shutting down and abandoning module RuntimePhysXCooking (298)
[2019.03.24-04.22.19:406][661]LogModuleManager: Shutting down and abandoning module PhysXVehiclesEditor (296)
[2019.03.24-04.22.19:406][661]LogModuleManager: Shutting down and abandoning module PhysXVehicles (294)
[2019.03.24-04.22.19:406][661]LogModuleManager: Shutting down and abandoning module OculusEditor (292)
[2019.03.24-04.22.19:406][661]LogModuleManager: Shutting down and abandoning module LocationServicesBPLibrary (290)
[2019.03.24-04.22.19:406][661]LogModuleManager: Shutting down and abandoning module ImmediatePhysicsEditor (288)
[2019.03.24-04.22.19:406][661]LogModuleManager: Shutting down and abandoning module ImmediatePhysics (286)
[2019.03.24-04.22.19:406][661]LogModuleManager: Shutting down and abandoning module ActorSequence (284)
[2019.03.24-04.22.19:406][661]LogModuleManager: Shutting down and abandoning module UdpMessaging (282)
[2019.03.24-04.22.19:507][661]LogModuleManager: Shutting down and abandoning module TcpMessaging (280)
[2019.03.24-04.22.19:608][661]LogModuleManager: Shutting down and abandoning module MagicLeapAudio (278)
[2019.03.24-04.22.19:608][661]LogModuleManager: Shutting down and abandoning module GameplayTagsEditor (276)
[2019.03.24-04.22.19:608][661]LogModuleManager: Shutting down and abandoning module FacialAnimationEditor (274)
[2019.03.24-04.22.19:608][661]LogModuleManager: Shutting down and abandoning module FacialAnimation (272)
[2019.03.24-04.22.19:608][661]LogModuleManager: Shutting down and abandoning module DataValidation (270)
[2019.03.24-04.22.19:608][661]LogModuleManager: Shutting down and abandoning module AssetManagerEditor (268)
[2019.03.24-04.22.19:608][661]LogModuleManager: Shutting down and abandoning module LevelEditor (267)
[2019.03.24-04.22.19:610][661]LogModuleManager: Shutting down and abandoning module PixelInspectorModule (266)
[2019.03.24-04.22.19:610][661]LogModuleManager: Shutting down and abandoning module CommonMenuExtensions (264)
[2019.03.24-04.22.19:610][661]LogModuleManager: Shutting down and abandoning module MainFrame (262)
[2019.03.24-04.22.19:610][661]LogModuleManager: Shutting down and abandoning module HotReload (261)
[2019.03.24-04.22.19:611][661]LogModuleManager: Shutting down and abandoning module ContentBrowser (257)
[2019.03.24-04.22.19:611][661]LogModuleManager: Shutting down and abandoning module TreeMap (255)
[2019.03.24-04.22.19:611][661]LogModuleManager: Shutting down and abandoning module LightPropagationVolumeRuntime (252)
[2019.03.24-04.22.19:611][661]LogModuleManager: Shutting down and abandoning module AISupportModule (250)
[2019.03.24-04.22.19:611][661]LogModuleManager: Shutting down and abandoning module Paper2D (248)
[2019.03.24-04.22.19:611][661]LogModuleManager: Shutting down and abandoning module WindowsMoviePlayer (246)
[2019.03.24-04.22.19:611][661]LogModuleManager: Shutting down and abandoning module WmfMedia (244)
[2019.03.24-04.22.19:613][661]LogModuleManager: Shutting down and abandoning module Media (243)
[2019.03.24-04.22.19:619][661]LogModuleManager: Shutting down and abandoning module PacketHandler (240)
[2019.03.24-04.22.19:619][661]LogModuleManager: Shutting down and abandoning module ClothingSystemEditor (238)
[2019.03.24-04.22.19:619][661]LogModuleManager: Shutting down and abandoning module ClothingSystemRuntime (236)
[2019.03.24-04.22.19:619][661]LogModuleManager: Shutting down and abandoning module MediaAssets (234)
[2019.03.24-04.22.19:619][661]LogModuleManager: Shutting down and abandoning module Overlay (232)
[2019.03.24-04.22.19:619][661]LogModuleManager: Shutting down and abandoning module OverlayEditor (231)
[2019.03.24-04.22.19:619][661]LogModuleManager: Shutting down and abandoning module VREditor (228)
[2019.03.24-04.22.19:619][661]LogModuleManager: Shutting down and abandoning module StringTableEditor (226)
[2019.03.24-04.22.19:619][661]LogModuleManager: Shutting down and abandoning module GameplayTasksEditor (224)
[2019.03.24-04.22.19:619][661]LogModuleManager: Shutting down and abandoning module BehaviorTreeEditor (222)
[2019.03.24-04.22.19:619][661]LogModuleManager: Shutting down and abandoning module FunctionalTesting (220)
[2019.03.24-04.22.19:619][661]LogModuleManager: Shutting down and abandoning module CollisionAnalyzer (218)
[2019.03.24-04.22.19:619][661]LogModuleManager: Shutting down and abandoning module WorkspaceMenuStructure (217)
[2019.03.24-04.22.19:619][661]LogModuleManager: Shutting down and abandoning module UMG (214)
[2019.03.24-04.22.19:619][661]LogModuleManager: Shutting down and abandoning module UMGEditor (213)
[2019.03.24-04.22.19:619][661]LogModuleManager: Shutting down and abandoning module Sequencer (212)
[2019.03.24-04.22.19:620][661]LogModuleManager: Shutting down and abandoning module MessageLog (209)
[2019.03.24-04.22.19:620][661]LogModuleManager: Shutting down and abandoning module SlateReflector (204)
[2019.03.24-04.22.19:620][661]LogModuleManager: Shutting down and abandoning module Slate (202)
[2019.03.24-04.22.19:620][661]LogModuleManager: Shutting down and abandoning module EditorStyle (200)
[2019.03.24-04.22.19:621][661]LogModuleManager: Shutting down and abandoning module MRMesh (198)
[2019.03.24-04.22.19:621][661]LogModuleManager: Shutting down and abandoning module SourceCodeAccess (196)
[2019.03.24-04.22.19:621][661]LogModuleManager: Shutting down and abandoning module HeadMountedDisplay (194)
[2019.03.24-04.22.19:621][661]LogModuleManager: Shutting down and abandoning module XAudio2 (192)
[2019.03.24-04.22.19:621][661]LogModuleManager: Shutting down and abandoning module Networking (190)
[2019.03.24-04.22.19:621][661]LogModuleManager: Shutting down and abandoning module Core (188)
[2019.03.24-04.22.19:621][661]LogModuleManager: Shutting down and abandoning module LevelSequence (186)
[2019.03.24-04.22.19:621][661]LogModuleManager: Shutting down and abandoning module KismetCompiler (184)
[2019.03.24-04.22.19:621][661]LogModuleManager: Shutting down and abandoning module MeshUtilities (182)
[2019.03.24-04.22.19:621][661]LogModuleManager: Shutting down and abandoning module MeshMergeUtilities (181)
[2019.03.24-04.22.19:621][661]LogModuleManager: Shutting down and abandoning module MeshReductionInterface (180)
[2019.03.24-04.22.19:621][661]LogModuleManager: Shutting down and abandoning module SimplygonSwarm (179)
[2019.03.24-04.22.19:621][661]LogModuleManager: Shutting down and abandoning module ProxyLODMeshReduction (177)
[2019.03.24-04.22.19:621][661]LogModuleManager: Shutting down and abandoning module SimplygonMeshReduction (175)
[2019.03.24-04.22.19:621][661]LogModuleManager: Shutting down and abandoning module QuadricMeshReduction (173)
[2019.03.24-04.22.19:621][661]LogModuleManager: Shutting down and abandoning module MaterialBaking (169)
[2019.03.24-04.22.19:621][661]LogModuleManager: Shutting down and abandoning module DirectoryWatcher (165)
[2019.03.24-04.22.19:621][661]LogModuleManager: Shutting down and abandoning module DerivedDataCache (162)
[2019.03.24-04.22.19:655][661]LogDerivedDataCache: Shutdown
[2019.03.24-04.22.19:655][661]LogModuleManager: Shutting down and abandoning module XGEController (160)
[2019.03.24-04.22.19:655][661]LogModuleManager: Shutting down and abandoning module TargetPlatform (158)
[2019.03.24-04.22.19:655][661]LogModuleManager: Shutting down and abandoning module VulkanShaderFormat (157)
[2019.03.24-04.22.19:655][661]LogModuleManager: Shutting down and abandoning module ShaderFormatVectorVM (155)
[2019.03.24-04.22.19:655][661]LogModuleManager: Shutting down and abandoning module ShaderFormatOpenGL (153)
[2019.03.24-04.22.19:655][661]LogModuleManager: Shutting down and abandoning module ShaderFormatD3D (151)
[2019.03.24-04.22.19:655][661]LogModuleManager: Shutting down and abandoning module MetalShaderFormat (149)
[2019.03.24-04.22.19:655][661]LogModuleManager: Shutting down and abandoning module TextureFormatUncompressed (147)
[2019.03.24-04.22.19:655][661]LogModuleManager: Shutting down and abandoning module TextureFormatPVR (145)
[2019.03.24-04.22.19:655][661]LogModuleManager: Shutting down and abandoning module TextureFormatDXT (143)
[2019.03.24-04.22.19:655][661]LogModuleManager: Shutting down and abandoning module TextureFormatIntelISPCTexComp (141)
[2019.03.24-04.22.19:655][661]LogModuleManager: Shutting down and abandoning module TextureFormatASTC (139)
[2019.03.24-04.22.19:655][661]LogModuleManager: Shutting down and abandoning module ImageWrapper (138)
[2019.03.24-04.22.19:655][661]LogModuleManager: Shutting down and abandoning module TextureFormatAndroid (135)
[2019.03.24-04.22.19:655][661]LogModuleManager: Shutting down and abandoning module AudioFormatOpus (133)
[2019.03.24-04.22.19:655][661]LogModuleManager: Shutting down and abandoning module AudioFormatOgg (131)
[2019.03.24-04.22.19:655][661]LogModuleManager: Shutting down and abandoning module AudioFormatADPCM (129)
[2019.03.24-04.22.19:655][661]LogModuleManager: Shutting down and abandoning module LuminTargetPlatform (127)
[2019.03.24-04.22.19:656][661]LogModuleManager: Shutting down and abandoning module LinuxTargetPlatform (125)
[2019.03.24-04.22.19:656][661]LogModuleManager: Shutting down and abandoning module LinuxServerTargetPlatform (123)
[2019.03.24-04.22.19:656][661]LogModuleManager: Shutting down and abandoning module LinuxNoEditorTargetPlatform (121)
[2019.03.24-04.22.19:656][661]LogModuleManager: Shutting down and abandoning module LinuxClientTargetPlatform (119)
[2019.03.24-04.22.19:656][661]LogModuleManager: Shutting down and abandoning module TVOSTargetPlatform (117)
[2019.03.24-04.22.19:656][661]LogModuleManager: Shutting down and abandoning module Messaging (115)
[2019.03.24-04.22.19:656][661]LogModuleManager: Shutting down and abandoning module IOSTargetPlatform (113)
[2019.03.24-04.22.19:657][661]LogModuleManager: Shutting down and abandoning module HTML5TargetPlatform (111)
[2019.03.24-04.22.19:657][661]LogModuleManager: Shutting down and abandoning module AndroidTargetPlatform (109)
[2019.03.24-04.22.19:661][661]LogModuleManager: Shutting down and abandoning module WindowsTargetPlatform (107)
[2019.03.24-04.22.19:661][661]LogModuleManager: Shutting down and abandoning module WindowsServerTargetPlatform (105)
[2019.03.24-04.22.19:661][661]LogModuleManager: Shutting down and abandoning module WindowsNoEditorTargetPlatform (103)
[2019.03.24-04.22.19:661][661]LogModuleManager: Shutting down and abandoning module WindowsClientTargetPlatform (101)
[2019.03.24-04.22.19:661][661]LogModuleManager: Shutting down and abandoning module MacTargetPlatform (99)
[2019.03.24-04.22.19:661][661]LogModuleManager: Shutting down and abandoning module MacServerTargetPlatform (97)
[2019.03.24-04.22.19:661][661]LogModuleManager: Shutting down and abandoning module MacNoEditorTargetPlatform (95)
[2019.03.24-04.22.19:661][661]LogModuleManager: Shutting down and abandoning module MacClientTargetPlatform (93)
[2019.03.24-04.22.19:661][661]LogModuleManager: Shutting down and abandoning module AllDesktopTargetPlatform (91)
[2019.03.24-04.22.19:661][661]LogModuleManager: Shutting down and abandoning module InputCore (88)
[2019.03.24-04.22.19:661][661]LogModuleManager: Shutting down and abandoning module Settings (86)
[2019.03.24-04.22.19:661][661]LogModuleManager: Shutting down and abandoning module PhysXCooking (84)
[2019.03.24-04.22.19:661][661]LogModuleManager: Shutting down and abandoning module SteamVR (82)
[2019.03.24-04.22.19:661][661]LogModuleManager: Shutting down and abandoning module OculusHMD (80)
[2019.03.24-04.22.19:661][661]LogModuleManager: Shutting down and abandoning module ExampleDeviceProfileSelector (78)
[2019.03.24-04.22.19:661][661]LogModuleManager: Shutting down and abandoning module LauncherChunkInstaller (76)
[2019.03.24-04.22.19:661][661]LogModuleManager: Shutting down and abandoning module OnlineBlueprintSupport (74)
[2019.03.24-04.22.19:661][661]LogModuleManager: Shutting down and abandoning module OnlineSubsystem (70)
[2019.03.24-04.22.19:662][661]LogModuleManager: Shutting down and abandoning module XMPP (65)
[2019.03.24-04.22.19:662][661]LogModuleManager: Shutting down and abandoning module WebSockets (64)
[2019.03.24-04.22.19:671][661]LogModuleManager: Shutting down and abandoning module HTTP (61)
[2019.03.24-04.22.19:671][661]LogHttp: Display: Http module shutting down, but needs to wait on 1 outstanding Http requests:
[2019.03.24-04.22.19:671][661]LogHttp: Display: 	verb=[POST] url=[https://datarouter.ol.epicgames.com/datarouter/api/v1/public/data?SessionID=%7BBE5326E4-41DB-4609-A5C1-B49BFB08FF9B%7D&AppID=UEEditor.Rocket.Release&AppVersion=4.20.3-4369336%2B%2B%2BUE4%2BRelease-4.20&UserID=157e2509421257fb9f3bbdbff5f08b03%7C20079c831a694bbd86d6153fd97feacd%7C3235aa97-86b4-44ca-943f-07a230d6e786&AppEnvironment=datacollector-binary&UploadType=eteventstream] status=Processing
[2019.03.24-04.22.19:674][661]LogModuleManager: Shutting down and abandoning module SSL (60)
[2019.03.24-04.22.19:674][661]LogModuleManager: Shutting down and abandoning module MagicLeapEmulator (56)
[2019.03.24-04.22.19:674][661]LogModuleManager: Shutting down and abandoning module MagicLeapPrivileges (54)
[2019.03.24-04.22.19:674][661]LogModuleManager: Shutting down and abandoning module MagicLeapIdentity (52)
[2019.03.24-04.22.19:674][661]LogModuleManager: Shutting down and abandoning module MagicLeapHelperVulkan (50)
[2019.03.24-04.22.19:674][661]LogModuleManager: Shutting down and abandoning module MagicLeapHelperOpenGL (48)
[2019.03.24-04.22.19:674][661]LogModuleManager: Shutting down and abandoning module MagicLeapSecureStorage (46)
[2019.03.24-04.22.19:674][661]LogModuleManager: Shutting down and abandoning module MagicLeapGestures (44)
[2019.03.24-04.22.19:674][661]LogModuleManager: Shutting down and abandoning module MagicLeapEyeTracker (42)
[2019.03.24-04.22.19:674][661]LogModuleManager: Shutting down and abandoning module MagicLeapController (40)
[2019.03.24-04.22.19:675][661]LogSlate: Slate User Destroyed.  User Index 0, Is Virtual User: 0
[2019.03.24-04.22.19:675][661]LogModuleManager: Shutting down and abandoning module MagicLeap (38)
[2019.03.24-04.22.19:675][661]LogModuleManager: Shutting down and abandoning module AnimationModifiers (36)
[2019.03.24-04.22.19:675][661]LogModuleManager: Shutting down and abandoning module PropertyEditor (35)
[2019.03.24-04.22.19:675][661]LogModuleManager: Shutting down and abandoning module AudioEditor (32)
[2019.03.24-04.22.19:675][661]LogModuleManager: Shutting down and abandoning module TextureCompressor (30)
[2019.03.24-04.22.19:675][661]LogModuleManager: Shutting down and abandoning module ShaderCore (28)
[2019.03.24-04.22.19:675][661]LogModuleManager: Shutting down and abandoning module Landscape (26)
[2019.03.24-04.22.19:675][661]LogModuleManager: Shutting down and abandoning module SlateRHIRenderer (24)
[2019.03.24-04.22.19:675][661]LogModuleManager: Shutting down and abandoning module OpenGLDrv (22)
[2019.03.24-04.22.19:675][661]LogModuleManager: Shutting down and abandoning module D3D11RHI (20)
[2019.03.24-04.22.19:675][661]LogModuleManager: Shutting down and abandoning module AnimGraphRuntime (18)
[2019.03.24-04.22.19:675][661]LogModuleManager: Shutting down and abandoning module Renderer (16)
[2019.03.24-04.22.19:675][661]LogModuleManager: Shutting down and abandoning module Engine (14)
[2019.03.24-04.22.19:675][661]LogModuleManager: Shutting down and abandoning module CoreUObject (12)
[2019.03.24-04.22.19:675][661]LogModuleManager: Shutting down and abandoning module NetworkFile (10)
[2019.03.24-04.22.19:675][661]LogModuleManager: Shutting down and abandoning module CookedIterativeFile (8)
[2019.03.24-04.22.19:675][661]LogModuleManager: Shutting down and abandoning module StreamingFile (6)
[2019.03.24-04.22.19:675][661]LogModuleManager: Shutting down and abandoning module SandboxFile (4)
[2019.03.24-04.22.19:675][661]LogModuleManager: Shutting down and abandoning module PakFile (2)
[2019.03.24-04.22.19:680][661]LogExit: Exiting.
[2019.03.24-04.22.19:694][661]Log file closed, 03/24/19 00:22:19
