Log file open, 04/05/19 15:04:06
LogWindows: Failed to load 'aqProf.dll' (GetLastError=126)
LogWindows: File 'aqProf.dll' does not exist
LogWindows: Failed to load 'VtuneApi.dll' (GetLastError=126)
LogWindows: File 'VtuneApi.dll' does not exist
LogWindows: Failed to load 'VtuneApi32e.dll' (GetLastError=126)
LogWindows: File 'VtuneApi32e.dll' does not exist
LogInit: Display: Running engine for game: MarshMellow
LogPlatformFile: Not using cached read wrapper
LogTaskGraph: Started task graph with 5 named threads and 23 total threads with 3 sets of task threads.
LogStats: Stats thread started at 0.308904
LogD3D11RHI: Loaded GFSDK_Aftermath_Lib.x64.dll
LogICUInternationalization: Display: ICU TimeZone Detection - Raw Offset: -5:00, Platform Override: ''
LogPluginManager: Mounting plugin Paper2D
LogPluginManager: Mounting plugin AISupport
LogPluginManager: Mounting plugin LightPropagationVolume
LogPluginManager: Mounting plugin CLionSourceCodeAccess
LogPluginManager: Mounting plugin CodeLiteSourceCodeAccess
LogPluginManager: Mounting plugin GitSourceControl
LogPluginManager: Mounting plugin KDevelopSourceCodeAccess
LogPluginManager: Mounting plugin NullSourceCodeAccess
LogPluginManager: Mounting plugin PerforceSourceControl
LogPluginManager: Mounting plugin SubversionSourceControl
LogPluginManager: Mounting plugin UObjectPlugin
LogPluginManager: Mounting plugin VisualStudioCodeSourceCodeAccess
LogPluginManager: Mounting plugin VisualStudioSourceCodeAccess
LogPluginManager: Mounting plugin XCodeSourceCodeAccess
LogPluginManager: Mounting plugin AssetManagerEditor
LogPluginManager: Mounting plugin CryptoKeys
LogPluginManager: Mounting plugin DataValidation
LogPluginManager: Mounting plugin FacialAnimation
LogPluginManager: Mounting plugin GameplayTagsEditor
LogPluginManager: Mounting plugin MacGraphicsSwitching
LogPluginManager: Mounting plugin MeshEditor
LogPluginManager: Mounting plugin MobileLauncherProfileWizard
LogPluginManager: Mounting plugin PluginBrowser
LogPluginManager: Mounting plugin SpeedTreeImporter
LogPluginManager: Mounting plugin DatasmithContent
LogPluginManager: Mounting plugin AlembicImporter
LogPluginManager: Mounting plugin AppleImageUtils
LogPluginManager: Mounting plugin AppleVision
LogPluginManager: Mounting plugin BackChannel
LogPluginManager: Mounting plugin CharacterAI
LogPluginManager: Mounting plugin GeometryCache
LogPluginManager: Mounting plugin HTML5Networking
LogPluginManager: Mounting plugin ProxyLODPlugin
LogPluginManager: Mounting plugin MagicLeap
LogPluginManager: Mounting plugin MagicLeapEmulator
LogPluginManager: Mounting plugin MagicLeapMedia
LogPluginManager: Mounting plugin AndroidMedia
LogPluginManager: Mounting plugin AvfMedia
LogPluginManager: Mounting plugin ImgMedia
LogPluginManager: Mounting plugin LinearTimecode
LogPluginManager: Mounting plugin MediaCompositing
LogPluginManager: Mounting plugin MediaPlayerEditor
LogPluginManager: Mounting plugin WmfMedia
LogPluginManager: Mounting plugin TcpMessaging
LogPluginManager: Mounting plugin UdpMessaging
LogPluginManager: Mounting plugin ActorSequence
LogPluginManager: Mounting plugin LevelSequenceEditor
LogPluginManager: Mounting plugin MatineeToLevelSequence
LogPluginManager: Mounting plugin NetcodeUnitTest
LogPluginManager: Mounting plugin NUTUnrealEngine4
LogPluginManager: Mounting plugin OnlineSubsystemGooglePlay
LogPluginManager: Mounting plugin OnlineSubsystemIOS
LogPluginManager: Mounting plugin OnlineSubsystem
LogPluginManager: Mounting plugin OnlineSubsystemNull
LogPluginManager: Mounting plugin OnlineSubsystemUtils
LogPluginManager: Mounting plugin LauncherChunkInstaller
LogPluginManager: Mounting plugin AndroidDeviceProfileSelector
LogPluginManager: Mounting plugin AndroidMoviePlayer
LogPluginManager: Mounting plugin AndroidPermission
LogPluginManager: Mounting plugin AppleMoviePlayer
LogPluginManager: Mounting plugin ArchVisCharacter
LogPluginManager: Mounting plugin AudioCapture
LogPluginManager: Mounting plugin CableComponent
LogPluginManager: Mounting plugin CustomMeshComponent
LogPluginManager: Mounting plugin EditableMesh
LogPluginManager: Mounting plugin ExampleDeviceProfileSelector
LogPluginManager: Mounting plugin GoogleCloudMessaging
LogPluginManager: Mounting plugin ImmediatePhysics
LogPluginManager: Mounting plugin IOSDeviceProfileSelector
LogPluginManager: Mounting plugin LinuxDeviceProfileSelector
LogPluginManager: Mounting plugin LocationServicesBPLibrary
LogPluginManager: Mounting plugin MobilePatchingUtils
LogPluginManager: Mounting plugin OculusVR
LogPluginManager: Plugin shader directory ../../../Engine/Plugins/Runtime/Oculus/OculusVR/Shaders found
LogPluginManager: Mapping shader source directory ../../../Engine/Plugins/Runtime/Oculus/OculusVR/Shaders to virtual directory /Plugin/OculusVR
LogPluginManager: Mounting plugin PhysXVehicles
LogPluginManager: Mounting plugin ProceduralMeshComponent
LogPluginManager: Mounting plugin RuntimePhysXCooking
LogPluginManager: Mounting plugin SteamVR
LogPluginManager: Mounting plugin WindowsMoviePlayer
LogStreaming: Display: Took  0.132s to configure plugins.
LogInit: Using libcurl 7.55.1-DEV
LogInit:  - built for x86_64-pc-win32
LogInit:  - supports SSL with OpenSSL/1.0.2h
LogInit:  - supports HTTP deflate (compression) using libz 1.2.8
LogInit:  - other features:
LogInit:      CURL_VERSION_SSL
LogInit:      CURL_VERSION_LIBZ
LogInit:      CURL_VERSION_IPV6
LogInit:      CURL_VERSION_ASYNCHDNS
LogInit:      CURL_VERSION_LARGEFILE
LogInit:      CURL_VERSION_IDN
LogInit:  CurlRequestOptions (configurable via config and command line):
LogInit:  - bVerifyPeer = false  - Libcurl will NOT verify peer certificate
LogInit:  - bUseHttpProxy = false  - Libcurl will NOT use HTTP proxy
LogInit:  - bDontReuseConnections = false  - Libcurl will reuse connections
LogInit:  - CertBundlePath = nullptr  - Libcurl will use whatever was configured at build time.
LogInit:  - MaxHostConnections = 16  - Libcurl will limit the number of connections to a host
LogInit:  - LocalHostAddr = Default
LogInit:  - BufferSize = 65536
LogInit: WinSock: version 1.1 (2.2), MaxSocks=32767, MaxUdp=65467
LogInit: Build: ++UE4+Release-4.20-CL-4369336
LogInit: Engine Version: 4.20.3-4369336+++UE4+Release-4.20
LogInit: Compatible Engine Version: 4.20.0-4212847+++UE4+Release-4.20
LogInit: Net CL: 4212847
LogInit: OS: Windows 10 (), CPU: Intel(R) Core(TM) i7-6700HQ CPU @ 2.60GHz, GPU: Intel(R) HD Graphics 530
LogInit: Compiled (64-bit): Sep 17 2018 12:26:19
LogInit: Compiled with Visual C++: 19.13.26129.00
LogInit: Build Configuration: Development
LogInit: Branch Name: ++UE4+Release-4.20
LogInit: Command Line: 
LogInit: Base Directory: C:/Program Files/Epic Games/UE_4.20/Engine/Binaries/Win64/
LogInit: Installed Engine Build: 1
LogDevObjectVersion: Number of dev versions registered: 20
LogDevObjectVersion:   Dev-Blueprints (B0D832E4-1F89-4F0D-ACCF-7EB736FD4AA2): 10
LogDevObjectVersion:   Dev-Build (E1C64328-A22C-4D53-A36C-8E866417BD8C): 0
LogDevObjectVersion:   Dev-Core (375EC13C-06E4-48FB-B500-84F0262A717E): 2
LogDevObjectVersion:   Dev-Editor (E4B068ED-F494-42E9-A231-DA0B2E46BB41): 24
LogDevObjectVersion:   Dev-Framework (CFFC743F-43B0-4480-9391-14DF171D2073): 34
LogDevObjectVersion:   Dev-Mobile (B02B49B5-BB20-44E9-A304-32B752E40360): 2
LogDevObjectVersion:   Dev-Networking (A4E4105C-59A1-49B5-A7C5-40C4547EDFEE): 0
LogDevObjectVersion:   Dev-Online (39C831C9-5AE6-47DC-9A44-9C173E1C8E7C): 0
LogDevObjectVersion:   Dev-Physics (78F01B33-EBEA-4F98-B9B4-84EACCB95AA2): 0
LogDevObjectVersion:   Dev-Platform (6631380F-2D4D-43E0-8009-CF276956A95A): 0
LogDevObjectVersion:   Dev-Rendering (12F88B9F-8875-4AFC-A67C-D90C383ABD29): 26
LogDevObjectVersion:   Dev-Sequencer (7B5AE74C-D270-4C10-A958-57980B212A5A): 9
LogDevObjectVersion:   Dev-VR (D7296918-1DD6-4BDD-9DE2-64A83CC13884): 2
LogDevObjectVersion:   Dev-LoadTimes (C2A15278-BFE7-4AFE-6C17-90FF531DF755): 1
LogDevObjectVersion:   Private-Geometry (6EACA3D4-40EC-4CC1-B786-8BED09428FC5): 3
LogDevObjectVersion:   Dev-AnimPhys (29E575DD-E0A3-4627-9D10-D276232CDCEA): 17
LogDevObjectVersion:   Dev-ReflectionCapture (6B266CEC-1EC7-4B8F-A30B-E4D90942FC07): 1
LogDevObjectVersion:   Dev-Automation (0DF73D61-A23F-47EA-B727-89E90C41499A): 1
LogDevObjectVersion:   FortniteMain (601D1886-AC64-4F84-AA16-D3DE0DEAC7D6): 12
LogDevObjectVersion:   Dev-Enterprise (9DFFBCD6-494F-0158-E221-12823C92A888): 1
LogStreaming: Display: Took  0.006s to delete old logs.
LogInit: Presizing for max 8388607 objects, including 0 objects not considered by GC, pre-allocating 0 bytes for permanent pool.
LogInit: Object subsystem initialized
[2019.04.05-19.04.06:735][  0]LogInit: Selected Device Profile: [Windows]
[2019.04.05-19.04.06:735][  0]LogInit: Applying CVar settings loaded from the selected device profile: [Windows]
[2019.04.05-19.04.06:787][  0]LogHAL: Display: Platform has ~ 16 GB [16751534080 / 17179869184 / 16], which maps to Larger [LargestMinGB=32, LargerMinGB=12, DefaultMinGB=8, SmallerMinGB=6, SmallestMinGB=0)
[2019.04.05-19.04.06:787][  0]LogInit: Setting Device Profile CVar: [[r.Vulkan.UseRealUBs:1]]
[2019.04.05-19.04.06:787][  0]LogInit: Going up to parent DeviceProfile []
[2019.04.05-19.04.06:787][  0]LogInit: Computer: JESSIES-LAPTOP
[2019.04.05-19.04.06:787][  0]LogInit: User: jessielichter
[2019.04.05-19.04.06:787][  0]LogInit: CPU Page size=4096, Cores=4
[2019.04.05-19.04.06:787][  0]LogInit: High frequency timer resolution =2.531250 MHz
[2019.04.05-19.04.06:788][  0]LogMemory: Memory total: Physical=15.6GB (16GB approx)
[2019.04.05-19.04.06:788][  0]LogMemory: Platform Memory Stats for Windows
[2019.04.05-19.04.06:788][  0]LogMemory: Process Physical Memory: 109.56 MB used, 109.56 MB peak
[2019.04.05-19.04.06:788][  0]LogMemory: Process Virtual Memory: 94.53 MB used, 94.53 MB peak
[2019.04.05-19.04.06:788][  0]LogMemory: Physical Memory: 6901.99 MB used,  9073.52 MB free, 15975.51 MB total
[2019.04.05-19.04.06:788][  0]LogMemory: Virtual Memory: 4643.89 MB used,  9073.52 MB free, 134217728.00 MB total
[2019.04.05-19.04.06:812][  0]LogInit: Using OS detected language (en-US).
[2019.04.05-19.04.06:812][  0]LogInit: Using OS detected locale (en-US).
[2019.04.05-19.04.06:813][  0]LogTextLocalizationManager: No specific localization for 'en-US' exists, so the 'en' localization will be used.
[2019.04.05-19.04.07:226][  0]LogStreaming: Display: Took  0.414s to InitEngineTextLocalization.
[2019.04.05-19.04.07:226][  0]LogInit: Setting process to per monitor DPI aware
[2019.04.05-19.04.07:272][  0]LogSlate: New Slate User Created.  User Index 0, Is Virtual User: 0
[2019.04.05-19.04.07:272][  0]LogSlate: Slate User Registered.  User Index 0, Is Virtual User: 0
[2019.04.05-19.04.07:548][  0]LogHMD: Failed to initialize OpenVR with code 110
[2019.04.05-19.04.07:548][  0]LogD3D11RHI: D3D11 adapters:
[2019.04.05-19.04.07:604][  0]LogD3D11RHI:    0. 'NVIDIA GeForce GTX 960M' (Feature Level 11_0)
[2019.04.05-19.04.07:604][  0]LogD3D11RHI:       2010/0/7987 MB DedicatedVideo/DedicatedSystem/SharedSystem, Outputs:1, VendorId:0x10de
[2019.04.05-19.04.07:614][  0]LogD3D11RHI:    1. 'Intel(R) HD Graphics 530' (Feature Level 11_0)
[2019.04.05-19.04.07:614][  0]LogD3D11RHI:       128/0/7987 MB DedicatedVideo/DedicatedSystem/SharedSystem, Outputs:0, VendorId:0x8086
[2019.04.05-19.04.07:616][  0]LogD3D11RHI:    2. 'Microsoft Basic Render Driver' (Feature Level 11_0)
[2019.04.05-19.04.07:616][  0]LogD3D11RHI:       0/0/7987 MB DedicatedVideo/DedicatedSystem/SharedSystem, Outputs:0, VendorId:0x1414
[2019.04.05-19.04.07:616][  0]LogD3D11RHI: Chosen D3D11 Adapter: 0
[2019.04.05-19.04.07:664][  0]LogD3D11RHI: Creating new Direct3DDevice
[2019.04.05-19.04.07:664][  0]LogD3D11RHI:     GPU DeviceId: 0x139b (for the marketing name, search the web for "GPU Device Id")
[2019.04.05-19.04.07:664][  0]LogWindows: EnumDisplayDevices:
[2019.04.05-19.04.07:664][  0]LogWindows:    0. 'Intel(R) HD Graphics 530' (P:1 D:1)
[2019.04.05-19.04.07:664][  0]LogWindows:    1. 'Intel(R) HD Graphics 530' (P:0 D:0)
[2019.04.05-19.04.07:665][  0]LogWindows:    2. 'Intel(R) HD Graphics 530' (P:0 D:0)
[2019.04.05-19.04.07:665][  0]LogWindows: DebugString: PrimaryIsNotTheChoosenAdapter PrimaryIsNotTheChoosenAdapter PrimaryIsNotTheChoosenAdapter FoundDriverCount:0 
[2019.04.05-19.04.07:665][  0]LogD3D11RHI:     Adapter Name: NVIDIA GeForce GTX 960M
[2019.04.05-19.04.07:665][  0]LogD3D11RHI:   Driver Version: Unknown (internal:Unknown, unified:Unknown)
[2019.04.05-19.04.07:665][  0]LogD3D11RHI:      Driver Date: Unknown
[2019.04.05-19.04.07:665][  0]LogRHI: Texture pool is 1407 MB (70% of 2010 MB)
[2019.04.05-19.04.07:705][  0]LogD3D11RHI: Async texture creation enabled
[2019.04.05-19.04.07:725][  0]LogD3D11RHI: GPU Timing Frequency: 1000.000000 (Debug: 2 2)
[2019.04.05-19.04.07:726][  0]LogShaderCompilers: Guid format shader working directory is -29 characters bigger than the processId version (../../../../../../Users/jessie lichter/Documents/GitHub/GameDev2Project/MarshMellow/Intermediate/Shaders/WorkingDirectory/38852/).
[2019.04.05-19.04.07:727][  0]LogShaderCompilers: Cleaned the shader compiler working directory 'C:/Users/jessie lichter/AppData/Local/Temp/UnrealShaderWorkingDir/BB7003E94FB5694D3BBA20A71CFD894D/'.
[2019.04.05-19.04.08:033][  0]LogTemp: Display: Loaded TP AllDesktopTargetPlatform
[2019.04.05-19.04.08:048][  0]LogTemp: Display: Loaded TP MacClientTargetPlatform
[2019.04.05-19.04.08:063][  0]LogTemp: Display: Loaded TP MacNoEditorTargetPlatform
[2019.04.05-19.04.08:078][  0]LogTemp: Display: Loaded TP MacServerTargetPlatform
[2019.04.05-19.04.08:095][  0]LogTemp: Display: Loaded TP MacTargetPlatform
[2019.04.05-19.04.08:109][  0]LogTemp: Display: Loaded TP WindowsClientTargetPlatform
[2019.04.05-19.04.08:125][  0]LogTemp: Display: Loaded TP WindowsNoEditorTargetPlatform
[2019.04.05-19.04.08:140][  0]LogTemp: Display: Loaded TP WindowsServerTargetPlatform
[2019.04.05-19.04.08:147][  0]LogTemp: Display: Loaded TP WindowsTargetPlatform
[2019.04.05-19.04.08:257][  0]LogTemp: Display: Loaded TP AndroidTargetPlatform
[2019.04.05-19.04.08:257][  0]LogTemp: Display: Loaded TP AndroidTargetPlatform
[2019.04.05-19.04.08:257][  0]LogTemp: Display: Loaded TP AndroidTargetPlatform
[2019.04.05-19.04.08:257][  0]LogTemp: Display: Loaded TP AndroidTargetPlatform
[2019.04.05-19.04.08:257][  0]LogTemp: Display: Loaded TP AndroidTargetPlatform
[2019.04.05-19.04.08:257][  0]LogTemp: Display: Loaded TP AndroidTargetPlatform
[2019.04.05-19.04.08:257][  0]LogTemp: Display: Loaded TP AndroidTargetPlatform
[2019.04.05-19.04.08:257][  0]LogTemp: Display: Loaded TP AndroidTargetPlatform
[2019.04.05-19.04.08:257][  0]LogTemp: Display: Loaded TP AndroidTargetPlatform
[2019.04.05-19.04.08:257][  0]LogTemp: Display: Loaded TP AndroidTargetPlatform
[2019.04.05-19.04.08:257][  0]LogTemp: Display: Loaded TP AndroidTargetPlatform
[2019.04.05-19.04.08:257][  0]LogTemp: Display: Loaded TP AndroidTargetPlatform
[2019.04.05-19.04.08:257][  0]LogTemp: Display: Loaded TP AndroidTargetPlatform
[2019.04.05-19.04.08:257][  0]LogTemp: Display: Loaded TP AndroidTargetPlatform
[2019.04.05-19.04.08:257][  0]LogTemp: Display: Loaded TP AndroidTargetPlatform
[2019.04.05-19.04.08:257][  0]LogTemp: Display: Loaded TP AndroidTargetPlatform
[2019.04.05-19.04.08:257][  0]LogTemp: Display: Loaded TP AndroidTargetPlatform
[2019.04.05-19.04.08:257][  0]LogTemp: Display: Loaded TP AndroidTargetPlatform
[2019.04.05-19.04.08:259][  0]LogTemp: Display: Loaded TP HTML5TargetPlatform
[2019.04.05-19.04.08:327][  0]LogTemp: Display: Loaded TP IOSTargetPlatform
[2019.04.05-19.04.08:327][  0]LogTemp: Display: Loaded TP IOSTargetPlatform
[2019.04.05-19.04.08:375][  0]LogTemp: Display: Loaded TP TVOSTargetPlatform
[2019.04.05-19.04.08:376][  0]LogTemp: Display: Loaded TP TVOSTargetPlatform
[2019.04.05-19.04.08:392][  0]LogTemp: Display: Loaded TP LinuxClientTargetPlatform
[2019.04.05-19.04.08:405][  0]LogTemp: Display: Loaded TP LinuxNoEditorTargetPlatform
[2019.04.05-19.04.08:419][  0]LogTemp: Display: Loaded TP LinuxServerTargetPlatform
[2019.04.05-19.04.08:434][  0]LogTemp: Display: Loaded TP LinuxTargetPlatform
[2019.04.05-19.04.08:444][  0]LogTemp: Display: Loaded TP LuminTargetPlatform
[2019.04.05-19.04.08:444][  0]LogTargetPlatformManager: Display: Building Assets For Windows
[2019.04.05-19.04.08:526][  0]LogXGEController: Cannot use XGE Controller as Incredibuild is not installed on this machine.
[2019.04.05-19.04.08:526][  0]LogShaderCompilers: Cannot use XGE Shader Compiler as Incredibuild is not installed on this machine.
[2019.04.05-19.04.08:526][  0]LogShaderCompilers: Display: Using Local Shader Compiler.
[2019.04.05-19.04.09:423][  0]LogDerivedDataCache: Display: Max Cache Size: 512 MB
[2019.04.05-19.04.09:496][  0]LogDerivedDataCache: Loaded boot cache 0.07s 71MB C:/Users/jessie lichter/AppData/Local/UnrealEngine/4.20/DerivedDataCache/Boot.ddc.
[2019.04.05-19.04.09:497][  0]LogDerivedDataCache: Display: Loaded Boot cache: C:/Users/jessie lichter/AppData/Local/UnrealEngine/4.20/DerivedDataCache/Boot.ddc
[2019.04.05-19.04.09:497][  0]LogDerivedDataCache: FDerivedDataBackendGraph:  Pak pak cache file ../../../../../../Users/jessie lichter/Documents/GitHub/GameDev2Project/MarshMellow/DerivedDataCache/DDC.ddp not found, will not use a pak cache.
[2019.04.05-19.04.09:497][  0]LogDerivedDataCache: Unable to find inner node Pak for hierarchical cache Hierarchy.
[2019.04.05-19.04.09:497][  0]LogDerivedDataCache: FDerivedDataBackendGraph:  CompressedPak pak cache file ../../../../../../Users/jessie lichter/Documents/GitHub/GameDev2Project/MarshMellow/DerivedDataCache/Compressed.ddp not found, will not use a pak cache.
[2019.04.05-19.04.09:497][  0]LogDerivedDataCache: Unable to find inner node CompressedPak for hierarchical cache Hierarchy.
[2019.04.05-19.04.09:514][  0]LogDerivedDataCache: Display: Pak cache opened for reading ../../../Engine/DerivedDataCache/Compressed.ddp.
[2019.04.05-19.04.09:527][  0]LogDerivedDataCache: Using Local data cache path C:/Users/jessie lichter/AppData/Local/UnrealEngine/Common/DerivedDataCache: Writable
[2019.04.05-19.04.09:527][  0]LogDerivedDataCache: Shared data cache path not found in *engine.ini, will not use an Shared cache.
[2019.04.05-19.04.09:527][  0]LogDerivedDataCache: Unable to find inner node Shared for hierarchical cache Hierarchy.
[2019.04.05-19.04.09:547][  0]LogMaterial: Verifying Global Shaders for PCD3D_SM5
[2019.04.05-19.04.09:548][  0]LogSlate: Using FreeType 2.6.0
[2019.04.05-19.04.09:549][  0]LogSlate: SlateFontServices - WITH_FREETYPE: 1, WITH_HARFBUZZ: 1
[2019.04.05-19.04.09:645][  0]LogAssetRegistry: FAssetRegistry took 0.0262 seconds to start up
[2019.04.05-19.04.11:417][  0]LogInit: Selected Device Profile: [Windows]
[2019.04.05-19.04.11:573][  0]LogSimplygon: Simplygon DLL not present - disabling.
[2019.04.05-19.04.11:577][  0]LogMeshReduction: Using SimplygonSwarm for distributed automatic mesh merging
[2019.04.05-19.04.11:577][  0]LogMeshReduction: Using ProxyLODMeshReduction for automatic mesh merging
[2019.04.05-19.04.11:577][  0]LogMeshReduction: Using QuadricMeshReduction for automatic static mesh reduction
[2019.04.05-19.04.11:577][  0]LogMeshReduction: No automatic skeletal mesh reduction module available
[2019.04.05-19.04.11:596][  0]LogNetVersion: MarshMellow 1.0.0, NetCL: 4212847, EngineNetVer: 5, GameNetVer: 0 (Checksum: 3750370364)
[2019.04.05-19.04.12:193][  0]LogPackageLocalizationCache: Processed 11 localized package path(s) for 2 prioritized culture(s) in 0.113415 seconds
[2019.04.05-19.04.12:199][  0]LogUObjectArray: 38425 objects as part of root set at end of initial load.
[2019.04.05-19.04.12:199][  0]LogUObjectAllocator: 6690864 out of 0 bytes used by permanent object pool.
[2019.04.05-19.04.12:199][  0]LogUObjectArray: CloseDisregardForGC: 0/0 objects in disregard for GC pool
[2019.04.05-19.04.13:179][  0]LogTcpMessaging: Initializing TcpMessaging bridge
[2019.04.05-19.04.13:193][  0]LogUdpMessaging: Initializing bridge on interface 0.0.0.0:0 to multicast group 230.0.0.1:6666.
[2019.04.05-19.04.13:372][  0]SourceControl: Source control is disabled
[2019.04.05-19.04.13:372][  0]SourceControl: Source control is disabled
[2019.04.05-19.04.13:374][  0]SourceControl: Source control is disabled
[2019.04.05-19.04.13:375][  0]SourceControl: Source control is disabled
[2019.04.05-19.04.13:573][  0]LogAndroidPermission: UAndroidPermissionCallbackProxy::GetInstance
[2019.04.05-19.04.13:844][  0]LogOcInput: OculusInput pre-init called
[2019.04.05-19.04.13:912][  0]LogEngine: Initializing Engine...
[2019.04.05-19.04.13:913][  0]LogHMD: Failed to initialize OpenVR with code 110
[2019.04.05-19.04.13:915][  0]LogStats: UGameplayTagsManager::ConstructGameplayTagTree: ImportINI prefixes -  0.000 s
[2019.04.05-19.04.13:915][  0]LogStats: UGameplayTagsManager::ConstructGameplayTagTree: Construct from data asset -  0.000 s
[2019.04.05-19.04.13:915][  0]LogStats: UGameplayTagsManager::ConstructGameplayTagTree: ImportINI -  0.000 s
[2019.04.05-19.04.13:915][  0]LogStats: UGameplayTagsManager::ConstructGameplayTagTree: GameplayTagTreeChangedEvent.Broadcast -  0.000 s
[2019.04.05-19.04.14:164][  0]LogInit: Initializing FReadOnlyCVARCache
[2019.04.05-19.04.14:180][  0]LogAIModule: Creating AISystem for world Untitled
[2019.04.05-19.04.14:245][  0]LogInit: XAudio2 using 'Speakers / Headphones (Realtek Audio)' : 2 channels at 48 kHz using 32 bits per sample (channel mask 0x3)
[2019.04.05-19.04.14:498][  0]LogInit: FAudioDevice initialized.
[2019.04.05-19.04.14:499][  0]LogNetVersion: Set ProjectVersion to 1.0.0.0. Version Checksum will be recalculated on next use.
[2019.04.05-19.04.14:581][  0]LogDerivedDataCache: Saved boot cache 0.08s 71MB C:/Users/jessie lichter/AppData/Local/UnrealEngine/4.20/DerivedDataCache/Boot.ddc.
[2019.04.05-19.04.14:598][  0]LogInit: Texture streaming: Enabled
[2019.04.05-19.04.14:617][  0]LogEngineSessionManager: EngineSessionManager initialized
[2019.04.05-19.04.14:640][  0]LogInit: Transaction tracking system initialized
[2019.04.05-19.04.14:667][  0]BlueprintLog: New page: Editor Load
[2019.04.05-19.04.14:759][  0]LocalizationService: Localization service is disabled
[2019.04.05-19.04.15:070][  0]LogCook: Display: Max memory allowance for cook 16384mb min free memory 0mb
[2019.04.05-19.04.15:070][  0]LogCook: Display: Mobile HDR setting 1
[2019.04.05-19.04.15:070][  0]LogGameplayTags: Display: UGameplayTagsManager::DoneAddingNativeTags. DelegateIsBound: 0
[2019.04.05-19.04.15:070][  0]LogStats: UGameplayTagsManager::ConstructGameplayTagTree: ImportINI prefixes -  0.000 s
[2019.04.05-19.04.15:070][  0]LogStats: UGameplayTagsManager::ConstructGameplayTagTree: Construct from data asset -  0.000 s
[2019.04.05-19.04.15:070][  0]LogStats: UGameplayTagsManager::ConstructGameplayTagTree: ImportINI -  0.000 s
[2019.04.05-19.04.15:070][  0]LogStats: UGameplayTagsManager::ConstructGameplayTagTree: GameplayTagTreeChangedEvent.Broadcast -  0.000 s
[2019.04.05-19.04.15:217][  0]LogFileCache: Scanning file cache for directory 'C:/Users/jessie lichter/Documents/GitHub/GameDev2Project/MarshMellow/Content/' took 0.08s
[2019.04.05-19.04.15:217][  0]SourceControl: Source control is disabled
[2019.04.05-19.04.15:217][  0]Cmd: MAP LOAD FILE="../../../../../../Users/jessie lichter/Documents/GitHub/GameDev2Project/MarshMellow/Content/ThirdPersonBP/Maps/ThirdPersonExampleMap.umap" TEMPLATE=0 SHOWPROGRESS=1 FEATURELEVEL=3
[2019.04.05-19.04.15:218][  0]LightingResults: New page: Lighting Build
[2019.04.05-19.04.15:222][  0]MapCheck: New page: Map Check
[2019.04.05-19.04.15:222][  0]LightingResults: New page: Lighting Build
[2019.04.05-19.04.15:276][  0]LogBlueprint: Warning: [Compiler Marshmallow_MVP] Idle to Walk/RUn  will never be taken, please connect something to  Can Enter Transition
[2019.04.05-19.04.15:276][  0]LogBlueprint: Warning: [Compiler Marshmallow_MVP] Walk/RUn to Idle  will never be taken, please connect something to  Can Enter Transition
[2019.04.05-19.04.15:278][  0]LogBlueprint: Warning: [Compiler Marshmallow_MVP] [0010.87] Compile of Marshmallow_MVP successful, but with 2 Warning(s) [in 5 ms] (/Game/ThirdPersonBP/Blueprints/Marshmallow_MVP.Marshmallow_MVP)
[2019.04.05-19.04.15:579][  0]LogAIModule: Creating AISystem for world ThirdPersonExampleMap
[2019.04.05-19.04.15:591][  0]LogEditorServer: Finished looking for orphan Actors (0.000 secs)
[2019.04.05-19.04.15:616][  0]Cmd: MAP CHECKDEP NOCLEARLOG
[2019.04.05-19.04.15:702][  0]MapCheck: Map check complete: 0 Error(s), 0 Warning(s), took 85.609ms to complete.
[2019.04.05-19.04.15:702][  0]LogFileHelpers: Loading map 'ThirdPersonExampleMap' took 0.485
[2019.04.05-19.04.15:831][  0]LogSlate: Updating window title bar state: overlay mode, drag disabled, window buttons hidden, title bar hidden
[2019.04.05-19.04.15:841][  0]LogCollectionManager: Loaded 0 collections in 0.002488 seconds
[2019.04.05-19.04.15:883][  0]LogFileCache: Scanning file cache for directory 'C:/Users/jessie lichter/Documents/GitHub/GameDev2Project/MarshMellow/Saved/Collections/' took 0.01s
[2019.04.05-19.04.15:884][  0]LogFileCache: Scanning file cache for directory 'C:/Users/jessie lichter/Documents/GitHub/GameDev2Project/MarshMellow/Content/Developers/jessielichter/Collections/' took 0.01s
[2019.04.05-19.04.15:884][  0]LogFileCache: Scanning file cache for directory 'C:/Users/jessie lichter/Documents/GitHub/GameDev2Project/MarshMellow/Content/Collections/' took 0.01s
[2019.04.05-19.04.15:884][  0]LogCollectionManager: Rebuilt the GUID cache for 0 collections in 0.000000 seconds
[2019.04.05-19.04.15:896][  0]LogContentBrowser: Native class hierarchy populated in 0.0121 seconds. Added 2572 classes and 603 folders.
[2019.04.05-19.04.15:914][  0]LogContentBrowser: Native class hierarchy updated for 'WidgetCarousel' in 0.0005 seconds. Added 0 classes and 0 folders.
[2019.04.05-19.04.15:976][  0]LogContentBrowser: Native class hierarchy updated for 'AddContentDialog' in 0.0002 seconds. Added 0 classes and 0 folders.
[2019.04.05-19.04.15:982][  0]LogContentBrowser: Native class hierarchy updated for 'WorldBrowser' in 0.0003 seconds. Added 2 classes and 3 folders.
[2019.04.05-19.04.15:989][  0]LogContentBrowser: Native class hierarchy updated for 'SceneOutliner' in 0.0002 seconds. Added 1 classes and 2 folders.
[2019.04.05-19.04.16:055][  0]LogSlate: Took 0.000239 seconds to synchronously load lazily loaded font '../../../Engine/Content/Slate/Fonts/Roboto-Regular.ttf' (155K)
[2019.04.05-19.04.16:058][  0]LogSlate: Took 0.000301 seconds to synchronously load lazily loaded font '../../../Engine/Content/Slate/Fonts/Roboto-Bold.ttf' (160K)
[2019.04.05-19.04.16:068][  0]LogSlate: Took 0.000268 seconds to synchronously load lazily loaded font '../../../Engine/Content/Editor/Slate/Fonts/FontAwesome.ttf' (139K)
[2019.04.05-19.04.16:168][  0]LogRenderer: Reallocating scene render targets to support 740x456 Format 10 NumSamples 1 (Frame:1).
[2019.04.05-19.04.16:343][  0]LogContentBrowser: Native class hierarchy updated for 'HierarchicalLODOutliner' in 0.0006 seconds. Added 0 classes and 0 folders.
[2019.04.05-19.04.16:343][  0]LogLoad: (Engine Initialization) Total time: 11.93 seconds
[2019.04.05-19.04.16:343][  0]LogLoad: (Engine Initialization) Total Blueprint compile time: 0.00 seconds
[2019.04.05-19.04.16:363][  0]LogWindowsTextInputMethodSystem: Display: IME system now deactivated.
[2019.04.05-19.04.16:403][  0]LogContentStreaming: Texture pool size now 1000 MB
[2019.04.05-19.04.16:466][  0]LogSlate: Took 0.000177 seconds to synchronously load lazily loaded font '../../../Engine/Content/Slate/Fonts/Roboto-Light.ttf' (167K)
[2019.04.05-19.04.16:861][  4]LogAssetRegistry: Asset discovery search completed in 7.2372 seconds
[2019.04.05-19.04.16:863][  4]LogCollectionManager: Rebuilt the object cache for 0 collections in 0.000000 seconds (found 0 objects)
[2019.04.05-19.04.16:863][  4]LogCollectionManager: Fixed up redirectors for 0 collections in 0.000092 seconds (updated 0 objects)
[2019.04.05-19.04.21:481][280]LogFileCache: Retrieving MD5 hashes for directory 'C:/Users/jessie lichter/Documents/GitHub/GameDev2Project/MarshMellow/Content/' took 5.10s
[2019.04.05-19.04.22:925][366]LogSlate: FSceneViewport::OnFocusLost() reason 0
[2019.04.05-19.04.44:398][133]LogTexture: Display: Building textures: T_Sky_02_01_Sunrise (RGBA16F, 8192X8192)
[2019.04.05-19.04.45:183][133]LogSlate: Took 0.000323 seconds to synchronously load lazily loaded font '../../../Engine/Content/Slate/Fonts/Roboto-Light.ttf' (167K)
[2019.04.05-19.04.45:394][133]LogAssetEditorManager: Opening Asset editor for Texture2D /Game/FantasticSkies/Textures/Sky_02/T_Sky_02_01_Sunrise.T_Sky_02_01_Sunrise
[2019.04.05-19.04.45:406][133]LogContentBrowser: Native class hierarchy updated for 'TextureEditor' in 0.0005 seconds. Added 1 classes and 2 folders.
[2019.04.05-19.04.52:011][491]LogSlate: Window 'T_Sky_02_01_Sunrise' being destroyed
[2019.04.05-19.04.52:016][491]LogSlate: Window 'T_Sky_02_01_Sunrise' being destroyed
[2019.04.05-19.04.58:992][905]LogAIModule: Creating AISystem for world TestingPersistent
[2019.04.05-19.04.58:994][905]LogAssetEditorManager: Opening Asset editor for World /Game/TestingMaps/TestingPersistent.TestingPersistent
[2019.04.05-19.04.59:023][905]Cmd: MAP LOAD FILE="../../../../../../Users/jessie lichter/Documents/GitHub/GameDev2Project/MarshMellow/Content/TestingMaps/TestingPersistent.umap" TEMPLATE=0 SHOWPROGRESS=1 FEATURELEVEL=3
[2019.04.05-19.04.59:023][905]LightingResults: New page: Lighting Build
[2019.04.05-19.04.59:023][905]LoadErrors: New page: Loading map: TestingPersistent.umap
[2019.04.05-19.04.59:025][905]MapCheck: New page: Map Check
[2019.04.05-19.04.59:025][905]LightingResults: New page: Lighting Build
[2019.04.05-19.04.59:099][905]LogEditorServer: Finished looking for orphan Actors (0.000 secs)
[2019.04.05-19.04.59:157][905]Cmd: MAP CHECKDEP NOCLEARLOG
[2019.04.05-19.04.59:241][905]MapCheck: Map check complete: 0 Error(s), 0 Warning(s), took 84.075ms to complete.
[2019.04.05-19.04.59:243][905]LogFileHelpers: Loading map 'TestingPersistent' took 0.221
[2019.04.05-19.05.09:022][481]LogStaticMesh: Building static mesh SM_SkyDome...
[2019.04.05-19.05.09:111][481]LogStaticMesh: Built static mesh [0.09s] /Game/FantasticSkies/Meshes/SM_SkyDome.SM_SkyDome
[2019.04.05-19.05.18:382][481]LogTexture: Display: Building textures: T_Sky_01_01_Sunrise (RGBA16F, 8192X8192)
[2019.04.05-19.05.18:382][481]LogTexture: Display: Building textures: T_Sky_01_01_Sunrise_Mask (AutoDXT, 8192X8192)
[2019.04.05-19.05.18:382][481]LogFileManager: Error: Error writing to file: C:/Users/jessie lichter/AppData/Local/UnrealEngine/Common/DerivedDataCache/1/8/8/temp.6FB7D82343F0CCB2755FC0AE76AFFA11 (There is not enough space on the disk.)
[2019.04.05-19.05.18:382][481]LogDerivedDataCache: Warning: FFileSystemDerivedDataBackend: Temp file is short C:/Users/jessie lichter/AppData/Local/UnrealEngine/Common/DerivedDataCache/1/8/8/temp.6FB7D82343F0CCB2755FC0AE76AFFA11!
[2019.04.05-19.05.18:382][481]LogMaterial: Display: Missing cached shader map for material M_Sky, compiling. 
[2019.04.05-19.05.18:414][481]LogFileManager: Error: Error writing to file: C:/Users/jessie lichter/AppData/Local/UnrealEngine/Common/DerivedDataCache/1/8/8/temp.B192372C44C579471D551A871BC45C53 (There is not enough space on the disk.)
[2019.04.05-19.05.18:414][481]LogDerivedDataCache: Warning: FFileSystemDerivedDataBackend: Temp file is short C:/Users/jessie lichter/AppData/Local/UnrealEngine/Common/DerivedDataCache/1/8/8/temp.B192372C44C579471D551A871BC45C53!
[2019.04.05-19.05.18:414][481]LogMaterial: Display: Missing cached shader map for material M_Sky, compiling. 
[2019.04.05-19.05.18:422][481]LogShaderCompilers: Display: Shaders left to compile 10
[2019.04.05-19.05.18:444][481]LogShaderCompilers: Display: Shaders left to compile 10
[2019.04.05-19.05.18:496][481]LogDerivedDataCache: FDerivedDataBackendAsyncPutWrapper: Put failed, keeping in memory copy TEXTURE_68A083899C6F4316B8CE0E2958EDE2C2_RGBA16F_6E5394004F6490B2A32A3A9F6FD77__6350803B536C807B5232A5FFDA2FB84F705EFA40.
[2019.04.05-19.05.19:874][481]LogStaticMesh: Building static mesh SM_Mannequin...
[2019.04.05-19.05.20:738][481]LogStaticMesh: Built static mesh [0.86s] /Game/FantasticSkies/Meshes/SM_Mannequin.SM_Mannequin
[2019.04.05-19.05.20:872][481]LogMaterial: Display: Missing cached shader map for material M_Debug, compiling. 
[2019.04.05-19.05.20:930][481]LogShaderCompilers: Display: Shaders left to compile 22
[2019.04.05-19.05.20:930][481]LogShaderCompilers: Display: Shaders left to compile 12
[2019.04.05-19.05.20:930][481]LogShaderCompilers: Display: Shaders left to compile 2
[2019.04.05-19.05.20:930][481]LogAIModule: Creating AISystem for world Overview
[2019.04.05-19.05.20:942][481]LogAssetEditorManager: Opening Asset editor for World /Game/FantasticSkies/Maps/Overview.Overview
[2019.04.05-19.05.20:989][481]Cmd: MAP LOAD FILE="../../../../../../Users/jessie lichter/Documents/GitHub/GameDev2Project/MarshMellow/Content/FantasticSkies/Maps/Overview.umap" TEMPLATE=0 SHOWPROGRESS=1 FEATURELEVEL=3
[2019.04.05-19.05.20:990][481]LightingResults: New page: Lighting Build
[2019.04.05-19.05.20:990][481]LoadErrors: New page: Loading map: Overview.umap
[2019.04.05-19.05.20:991][481]MapCheck: New page: Map Check
[2019.04.05-19.05.20:991][481]LightingResults: New page: Lighting Build
[2019.04.05-19.05.21:113][481]LogEditorServer: Finished looking for orphan Actors (0.000 secs)
[2019.04.05-19.05.21:185][481]Cmd: MAP CHECKDEP NOCLEARLOG
[2019.04.05-19.05.21:297][481]MapCheck: Map check complete: 0 Error(s), 0 Warning(s), took 112.559ms to complete.
[2019.04.05-19.05.21:297][481]LogFileHelpers: Loading map 'Overview' took 0.309
[2019.04.05-19.05.28:391][890]LogEditorViewport: Clicking on Actor (LMB): BP_Sky_C (BP_Sky)
[2019.04.05-19.05.33:270][177]LogSlate: FSceneViewport::OnFocusLost() reason 0
[2019.04.05-19.05.33:370][183]LogTemp: Repeating last play command: New Editor Window (PIE)
[2019.04.05-19.05.33:406][183]LogPlayLevel: PlayLevel: No blueprints needed recompiling
[2019.04.05-19.05.33:423][183]PIE: New page: PIE session: Overview (Apr 5, 2019, 11:05:33 AM)
[2019.04.05-19.05.33:423][183]LogPlayLevel: Creating play world package: /Game/FantasticSkies/Maps/UEDPIE_0_Overview
[2019.04.05-19.05.33:426][183]LogPlayLevel: PIE: StaticDuplicateObject took: (0.002859s)
[2019.04.05-19.05.33:427][183]LogAIModule: Creating AISystem for world Overview
[2019.04.05-19.05.33:428][183]LogPlayLevel: PIE: World Init took: (0.001362s)
[2019.04.05-19.05.33:428][183]LogPlayLevel: PIE: Created PIE world by copying editor world from /Game/FantasticSkies/Maps/Overview.Overview to /Game/FantasticSkies/Maps/UEDPIE_0_Overview.Overview (0.004385s)
[2019.04.05-19.05.33:466][183]LogInit: XAudio2 using 'Speakers / Headphones (Realtek Audio)' : 2 channels at 48 kHz using 32 bits per sample (channel mask 0x3)
[2019.04.05-19.05.33:496][183]LogInit: FAudioDevice initialized.
[2019.04.05-19.05.33:508][183]LogSlate: Updating window title bar state: overlay mode, drag disabled, window buttons hidden, title bar hidden
[2019.04.05-19.05.33:608][183]LogLoad: Game class is 'ThirdPersonGameMode_C'
[2019.04.05-19.05.33:615][183]LogWorld: Bringing World /Game/FantasticSkies/Maps/UEDPIE_0_Overview.Overview up for play (max tick rate 60) at 2019.04.05-15.05.33
[2019.04.05-19.05.33:616][183]LogWorld: Bringing up level for play took: 0.001884
[2019.04.05-19.05.33:644][183]LogContentBrowser: Native class hierarchy updated for 'MovieSceneCapture' in 0.0004 seconds. Added 10 classes and 0 folders.
[2019.04.05-19.05.33:654][183]PIE: Play in editor start time for /Game/FantasticSkies/Maps/UEDPIE_0_Overview 0.583
[2019.04.05-19.05.33:694][183]LogRenderer: Reallocating scene render targets to support 1024x576 Format 10 NumSamples 1 (Frame:1).
[2019.04.05-19.05.49:170][108]LogSlate: Updating window title bar state: overlay mode, drag disabled, window buttons hidden, title bar hidden
[2019.04.05-19.05.49:191][108]LogSlate: Window 'MarshMellow Game Preview Standalone (64-bit/PCD3D_SM5)' being destroyed
[2019.04.05-19.05.49:230][108]LogPlayLevel: Display: Shutting down PIE online subsystems
[2019.04.05-19.05.49:286][109]LogPlayLevel: Display: Destroying online subsystem :Context_1
[2019.04.05-19.05.57:190][581]LogSlate: Took 0.001401 seconds to synchronously load lazily loaded font '../../../Engine/Content/Slate/Fonts/Roboto-Italic.ttf' (157K)
[2019.04.05-19.06.02:183][879]LogAIModule: Creating AISystem for world TestingPersistent
[2019.04.05-19.06.02:185][879]LogAssetEditorManager: Opening Asset editor for World /Game/TestingMaps/TestingPersistent.TestingPersistent
[2019.04.05-19.06.02:211][879]Cmd: MAP LOAD FILE="../../../../../../Users/jessie lichter/Documents/GitHub/GameDev2Project/MarshMellow/Content/TestingMaps/TestingPersistent.umap" TEMPLATE=0 SHOWPROGRESS=1 FEATURELEVEL=3
[2019.04.05-19.06.02:211][879]LightingResults: New page: Lighting Build
[2019.04.05-19.06.02:212][879]LoadErrors: New page: Loading map: TestingPersistent.umap
[2019.04.05-19.06.02:213][879]MapCheck: New page: Map Check
[2019.04.05-19.06.02:213][879]LightingResults: New page: Lighting Build
[2019.04.05-19.06.02:287][879]LogEditorServer: Finished looking for orphan Actors (0.000 secs)
[2019.04.05-19.06.02:343][879]Cmd: MAP CHECKDEP NOCLEARLOG
[2019.04.05-19.06.02:431][879]MapCheck: Map check complete: 0 Error(s), 0 Warning(s), took 88.28ms to complete.
[2019.04.05-19.06.02:433][879]LogFileHelpers: Loading map 'TestingPersistent' took 0.222
[2019.04.05-19.06.11:788][422]LogSlate: FSceneViewport::OnFocusLost() reason 0
[2019.04.05-19.07.05:847][123]LogTexture: Display: Building textures: T_Sky_05_01_Sunrise (RGBA16F, 8192X8192)
[2019.04.05-19.07.05:847][123]LogFileManager: Error: Error writing to file: C:/Users/jessie lichter/AppData/Local/UnrealEngine/Common/DerivedDataCache/8/9/3/temp.2D0DE0B64CAC858213C66DAEFC8F4ADD (There is not enough space on the disk.)
[2019.04.05-19.07.05:847][123]LogDerivedDataCache: Warning: FFileSystemDerivedDataBackend: Temp file is short C:/Users/jessie lichter/AppData/Local/UnrealEngine/Common/DerivedDataCache/8/9/3/temp.2D0DE0B64CAC858213C66DAEFC8F4ADD!
[2019.04.05-19.07.05:856][123]LogFileManager: Error: Error writing to file: C:/Users/jessie lichter/AppData/Local/UnrealEngine/Common/DerivedDataCache/8/9/3/temp.BBBF761843C322B38F828ABA1A6366E0 (There is not enough space on the disk.)
[2019.04.05-19.07.05:856][123]LogDerivedDataCache: Warning: FFileSystemDerivedDataBackend: Temp file is short C:/Users/jessie lichter/AppData/Local/UnrealEngine/Common/DerivedDataCache/8/9/3/temp.BBBF761843C322B38F828ABA1A6366E0!
[2019.04.05-19.07.05:933][123]LogDerivedDataCache: FDerivedDataBackendAsyncPutWrapper: Put failed, keeping in memory copy TEXTURE_68A083899C6F4316B8CE0E2958EDE2C2_RGBA16F_6FA101D345CDA339A44F39B250969__6E06EB3C300602653AA51E03958DB5029288E0FE.
[2019.04.05-19.07.07:023][123]LogAssetEditorManager: Opening Asset editor for Texture2D /Game/FantasticSkies/Textures/Sky_05/T_Sky_05_01_Sunrise.T_Sky_05_01_Sunrise
[2019.04.05-19.07.31:144][877]LogSlate: Window 'T_Sky_05_01_Sunrise' being destroyed
[2019.04.05-19.08.31:808][673]LogTexture: Display: Building textures: T_Sky_05_05_Sunset (RGBA16F, 8192X8192)
[2019.04.05-19.08.31:808][673]LogFileManager: Error: Error writing to file: C:/Users/jessie lichter/AppData/Local/UnrealEngine/Common/DerivedDataCache/2/0/1/temp.25A42A36448ABAF8383A178D5419135E (There is not enough space on the disk.)
[2019.04.05-19.08.31:808][673]LogDerivedDataCache: Warning: FFileSystemDerivedDataBackend: Temp file is short C:/Users/jessie lichter/AppData/Local/UnrealEngine/Common/DerivedDataCache/2/0/1/temp.25A42A36448ABAF8383A178D5419135E!
[2019.04.05-19.08.31:808][673]LogFileManager: Error: Error writing to file: C:/Users/jessie lichter/AppData/Local/UnrealEngine/Common/DerivedDataCache/2/0/1/temp.BFD7E16B45FD4ABCB7ADFE95E626B68F (There is not enough space on the disk.)
[2019.04.05-19.08.31:808][673]LogDerivedDataCache: Warning: FFileSystemDerivedDataBackend: Temp file is short C:/Users/jessie lichter/AppData/Local/UnrealEngine/Common/DerivedDataCache/2/0/1/temp.BFD7E16B45FD4ABCB7ADFE95E626B68F!
[2019.04.05-19.08.31:808][673]LogDerivedDataCache: FDerivedDataBackendAsyncPutWrapper: Put failed, keeping in memory copy TEXTURE_68A083899C6F4316B8CE0E2958EDE2C2_RGBA16F_9F24063943CFFD4CB670E1BDB128E__1EF6C582E6A988EE8AC9EF48242BFBB2148FF3C1.
[2019.04.05-19.08.31:808][673]LogFileManager: Error: Error writing to file: C:/Users/jessie lichter/AppData/Local/UnrealEngine/Common/DerivedDataCache/9/5/7/temp.B7103FFF4A0EFDCD078AFABE6C96EE14 (There is not enough space on the disk.)
[2019.04.05-19.08.31:809][673]LogDerivedDataCache: Warning: FFileSystemDerivedDataBackend: Temp file is short C:/Users/jessie lichter/AppData/Local/UnrealEngine/Common/DerivedDataCache/9/5/7/temp.B7103FFF4A0EFDCD078AFABE6C96EE14!
[2019.04.05-19.08.32:369][673]LogFileManager: Error: Error writing to file: C:/Users/jessie lichter/AppData/Local/UnrealEngine/Common/DerivedDataCache/9/5/7/temp.EE78874945B946D59288D9A3E87EAECE (There is not enough space on the disk.)
[2019.04.05-19.08.32:369][673]LogDerivedDataCache: Warning: FFileSystemDerivedDataBackend: Temp file is short C:/Users/jessie lichter/AppData/Local/UnrealEngine/Common/DerivedDataCache/9/5/7/temp.EE78874945B946D59288D9A3E87EAECE!
[2019.04.05-19.08.32:499][673]LogDerivedDataCache: FDerivedDataBackendAsyncPutWrapper: Put failed, keeping in memory copy TEXTURE_68A083899C6F4316B8CE0E2958EDE2C2_RGBA16F_9F24063943CFFD4CB670E1BDB128E__1FD233D7A3C49E53E93F848AC4E88D44A8C7398B.
[2019.04.05-19.08.33:848][673]LogEditorViewport: Clicking on Actor (context menu): BP_Sky_C (BP_Sky)
[2019.04.05-19.08.33:966][673]LogSlate: FSceneViewport::OnFocusLost() reason 2
[2019.04.05-19.10.36:952][176]LogSlate: FSceneViewport::OnFocusLost() reason 0
[2019.04.05-19.10.52:000][578]LogSlate: Window 'Save Content' being destroyed
[2019.04.05-19.10.52:256][578]LogSavePackage: Moving '../../../../../../Users/jessie lichter/Documents/GitHub/GameDev2Project/MarshMellow/Saved/TestingPersistent91CDF4C743E11C281EC9E9B9180D04A0.tmp' to '../../../../../../Users/jessie lichter/Documents/GitHub/GameDev2Project/MarshMellow/Content/TestingMaps/TestingPersistent.umap'
[2019.04.05-19.10.52:300][578]LogFileHelpers: Saving map 'TestingPersistent' took 0.252
[2019.04.05-19.10.52:353][578]LogSlate: Window 'MarshMellow - Unreal Editor' being destroyed
[2019.04.05-19.10.52:491][579]Cmd: QUIT_EDITOR
[2019.04.05-19.10.52:979][579]LogWindowsTextInputMethodSystem: Display: IME system now deactivated.
[2019.04.05-19.10.53:033][579]LogExit: Preparing to exit.
[2019.04.05-19.10.53:481][579]LogExit: Editor shut down
[2019.04.05-19.10.53:481][579]LogExit: Transaction tracking system shut down
[2019.04.05-19.10.54:193][579]LogExit: Object subsystem successfully closed.
[2019.04.05-19.10.54:229][579]LogShaderCompilers: Display: Shaders left to compile 0
[2019.04.05-19.10.54:235][579]LogD3D11RHI: Shutdown
[2019.04.05-19.10.54:235][579]LogD3D11RHI: CleanupD3DDevice
[2019.04.05-19.10.54:240][579]LogD3D11RHI: ~FD3D11DynamicRHI
[2019.04.05-19.10.54:308][579]LogModuleManager: Shutting down and abandoning module MovieSceneCapture (620)
[2019.04.05-19.10.54:308][579]LogModuleManager: Shutting down and abandoning module Voice (618)
[2019.04.05-19.10.54:308][579]LogModuleManager: Shutting down and abandoning module MeshBuilder (616)
[2019.04.05-19.10.54:308][579]LogModuleManager: Shutting down and abandoning module TextureEditor (614)
[2019.04.05-19.10.54:309][579]LogModuleManager: Shutting down and abandoning module HierarchicalLODOutliner (612)
[2019.04.05-19.10.54:309][579]LogModuleManager: Shutting down and abandoning module SceneOutliner (610)
[2019.04.05-19.10.54:309][579]LogModuleManager: Shutting down and abandoning module WorldBrowser (608)
[2019.04.05-19.10.54:309][579]LogModuleManager: Shutting down and abandoning module AddContentDialog (606)
[2019.04.05-19.10.54:310][579]LogModuleManager: Shutting down and abandoning module WidgetCarousel (605)
[2019.04.05-19.10.54:310][579]LogModuleManager: Shutting down and abandoning module EditorWidgets (602)
[2019.04.05-19.10.54:310][579]LogModuleManager: Shutting down and abandoning module CollectionManager (600)
[2019.04.05-19.10.54:311][579]LogModuleManager: Shutting down and abandoning module StatsViewer (598)
[2019.04.05-19.10.54:311][579]LogModuleManager: Shutting down and abandoning module FoliageEdit (596)
[2019.04.05-19.10.54:312][579]LogModuleManager: Shutting down and abandoning module LandscapeEditor (594)
[2019.04.05-19.10.54:313][579]LogModuleManager: Shutting down and abandoning module MeshPaintMode (592)
[2019.04.05-19.10.54:313][579]LogModuleManager: Shutting down and abandoning module SceneDepthPickerMode (590)
[2019.04.05-19.10.54:313][579]LogModuleManager: Shutting down and abandoning module ActorPickerMode (588)
[2019.04.05-19.10.54:313][579]LogModuleManager: Shutting down and abandoning module GeometryMode (586)
[2019.04.05-19.10.54:313][579]LogModuleManager: Shutting down and abandoning module TextureAlignMode (584)
[2019.04.05-19.10.54:313][579]LogModuleManager: Shutting down and abandoning module BspMode (582)
[2019.04.05-19.10.54:313][579]LogModuleManager: Shutting down and abandoning module PIEPreviewDeviceProfileSelector (580)
[2019.04.05-19.10.54:313][579]LogModuleManager: Shutting down and abandoning module SequenceRecorderSections (578)
[2019.04.05-19.10.54:313][579]LogModuleManager: Shutting down and abandoning module AutomationWorker (576)
[2019.04.05-19.10.54:313][579]LogModuleManager: Shutting down and abandoning module AudioCaptureEditor (574)
[2019.04.05-19.10.54:313][579]LogModuleManager: Shutting down and abandoning module SequenceRecorder (573)
[2019.04.05-19.10.54:314][579]LogModuleManager: Shutting down and abandoning module MatineeToLevelSequence (570)
[2019.04.05-19.10.54:314][579]LogModuleManager: Shutting down and abandoning module LevelSequenceEditor (568)
[2019.04.05-19.10.54:315][579]LogModuleManager: Shutting down and abandoning module PlacementMode (567)
[2019.04.05-19.10.54:315][579]LogModuleManager: Shutting down and abandoning module MaterialEditor (566)
[2019.04.05-19.10.54:316][579]LogModuleManager: Shutting down and abandoning module WmfMediaFactory (562)
[2019.04.05-19.10.54:316][579]LogModuleManager: Shutting down and abandoning module WmfMediaEditor (560)
[2019.04.05-19.10.54:316][579]LogModuleManager: Shutting down and abandoning module MediaPlayerEditor (558)
[2019.04.05-19.10.54:317][579]LogModuleManager: Shutting down and abandoning module OpenExrWrapper (556)
[2019.04.05-19.10.54:317][579]LogModuleManager: Shutting down and abandoning module ImgMediaFactory (554)
[2019.04.05-19.10.54:317][579]LogModuleManager: Shutting down and abandoning module ImgMediaEditor (552)
[2019.04.05-19.10.54:317][579]LogModuleManager: Shutting down and abandoning module AvfMediaFactory (550)
[2019.04.05-19.10.54:317][579]LogModuleManager: Shutting down and abandoning module AvfMediaEditor (548)
[2019.04.05-19.10.54:317][579]LogModuleManager: Shutting down and abandoning module AndroidMediaFactory (546)
[2019.04.05-19.10.54:317][579]LogModuleManager: Shutting down and abandoning module AndroidMediaEditor (544)
[2019.04.05-19.10.54:317][579]LogModuleManager: Shutting down and abandoning module MagicLeapCameraPreviewFactory (542)
[2019.04.05-19.10.54:317][579]LogModuleManager: Shutting down and abandoning module MagicLeapMediaFactory (540)
[2019.04.05-19.10.54:317][579]LogModuleManager: Shutting down and abandoning module MagicLeapMediaEditor (538)
[2019.04.05-19.10.54:317][579]LogModuleManager: Shutting down and abandoning module CharacterAI (536)
[2019.04.05-19.10.54:317][579]LogModuleManager: Shutting down and abandoning module SmartSnapping (534)
[2019.04.05-19.10.54:317][579]LogModuleManager: Shutting down and abandoning module SessionServices (532)
[2019.04.05-19.10.54:317][579]LogModuleManager: Shutting down and abandoning module ViewportSnapping (530)
[2019.04.05-19.10.54:317][579]LogModuleManager: Shutting down and abandoning module ViewportInteraction (528)
[2019.04.05-19.10.54:317][579]LogModuleManager: Shutting down and abandoning module ClothPainter (526)
[2019.04.05-19.10.54:318][579]LogModuleManager: Shutting down and abandoning module SkeletalMeshEditor (525)
[2019.04.05-19.10.54:319][579]LogModuleManager: Shutting down and abandoning module LogVisualizer (522)
[2019.04.05-19.10.54:320][579]LogModuleManager: Shutting down and abandoning module IntroTutorials (520)
[2019.04.05-19.10.54:321][579]LogModuleManager: Shutting down and abandoning module GameProjectGeneration (519)
[2019.04.05-19.10.54:321][579]LogModuleManager: Shutting down and abandoning module LuminPlatformEditor (516)
[2019.04.05-19.10.54:321][579]LogModuleManager: Shutting down and abandoning module IOSPlatformEditor (514)
[2019.04.05-19.10.54:321][579]LogModuleManager: Shutting down and abandoning module HTML5PlatformEditor (512)
[2019.04.05-19.10.54:321][579]LogModuleManager: Shutting down and abandoning module AndroidPlatformEditor (510)
[2019.04.05-19.10.54:321][579]LogModuleManager: Shutting down and abandoning module AndroidDeviceDetection (509)
[2019.04.05-19.10.56:038][579]LogModuleManager: Shutting down and abandoning module WindowsPlatformEditor (506)
[2019.04.05-19.10.56:038][579]LogModuleManager: Shutting down and abandoning module LuminRuntimeSettings (504)
[2019.04.05-19.10.56:038][579]LogModuleManager: Shutting down and abandoning module IOSRuntimeSettings (502)
[2019.04.05-19.10.56:038][579]LogModuleManager: Shutting down and abandoning module AndroidRuntimeSettings (500)
[2019.04.05-19.10.56:038][579]LogModuleManager: Shutting down and abandoning module InputBindingEditor (498)
[2019.04.05-19.10.56:039][579]LogModuleManager: Shutting down and abandoning module MergeActors (496)
[2019.04.05-19.10.56:039][579]LogModuleManager: Shutting down and abandoning module LocalizationDashboard (494)
[2019.04.05-19.10.56:040][579]LogModuleManager: Shutting down and abandoning module LocalizationService (493)
[2019.04.05-19.10.56:040][579]LogModuleManager: Shutting down and abandoning module HardwareTargeting (490)
[2019.04.05-19.10.56:040][579]LogModuleManager: Shutting down and abandoning module DeviceProfileEditor (488)
[2019.04.05-19.10.56:040][579]LogModuleManager: Shutting down and abandoning module UndoHistory (486)
[2019.04.05-19.10.56:040][579]LogModuleManager: Shutting down and abandoning module XmlParser (484)
[2019.04.05-19.10.56:040][579]LogModuleManager: Shutting down and abandoning module Blutility (482)
[2019.04.05-19.10.56:041][579]LogModuleManager: Shutting down and abandoning module ProjectSettingsViewer (480)
[2019.04.05-19.10.56:041][579]LogModuleManager: Shutting down and abandoning module ProjectTargetPlatformEditor (479)
[2019.04.05-19.10.56:041][579]LogModuleManager: Shutting down and abandoning module EditorSettingsViewer (476)
[2019.04.05-19.10.56:041][579]LogModuleManager: Shutting down and abandoning module SettingsEditor (474)
[2019.04.05-19.10.56:041][579]LogModuleManager: Shutting down and abandoning module ProjectLauncher (472)
[2019.04.05-19.10.56:042][579]LogModuleManager: Shutting down and abandoning module SessionFrontend (470)
[2019.04.05-19.10.56:042][579]LogModuleManager: Shutting down and abandoning module ProfilerClient (468)
[2019.04.05-19.10.56:042][579]LogModuleManager: Shutting down and abandoning module DeviceManager (466)
[2019.04.05-19.10.56:042][579]LogModuleManager: Shutting down and abandoning module TargetDeviceServices (465)
[2019.04.05-19.10.56:098][579]LogModuleManager: Shutting down and abandoning module AutomationController (462)
[2019.04.05-19.10.56:098][579]LogModuleManager: Shutting down and abandoning module AutomationWindow (460)
[2019.04.05-19.10.56:099][579]LogModuleManager: Shutting down and abandoning module Layers (458)
[2019.04.05-19.10.56:101][579]LogModuleManager: Shutting down and abandoning module ComponentVisualizers (456)
[2019.04.05-19.10.56:101][579]LogModuleManager: Shutting down and abandoning module DetailCustomizations (454)
[2019.04.05-19.10.56:101][579]LogModuleManager: Shutting down and abandoning module PackagesDialog (452)
[2019.04.05-19.10.56:101][579]LogModuleManager: Shutting down and abandoning module Persona (450)
[2019.04.05-19.10.56:102][579]LogModuleManager: Shutting down and abandoning module AdvancedPreviewScene (449)
[2019.04.05-19.10.56:102][579]LogModuleManager: Shutting down and abandoning module AnimGraph (447)
[2019.04.05-19.10.56:102][579]LogModuleManager: Shutting down and abandoning module Kismet (444)
[2019.04.05-19.10.56:104][579]LogModuleManager: Shutting down and abandoning module GraphEditor (442)
[2019.04.05-19.10.56:105][579]LogModuleManager: Shutting down and abandoning module ClassViewer (440)
[2019.04.05-19.10.56:105][579]LogModuleManager: Shutting down and abandoning module Toolbox (438)
[2019.04.05-19.10.56:105][579]LogModuleManager: Shutting down and abandoning module ModuleUI (436)
[2019.04.05-19.10.56:105][579]LogModuleManager: Shutting down and abandoning module MovieSceneTools (434)
[2019.04.05-19.10.56:106][579]LogModuleManager: Shutting down and abandoning module OutputLog (432)
[2019.04.05-19.10.56:106][579]LogModuleManager: Shutting down and abandoning module GammaUI (430)
[2019.04.05-19.10.56:106][579]LogModuleManager: Shutting down and abandoning module Documentation (428)
[2019.04.05-19.10.56:106][579]LogModuleManager: Shutting down and abandoning module MovieSceneTracks (426)
[2019.04.05-19.10.56:106][579]LogModuleManager: Shutting down and abandoning module MovieScene (424)
[2019.04.05-19.10.56:106][579]LogModuleManager: Shutting down and abandoning module StreamingPauseRendering (422)
[2019.04.05-19.10.56:107][579]LogModuleManager: Shutting down and abandoning module LauncherPlatform (420)
[2019.04.05-19.10.56:107][579]LogModuleManager: Shutting down and abandoning module AnalyticsET (418)
[2019.04.05-19.10.56:107][579]LogModuleManager: Shutting down and abandoning module PortalServices (416)
[2019.04.05-19.10.56:107][579]LogModuleManager: Shutting down and abandoning module PortalRpc (414)
[2019.04.05-19.10.56:107][579]LogModuleManager: Shutting down and abandoning module MessagingRpc (412)
[2019.04.05-19.10.56:107][579]LogModuleManager: Shutting down and abandoning module AIModule (410)
[2019.04.05-19.10.56:107][579]LogModuleManager: Shutting down and abandoning module GameplayDebugger (409)
[2019.04.05-19.10.56:107][579]LogModuleManager: Shutting down and abandoning module AITestSuite (407)
[2019.04.05-19.10.56:108][579]LogModuleManager: Shutting down and abandoning module NavigationSystem (405)
[2019.04.05-19.10.56:108][579]LogModuleManager: Shutting down and abandoning module DesktopPlatform (402)
[2019.04.05-19.10.56:108][579]LogModuleManager: Shutting down and abandoning module ProfilerService (400)
[2019.04.05-19.10.56:294][579]LogModuleManager: Shutting down and abandoning module TaskGraph (398)
[2019.04.05-19.10.56:295][579]LogModuleManager: Shutting down and abandoning module SteamVRController (396)
[2019.04.05-19.10.56:295][579]LogModuleManager: Shutting down and abandoning module ProceduralMeshComponentEditor (394)
[2019.04.05-19.10.56:295][579]LogModuleManager: Shutting down and abandoning module ProceduralMeshComponent (392)
[2019.04.05-19.10.56:295][579]LogModuleManager: Shutting down and abandoning module OculusInput (390)
[2019.04.05-19.10.56:295][579]LogModuleManager: Shutting down and abandoning module MobilePatchingUtils (388)
[2019.04.05-19.10.56:295][579]LogModuleManager: Shutting down and abandoning module EditableMesh (386)
[2019.04.05-19.10.56:296][579]LogModuleManager: Shutting down and abandoning module CustomMeshComponent (384)
[2019.04.05-19.10.56:296][579]LogModuleManager: Shutting down and abandoning module CableComponent (382)
[2019.04.05-19.10.56:296][579]LogModuleManager: Shutting down and abandoning module AudioCapture (380)
[2019.04.05-19.10.56:296][579]LogModuleManager: Shutting down and abandoning module ArchVisCharacter (378)
[2019.04.05-19.10.56:296][579]LogModuleManager: Shutting down and abandoning module AndroidPermission (376)
[2019.04.05-19.10.56:296][579]LogModuleManager: Shutting down and abandoning module NUTUnrealEngine4 (374)
[2019.04.05-19.10.56:296][579]LogModuleManager: Shutting down and abandoning module NetcodeUnitTest (372)
[2019.04.05-19.10.56:297][579]LogModuleManager: Shutting down and abandoning module MediaCompositingEditor (370)
[2019.04.05-19.10.56:297][579]LogModuleManager: Shutting down and abandoning module MediaCompositing (368)
[2019.04.05-19.10.56:297][579]LogModuleManager: Shutting down and abandoning module LinearTimecode (366)
[2019.04.05-19.10.56:297][579]LogModuleManager: Shutting down and abandoning module ImgMedia (364)
[2019.04.05-19.10.56:301][579]LogModuleManager: Shutting down and abandoning module HTML5Networking (362)
[2019.04.05-19.10.56:301][579]LogModuleManager: Shutting down and abandoning module GeometryCacheTracks (360)
[2019.04.05-19.10.56:301][579]LogModuleManager: Shutting down and abandoning module GeometryCacheSequencer (358)
[2019.04.05-19.10.56:301][579]LogModuleManager: Shutting down and abandoning module BackChannel (356)
[2019.04.05-19.10.56:302][579]LogModuleManager: Shutting down and abandoning module AppleVision (354)
[2019.04.05-19.10.56:302][579]LogModuleManager: Shutting down and abandoning module AppleImageUtils (352)
[2019.04.05-19.10.56:302][579]LogModuleManager: Shutting down and abandoning module AlembicImporter (350)
[2019.04.05-19.10.56:302][579]LogModuleManager: Shutting down and abandoning module AlembicLibrary (349)
[2019.04.05-19.10.56:302][579]LogModuleManager: Shutting down and abandoning module GeometryCache (348)
[2019.04.05-19.10.56:302][579]LogModuleManager: Shutting down and abandoning module GeometryCacheEd (347)
[2019.04.05-19.10.56:302][579]LogModuleManager: Shutting down and abandoning module DatasmithContentEditor (342)
[2019.04.05-19.10.56:302][579]LogModuleManager: Shutting down and abandoning module DatasmithContent (340)
[2019.04.05-19.10.56:303][579]LogModuleManager: Shutting down and abandoning module SpeedTreeImporter (338)
[2019.04.05-19.10.56:303][579]LogModuleManager: Shutting down and abandoning module PluginBrowser (336)
[2019.04.05-19.10.56:304][579]LogModuleManager: Shutting down and abandoning module MobileLauncherProfileWizard (334)
[2019.04.05-19.10.56:304][579]LogModuleManager: Shutting down and abandoning module PolygonModeling (332)
[2019.04.05-19.10.56:304][579]LogModuleManager: Shutting down and abandoning module MeshEditor (330)
[2019.04.05-19.10.56:305][579]LogModuleManager: Shutting down and abandoning module CryptoKeysOpenSSL (328)
[2019.04.05-19.10.56:305][579]LogModuleManager: Shutting down and abandoning module CryptoKeys (326)
[2019.04.05-19.10.56:305][579]LogModuleManager: Shutting down and abandoning module VisualStudioSourceCodeAccess (324)
[2019.04.05-19.10.56:305][579]LogModuleManager: Shutting down and abandoning module VisualStudioCodeSourceCodeAccess (322)
[2019.04.05-19.10.56:305][579]LogModuleManager: Shutting down and abandoning module UObjectPlugin (320)
[2019.04.05-19.10.56:305][579]LogModuleManager: Shutting down and abandoning module SubversionSourceControl (318)
[2019.04.05-19.10.56:306][579]LogModuleManager: Shutting down and abandoning module PerforceSourceControl (316)
[2019.04.05-19.10.56:307][579]LogModuleManager: Shutting down and abandoning module GitSourceControl (314)
[2019.04.05-19.10.56:307][579]LogModuleManager: Shutting down and abandoning module SourceControl (313)
[2019.04.05-19.10.56:308][579]LogModuleManager: Shutting down and abandoning module CLionSourceCodeAccess (310)
[2019.04.05-19.10.56:308][579]LogModuleManager: Shutting down and abandoning module LightPropagationVolumeEditor (308)
[2019.04.05-19.10.56:308][579]LogModuleManager: Shutting down and abandoning module PaperTiledImporter (306)
[2019.04.05-19.10.56:308][579]LogModuleManager: Shutting down and abandoning module PaperSpriteSheetImporter (304)
[2019.04.05-19.10.56:308][579]LogModuleManager: Shutting down and abandoning module Paper2DEditor (302)
[2019.04.05-19.10.56:308][579]LogModuleManager: Shutting down and abandoning module MeshPaint (301)
[2019.04.05-19.10.56:309][579]LogModuleManager: Shutting down and abandoning module RuntimePhysXCooking (298)
[2019.04.05-19.10.56:309][579]LogModuleManager: Shutting down and abandoning module PhysXVehiclesEditor (296)
[2019.04.05-19.10.56:309][579]LogModuleManager: Shutting down and abandoning module PhysXVehicles (294)
[2019.04.05-19.10.56:309][579]LogModuleManager: Shutting down and abandoning module OculusEditor (292)
[2019.04.05-19.10.56:309][579]LogModuleManager: Shutting down and abandoning module LocationServicesBPLibrary (290)
[2019.04.05-19.10.56:309][579]LogModuleManager: Shutting down and abandoning module ImmediatePhysicsEditor (288)
[2019.04.05-19.10.56:309][579]LogModuleManager: Shutting down and abandoning module ImmediatePhysics (286)
[2019.04.05-19.10.56:309][579]LogModuleManager: Shutting down and abandoning module ActorSequence (284)
[2019.04.05-19.10.56:309][579]LogModuleManager: Shutting down and abandoning module UdpMessaging (282)
[2019.04.05-19.10.56:411][579]LogModuleManager: Shutting down and abandoning module TcpMessaging (280)
[2019.04.05-19.10.56:512][579]LogModuleManager: Shutting down and abandoning module MagicLeapAudio (278)
[2019.04.05-19.10.56:512][579]LogModuleManager: Shutting down and abandoning module GameplayTagsEditor (276)
[2019.04.05-19.10.56:512][579]LogModuleManager: Shutting down and abandoning module FacialAnimationEditor (274)
[2019.04.05-19.10.56:512][579]LogModuleManager: Shutting down and abandoning module FacialAnimation (272)
[2019.04.05-19.10.56:512][579]LogModuleManager: Shutting down and abandoning module DataValidation (270)
[2019.04.05-19.10.56:512][579]LogModuleManager: Shutting down and abandoning module AssetManagerEditor (268)
[2019.04.05-19.10.56:513][579]LogModuleManager: Shutting down and abandoning module LevelEditor (267)
[2019.04.05-19.10.56:514][579]LogModuleManager: Shutting down and abandoning module PixelInspectorModule (266)
[2019.04.05-19.10.56:514][579]LogModuleManager: Shutting down and abandoning module CommonMenuExtensions (264)
[2019.04.05-19.10.56:514][579]LogModuleManager: Shutting down and abandoning module MainFrame (262)
[2019.04.05-19.10.56:515][579]LogModuleManager: Shutting down and abandoning module HotReload (261)
[2019.04.05-19.10.56:516][579]LogModuleManager: Shutting down and abandoning module ContentBrowser (257)
[2019.04.05-19.10.56:517][579]LogModuleManager: Shutting down and abandoning module TreeMap (255)
[2019.04.05-19.10.56:517][579]LogModuleManager: Shutting down and abandoning module LightPropagationVolumeRuntime (252)
[2019.04.05-19.10.56:517][579]LogModuleManager: Shutting down and abandoning module AISupportModule (250)
[2019.04.05-19.10.56:517][579]LogModuleManager: Shutting down and abandoning module Paper2D (248)
[2019.04.05-19.10.56:517][579]LogModuleManager: Shutting down and abandoning module WindowsMoviePlayer (246)
[2019.04.05-19.10.56:517][579]LogModuleManager: Shutting down and abandoning module WmfMedia (244)
[2019.04.05-19.10.56:519][579]LogModuleManager: Shutting down and abandoning module Media (243)
[2019.04.05-19.10.56:525][579]LogModuleManager: Shutting down and abandoning module PacketHandler (240)
[2019.04.05-19.10.56:527][579]LogModuleManager: Shutting down and abandoning module ClothingSystemEditor (238)
[2019.04.05-19.10.56:527][579]LogModuleManager: Shutting down and abandoning module ClothingSystemRuntime (236)
[2019.04.05-19.10.56:527][579]LogModuleManager: Shutting down and abandoning module MediaAssets (234)
[2019.04.05-19.10.56:527][579]LogModuleManager: Shutting down and abandoning module Overlay (232)
[2019.04.05-19.10.56:527][579]LogModuleManager: Shutting down and abandoning module OverlayEditor (231)
[2019.04.05-19.10.56:527][579]LogModuleManager: Shutting down and abandoning module VREditor (228)
[2019.04.05-19.10.56:527][579]LogModuleManager: Shutting down and abandoning module StringTableEditor (226)
[2019.04.05-19.10.56:527][579]LogModuleManager: Shutting down and abandoning module GameplayTasksEditor (224)
[2019.04.05-19.10.56:527][579]LogModuleManager: Shutting down and abandoning module BehaviorTreeEditor (222)
[2019.04.05-19.10.56:528][579]LogModuleManager: Shutting down and abandoning module FunctionalTesting (220)
[2019.04.05-19.10.56:529][579]LogModuleManager: Shutting down and abandoning module CollisionAnalyzer (218)
[2019.04.05-19.10.56:530][579]LogModuleManager: Shutting down and abandoning module WorkspaceMenuStructure (217)
[2019.04.05-19.10.56:530][579]LogModuleManager: Shutting down and abandoning module UMG (214)
[2019.04.05-19.10.56:530][579]LogModuleManager: Shutting down and abandoning module UMGEditor (213)
[2019.04.05-19.10.56:531][579]LogModuleManager: Shutting down and abandoning module Sequencer (212)
[2019.04.05-19.10.56:532][579]LogModuleManager: Shutting down and abandoning module MessageLog (209)
[2019.04.05-19.10.56:532][579]LogModuleManager: Shutting down and abandoning module SlateReflector (204)
[2019.04.05-19.10.56:533][579]LogModuleManager: Shutting down and abandoning module Slate (202)
[2019.04.05-19.10.56:533][579]LogModuleManager: Shutting down and abandoning module EditorStyle (200)
[2019.04.05-19.10.56:535][579]LogModuleManager: Shutting down and abandoning module MRMesh (198)
[2019.04.05-19.10.56:535][579]LogModuleManager: Shutting down and abandoning module SourceCodeAccess (196)
[2019.04.05-19.10.56:535][579]LogModuleManager: Shutting down and abandoning module HeadMountedDisplay (194)
[2019.04.05-19.10.56:535][579]LogModuleManager: Shutting down and abandoning module XAudio2 (192)
[2019.04.05-19.10.56:535][579]LogModuleManager: Shutting down and abandoning module Networking (190)
[2019.04.05-19.10.56:535][579]LogModuleManager: Shutting down and abandoning module Core (188)
[2019.04.05-19.10.56:535][579]LogModuleManager: Shutting down and abandoning module LevelSequence (186)
[2019.04.05-19.10.56:535][579]LogModuleManager: Shutting down and abandoning module KismetCompiler (184)
[2019.04.05-19.10.56:535][579]LogModuleManager: Shutting down and abandoning module MeshUtilities (182)
[2019.04.05-19.10.56:535][579]LogModuleManager: Shutting down and abandoning module MeshMergeUtilities (181)
[2019.04.05-19.10.56:536][579]LogModuleManager: Shutting down and abandoning module MeshReductionInterface (180)
[2019.04.05-19.10.56:536][579]LogModuleManager: Shutting down and abandoning module SimplygonSwarm (179)
[2019.04.05-19.10.56:536][579]LogModuleManager: Shutting down and abandoning module ProxyLODMeshReduction (177)
[2019.04.05-19.10.56:537][579]LogModuleManager: Shutting down and abandoning module SimplygonMeshReduction (175)
[2019.04.05-19.10.56:537][579]LogModuleManager: Shutting down and abandoning module QuadricMeshReduction (173)
[2019.04.05-19.10.56:537][579]LogModuleManager: Shutting down and abandoning module MaterialBaking (169)
[2019.04.05-19.10.56:537][579]LogModuleManager: Shutting down and abandoning module DirectoryWatcher (165)
[2019.04.05-19.10.56:537][579]LogModuleManager: Shutting down and abandoning module DerivedDataCache (162)
[2019.04.05-19.10.56:561][579]LogDerivedDataCache: Shutdown
[2019.04.05-19.10.56:561][579]LogModuleManager: Shutting down and abandoning module XGEController (160)
[2019.04.05-19.10.56:562][579]LogModuleManager: Shutting down and abandoning module TargetPlatform (158)
[2019.04.05-19.10.56:562][579]LogModuleManager: Shutting down and abandoning module VulkanShaderFormat (157)
[2019.04.05-19.10.56:562][579]LogModuleManager: Shutting down and abandoning module ShaderFormatVectorVM (155)
[2019.04.05-19.10.56:562][579]LogModuleManager: Shutting down and abandoning module ShaderFormatOpenGL (153)
[2019.04.05-19.10.56:563][579]LogModuleManager: Shutting down and abandoning module ShaderFormatD3D (151)
[2019.04.05-19.10.56:563][579]LogModuleManager: Shutting down and abandoning module MetalShaderFormat (149)
[2019.04.05-19.10.56:563][579]LogModuleManager: Shutting down and abandoning module TextureFormatUncompressed (147)
[2019.04.05-19.10.56:563][579]LogModuleManager: Shutting down and abandoning module TextureFormatPVR (145)
[2019.04.05-19.10.56:563][579]LogModuleManager: Shutting down and abandoning module TextureFormatDXT (143)
[2019.04.05-19.10.56:563][579]LogModuleManager: Shutting down and abandoning module TextureFormatIntelISPCTexComp (141)
[2019.04.05-19.10.56:563][579]LogModuleManager: Shutting down and abandoning module TextureFormatASTC (139)
[2019.04.05-19.10.56:564][579]LogModuleManager: Shutting down and abandoning module ImageWrapper (138)
[2019.04.05-19.10.56:564][579]LogModuleManager: Shutting down and abandoning module TextureFormatAndroid (135)
[2019.04.05-19.10.56:564][579]LogModuleManager: Shutting down and abandoning module AudioFormatOpus (133)
[2019.04.05-19.10.56:564][579]LogModuleManager: Shutting down and abandoning module AudioFormatOgg (131)
[2019.04.05-19.10.56:564][579]LogModuleManager: Shutting down and abandoning module AudioFormatADPCM (129)
[2019.04.05-19.10.56:564][579]LogModuleManager: Shutting down and abandoning module LuminTargetPlatform (127)
[2019.04.05-19.10.56:564][579]LogModuleManager: Shutting down and abandoning module LinuxTargetPlatform (125)
[2019.04.05-19.10.56:564][579]LogModuleManager: Shutting down and abandoning module LinuxServerTargetPlatform (123)
[2019.04.05-19.10.56:564][579]LogModuleManager: Shutting down and abandoning module LinuxNoEditorTargetPlatform (121)
[2019.04.05-19.10.56:564][579]LogModuleManager: Shutting down and abandoning module LinuxClientTargetPlatform (119)
[2019.04.05-19.10.56:564][579]LogModuleManager: Shutting down and abandoning module TVOSTargetPlatform (117)
[2019.04.05-19.10.56:565][579]LogModuleManager: Shutting down and abandoning module Messaging (115)
[2019.04.05-19.10.56:565][579]LogModuleManager: Shutting down and abandoning module IOSTargetPlatform (113)
[2019.04.05-19.10.56:566][579]LogModuleManager: Shutting down and abandoning module HTML5TargetPlatform (111)
[2019.04.05-19.10.56:566][579]LogModuleManager: Shutting down and abandoning module AndroidTargetPlatform (109)
[2019.04.05-19.10.56:573][579]LogModuleManager: Shutting down and abandoning module WindowsTargetPlatform (107)
[2019.04.05-19.10.56:573][579]LogModuleManager: Shutting down and abandoning module WindowsServerTargetPlatform (105)
[2019.04.05-19.10.56:573][579]LogModuleManager: Shutting down and abandoning module WindowsNoEditorTargetPlatform (103)
[2019.04.05-19.10.56:573][579]LogModuleManager: Shutting down and abandoning module WindowsClientTargetPlatform (101)
[2019.04.05-19.10.56:573][579]LogModuleManager: Shutting down and abandoning module MacTargetPlatform (99)
[2019.04.05-19.10.56:573][579]LogModuleManager: Shutting down and abandoning module MacServerTargetPlatform (97)
[2019.04.05-19.10.56:573][579]LogModuleManager: Shutting down and abandoning module MacNoEditorTargetPlatform (95)
[2019.04.05-19.10.56:573][579]LogModuleManager: Shutting down and abandoning module MacClientTargetPlatform (93)
[2019.04.05-19.10.56:573][579]LogModuleManager: Shutting down and abandoning module AllDesktopTargetPlatform (91)
[2019.04.05-19.10.56:573][579]LogModuleManager: Shutting down and abandoning module InputCore (88)
[2019.04.05-19.10.56:573][579]LogModuleManager: Shutting down and abandoning module Settings (86)
[2019.04.05-19.10.56:573][579]LogModuleManager: Shutting down and abandoning module PhysXCooking (84)
[2019.04.05-19.10.56:573][579]LogModuleManager: Shutting down and abandoning module SteamVR (82)
[2019.04.05-19.10.56:573][579]LogModuleManager: Shutting down and abandoning module OculusHMD (80)
[2019.04.05-19.10.56:574][579]LogModuleManager: Shutting down and abandoning module ExampleDeviceProfileSelector (78)
[2019.04.05-19.10.56:574][579]LogModuleManager: Shutting down and abandoning module LauncherChunkInstaller (76)
[2019.04.05-19.10.56:574][579]LogModuleManager: Shutting down and abandoning module OnlineBlueprintSupport (74)
[2019.04.05-19.10.56:574][579]LogModuleManager: Shutting down and abandoning module OnlineSubsystem (70)
[2019.04.05-19.10.56:575][579]LogModuleManager: Shutting down and abandoning module XMPP (65)
[2019.04.05-19.10.56:576][579]LogModuleManager: Shutting down and abandoning module WebSockets (64)
[2019.04.05-19.10.56:606][579]LogModuleManager: Shutting down and abandoning module HTTP (61)
[2019.04.05-19.10.56:606][579]LogHttp: Display: Http module shutting down, but needs to wait on 1 outstanding Http requests:
[2019.04.05-19.10.56:606][579]LogHttp: Display: 	verb=[POST] url=[https://datarouter.ol.epicgames.com/datarouter/api/v1/public/data?SessionID=%7BDF446F87-49E9-2F2C-7699-17B7B99F0072%7D&AppID=UEEditor.Rocket.Release&AppVersion=4.20.3-4369336%2B%2B%2BUE4%2BRelease-4.20&UserID=52c8d69c47c3b558f96bdeaad69b44a8%7C1e4490187f7d4590821fe5ea33366920%7Ca0ac2db9-04c3-40ba-9c12-a7ac0bed75b1&AppEnvironment=datacollector-binary&UploadType=eteventstream] status=Processing
[2019.04.05-19.10.56:612][579]LogModuleManager: Shutting down and abandoning module SSL (60)
[2019.04.05-19.10.56:613][579]LogModuleManager: Shutting down and abandoning module MagicLeapEmulator (56)
[2019.04.05-19.10.56:613][579]LogModuleManager: Shutting down and abandoning module MagicLeapPrivileges (54)
[2019.04.05-19.10.56:613][579]LogModuleManager: Shutting down and abandoning module MagicLeapIdentity (52)
[2019.04.05-19.10.56:613][579]LogModuleManager: Shutting down and abandoning module MagicLeapHelperVulkan (50)
[2019.04.05-19.10.56:613][579]LogModuleManager: Shutting down and abandoning module MagicLeapHelperOpenGL (48)
[2019.04.05-19.10.56:613][579]LogModuleManager: Shutting down and abandoning module MagicLeapSecureStorage (46)
[2019.04.05-19.10.56:613][579]LogModuleManager: Shutting down and abandoning module MagicLeapGestures (44)
[2019.04.05-19.10.56:613][579]LogModuleManager: Shutting down and abandoning module MagicLeapEyeTracker (42)
[2019.04.05-19.10.56:614][579]LogModuleManager: Shutting down and abandoning module MagicLeapController (40)
[2019.04.05-19.10.56:614][579]LogSlate: Slate User Destroyed.  User Index 0, Is Virtual User: 0
[2019.04.05-19.10.56:614][579]LogModuleManager: Shutting down and abandoning module MagicLeap (38)
[2019.04.05-19.10.56:614][579]LogModuleManager: Shutting down and abandoning module AnimationModifiers (36)
[2019.04.05-19.10.56:615][579]LogModuleManager: Shutting down and abandoning module PropertyEditor (35)
[2019.04.05-19.10.56:615][579]LogModuleManager: Shutting down and abandoning module AudioEditor (32)
[2019.04.05-19.10.56:616][579]LogModuleManager: Shutting down and abandoning module TextureCompressor (30)
[2019.04.05-19.10.56:616][579]LogModuleManager: Shutting down and abandoning module ShaderCore (28)
[2019.04.05-19.10.56:616][579]LogModuleManager: Shutting down and abandoning module Landscape (26)
[2019.04.05-19.10.56:616][579]LogModuleManager: Shutting down and abandoning module SlateRHIRenderer (24)
[2019.04.05-19.10.56:617][579]LogModuleManager: Shutting down and abandoning module OpenGLDrv (22)
[2019.04.05-19.10.56:617][579]LogModuleManager: Shutting down and abandoning module D3D11RHI (20)
[2019.04.05-19.10.56:617][579]LogModuleManager: Shutting down and abandoning module AnimGraphRuntime (18)
[2019.04.05-19.10.56:617][579]LogModuleManager: Shutting down and abandoning module Renderer (16)
[2019.04.05-19.10.56:618][579]LogModuleManager: Shutting down and abandoning module Engine (14)
[2019.04.05-19.10.56:618][579]LogModuleManager: Shutting down and abandoning module CoreUObject (12)
[2019.04.05-19.10.56:618][579]LogModuleManager: Shutting down and abandoning module NetworkFile (10)
[2019.04.05-19.10.56:618][579]LogModuleManager: Shutting down and abandoning module CookedIterativeFile (8)
[2019.04.05-19.10.56:618][579]LogModuleManager: Shutting down and abandoning module StreamingFile (6)
[2019.04.05-19.10.56:618][579]LogModuleManager: Shutting down and abandoning module SandboxFile (4)
[2019.04.05-19.10.56:618][579]LogModuleManager: Shutting down and abandoning module PakFile (2)
[2019.04.05-19.10.56:628][579]LogExit: Exiting.
[2019.04.05-19.10.56:637][579]Log file closed, 04/05/19 15:10:56
