Log file open, 04/23/19 11:54:34
LogWindows: Failed to load 'aqProf.dll' (GetLastError=126)
LogWindows: File 'aqProf.dll' does not exist
LogWindows: Failed to load 'VtuneApi.dll' (GetLastError=126)
LogWindows: File 'VtuneApi.dll' does not exist
LogWindows: Failed to load 'VtuneApi32e.dll' (GetLastError=126)
LogWindows: File 'VtuneApi32e.dll' does not exist
LogInit: Display: Running engine for game: MarshMellow
LogPlatformFile: Not using cached read wrapper
LogTaskGraph: Started task graph with 5 named threads and 23 total threads with 3 sets of task threads.
LogStats: Stats thread started at 0.398733
LogD3D11RHI: Loaded GFSDK_Aftermath_Lib.x64.dll
LogICUInternationalization: Display: ICU TimeZone Detection - Raw Offset: -5:00, Platform Override: ''
LogPluginManager: Mounting plugin Paper2D
LogPluginManager: Mounting plugin AISupport
LogPluginManager: Mounting plugin LightPropagationVolume
LogPluginManager: Mounting plugin CLionSourceCodeAccess
LogPluginManager: Mounting plugin CodeLiteSourceCodeAccess
LogPluginManager: Mounting plugin GitSourceControl
LogPluginManager: Mounting plugin KDevelopSourceCodeAccess
LogPluginManager: Mounting plugin NullSourceCodeAccess
LogPluginManager: Mounting plugin PerforceSourceControl
LogPluginManager: Mounting plugin SubversionSourceControl
LogPluginManager: Mounting plugin UObjectPlugin
LogPluginManager: Mounting plugin VisualStudioCodeSourceCodeAccess
LogPluginManager: Mounting plugin VisualStudioSourceCodeAccess
LogPluginManager: Mounting plugin XCodeSourceCodeAccess
LogPluginManager: Mounting plugin AssetManagerEditor
LogPluginManager: Mounting plugin CryptoKeys
LogPluginManager: Mounting plugin DataValidation
LogPluginManager: Mounting plugin FacialAnimation
LogPluginManager: Mounting plugin GameplayTagsEditor
LogPluginManager: Mounting plugin MacGraphicsSwitching
LogPluginManager: Mounting plugin MeshEditor
LogPluginManager: Mounting plugin MobileLauncherProfileWizard
LogPluginManager: Mounting plugin PluginBrowser
LogPluginManager: Mounting plugin SpeedTreeImporter
LogPluginManager: Mounting plugin DatasmithContent
LogPluginManager: Mounting plugin AlembicImporter
LogPluginManager: Mounting plugin AppleImageUtils
LogPluginManager: Mounting plugin AppleVision
LogPluginManager: Mounting plugin BackChannel
LogPluginManager: Mounting plugin CharacterAI
LogPluginManager: Mounting plugin GeometryCache
LogPluginManager: Mounting plugin HTML5Networking
LogPluginManager: Mounting plugin ProxyLODPlugin
LogPluginManager: Mounting plugin MagicLeap
LogPluginManager: Mounting plugin MagicLeapEmulator
LogPluginManager: Mounting plugin MagicLeapMedia
LogPluginManager: Mounting plugin AndroidMedia
LogPluginManager: Mounting plugin AvfMedia
LogPluginManager: Mounting plugin ImgMedia
LogPluginManager: Mounting plugin LinearTimecode
LogPluginManager: Mounting plugin MediaCompositing
LogPluginManager: Mounting plugin MediaPlayerEditor
LogPluginManager: Mounting plugin WmfMedia
LogPluginManager: Mounting plugin TcpMessaging
LogPluginManager: Mounting plugin UdpMessaging
LogPluginManager: Mounting plugin ActorSequence
LogPluginManager: Mounting plugin LevelSequenceEditor
LogPluginManager: Mounting plugin MatineeToLevelSequence
LogPluginManager: Mounting plugin NetcodeUnitTest
LogPluginManager: Mounting plugin NUTUnrealEngine4
LogPluginManager: Mounting plugin OnlineSubsystemGooglePlay
LogPluginManager: Mounting plugin OnlineSubsystemIOS
LogPluginManager: Mounting plugin OnlineSubsystem
LogPluginManager: Mounting plugin OnlineSubsystemNull
LogPluginManager: Mounting plugin OnlineSubsystemUtils
LogPluginManager: Mounting plugin LauncherChunkInstaller
LogPluginManager: Mounting plugin AndroidDeviceProfileSelector
LogPluginManager: Mounting plugin AndroidMoviePlayer
LogPluginManager: Mounting plugin AndroidPermission
LogPluginManager: Mounting plugin AppleMoviePlayer
LogPluginManager: Mounting plugin ArchVisCharacter
LogPluginManager: Mounting plugin AudioCapture
LogPluginManager: Mounting plugin CableComponent
LogPluginManager: Mounting plugin CustomMeshComponent
LogPluginManager: Mounting plugin EditableMesh
LogPluginManager: Mounting plugin ExampleDeviceProfileSelector
LogPluginManager: Mounting plugin GoogleCloudMessaging
LogPluginManager: Mounting plugin ImmediatePhysics
LogPluginManager: Mounting plugin IOSDeviceProfileSelector
LogPluginManager: Mounting plugin LinuxDeviceProfileSelector
LogPluginManager: Mounting plugin LocationServicesBPLibrary
LogPluginManager: Mounting plugin MobilePatchingUtils
LogPluginManager: Mounting plugin OculusVR
LogPluginManager: Plugin shader directory ../../../Engine/Plugins/Runtime/Oculus/OculusVR/Shaders found
LogPluginManager: Mapping shader source directory ../../../Engine/Plugins/Runtime/Oculus/OculusVR/Shaders to virtual directory /Plugin/OculusVR
LogPluginManager: Mounting plugin PhysXVehicles
LogPluginManager: Mounting plugin ProceduralMeshComponent
LogPluginManager: Mounting plugin RuntimePhysXCooking
LogPluginManager: Mounting plugin SteamVR
LogPluginManager: Mounting plugin WindowsMoviePlayer
LogStreaming: Display: Took  0.353s to configure plugins.
LogInit: Using libcurl 7.55.1-DEV
LogInit:  - built for x86_64-pc-win32
LogInit:  - supports SSL with OpenSSL/1.0.2h
LogInit:  - supports HTTP deflate (compression) using libz 1.2.8
LogInit:  - other features:
LogInit:      CURL_VERSION_SSL
LogInit:      CURL_VERSION_LIBZ
LogInit:      CURL_VERSION_IPV6
LogInit:      CURL_VERSION_ASYNCHDNS
LogInit:      CURL_VERSION_LARGEFILE
LogInit:      CURL_VERSION_IDN
LogInit:  CurlRequestOptions (configurable via config and command line):
LogInit:  - bVerifyPeer = false  - Libcurl will NOT verify peer certificate
LogInit:  - bUseHttpProxy = false  - Libcurl will NOT use HTTP proxy
LogInit:  - bDontReuseConnections = false  - Libcurl will reuse connections
LogInit:  - CertBundlePath = nullptr  - Libcurl will use whatever was configured at build time.
LogInit:  - MaxHostConnections = 16  - Libcurl will limit the number of connections to a host
LogInit:  - LocalHostAddr = Default
LogInit:  - BufferSize = 65536
LogInit: WinSock: version 1.1 (2.2), MaxSocks=32767, MaxUdp=65467
LogInit: Build: ++UE4+Release-4.20-CL-4369336
LogInit: Engine Version: 4.20.3-4369336+++UE4+Release-4.20
LogInit: Compatible Engine Version: 4.20.0-4212847+++UE4+Release-4.20
LogInit: Net CL: 4212847
LogInit: OS: Windows 10 (), CPU: Intel(R) Core(TM) i7-6700HQ CPU @ 2.60GHz, GPU: Intel(R) HD Graphics 530
LogInit: Compiled (64-bit): Sep 17 2018 12:26:19
LogInit: Compiled with Visual C++: 19.13.26129.00
LogInit: Build Configuration: Development
LogInit: Branch Name: ++UE4+Release-4.20
LogInit: Command Line: 
LogInit: Base Directory: C:/Program Files/Epic Games/UE_4.20/Engine/Binaries/Win64/
LogInit: Installed Engine Build: 1
LogDevObjectVersion: Number of dev versions registered: 20
LogDevObjectVersion:   Dev-Blueprints (B0D832E4-1F89-4F0D-ACCF-7EB736FD4AA2): 10
LogDevObjectVersion:   Dev-Build (E1C64328-A22C-4D53-A36C-8E866417BD8C): 0
LogDevObjectVersion:   Dev-Core (375EC13C-06E4-48FB-B500-84F0262A717E): 2
LogDevObjectVersion:   Dev-Editor (E4B068ED-F494-42E9-A231-DA0B2E46BB41): 24
LogDevObjectVersion:   Dev-Framework (CFFC743F-43B0-4480-9391-14DF171D2073): 34
LogDevObjectVersion:   Dev-Mobile (B02B49B5-BB20-44E9-A304-32B752E40360): 2
LogDevObjectVersion:   Dev-Networking (A4E4105C-59A1-49B5-A7C5-40C4547EDFEE): 0
LogDevObjectVersion:   Dev-Online (39C831C9-5AE6-47DC-9A44-9C173E1C8E7C): 0
LogDevObjectVersion:   Dev-Physics (78F01B33-EBEA-4F98-B9B4-84EACCB95AA2): 0
LogDevObjectVersion:   Dev-Platform (6631380F-2D4D-43E0-8009-CF276956A95A): 0
LogDevObjectVersion:   Dev-Rendering (12F88B9F-8875-4AFC-A67C-D90C383ABD29): 26
LogDevObjectVersion:   Dev-Sequencer (7B5AE74C-D270-4C10-A958-57980B212A5A): 9
LogDevObjectVersion:   Dev-VR (D7296918-1DD6-4BDD-9DE2-64A83CC13884): 2
LogDevObjectVersion:   Dev-LoadTimes (C2A15278-BFE7-4AFE-6C17-90FF531DF755): 1
LogDevObjectVersion:   Private-Geometry (6EACA3D4-40EC-4CC1-B786-8BED09428FC5): 3
LogDevObjectVersion:   Dev-AnimPhys (29E575DD-E0A3-4627-9D10-D276232CDCEA): 17
LogDevObjectVersion:   Dev-ReflectionCapture (6B266CEC-1EC7-4B8F-A30B-E4D90942FC07): 1
LogDevObjectVersion:   Dev-Automation (0DF73D61-A23F-47EA-B727-89E90C41499A): 1
LogDevObjectVersion:   FortniteMain (601D1886-AC64-4F84-AA16-D3DE0DEAC7D6): 12
LogDevObjectVersion:   Dev-Enterprise (9DFFBCD6-494F-0158-E221-12823C92A888): 1
LogStreaming: Display: Took  0.013s to delete old logs.
LogInit: Presizing for max 8388607 objects, including 0 objects not considered by GC, pre-allocating 0 bytes for permanent pool.
LogInit: Object subsystem initialized
[2019.04.23-15.54.35:059][  0]LogInit: Selected Device Profile: [Windows]
[2019.04.23-15.54.35:059][  0]LogInit: Applying CVar settings loaded from the selected device profile: [Windows]
[2019.04.23-15.54.35:215][  0]LogHAL: Display: Platform has ~ 16 GB [16751534080 / 17179869184 / 16], which maps to Larger [LargestMinGB=32, LargerMinGB=12, DefaultMinGB=8, SmallerMinGB=6, SmallestMinGB=0)
[2019.04.23-15.54.35:215][  0]LogInit: Setting Device Profile CVar: [[r.Vulkan.UseRealUBs:1]]
[2019.04.23-15.54.35:215][  0]LogInit: Going up to parent DeviceProfile []
[2019.04.23-15.54.35:217][  0]LogInit: Computer: JESSIES-LAPTOP
[2019.04.23-15.54.35:217][  0]LogInit: User: jessielichter
[2019.04.23-15.54.35:217][  0]LogInit: CPU Page size=4096, Cores=4
[2019.04.23-15.54.35:217][  0]LogInit: High frequency timer resolution =2.531251 MHz
[2019.04.23-15.54.35:219][  0]LogMemory: Memory total: Physical=15.6GB (16GB approx)
[2019.04.23-15.54.35:219][  0]LogMemory: Platform Memory Stats for Windows
[2019.04.23-15.54.35:219][  0]LogMemory: Process Physical Memory: 109.76 MB used, 109.76 MB peak
[2019.04.23-15.54.35:219][  0]LogMemory: Process Virtual Memory: 97.56 MB used, 97.56 MB peak
[2019.04.23-15.54.35:219][  0]LogMemory: Physical Memory: 10429.09 MB used,  5546.41 MB free, 15975.51 MB total
[2019.04.23-15.54.35:219][  0]LogMemory: Virtual Memory: 4647.13 MB used,  5546.41 MB free, 134217728.00 MB total
[2019.04.23-15.54.35:299][  0]LogInit: Using OS detected language (en-US).
[2019.04.23-15.54.35:299][  0]LogInit: Using OS detected locale (en-US).
[2019.04.23-15.54.35:302][  0]LogTextLocalizationManager: No specific localization for 'en-US' exists, so the 'en' localization will be used.
[2019.04.23-15.54.36:822][  0]LogStreaming: Display: Took  1.523s to InitEngineTextLocalization.
[2019.04.23-15.54.36:822][  0]LogInit: Setting process to per monitor DPI aware
[2019.04.23-15.54.36:931][  0]LogSlate: New Slate User Created.  User Index 0, Is Virtual User: 0
[2019.04.23-15.54.36:931][  0]LogSlate: Slate User Registered.  User Index 0, Is Virtual User: 0
[2019.04.23-15.54.37:614][  0]LogHMD: Failed to initialize OpenVR with code 110
[2019.04.23-15.54.37:614][  0]LogD3D11RHI: D3D11 adapters:
[2019.04.23-15.54.37:784][  0]LogD3D11RHI:    0. 'NVIDIA GeForce GTX 960M' (Feature Level 11_0)
[2019.04.23-15.54.37:784][  0]LogD3D11RHI:       2010/0/7987 MB DedicatedVideo/DedicatedSystem/SharedSystem, Outputs:1, VendorId:0x10de
[2019.04.23-15.54.37:811][  0]LogD3D11RHI:    1. 'Intel(R) HD Graphics 530' (Feature Level 11_0)
[2019.04.23-15.54.37:812][  0]LogD3D11RHI:       128/0/7987 MB DedicatedVideo/DedicatedSystem/SharedSystem, Outputs:0, VendorId:0x8086
[2019.04.23-15.54.37:818][  0]LogD3D11RHI:    2. 'Microsoft Basic Render Driver' (Feature Level 11_0)
[2019.04.23-15.54.37:818][  0]LogD3D11RHI:       0/0/7987 MB DedicatedVideo/DedicatedSystem/SharedSystem, Outputs:0, VendorId:0x1414
[2019.04.23-15.54.37:818][  0]LogD3D11RHI: Chosen D3D11 Adapter: 0
[2019.04.23-15.54.37:956][  0]LogD3D11RHI: Creating new Direct3DDevice
[2019.04.23-15.54.37:956][  0]LogD3D11RHI:     GPU DeviceId: 0x139b (for the marketing name, search the web for "GPU Device Id")
[2019.04.23-15.54.37:956][  0]LogWindows: EnumDisplayDevices:
[2019.04.23-15.54.37:956][  0]LogWindows:    0. 'Intel(R) HD Graphics 530' (P:1 D:1)
[2019.04.23-15.54.37:957][  0]LogWindows:    1. 'Intel(R) HD Graphics 530' (P:0 D:0)
[2019.04.23-15.54.37:959][  0]LogWindows:    2. 'Intel(R) HD Graphics 530' (P:0 D:0)
[2019.04.23-15.54.37:959][  0]LogWindows: DebugString: PrimaryIsNotTheChoosenAdapter PrimaryIsNotTheChoosenAdapter PrimaryIsNotTheChoosenAdapter FoundDriverCount:0 
[2019.04.23-15.54.37:959][  0]LogD3D11RHI:     Adapter Name: NVIDIA GeForce GTX 960M
[2019.04.23-15.54.37:960][  0]LogD3D11RHI:   Driver Version: Unknown (internal:Unknown, unified:Unknown)
[2019.04.23-15.54.37:960][  0]LogD3D11RHI:      Driver Date: Unknown
[2019.04.23-15.54.37:960][  0]LogRHI: Texture pool is 1407 MB (70% of 2010 MB)
[2019.04.23-15.54.38:073][  0]LogD3D11RHI: Async texture creation enabled
[2019.04.23-15.54.38:103][  0]LogD3D11RHI: GPU Timing Frequency: 1000.000000 (Debug: 2 2)
[2019.04.23-15.54.38:106][  0]LogShaderCompilers: Guid format shader working directory is -62 characters bigger than the processId version (../../../../../../Users/jessie lichter/Desktop/spring2019/Game Development 2/GitProjects/GameDev2Project/MarshMellow/Intermediate/Shaders/WorkingDirectory/27560/).
[2019.04.23-15.54.38:107][  0]LogShaderCompilers: Cleaned the shader compiler working directory 'C:/Users/jessie lichter/AppData/Local/Temp/UnrealShaderWorkingDir/776DCB824D801B25BB6DA0A2F5576F9A/'.
[2019.04.23-15.54.39:184][  0]LogTemp: Display: Loaded TP AllDesktopTargetPlatform
[2019.04.23-15.54.39:244][  0]LogTemp: Display: Loaded TP MacClientTargetPlatform
[2019.04.23-15.54.39:301][  0]LogTemp: Display: Loaded TP MacNoEditorTargetPlatform
[2019.04.23-15.54.39:361][  0]LogTemp: Display: Loaded TP MacServerTargetPlatform
[2019.04.23-15.54.39:421][  0]LogTemp: Display: Loaded TP MacTargetPlatform
[2019.04.23-15.54.39:475][  0]LogTemp: Display: Loaded TP WindowsClientTargetPlatform
[2019.04.23-15.54.39:528][  0]LogTemp: Display: Loaded TP WindowsNoEditorTargetPlatform
[2019.04.23-15.54.39:577][  0]LogTemp: Display: Loaded TP WindowsServerTargetPlatform
[2019.04.23-15.54.39:599][  0]LogTemp: Display: Loaded TP WindowsTargetPlatform
[2019.04.23-15.54.39:912][  0]LogTemp: Display: Loaded TP AndroidTargetPlatform
[2019.04.23-15.54.39:912][  0]LogTemp: Display: Loaded TP AndroidTargetPlatform
[2019.04.23-15.54.39:912][  0]LogTemp: Display: Loaded TP AndroidTargetPlatform
[2019.04.23-15.54.39:912][  0]LogTemp: Display: Loaded TP AndroidTargetPlatform
[2019.04.23-15.54.39:912][  0]LogTemp: Display: Loaded TP AndroidTargetPlatform
[2019.04.23-15.54.39:912][  0]LogTemp: Display: Loaded TP AndroidTargetPlatform
[2019.04.23-15.54.39:912][  0]LogTemp: Display: Loaded TP AndroidTargetPlatform
[2019.04.23-15.54.39:913][  0]LogTemp: Display: Loaded TP AndroidTargetPlatform
[2019.04.23-15.54.39:913][  0]LogTemp: Display: Loaded TP AndroidTargetPlatform
[2019.04.23-15.54.39:913][  0]LogTemp: Display: Loaded TP AndroidTargetPlatform
[2019.04.23-15.54.39:913][  0]LogTemp: Display: Loaded TP AndroidTargetPlatform
[2019.04.23-15.54.39:913][  0]LogTemp: Display: Loaded TP AndroidTargetPlatform
[2019.04.23-15.54.39:913][  0]LogTemp: Display: Loaded TP AndroidTargetPlatform
[2019.04.23-15.54.39:913][  0]LogTemp: Display: Loaded TP AndroidTargetPlatform
[2019.04.23-15.54.39:913][  0]LogTemp: Display: Loaded TP AndroidTargetPlatform
[2019.04.23-15.54.39:913][  0]LogTemp: Display: Loaded TP AndroidTargetPlatform
[2019.04.23-15.54.39:913][  0]LogTemp: Display: Loaded TP AndroidTargetPlatform
[2019.04.23-15.54.39:913][  0]LogTemp: Display: Loaded TP AndroidTargetPlatform
[2019.04.23-15.54.39:917][  0]LogTemp: Display: Loaded TP HTML5TargetPlatform
[2019.04.23-15.54.40:035][  0]LogTemp: Display: Loaded TP IOSTargetPlatform
[2019.04.23-15.54.40:035][  0]LogTemp: Display: Loaded TP IOSTargetPlatform
[2019.04.23-15.54.40:120][  0]LogTemp: Display: Loaded TP TVOSTargetPlatform
[2019.04.23-15.54.40:120][  0]LogTemp: Display: Loaded TP TVOSTargetPlatform
[2019.04.23-15.54.40:161][  0]LogTemp: Display: Loaded TP LinuxClientTargetPlatform
[2019.04.23-15.54.40:204][  0]LogTemp: Display: Loaded TP LinuxNoEditorTargetPlatform
[2019.04.23-15.54.40:246][  0]LogTemp: Display: Loaded TP LinuxServerTargetPlatform
[2019.04.23-15.54.40:289][  0]LogTemp: Display: Loaded TP LinuxTargetPlatform
[2019.04.23-15.54.40:317][  0]LogTemp: Display: Loaded TP LuminTargetPlatform
[2019.04.23-15.54.40:317][  0]LogTargetPlatformManager: Display: Building Assets For Windows
[2019.04.23-15.54.40:488][  0]LogXGEController: Cannot use XGE Controller as Incredibuild is not installed on this machine.
[2019.04.23-15.54.40:488][  0]LogShaderCompilers: Cannot use XGE Shader Compiler as Incredibuild is not installed on this machine.
[2019.04.23-15.54.40:488][  0]LogShaderCompilers: Display: Using Local Shader Compiler.
[2019.04.23-15.54.42:573][  0]LogDerivedDataCache: Display: Max Cache Size: 512 MB
[2019.04.23-15.54.42:749][  0]LogDerivedDataCache: Loaded boot cache 0.18s 71MB C:/Users/jessie lichter/AppData/Local/UnrealEngine/4.20/DerivedDataCache/Boot.ddc.
[2019.04.23-15.54.42:750][  0]LogDerivedDataCache: Display: Loaded Boot cache: C:/Users/jessie lichter/AppData/Local/UnrealEngine/4.20/DerivedDataCache/Boot.ddc
[2019.04.23-15.54.42:751][  0]LogDerivedDataCache: FDerivedDataBackendGraph:  Pak pak cache file ../../../../../../Users/jessie lichter/Desktop/spring2019/Game Development 2/GitProjects/GameDev2Project/MarshMellow/DerivedDataCache/DDC.ddp not found, will not use a pak cache.
[2019.04.23-15.54.42:751][  0]LogDerivedDataCache: Unable to find inner node Pak for hierarchical cache Hierarchy.
[2019.04.23-15.54.42:751][  0]LogDerivedDataCache: FDerivedDataBackendGraph:  CompressedPak pak cache file ../../../../../../Users/jessie lichter/Desktop/spring2019/Game Development 2/GitProjects/GameDev2Project/MarshMellow/DerivedDataCache/Compressed.ddp not found, will not use a pak cache.
[2019.04.23-15.54.42:751][  0]LogDerivedDataCache: Unable to find inner node CompressedPak for hierarchical cache Hierarchy.
[2019.04.23-15.54.42:806][  0]LogDerivedDataCache: Display: Pak cache opened for reading ../../../Engine/DerivedDataCache/Compressed.ddp.
[2019.04.23-15.54.42:821][  0]LogDerivedDataCache: Using Local data cache path C:/Users/jessie lichter/AppData/Local/UnrealEngine/Common/DerivedDataCache: Writable
[2019.04.23-15.54.42:821][  0]LogDerivedDataCache: Shared data cache path not found in *engine.ini, will not use an Shared cache.
[2019.04.23-15.54.42:821][  0]LogDerivedDataCache: Unable to find inner node Shared for hierarchical cache Hierarchy.
[2019.04.23-15.54.42:892][  0]LogMaterial: Verifying Global Shaders for PCD3D_SM5
[2019.04.23-15.54.42:897][  0]LogSlate: Using FreeType 2.6.0
[2019.04.23-15.54.42:898][  0]LogSlate: SlateFontServices - WITH_FREETYPE: 1, WITH_HARFBUZZ: 1
[2019.04.23-15.54.43:108][  0]LogAssetRegistry: FAssetRegistry took 0.0394 seconds to start up
[2019.04.23-15.54.48:030][  0]LogInit: Selected Device Profile: [Windows]
[2019.04.23-15.54.48:171][  0]LogSimplygon: Simplygon DLL not present - disabling.
[2019.04.23-15.54.48:180][  0]LogMeshReduction: Using SimplygonSwarm for distributed automatic mesh merging
[2019.04.23-15.54.48:180][  0]LogMeshReduction: Using ProxyLODMeshReduction for automatic mesh merging
[2019.04.23-15.54.48:180][  0]LogMeshReduction: Using QuadricMeshReduction for automatic static mesh reduction
[2019.04.23-15.54.48:180][  0]LogMeshReduction: No automatic skeletal mesh reduction module available
[2019.04.23-15.54.48:429][  0]LogNetVersion: MarshMellow 1.0.0, NetCL: 4212847, EngineNetVer: 5, GameNetVer: 0 (Checksum: 3750370364)
[2019.04.23-15.54.49:809][  0]LogPackageLocalizationCache: Processed 11 localized package path(s) for 2 prioritized culture(s) in 0.393751 seconds
[2019.04.23-15.54.49:826][  0]LogUObjectArray: 38425 objects as part of root set at end of initial load.
[2019.04.23-15.54.49:826][  0]LogUObjectAllocator: 6690872 out of 0 bytes used by permanent object pool.
[2019.04.23-15.54.49:826][  0]LogUObjectArray: CloseDisregardForGC: 0/0 objects in disregard for GC pool
[2019.04.23-15.54.52:736][  0]LogTcpMessaging: Initializing TcpMessaging bridge
[2019.04.23-15.54.52:751][  0]LogUdpMessaging: Initializing bridge on interface 0.0.0.0:0 to multicast group 230.0.0.1:6666.
[2019.04.23-15.54.53:091][  0]SourceControl: Source control is disabled
[2019.04.23-15.54.53:092][  0]SourceControl: Source control is disabled
[2019.04.23-15.54.53:095][  0]SourceControl: Source control is disabled
[2019.04.23-15.54.53:098][  0]SourceControl: Source control is disabled
[2019.04.23-15.54.53:408][  0]LogAndroidPermission: UAndroidPermissionCallbackProxy::GetInstance
[2019.04.23-15.54.54:121][  0]LogOcInput: OculusInput pre-init called
[2019.04.23-15.54.54:287][  0]LogEngine: Initializing Engine...
[2019.04.23-15.54.54:290][  0]LogHMD: Failed to initialize OpenVR with code 110
[2019.04.23-15.54.54:295][  0]LogStats: UGameplayTagsManager::ConstructGameplayTagTree: ImportINI prefixes -  0.000 s
[2019.04.23-15.54.54:295][  0]LogStats: UGameplayTagsManager::ConstructGameplayTagTree: Construct from data asset -  0.000 s
[2019.04.23-15.54.54:295][  0]LogStats: UGameplayTagsManager::ConstructGameplayTagTree: ImportINI -  0.000 s
[2019.04.23-15.54.54:295][  0]LogStats: UGameplayTagsManager::ConstructGameplayTagTree: GameplayTagTreeChangedEvent.Broadcast -  0.000 s
[2019.04.23-15.54.54:863][  0]LogInit: Initializing FReadOnlyCVARCache
[2019.04.23-15.54.54:898][  0]LogAIModule: Creating AISystem for world Untitled
[2019.04.23-15.54.55:042][  0]LogInit: XAudio2 using 'Speakers / Headphones (Realtek Audio)' : 2 channels at 48 kHz using 32 bits per sample (channel mask 0x3)
[2019.04.23-15.54.55:113][  0]LogInit: FAudioDevice initialized.
[2019.04.23-15.54.55:114][  0]LogNetVersion: Set ProjectVersion to 1.0.0.0. Version Checksum will be recalculated on next use.
[2019.04.23-15.54.55:213][  0]LogDerivedDataCache: Saved boot cache 0.10s 71MB C:/Users/jessie lichter/AppData/Local/UnrealEngine/4.20/DerivedDataCache/Boot.ddc.
[2019.04.23-15.54.55:226][  0]LogInit: Texture streaming: Enabled
[2019.04.23-15.54.55:266][  0]LogEngineSessionManager: EngineSessionManager initialized
[2019.04.23-15.54.55:303][  0]LogInit: Transaction tracking system initialized
[2019.04.23-15.54.55:357][  0]BlueprintLog: New page: Editor Load
[2019.04.23-15.54.55:547][  0]LocalizationService: Localization service is disabled
[2019.04.23-15.54.56:306][  0]LogCook: Display: Max memory allowance for cook 16384mb min free memory 0mb
[2019.04.23-15.54.56:307][  0]LogCook: Display: Mobile HDR setting 1
[2019.04.23-15.54.56:307][  0]LogGameplayTags: Display: UGameplayTagsManager::DoneAddingNativeTags. DelegateIsBound: 0
[2019.04.23-15.54.56:307][  0]LogStats: UGameplayTagsManager::ConstructGameplayTagTree: ImportINI prefixes -  0.000 s
[2019.04.23-15.54.56:308][  0]LogStats: UGameplayTagsManager::ConstructGameplayTagTree: Construct from data asset -  0.000 s
[2019.04.23-15.54.56:308][  0]LogStats: UGameplayTagsManager::ConstructGameplayTagTree: ImportINI -  0.000 s
[2019.04.23-15.54.56:308][  0]LogStats: UGameplayTagsManager::ConstructGameplayTagTree: GameplayTagTreeChangedEvent.Broadcast -  0.000 s
[2019.04.23-15.54.56:783][  0]LogFileCache: Scanning file cache for directory 'C:/Users/jessie lichter/Desktop/spring2019/Game Development 2/GitProjects/GameDev2Project/MarshMellow/Content/' took 0.25s
[2019.04.23-15.54.56:783][  0]SourceControl: Source control is disabled
[2019.04.23-15.54.56:785][  0]LightingResults: New page: Lighting Build
[2019.04.23-15.54.56:797][  0]MapCheck: New page: Map Check
[2019.04.23-15.54.56:797][  0]LightingResults: New page: Lighting Build
[2019.04.23-15.54.58:042][  0]LogAIModule: Creating AISystem for world ThirdPersonExampleMap
[2019.04.23-15.54.58:065][  0]LogEditorServer: Finished looking for orphan Actors (0.000 secs)
[2019.04.23-15.54.58:147][  0]Cmd: MAP CHECKDEP NOCLEARLOG
[2019.04.23-15.54.58:477][  0]MapCheck: Map check complete: 0 Error(s), 0 Warning(s), took 329.297ms to complete.
[2019.04.23-15.54.58:477][  0]LogFileHelpers: Loading map 'ThirdPersonExampleMap' took 1.694
[2019.04.23-15.54.58:734][  0]LogSlate: Updating window title bar state: overlay mode, drag disabled, window buttons hidden, title bar hidden
[2019.04.23-15.54.58:758][  0]LogCollectionManager: Loaded 0 collections in 0.006283 seconds
[2019.04.23-15.54.58:821][  0]LogFileCache: Scanning file cache for directory 'C:/Users/jessie lichter/Desktop/spring2019/Game Development 2/GitProjects/GameDev2Project/MarshMellow/Saved/Collections/' took 0.01s
[2019.04.23-15.54.58:821][  0]LogFileCache: Scanning file cache for directory 'C:/Users/jessie lichter/Desktop/spring2019/Game Development 2/GitProjects/GameDev2Project/MarshMellow/Content/Developers/jessielichter/Collections/' took 0.01s
[2019.04.23-15.54.58:821][  0]LogFileCache: Scanning file cache for directory 'C:/Users/jessie lichter/Desktop/spring2019/Game Development 2/GitProjects/GameDev2Project/MarshMellow/Content/Collections/' took 0.01s
[2019.04.23-15.54.58:821][  0]LogCollectionManager: Rebuilt the GUID cache for 0 collections in 0.000001 seconds
[2019.04.23-15.54.58:859][  0]LogContentBrowser: Native class hierarchy populated in 0.0372 seconds. Added 2572 classes and 603 folders.
[2019.04.23-15.54.58:885][  0]LogContentBrowser: Native class hierarchy updated for 'WidgetCarousel' in 0.0011 seconds. Added 0 classes and 0 folders.
[2019.04.23-15.54.59:065][  0]LogContentBrowser: Native class hierarchy updated for 'AddContentDialog' in 0.0008 seconds. Added 0 classes and 0 folders.
[2019.04.23-15.54.59:086][  0]LogContentBrowser: Native class hierarchy updated for 'WorldBrowser' in 0.0008 seconds. Added 2 classes and 3 folders.
[2019.04.23-15.54.59:110][  0]LogContentBrowser: Native class hierarchy updated for 'SceneOutliner' in 0.0008 seconds. Added 1 classes and 2 folders.
[2019.04.23-15.54.59:323][  0]LogSlate: Took 0.000689 seconds to synchronously load lazily loaded font '../../../Engine/Content/Slate/Fonts/Roboto-Regular.ttf' (155K)
[2019.04.23-15.54.59:333][  0]LogSlate: Took 0.000671 seconds to synchronously load lazily loaded font '../../../Engine/Content/Slate/Fonts/Roboto-Bold.ttf' (160K)
[2019.04.23-15.54.59:352][  0]LogSlate: Took 0.000417 seconds to synchronously load lazily loaded font '../../../Engine/Content/Editor/Slate/Fonts/FontAwesome.ttf' (139K)
[2019.04.23-15.54.59:585][  0]LogRenderer: Reallocating scene render targets to support 840x396 Format 10 NumSamples 1 (Frame:1).
[2019.04.23-15.54.59:858][  0]LogContentBrowser: Native class hierarchy updated for 'HierarchicalLODOutliner' in 0.0005 seconds. Added 0 classes and 0 folders.
[2019.04.23-15.54.59:858][  0]LogLoad: (Engine Initialization) Total time: 28.55 seconds
[2019.04.23-15.54.59:858][  0]LogLoad: (Engine Initialization) Total Blueprint compile time: 0.00 seconds
[2019.04.23-15.54.59:879][  0]LogWindowsTextInputMethodSystem: Display: IME system now deactivated.
[2019.04.23-15.54.59:938][  0]LogContentStreaming: Texture pool size now 1000 MB
[2019.04.23-15.55.00:018][  0]LogSlate: Took 0.000376 seconds to synchronously load lazily loaded font '../../../Engine/Content/Slate/Fonts/Roboto-Light.ttf' (167K)
[2019.04.23-15.55.01:846][ 25]LogAssetRegistry: Asset discovery search completed in 18.7607 seconds
[2019.04.23-15.55.01:858][ 25]LogCollectionManager: Rebuilt the object cache for 0 collections in 0.000001 seconds (found 0 objects)
[2019.04.23-15.55.01:858][ 25]LogCollectionManager: Fixed up redirectors for 0 collections in 0.000267 seconds (updated 0 objects)
[2019.04.23-15.55.05:099][128]LogFileCache: Retrieving MD5 hashes for directory 'C:/Users/jessie lichter/Desktop/spring2019/Game Development 2/GitProjects/GameDev2Project/MarshMellow/Content/' took 5.21s
[2019.04.23-15.56.55:244][643]LogSlate: FSceneViewport::OnFocusLost() reason 0
[2019.04.23-15.57.01:773][ 33]LogSlate: Took 0.000247 seconds to synchronously load lazily loaded font '../../../Engine/Content/Slate/Fonts/Roboto-Light.ttf' (167K)
[2019.04.23-15.57.07:909][ 33]LogAIModule: Creating AISystem for world GoldenLevel1
[2019.04.23-15.57.07:943][ 33]LogAssetEditorManager: Opening Asset editor for World /Game/Jessie_AllThingsGold/ActualGoldenLevel/GoldenLevel1.GoldenLevel1
[2019.04.23-15.57.07:983][ 33]LightingResults: New page: Lighting Build
[2019.04.23-15.57.07:984][ 33]LoadErrors: New page: Loading map: GoldenLevel1.umap
[2019.04.23-15.57.07:986][ 33]MapCheck: New page: Map Check
[2019.04.23-15.57.07:986][ 33]LightingResults: New page: Lighting Build
[2019.04.23-15.57.08:212][ 33]LogEditorServer: Finished looking for orphan Actors (0.000 secs)
[2019.04.23-15.57.08:356][ 33]Cmd: MAP CHECKDEP NOCLEARLOG
[2019.04.23-15.57.08:586][ 33]MapCheck: Map check complete: 0 Error(s), 0 Warning(s), took 230.383ms to complete.
[2019.04.23-15.57.08:588][ 33]LogFileHelpers: Loading map 'GoldenLevel1' took 0.606
[2019.04.23-15.58.40:715][490]LogSlate: FSceneViewport::OnFocusLost() reason 0
[2019.04.23-15.59.30:573][450]LogD3D11RHI: Timed out while waiting for GPU to catch up. (0.5 s)
[2019.04.23-16.00.19:291][491]LogSlate: FSceneViewport::OnFocusLost() reason 0
[2019.04.23-16.00.56:952][809]LogSlate: FSceneViewport::OnFocusLost() reason 0
[2019.04.23-16.01.26:350][891]LogSlate: FSceneViewport::OnFocusLost() reason 0
[2019.04.23-16.01.37:784][293]LogSlate: FSceneViewport::OnFocusLost() reason 0
[2019.04.23-16.14.20:882][  1]LogEditorViewport: Clicking on Actor (LMB): StaticMeshActor (cupcakeHouseBase2)
[2019.04.23-16.14.23:741][140]LogSlate: FSceneViewport::OnFocusLost() reason 0
[2019.04.23-16.15.06:268][731]LogFactory: FactoryCreateFile: Texture with ReimportTextureFactory (0 0 ../../../../../../Users/jessie lichter/Documents/Allegorithmic/Substance Painter/export/cupcakeHouseBase_cupcakeID_BaseColor.png)
[2019.04.23-16.15.06:420][731]LogTexture: Display: Building textures: cupcakeHouseBase_cupcakeID_BaseColor (AutoDXT, 2048X2048)
[2019.04.23-16.15.07:833][731]LogFactory: FactoryCreateFile: Texture with ReimportTextureFactory (0 0 ../../../../../../Users/jessie lichter/Documents/Allegorithmic/Substance Painter/export/cupcakeHouseBase_cupcakeID_Normal.png)
[2019.04.23-16.15.08:029][731]LogTexture: Display: Building textures: cupcakeHouseBase_cupcakeID_Normal (BC5, 2048X2048)
[2019.04.23-16.15.08:317][731]LogFactory: FactoryCreateFile: Texture with ReimportTextureFactory (0 0 ../../../../../../Users/jessie lichter/Documents/Allegorithmic/Substance Painter/export/cupcakeHouseBase_cupcakeID_OcclusionRoughnessMetallic.png)
[2019.04.23-16.15.08:423][731]LogTexture: Display: Building textures: cupcakeHouseBase_cupcakeID_OcclusionRoughnessMetallic (AutoDXT, 2048X2048)
[2019.04.23-16.15.08:664][731]LogFactory: FactoryCreateFile: Texture with ReimportTextureFactory (0 0 ../../../../../../Users/jessie lichter/Documents/Allegorithmic/Substance Painter/export/cupcakeHouseBase_lambert1_BaseColor.png)
[2019.04.23-16.15.08:772][731]LogTexture: Display: Building textures: cupcakeHouseBase_lambert1_BaseColor (BC5, 2048X2048)
[2019.04.23-16.15.09:026][731]LogFactory: FactoryCreateFile: Texture with ReimportTextureFactory (0 0 ../../../../../../Users/jessie lichter/Documents/Allegorithmic/Substance Painter/export/cupcakeHouseBase_lambert1_Normal.png)
[2019.04.23-16.15.09:222][731]LogTexture: Display: Building textures: cupcakeHouseBase_lambert1_Normal (BC5, 2048X2048)
[2019.04.23-16.15.09:491][731]LogFactory: FactoryCreateFile: Texture with ReimportTextureFactory (0 0 ../../../../../../Users/jessie lichter/Documents/Allegorithmic/Substance Painter/export/cupcakeHouseBase_lambert1_OcclusionRoughnessMetallic.png)
[2019.04.23-16.15.09:626][731]LogTexture: Display: Building textures: cupcakeHouseBase_lambert1_OcclusionRoughnessMetallic (AutoDXT, 2048X2048)
[2019.04.23-16.15.13:880][901]LogFileHelpers: Editor autosave (incl. sublevels) for '/Game/Jessie_AllThingsGold/ActualGoldenLevel/GoldenLevel1' took 0.024
[2019.04.23-16.15.13:884][901]OBJ SavePackage: Generating thumbnails for [1] asset(s) in package [/Game/Jessie_AllThingsGold/GoldenModels/GoldenTextures/cupcakeHouseBase_cupcakeID_BaseColor] ([1] browsable assets)...
[2019.04.23-16.15.13:896][901]OBJ SavePackage:     Rendered thumbnail for [Texture2D /Game/Jessie_AllThingsGold/GoldenModels/GoldenTextures/cupcakeHouseBase_cupcakeID_BaseColor.cupcakeHouseBase_cupcakeID_BaseColor]
[2019.04.23-16.15.13:896][901]OBJ SavePackage: Finished generating thumbnails for package [/Game/Jessie_AllThingsGold/GoldenModels/GoldenTextures/cupcakeHouseBase_cupcakeID_BaseColor]
[2019.04.23-16.15.13:929][901]LogSavePackage: Moving '../../../../../../Users/jessie lichter/Desktop/spring2019/Game Development 2/GitProjects/GameDev2Project/MarshMellow/Saved/cupcakeHouseBase_cupcakeID_BaseCD0E123564FB1442A3AF34C89ADBD5C0B.tmp' to '../../../../../../Users/jessie lichter/Desktop/spring2019/Game Development 2/GitProjects/GameDev2Project/MarshMellow/Saved/Autosaves/Game/Jessie_AllThingsGold/GoldenModels/GoldenTextures/cupcakeHouseBase_cupcakeID_BaseColor_Auto1.uasset'
[2019.04.23-16.15.13:934][901]OBJ SavePackage: Generating thumbnails for [1] asset(s) in package [/Game/Jessie_AllThingsGold/GoldenModels/GoldenTextures/cupcakeHouseBase_cupcakeID_Normal] ([1] browsable assets)...
[2019.04.23-16.15.13:944][901]OBJ SavePackage:     Rendered thumbnail for [Texture2D /Game/Jessie_AllThingsGold/GoldenModels/GoldenTextures/cupcakeHouseBase_cupcakeID_Normal.cupcakeHouseBase_cupcakeID_Normal]
[2019.04.23-16.15.13:944][901]OBJ SavePackage: Finished generating thumbnails for package [/Game/Jessie_AllThingsGold/GoldenModels/GoldenTextures/cupcakeHouseBase_cupcakeID_Normal]
[2019.04.23-16.15.13:967][901]LogSavePackage: Moving '../../../../../../Users/jessie lichter/Desktop/spring2019/Game Development 2/GitProjects/GameDev2Project/MarshMellow/Saved/cupcakeHouseBase_cupcakeID_Norma5B644FB34FD5F74CF5CD0E98570F89F6.tmp' to '../../../../../../Users/jessie lichter/Desktop/spring2019/Game Development 2/GitProjects/GameDev2Project/MarshMellow/Saved/Autosaves/Game/Jessie_AllThingsGold/GoldenModels/GoldenTextures/cupcakeHouseBase_cupcakeID_Normal_Auto1.uasset'
[2019.04.23-16.15.13:971][901]OBJ SavePackage: Generating thumbnails for [1] asset(s) in package [/Game/Jessie_AllThingsGold/GoldenModels/GoldenTextures/cupcakeHouseBase_cupcakeID_OcclusionRoughnessMetallic] ([1] browsable assets)...
[2019.04.23-16.15.13:981][901]OBJ SavePackage:     Rendered thumbnail for [Texture2D /Game/Jessie_AllThingsGold/GoldenModels/GoldenTextures/cupcakeHouseBase_cupcakeID_OcclusionRoughnessMetallic.cupcakeHouseBase_cupcakeID_OcclusionRoughnessMetallic]
[2019.04.23-16.15.13:981][901]OBJ SavePackage: Finished generating thumbnails for package [/Game/Jessie_AllThingsGold/GoldenModels/GoldenTextures/cupcakeHouseBase_cupcakeID_OcclusionRoughnessMetallic]
[2019.04.23-16.15.13:999][901]LogSavePackage: Moving '../../../../../../Users/jessie lichter/Desktop/spring2019/Game Development 2/GitProjects/GameDev2Project/MarshMellow/Saved/cupcakeHouseBase_cupcakeID_Occlu42C9E49D4100BC30E0C684B682E619F6.tmp' to '../../../../../../Users/jessie lichter/Desktop/spring2019/Game Development 2/GitProjects/GameDev2Project/MarshMellow/Saved/Autosaves/Game/Jessie_AllThingsGold/GoldenModels/GoldenTextures/cupcakeHouseBase_cupcakeID_OcclusionRoughnessMetallic_Auto1.uasset'
[2019.04.23-16.15.14:003][901]OBJ SavePackage: Generating thumbnails for [1] asset(s) in package [/Game/Jessie_AllThingsGold/GoldenModels/GoldenTextures/cupcakeHouseBase_lambert1_BaseColor] ([1] browsable assets)...
[2019.04.23-16.15.14:010][901]OBJ SavePackage:     Rendered thumbnail for [Texture2D /Game/Jessie_AllThingsGold/GoldenModels/GoldenTextures/cupcakeHouseBase_lambert1_BaseColor.cupcakeHouseBase_lambert1_BaseColor]
[2019.04.23-16.15.14:011][901]OBJ SavePackage: Finished generating thumbnails for package [/Game/Jessie_AllThingsGold/GoldenModels/GoldenTextures/cupcakeHouseBase_lambert1_BaseColor]
[2019.04.23-16.15.14:032][901]LogSavePackage: Moving '../../../../../../Users/jessie lichter/Desktop/spring2019/Game Development 2/GitProjects/GameDev2Project/MarshMellow/Saved/cupcakeHouseBase_lambert1_BaseCoFFEE90E54E8C7450DB0E0BB88A76AED2.tmp' to '../../../../../../Users/jessie lichter/Desktop/spring2019/Game Development 2/GitProjects/GameDev2Project/MarshMellow/Saved/Autosaves/Game/Jessie_AllThingsGold/GoldenModels/GoldenTextures/cupcakeHouseBase_lambert1_BaseColor_Auto1.uasset'
[2019.04.23-16.15.14:036][901]OBJ SavePackage: Generating thumbnails for [1] asset(s) in package [/Game/Jessie_AllThingsGold/GoldenModels/GoldenTextures/cupcakeHouseBase_lambert1_Normal] ([1] browsable assets)...
[2019.04.23-16.15.14:047][901]OBJ SavePackage:     Rendered thumbnail for [Texture2D /Game/Jessie_AllThingsGold/GoldenModels/GoldenTextures/cupcakeHouseBase_lambert1_Normal.cupcakeHouseBase_lambert1_Normal]
[2019.04.23-16.15.14:047][901]OBJ SavePackage: Finished generating thumbnails for package [/Game/Jessie_AllThingsGold/GoldenModels/GoldenTextures/cupcakeHouseBase_lambert1_Normal]
[2019.04.23-16.15.14:069][901]LogSavePackage: Moving '../../../../../../Users/jessie lichter/Desktop/spring2019/Game Development 2/GitProjects/GameDev2Project/MarshMellow/Saved/cupcakeHouseBase_lambert1_NormalB661682D4079193016FFDE99504356D8.tmp' to '../../../../../../Users/jessie lichter/Desktop/spring2019/Game Development 2/GitProjects/GameDev2Project/MarshMellow/Saved/Autosaves/Game/Jessie_AllThingsGold/GoldenModels/GoldenTextures/cupcakeHouseBase_lambert1_Normal_Auto1.uasset'
[2019.04.23-16.15.14:074][901]OBJ SavePackage: Generating thumbnails for [1] asset(s) in package [/Game/Jessie_AllThingsGold/GoldenModels/GoldenTextures/cupcakeHouseBase_lambert1_OcclusionRoughnessMetallic] ([1] browsable assets)...
[2019.04.23-16.15.14:081][901]OBJ SavePackage:     Rendered thumbnail for [Texture2D /Game/Jessie_AllThingsGold/GoldenModels/GoldenTextures/cupcakeHouseBase_lambert1_OcclusionRoughnessMetallic.cupcakeHouseBase_lambert1_OcclusionRoughnessMetallic]
[2019.04.23-16.15.14:081][901]OBJ SavePackage: Finished generating thumbnails for package [/Game/Jessie_AllThingsGold/GoldenModels/GoldenTextures/cupcakeHouseBase_lambert1_OcclusionRoughnessMetallic]
[2019.04.23-16.15.14:107][901]LogSavePackage: Moving '../../../../../../Users/jessie lichter/Desktop/spring2019/Game Development 2/GitProjects/GameDev2Project/MarshMellow/Saved/cupcakeHouseBase_lambert1_Occlus9A247D5F4736293E3631DB926D59BA23.tmp' to '../../../../../../Users/jessie lichter/Desktop/spring2019/Game Development 2/GitProjects/GameDev2Project/MarshMellow/Saved/Autosaves/Game/Jessie_AllThingsGold/GoldenModels/GoldenTextures/cupcakeHouseBase_lambert1_OcclusionRoughnessMetallic_Auto1.uasset'
[2019.04.23-16.15.14:110][901]LogFileHelpers: Auto-saving content packages took 0.228
[2019.04.23-16.15.21:480][320]LogSlate: Took 0.006869 seconds to synchronously load lazily loaded font '../../../Engine/Content/Slate/Fonts/DroidSansMono.ttf' (77K)
[2019.04.23-16.15.28:854][762]Cmd: r.Streaming.PoolSize 3500
[2019.04.23-16.15.28:863][762]r.Streaming.PoolSize = "3500"
[2019.04.23-16.15.28:910][765]LogContentStreaming: Texture pool size now 3500 MB
[2019.04.23-16.15.35:591][149]LogEditorViewport: Clicking on Actor (LMB): StaticMeshActor (cupcakeHouseBase2)
[2019.04.23-16.15.37:592][267]Cmd: EDIT COPY
[2019.04.23-16.15.38:353][312]Cmd: EDIT PASTE
[2019.04.23-16.15.53:729][204]LogEditorViewport: Clicking on Actor (LMB): SkeletalMeshActor (MarshmallowNPCv2)
[2019.04.23-16.15.54:481][239]Cmd: CAMERA ALIGN ACTIVEVIEWPORTONLY
[2019.04.23-16.16.15:561][195]LogEditorViewport: Clicking on Actor (LMB): StaticMeshActor (Cube4)
[2019.04.23-16.16.22:513][416]Cmd: DELETE
[2019.04.23-16.16.22:513][416]Cmd: ACTOR DELETE
[2019.04.23-16.16.22:573][416]LogEditorActor: Deleted Actor: StaticMeshActor
[2019.04.23-16.16.22:667][416]LogEditorActor: Deleted 1 Actors (0.141 secs)
[2019.04.23-16.16.25:269][514]LogEditorViewport: Clicking on Actor (LMB): StaticMeshActor (cupcakeHouseBase4)
[2019.04.23-16.16.27:862][622]LogSlate: FSceneViewport::OnFocusLost() reason 0
[2019.04.23-16.16.30:609][728]LogSlate: FSceneViewport::OnFocusLost() reason 0
[2019.04.23-16.16.44:398][336]Cmd: EDIT COPY
[2019.04.23-16.16.44:909][356]Cmd: EDIT PASTE
[2019.04.23-16.16.51:835][637]LogEditorViewport: Clicking on Actor (LMB): StaticMeshActor (Cube12)
[2019.04.23-16.16.53:063][691]Cmd: DELETE
[2019.04.23-16.16.53:064][691]Cmd: ACTOR DELETE
[2019.04.23-16.16.53:094][691]LogEditorActor: Deleted Actor: StaticMeshActor
[2019.04.23-16.16.53:164][691]LogEditorActor: Deleted 1 Actors (0.100 secs)
[2019.04.23-16.16.53:806][721]LogEditorViewport: Clicking on Actor (LMB): StaticMeshActor (cupcakeHouseBase5)
[2019.04.23-16.17.06:538][356]LogSlate: FSceneViewport::OnFocusLost() reason 0
[2019.04.23-16.17.09:782][545]LogSlate: FSceneViewport::OnFocusLost() reason 0
[2019.04.23-16.17.14:482][794]LogEditorViewport: Clicking on Actor (LMB): BP_Sky_C (BP_Sky)
[2019.04.23-16.17.20:141][120]LogSlate: FSceneViewport::OnFocusLost() reason 0
[2019.04.23-16.17.21:081][127]LogTexture: Display: Building textures: Texture2D_2 (G8, 128X128)
[2019.04.23-16.17.27:469][468]LogEditorViewport: Clicking on Actor (double click): StaticMeshActor (cupcakeHouseBase5)
[2019.04.23-16.17.28:672][536]LogEditorViewport: Clicking on Actor (double click): Landscape (Landscape)
[2019.04.23-16.17.29:147][558]LogEditorViewport: Clicking on Actor (double click): Landscape (Landscape)
[2019.04.23-16.17.48:020][669]LogSlate: FSceneViewport::OnFocusLost() reason 0
[2019.04.23-16.17.48:951][723]LogEditorViewport: Clicking on Actor (LMB): StaticMeshActor (cupcakeHouseBase4)
[2019.04.23-16.17.58:519][254]Cmd: EDIT COPY
[2019.04.23-16.17.59:138][291]Cmd: EDIT PASTE
[2019.04.23-16.18.04:038][570]LogSlate: FSceneViewport::OnFocusLost() reason 0
[2019.04.23-16.18.11:808][992]Cmd: EDIT COPY
[2019.04.23-16.18.12:378][ 26]Cmd: EDIT PASTE
[2019.04.23-16.18.15:227][184]LogSlate: FSceneViewport::OnFocusLost() reason 0
[2019.04.23-16.18.33:891][976]LogSlate: FSceneViewport::OnFocusLost() reason 0
[2019.04.23-16.18.59:446][116]LogFactory: FactoryCreateFile: StaticMesh with FbxFactory (0 0 ../../../../../../Users/jessie lichter/Desktop/spring2019/Game Development 2/FinalMarshmallowModels/assets/iceCreamScoop.fbx)
[2019.04.23-16.18.59:477][116]LogFbx: Loading FBX Scene from ../../../../../../Users/jessie lichter/Desktop/spring2019/Game Development 2/FinalMarshmallowModels/assets/iceCreamScoop.fbx
[2019.04.23-16.18.59:492][116]LogFbx: FBX Scene Loaded Succesfully
[2019.04.23-16.19.04:001][116]LogSlate: Window 'FBX Import Options' being destroyed
[2019.04.23-16.19.05:026][116]LogMaterial: Display: Missing cached shader map for material iceCreamTopID, compiling. 
[2019.04.23-16.19.05:203][116]LogShaderCompilers: Display: Shaders left to compile 22
[2019.04.23-16.19.05:203][116]LogShaderCompilers: Display: Shaders left to compile 12
[2019.04.23-16.19.05:203][116]LogShaderCompilers: Display: Shaders left to compile 2
[2019.04.23-16.19.05:203][116]LogFbx: Warning: Triangulating static mesh IceCreamTop
[2019.04.23-16.19.05:598][116]LogMaterial: Display: Missing cached shader map for material IceCreamBottomID, compiling. 
[2019.04.23-16.19.05:668][116]LogShaderCompilers: Display: Shaders left to compile 22
[2019.04.23-16.19.05:712][116]LogFbx: Warning: Triangulating static mesh IceCreamBottom
[2019.04.23-16.19.08:282][116]LogStaticMesh: Building static mesh iceCreamScoop...
[2019.04.23-16.19.08:900][116]LogShaderCompilers: Display: Shaders left to compile 12
[2019.04.23-16.19.08:900][116]LogStaticMesh: Built static mesh [0.62s] /Game/Jessie_AllThingsGold/GoldenModels/iceCreamScoop.iceCreamScoop
[2019.04.23-16.19.17:517][220]LogShaderCompilers: Display: Shaders left to compile 2
[2019.04.23-16.19.18:200][227]LogMetaData: Removing '/Game/Jessie_AllThingsGold/GoldenModels/iceCream.iceCream' ref from Metadata '/Game/Jessie_AllThingsGold/GoldenModels/iceCreamScoop.PackageMetaData'
[2019.04.23-16.19.18:671][227]LogSavePackage: Moving '../../../../../../Users/jessie lichter/Desktop/spring2019/Game Development 2/GitProjects/GameDev2Project/MarshMellow/Saved/iceCream11E3EB5B4FECE80E56A4F4A3A1626049.tmp' to '../../../../../../Users/jessie lichter/Desktop/spring2019/Game Development 2/GitProjects/GameDev2Project/MarshMellow/Content/Jessie_AllThingsGold/GoldenModels/iceCream.uasset'
[2019.04.23-16.19.34:352][415]LogSavePackage: Moving '../../../../../../Users/jessie lichter/Desktop/spring2019/Game Development 2/GitProjects/GameDev2Project/MarshMellow/Saved/IceCreamBottom_ME00388764E37D69FB6C8E680BE7E4B59.tmp' to '../../../../../../Users/jessie lichter/Desktop/spring2019/Game Development 2/GitProjects/GameDev2Project/MarshMellow/Content/Jessie_AllThingsGold/GoldenModels/IceCreamBottom_M.uasset'
[2019.04.23-16.19.35:165][415]LogSavePackage: Moving '../../../../../../Users/jessie lichter/Desktop/spring2019/Game Development 2/GitProjects/GameDev2Project/MarshMellow/Saved/iceCreamDE620AB14BAF439663352F8B96A71A65.tmp' to '../../../../../../Users/jessie lichter/Desktop/spring2019/Game Development 2/GitProjects/GameDev2Project/MarshMellow/Content/Jessie_AllThingsGold/GoldenModels/iceCream.uasset'
[2019.04.23-16.19.50:487][673]LogSavePackage: Moving '../../../../../../Users/jessie lichter/Desktop/spring2019/Game Development 2/GitProjects/GameDev2Project/MarshMellow/Saved/IceCreamTop_ME2CAB95047B9125C17A409AC33A0F3CE.tmp' to '../../../../../../Users/jessie lichter/Desktop/spring2019/Game Development 2/GitProjects/GameDev2Project/MarshMellow/Content/Jessie_AllThingsGold/GoldenModels/IceCreamTop_M.uasset'
[2019.04.23-16.19.51:263][673]LogSavePackage: Moving '../../../../../../Users/jessie lichter/Desktop/spring2019/Game Development 2/GitProjects/GameDev2Project/MarshMellow/Saved/iceCream267DB21B441896E833550CA272F92D78.tmp' to '../../../../../../Users/jessie lichter/Desktop/spring2019/Game Development 2/GitProjects/GameDev2Project/MarshMellow/Content/Jessie_AllThingsGold/GoldenModels/iceCream.uasset'
[2019.04.23-16.19.55:343][775]LogTexture: Display: Building textures: Texture2D_126 (BGRA8, 256X256)
[2019.04.23-16.19.56:648][775]LogSavePackage: Moving '../../../../../../Users/jessie lichter/Desktop/spring2019/Game Development 2/GitProjects/GameDev2Project/MarshMellow/Saved/GoldenLevel1E704FC2F427407818EC3BE8A52F00639.tmp' to '../../../../../../Users/jessie lichter/Desktop/spring2019/Game Development 2/GitProjects/GameDev2Project/MarshMellow/Content/Jessie_AllThingsGold/ActualGoldenLevel/GoldenLevel1.umap'
[2019.04.23-16.20.06:694][775]LogSavePackage: Moving '../../../../../../Users/jessie lichter/Desktop/spring2019/Game Development 2/GitProjects/GameDev2Project/MarshMellow/Saved/GoldenLevel1_BuiltDataD495BD53455932957A8DE69708998F3F.tmp' to '../../../../../../Users/jessie lichter/Desktop/spring2019/Game Development 2/GitProjects/GameDev2Project/MarshMellow/Content/Jessie_AllThingsGold/ActualGoldenLevel/GoldenLevel1_BuiltData.uasset'
[2019.04.23-16.20.27:449][ 93]LogSlate: Window 'Save Content' being destroyed
[2019.04.23-16.20.28:790][ 93]LogSavePackage: Moving '../../../../../../Users/jessie lichter/Desktop/spring2019/Game Development 2/GitProjects/GameDev2Project/MarshMellow/Saved/cupcakeHouseBase_cupcakeID_BaseCD67CBB0E4353CC804365568A315EB431.tmp' to '../../../../../../Users/jessie lichter/Desktop/spring2019/Game Development 2/GitProjects/GameDev2Project/MarshMellow/Content/Jessie_AllThingsGold/GoldenModels/GoldenTextures/cupcakeHouseBase_cupcakeID_BaseColor.uasset'
[2019.04.23-16.20.30:109][ 93]LogSavePackage: Moving '../../../../../../Users/jessie lichter/Desktop/spring2019/Game Development 2/GitProjects/GameDev2Project/MarshMellow/Saved/cupcakeHouseBase_cupcakeID_Norma6E369B214666622718D6FC97FDD02386.tmp' to '../../../../../../Users/jessie lichter/Desktop/spring2019/Game Development 2/GitProjects/GameDev2Project/MarshMellow/Content/Jessie_AllThingsGold/GoldenModels/GoldenTextures/cupcakeHouseBase_cupcakeID_Normal.uasset'
[2019.04.23-16.20.30:497][ 93]LogSavePackage: Moving '../../../../../../Users/jessie lichter/Desktop/spring2019/Game Development 2/GitProjects/GameDev2Project/MarshMellow/Saved/cupcakeHouseBase_cupcakeID_OccluCA54846A451CE7EA87EBF8A5812DB0C7.tmp' to '../../../../../../Users/jessie lichter/Desktop/spring2019/Game Development 2/GitProjects/GameDev2Project/MarshMellow/Content/Jessie_AllThingsGold/GoldenModels/GoldenTextures/cupcakeHouseBase_cupcakeID_OcclusionRoughnessMetallic.uasset'
[2019.04.23-16.20.30:978][ 93]LogSavePackage: Moving '../../../../../../Users/jessie lichter/Desktop/spring2019/Game Development 2/GitProjects/GameDev2Project/MarshMellow/Saved/cupcakeHouseBase_lambert1_BaseCo57876B63490203FF497C3DAA54F14C9E.tmp' to '../../../../../../Users/jessie lichter/Desktop/spring2019/Game Development 2/GitProjects/GameDev2Project/MarshMellow/Content/Jessie_AllThingsGold/GoldenModels/GoldenTextures/cupcakeHouseBase_lambert1_BaseColor.uasset'
[2019.04.23-16.20.32:208][ 93]LogSavePackage: Moving '../../../../../../Users/jessie lichter/Desktop/spring2019/Game Development 2/GitProjects/GameDev2Project/MarshMellow/Saved/cupcakeHouseBase_lambert1_NormalB909756E4A82BC3980E240B72E3AF90C.tmp' to '../../../../../../Users/jessie lichter/Desktop/spring2019/Game Development 2/GitProjects/GameDev2Project/MarshMellow/Content/Jessie_AllThingsGold/GoldenModels/GoldenTextures/cupcakeHouseBase_lambert1_Normal.uasset'
[2019.04.23-16.20.33:130][ 93]LogSavePackage: Moving '../../../../../../Users/jessie lichter/Desktop/spring2019/Game Development 2/GitProjects/GameDev2Project/MarshMellow/Saved/cupcakeHouseBase_lambert1_OcclusC45E61AF4516F083539A42974592044E.tmp' to '../../../../../../Users/jessie lichter/Desktop/spring2019/Game Development 2/GitProjects/GameDev2Project/MarshMellow/Content/Jessie_AllThingsGold/GoldenModels/GoldenTextures/cupcakeHouseBase_lambert1_OcclusionRoughnessMetallic.uasset'
[2019.04.23-16.20.33:278][ 93]LogSlate: Window 'MarshMellow - Unreal Editor' being destroyed
[2019.04.23-16.20.33:279][ 93]LogWindowsTextInputMethodSystem: Display: IME system now deactivated.
[2019.04.23-16.20.33:522][ 94]Cmd: QUIT_EDITOR
[2019.04.23-16.20.33:605][ 94]LogExit: Preparing to exit.
[2019.04.23-16.20.34:647][ 94]LogExit: Editor shut down
[2019.04.23-16.20.34:648][ 94]LogExit: Transaction tracking system shut down
[2019.04.23-16.20.35:427][ 94]LogExit: Object subsystem successfully closed.
[2019.04.23-16.20.35:480][ 94]LogShaderCompilers: Display: Shaders left to compile 0
[2019.04.23-16.20.35:486][ 94]LogD3D11RHI: Shutdown
[2019.04.23-16.20.35:486][ 94]LogD3D11RHI: CleanupD3DDevice
[2019.04.23-16.20.35:491][ 94]LogD3D11RHI: ~FD3D11DynamicRHI
[2019.04.23-16.20.35:549][ 94]LogModuleManager: Shutting down and abandoning module MeshBuilder (614)
[2019.04.23-16.20.35:549][ 94]LogModuleManager: Shutting down and abandoning module HierarchicalLODOutliner (612)
[2019.04.23-16.20.35:549][ 94]LogModuleManager: Shutting down and abandoning module SceneOutliner (610)
[2019.04.23-16.20.35:549][ 94]LogModuleManager: Shutting down and abandoning module WorldBrowser (608)
[2019.04.23-16.20.35:550][ 94]LogModuleManager: Shutting down and abandoning module AddContentDialog (606)
[2019.04.23-16.20.35:550][ 94]LogModuleManager: Shutting down and abandoning module WidgetCarousel (605)
[2019.04.23-16.20.35:551][ 94]LogModuleManager: Shutting down and abandoning module EditorWidgets (602)
[2019.04.23-16.20.35:551][ 94]LogModuleManager: Shutting down and abandoning module CollectionManager (600)
[2019.04.23-16.20.35:551][ 94]LogModuleManager: Shutting down and abandoning module StatsViewer (598)
[2019.04.23-16.20.35:552][ 94]LogModuleManager: Shutting down and abandoning module FoliageEdit (596)
[2019.04.23-16.20.35:552][ 94]LogModuleManager: Shutting down and abandoning module LandscapeEditor (594)
[2019.04.23-16.20.35:552][ 94]LogModuleManager: Shutting down and abandoning module MeshPaintMode (592)
[2019.04.23-16.20.35:552][ 94]LogModuleManager: Shutting down and abandoning module SceneDepthPickerMode (590)
[2019.04.23-16.20.35:552][ 94]LogModuleManager: Shutting down and abandoning module ActorPickerMode (588)
[2019.04.23-16.20.35:552][ 94]LogModuleManager: Shutting down and abandoning module GeometryMode (586)
[2019.04.23-16.20.35:552][ 94]LogModuleManager: Shutting down and abandoning module TextureAlignMode (584)
[2019.04.23-16.20.35:552][ 94]LogModuleManager: Shutting down and abandoning module BspMode (582)
[2019.04.23-16.20.35:553][ 94]LogModuleManager: Shutting down and abandoning module PIEPreviewDeviceProfileSelector (580)
[2019.04.23-16.20.35:553][ 94]LogModuleManager: Shutting down and abandoning module SequenceRecorderSections (578)
[2019.04.23-16.20.35:553][ 94]LogModuleManager: Shutting down and abandoning module AutomationWorker (576)
[2019.04.23-16.20.35:553][ 94]LogModuleManager: Shutting down and abandoning module AudioCaptureEditor (574)
[2019.04.23-16.20.35:553][ 94]LogModuleManager: Shutting down and abandoning module SequenceRecorder (573)
[2019.04.23-16.20.35:553][ 94]LogModuleManager: Shutting down and abandoning module MatineeToLevelSequence (570)
[2019.04.23-16.20.35:554][ 94]LogModuleManager: Shutting down and abandoning module LevelSequenceEditor (568)
[2019.04.23-16.20.35:555][ 94]LogModuleManager: Shutting down and abandoning module PlacementMode (567)
[2019.04.23-16.20.35:555][ 94]LogModuleManager: Shutting down and abandoning module MaterialEditor (566)
[2019.04.23-16.20.35:556][ 94]LogModuleManager: Shutting down and abandoning module WmfMediaFactory (562)
[2019.04.23-16.20.35:556][ 94]LogModuleManager: Shutting down and abandoning module WmfMediaEditor (560)
[2019.04.23-16.20.35:556][ 94]LogModuleManager: Shutting down and abandoning module MediaPlayerEditor (558)
[2019.04.23-16.20.35:557][ 94]LogModuleManager: Shutting down and abandoning module OpenExrWrapper (556)
[2019.04.23-16.20.35:557][ 94]LogModuleManager: Shutting down and abandoning module ImgMediaFactory (554)
[2019.04.23-16.20.35:557][ 94]LogModuleManager: Shutting down and abandoning module ImgMediaEditor (552)
[2019.04.23-16.20.35:557][ 94]LogModuleManager: Shutting down and abandoning module AvfMediaFactory (550)
[2019.04.23-16.20.35:557][ 94]LogModuleManager: Shutting down and abandoning module AvfMediaEditor (548)
[2019.04.23-16.20.35:557][ 94]LogModuleManager: Shutting down and abandoning module AndroidMediaFactory (546)
[2019.04.23-16.20.35:557][ 94]LogModuleManager: Shutting down and abandoning module AndroidMediaEditor (544)
[2019.04.23-16.20.35:557][ 94]LogModuleManager: Shutting down and abandoning module MagicLeapCameraPreviewFactory (542)
[2019.04.23-16.20.35:557][ 94]LogModuleManager: Shutting down and abandoning module MagicLeapMediaFactory (540)
[2019.04.23-16.20.35:557][ 94]LogModuleManager: Shutting down and abandoning module MagicLeapMediaEditor (538)
[2019.04.23-16.20.35:557][ 94]LogModuleManager: Shutting down and abandoning module CharacterAI (536)
[2019.04.23-16.20.35:557][ 94]LogModuleManager: Shutting down and abandoning module SmartSnapping (534)
[2019.04.23-16.20.35:557][ 94]LogModuleManager: Shutting down and abandoning module SessionServices (532)
[2019.04.23-16.20.35:558][ 94]LogModuleManager: Shutting down and abandoning module ViewportSnapping (530)
[2019.04.23-16.20.35:558][ 94]LogModuleManager: Shutting down and abandoning module ViewportInteraction (528)
[2019.04.23-16.20.35:558][ 94]LogModuleManager: Shutting down and abandoning module ClothPainter (526)
[2019.04.23-16.20.35:558][ 94]LogModuleManager: Shutting down and abandoning module SkeletalMeshEditor (525)
[2019.04.23-16.20.35:559][ 94]LogModuleManager: Shutting down and abandoning module LogVisualizer (522)
[2019.04.23-16.20.35:560][ 94]LogModuleManager: Shutting down and abandoning module IntroTutorials (520)
[2019.04.23-16.20.35:561][ 94]LogModuleManager: Shutting down and abandoning module GameProjectGeneration (519)
[2019.04.23-16.20.35:561][ 94]LogModuleManager: Shutting down and abandoning module LuminPlatformEditor (516)
[2019.04.23-16.20.35:561][ 94]LogModuleManager: Shutting down and abandoning module IOSPlatformEditor (514)
[2019.04.23-16.20.35:562][ 94]LogModuleManager: Shutting down and abandoning module HTML5PlatformEditor (512)
[2019.04.23-16.20.35:562][ 94]LogModuleManager: Shutting down and abandoning module AndroidPlatformEditor (510)
[2019.04.23-16.20.35:562][ 94]LogModuleManager: Shutting down and abandoning module AndroidDeviceDetection (509)
[2019.04.23-16.20.36:491][ 94]LogModuleManager: Shutting down and abandoning module WindowsPlatformEditor (506)
[2019.04.23-16.20.36:491][ 94]LogModuleManager: Shutting down and abandoning module LuminRuntimeSettings (504)
[2019.04.23-16.20.36:491][ 94]LogModuleManager: Shutting down and abandoning module IOSRuntimeSettings (502)
[2019.04.23-16.20.36:491][ 94]LogModuleManager: Shutting down and abandoning module AndroidRuntimeSettings (500)
[2019.04.23-16.20.36:491][ 94]LogModuleManager: Shutting down and abandoning module InputBindingEditor (498)
[2019.04.23-16.20.36:492][ 94]LogModuleManager: Shutting down and abandoning module MergeActors (496)
[2019.04.23-16.20.36:493][ 94]LogModuleManager: Shutting down and abandoning module LocalizationDashboard (494)
[2019.04.23-16.20.36:494][ 94]LogModuleManager: Shutting down and abandoning module LocalizationService (493)
[2019.04.23-16.20.36:494][ 94]LogModuleManager: Shutting down and abandoning module HardwareTargeting (490)
[2019.04.23-16.20.36:494][ 94]LogModuleManager: Shutting down and abandoning module DeviceProfileEditor (488)
[2019.04.23-16.20.36:495][ 94]LogModuleManager: Shutting down and abandoning module UndoHistory (486)
[2019.04.23-16.20.36:495][ 94]LogModuleManager: Shutting down and abandoning module XmlParser (484)
[2019.04.23-16.20.36:495][ 94]LogModuleManager: Shutting down and abandoning module Blutility (482)
[2019.04.23-16.20.36:496][ 94]LogModuleManager: Shutting down and abandoning module ProjectSettingsViewer (480)
[2019.04.23-16.20.36:496][ 94]LogModuleManager: Shutting down and abandoning module ProjectTargetPlatformEditor (479)
[2019.04.23-16.20.36:496][ 94]LogModuleManager: Shutting down and abandoning module EditorSettingsViewer (476)
[2019.04.23-16.20.36:497][ 94]LogModuleManager: Shutting down and abandoning module SettingsEditor (474)
[2019.04.23-16.20.36:498][ 94]LogModuleManager: Shutting down and abandoning module ProjectLauncher (472)
[2019.04.23-16.20.36:498][ 94]LogModuleManager: Shutting down and abandoning module SessionFrontend (470)
[2019.04.23-16.20.36:499][ 94]LogModuleManager: Shutting down and abandoning module ProfilerClient (468)
[2019.04.23-16.20.36:500][ 94]LogModuleManager: Shutting down and abandoning module DeviceManager (466)
[2019.04.23-16.20.36:500][ 94]LogModuleManager: Shutting down and abandoning module TargetDeviceServices (465)
[2019.04.23-16.20.36:556][ 94]LogModuleManager: Shutting down and abandoning module AutomationController (462)
[2019.04.23-16.20.36:557][ 94]LogModuleManager: Shutting down and abandoning module AutomationWindow (460)
[2019.04.23-16.20.36:557][ 94]LogModuleManager: Shutting down and abandoning module Layers (458)
[2019.04.23-16.20.36:559][ 94]LogModuleManager: Shutting down and abandoning module ComponentVisualizers (456)
[2019.04.23-16.20.36:559][ 94]LogModuleManager: Shutting down and abandoning module DetailCustomizations (454)
[2019.04.23-16.20.36:559][ 94]LogModuleManager: Shutting down and abandoning module PackagesDialog (452)
[2019.04.23-16.20.36:560][ 94]LogModuleManager: Shutting down and abandoning module Persona (450)
[2019.04.23-16.20.36:561][ 94]LogModuleManager: Shutting down and abandoning module AdvancedPreviewScene (449)
[2019.04.23-16.20.36:561][ 94]LogModuleManager: Shutting down and abandoning module AnimGraph (447)
[2019.04.23-16.20.36:561][ 94]LogModuleManager: Shutting down and abandoning module Kismet (444)
[2019.04.23-16.20.36:564][ 94]LogModuleManager: Shutting down and abandoning module GraphEditor (442)
[2019.04.23-16.20.36:566][ 94]LogModuleManager: Shutting down and abandoning module ClassViewer (440)
[2019.04.23-16.20.36:566][ 94]LogModuleManager: Shutting down and abandoning module Toolbox (438)
[2019.04.23-16.20.36:566][ 94]LogModuleManager: Shutting down and abandoning module ModuleUI (436)
[2019.04.23-16.20.36:566][ 94]LogModuleManager: Shutting down and abandoning module MovieSceneTools (434)
[2019.04.23-16.20.36:567][ 94]LogModuleManager: Shutting down and abandoning module OutputLog (432)
[2019.04.23-16.20.36:567][ 94]LogModuleManager: Shutting down and abandoning module GammaUI (430)
[2019.04.23-16.20.36:567][ 94]LogModuleManager: Shutting down and abandoning module Documentation (428)
[2019.04.23-16.20.36:567][ 94]LogModuleManager: Shutting down and abandoning module MovieSceneTracks (426)
[2019.04.23-16.20.36:567][ 94]LogModuleManager: Shutting down and abandoning module MovieScene (424)
[2019.04.23-16.20.36:568][ 94]LogModuleManager: Shutting down and abandoning module StreamingPauseRendering (422)
[2019.04.23-16.20.36:568][ 94]LogModuleManager: Shutting down and abandoning module LauncherPlatform (420)
[2019.04.23-16.20.36:568][ 94]LogModuleManager: Shutting down and abandoning module AnalyticsET (418)
[2019.04.23-16.20.36:568][ 94]LogModuleManager: Shutting down and abandoning module PortalServices (416)
[2019.04.23-16.20.36:568][ 94]LogModuleManager: Shutting down and abandoning module PortalRpc (414)
[2019.04.23-16.20.36:568][ 94]LogModuleManager: Shutting down and abandoning module MessagingRpc (412)
[2019.04.23-16.20.36:568][ 94]LogModuleManager: Shutting down and abandoning module AIModule (410)
[2019.04.23-16.20.36:569][ 94]LogModuleManager: Shutting down and abandoning module GameplayDebugger (409)
[2019.04.23-16.20.36:570][ 94]LogModuleManager: Shutting down and abandoning module AITestSuite (407)
[2019.04.23-16.20.36:570][ 94]LogModuleManager: Shutting down and abandoning module NavigationSystem (405)
[2019.04.23-16.20.36:570][ 94]LogModuleManager: Shutting down and abandoning module DesktopPlatform (402)
[2019.04.23-16.20.36:570][ 94]LogModuleManager: Shutting down and abandoning module ProfilerService (400)
[2019.04.23-16.20.36:797][ 94]LogModuleManager: Shutting down and abandoning module TaskGraph (398)
[2019.04.23-16.20.36:798][ 94]LogModuleManager: Shutting down and abandoning module SteamVRController (396)
[2019.04.23-16.20.36:798][ 94]LogModuleManager: Shutting down and abandoning module ProceduralMeshComponentEditor (394)
[2019.04.23-16.20.36:798][ 94]LogModuleManager: Shutting down and abandoning module ProceduralMeshComponent (392)
[2019.04.23-16.20.36:799][ 94]LogModuleManager: Shutting down and abandoning module OculusInput (390)
[2019.04.23-16.20.36:799][ 94]LogModuleManager: Shutting down and abandoning module MobilePatchingUtils (388)
[2019.04.23-16.20.36:799][ 94]LogModuleManager: Shutting down and abandoning module EditableMesh (386)
[2019.04.23-16.20.36:799][ 94]LogModuleManager: Shutting down and abandoning module CustomMeshComponent (384)
[2019.04.23-16.20.36:799][ 94]LogModuleManager: Shutting down and abandoning module CableComponent (382)
[2019.04.23-16.20.36:800][ 94]LogModuleManager: Shutting down and abandoning module AudioCapture (380)
[2019.04.23-16.20.36:800][ 94]LogModuleManager: Shutting down and abandoning module ArchVisCharacter (378)
[2019.04.23-16.20.36:800][ 94]LogModuleManager: Shutting down and abandoning module AndroidPermission (376)
[2019.04.23-16.20.36:800][ 94]LogModuleManager: Shutting down and abandoning module NUTUnrealEngine4 (374)
[2019.04.23-16.20.36:800][ 94]LogModuleManager: Shutting down and abandoning module NetcodeUnitTest (372)
[2019.04.23-16.20.36:801][ 94]LogModuleManager: Shutting down and abandoning module MediaCompositingEditor (370)
[2019.04.23-16.20.36:802][ 94]LogModuleManager: Shutting down and abandoning module MediaCompositing (368)
[2019.04.23-16.20.36:802][ 94]LogModuleManager: Shutting down and abandoning module LinearTimecode (366)
[2019.04.23-16.20.36:802][ 94]LogModuleManager: Shutting down and abandoning module ImgMedia (364)
[2019.04.23-16.20.36:815][ 94]LogModuleManager: Shutting down and abandoning module HTML5Networking (362)
[2019.04.23-16.20.36:815][ 94]LogModuleManager: Shutting down and abandoning module GeometryCacheTracks (360)
[2019.04.23-16.20.36:815][ 94]LogModuleManager: Shutting down and abandoning module GeometryCacheSequencer (358)
[2019.04.23-16.20.36:816][ 94]LogModuleManager: Shutting down and abandoning module BackChannel (356)
[2019.04.23-16.20.36:816][ 94]LogModuleManager: Shutting down and abandoning module AppleVision (354)
[2019.04.23-16.20.36:816][ 94]LogModuleManager: Shutting down and abandoning module AppleImageUtils (352)
[2019.04.23-16.20.36:816][ 94]LogModuleManager: Shutting down and abandoning module AlembicImporter (350)
[2019.04.23-16.20.36:817][ 94]LogModuleManager: Shutting down and abandoning module AlembicLibrary (349)
[2019.04.23-16.20.36:817][ 94]LogModuleManager: Shutting down and abandoning module GeometryCache (348)
[2019.04.23-16.20.36:817][ 94]LogModuleManager: Shutting down and abandoning module GeometryCacheEd (347)
[2019.04.23-16.20.36:817][ 94]LogModuleManager: Shutting down and abandoning module DatasmithContentEditor (342)
[2019.04.23-16.20.36:817][ 94]LogModuleManager: Shutting down and abandoning module DatasmithContent (340)
[2019.04.23-16.20.36:821][ 94]LogModuleManager: Shutting down and abandoning module SpeedTreeImporter (338)
[2019.04.23-16.20.36:821][ 94]LogModuleManager: Shutting down and abandoning module PluginBrowser (336)
[2019.04.23-16.20.36:823][ 94]LogModuleManager: Shutting down and abandoning module MobileLauncherProfileWizard (334)
[2019.04.23-16.20.36:824][ 94]LogModuleManager: Shutting down and abandoning module PolygonModeling (332)
[2019.04.23-16.20.36:824][ 94]LogModuleManager: Shutting down and abandoning module MeshEditor (330)
[2019.04.23-16.20.36:824][ 94]LogModuleManager: Shutting down and abandoning module CryptoKeysOpenSSL (328)
[2019.04.23-16.20.36:825][ 94]LogModuleManager: Shutting down and abandoning module CryptoKeys (326)
[2019.04.23-16.20.36:825][ 94]LogModuleManager: Shutting down and abandoning module VisualStudioSourceCodeAccess (324)
[2019.04.23-16.20.36:825][ 94]LogModuleManager: Shutting down and abandoning module VisualStudioCodeSourceCodeAccess (322)
[2019.04.23-16.20.36:825][ 94]LogModuleManager: Shutting down and abandoning module UObjectPlugin (320)
[2019.04.23-16.20.36:825][ 94]LogModuleManager: Shutting down and abandoning module SubversionSourceControl (318)
[2019.04.23-16.20.36:826][ 94]LogModuleManager: Shutting down and abandoning module PerforceSourceControl (316)
[2019.04.23-16.20.36:827][ 94]LogModuleManager: Shutting down and abandoning module GitSourceControl (314)
[2019.04.23-16.20.36:829][ 94]LogModuleManager: Shutting down and abandoning module SourceControl (313)
[2019.04.23-16.20.36:829][ 94]LogModuleManager: Shutting down and abandoning module CLionSourceCodeAccess (310)
[2019.04.23-16.20.36:830][ 94]LogModuleManager: Shutting down and abandoning module LightPropagationVolumeEditor (308)
[2019.04.23-16.20.36:830][ 94]LogModuleManager: Shutting down and abandoning module PaperTiledImporter (306)
[2019.04.23-16.20.36:830][ 94]LogModuleManager: Shutting down and abandoning module PaperSpriteSheetImporter (304)
[2019.04.23-16.20.36:830][ 94]LogModuleManager: Shutting down and abandoning module Paper2DEditor (302)
[2019.04.23-16.20.36:831][ 94]LogModuleManager: Shutting down and abandoning module MeshPaint (301)
[2019.04.23-16.20.36:832][ 94]LogModuleManager: Shutting down and abandoning module RuntimePhysXCooking (298)
[2019.04.23-16.20.36:832][ 94]LogModuleManager: Shutting down and abandoning module PhysXVehiclesEditor (296)
[2019.04.23-16.20.36:832][ 94]LogModuleManager: Shutting down and abandoning module PhysXVehicles (294)
[2019.04.23-16.20.36:832][ 94]LogModuleManager: Shutting down and abandoning module OculusEditor (292)
[2019.04.23-16.20.36:832][ 94]LogModuleManager: Shutting down and abandoning module LocationServicesBPLibrary (290)
[2019.04.23-16.20.36:832][ 94]LogModuleManager: Shutting down and abandoning module ImmediatePhysicsEditor (288)
[2019.04.23-16.20.36:832][ 94]LogModuleManager: Shutting down and abandoning module ImmediatePhysics (286)
[2019.04.23-16.20.36:833][ 94]LogModuleManager: Shutting down and abandoning module ActorSequence (284)
[2019.04.23-16.20.36:833][ 94]LogModuleManager: Shutting down and abandoning module UdpMessaging (282)
[2019.04.23-16.20.36:934][ 94]LogModuleManager: Shutting down and abandoning module TcpMessaging (280)
[2019.04.23-16.20.37:036][ 94]LogModuleManager: Shutting down and abandoning module MagicLeapAudio (278)
[2019.04.23-16.20.37:036][ 94]LogModuleManager: Shutting down and abandoning module GameplayTagsEditor (276)
[2019.04.23-16.20.37:037][ 94]LogModuleManager: Shutting down and abandoning module FacialAnimationEditor (274)
[2019.04.23-16.20.37:037][ 94]LogModuleManager: Shutting down and abandoning module FacialAnimation (272)
[2019.04.23-16.20.37:037][ 94]LogModuleManager: Shutting down and abandoning module DataValidation (270)
[2019.04.23-16.20.37:037][ 94]LogModuleManager: Shutting down and abandoning module AssetManagerEditor (268)
[2019.04.23-16.20.37:038][ 94]LogModuleManager: Shutting down and abandoning module LevelEditor (267)
[2019.04.23-16.20.37:042][ 94]LogModuleManager: Shutting down and abandoning module PixelInspectorModule (266)
[2019.04.23-16.20.37:043][ 94]LogModuleManager: Shutting down and abandoning module CommonMenuExtensions (264)
[2019.04.23-16.20.37:043][ 94]LogModuleManager: Shutting down and abandoning module MainFrame (262)
[2019.04.23-16.20.37:044][ 94]LogModuleManager: Shutting down and abandoning module HotReload (261)
[2019.04.23-16.20.37:047][ 94]LogModuleManager: Shutting down and abandoning module ContentBrowser (257)
[2019.04.23-16.20.37:051][ 94]LogModuleManager: Shutting down and abandoning module TreeMap (255)
[2019.04.23-16.20.37:051][ 94]LogModuleManager: Shutting down and abandoning module LightPropagationVolumeRuntime (252)
[2019.04.23-16.20.37:051][ 94]LogModuleManager: Shutting down and abandoning module AISupportModule (250)
[2019.04.23-16.20.37:052][ 94]LogModuleManager: Shutting down and abandoning module Paper2D (248)
[2019.04.23-16.20.37:052][ 94]LogModuleManager: Shutting down and abandoning module WindowsMoviePlayer (246)
[2019.04.23-16.20.37:053][ 94]LogModuleManager: Shutting down and abandoning module WmfMedia (244)
[2019.04.23-16.20.37:069][ 94]LogModuleManager: Shutting down and abandoning module Media (243)
[2019.04.23-16.20.37:077][ 94]LogModuleManager: Shutting down and abandoning module PacketHandler (240)
[2019.04.23-16.20.37:077][ 94]LogModuleManager: Shutting down and abandoning module ClothingSystemEditor (238)
[2019.04.23-16.20.37:077][ 94]LogModuleManager: Shutting down and abandoning module ClothingSystemRuntime (236)
[2019.04.23-16.20.37:078][ 94]LogModuleManager: Shutting down and abandoning module MediaAssets (234)
[2019.04.23-16.20.37:078][ 94]LogModuleManager: Shutting down and abandoning module Overlay (232)
[2019.04.23-16.20.37:078][ 94]LogModuleManager: Shutting down and abandoning module OverlayEditor (231)
[2019.04.23-16.20.37:079][ 94]LogModuleManager: Shutting down and abandoning module VREditor (228)
[2019.04.23-16.20.37:079][ 94]LogModuleManager: Shutting down and abandoning module StringTableEditor (226)
[2019.04.23-16.20.37:080][ 94]LogModuleManager: Shutting down and abandoning module GameplayTasksEditor (224)
[2019.04.23-16.20.37:080][ 94]LogModuleManager: Shutting down and abandoning module BehaviorTreeEditor (222)
[2019.04.23-16.20.37:082][ 94]LogModuleManager: Shutting down and abandoning module FunctionalTesting (220)
[2019.04.23-16.20.37:083][ 94]LogModuleManager: Shutting down and abandoning module CollisionAnalyzer (218)
[2019.04.23-16.20.37:084][ 94]LogModuleManager: Shutting down and abandoning module WorkspaceMenuStructure (217)
[2019.04.23-16.20.37:084][ 94]LogModuleManager: Shutting down and abandoning module UMG (214)
[2019.04.23-16.20.37:085][ 94]LogModuleManager: Shutting down and abandoning module UMGEditor (213)
[2019.04.23-16.20.37:086][ 94]LogModuleManager: Shutting down and abandoning module Sequencer (212)
[2019.04.23-16.20.37:089][ 94]LogModuleManager: Shutting down and abandoning module MessageLog (209)
[2019.04.23-16.20.37:089][ 94]LogModuleManager: Shutting down and abandoning module SlateReflector (204)
[2019.04.23-16.20.37:091][ 94]LogModuleManager: Shutting down and abandoning module Slate (202)
[2019.04.23-16.20.37:091][ 94]LogModuleManager: Shutting down and abandoning module EditorStyle (200)
[2019.04.23-16.20.37:098][ 94]LogModuleManager: Shutting down and abandoning module MRMesh (198)
[2019.04.23-16.20.37:099][ 94]LogModuleManager: Shutting down and abandoning module SourceCodeAccess (196)
[2019.04.23-16.20.37:099][ 94]LogModuleManager: Shutting down and abandoning module HeadMountedDisplay (194)
[2019.04.23-16.20.37:099][ 94]LogModuleManager: Shutting down and abandoning module XAudio2 (192)
[2019.04.23-16.20.37:099][ 94]LogModuleManager: Shutting down and abandoning module Networking (190)
[2019.04.23-16.20.37:099][ 94]LogModuleManager: Shutting down and abandoning module Core (188)
[2019.04.23-16.20.37:099][ 94]LogModuleManager: Shutting down and abandoning module LevelSequence (186)
[2019.04.23-16.20.37:099][ 94]LogModuleManager: Shutting down and abandoning module KismetCompiler (184)
[2019.04.23-16.20.37:099][ 94]LogModuleManager: Shutting down and abandoning module MeshUtilities (182)
[2019.04.23-16.20.37:100][ 94]LogModuleManager: Shutting down and abandoning module MeshMergeUtilities (181)
[2019.04.23-16.20.37:101][ 94]LogModuleManager: Shutting down and abandoning module MeshReductionInterface (180)
[2019.04.23-16.20.37:101][ 94]LogModuleManager: Shutting down and abandoning module SimplygonSwarm (179)
[2019.04.23-16.20.37:102][ 94]LogModuleManager: Shutting down and abandoning module ProxyLODMeshReduction (177)
[2019.04.23-16.20.37:102][ 94]LogModuleManager: Shutting down and abandoning module SimplygonMeshReduction (175)
[2019.04.23-16.20.37:103][ 94]LogModuleManager: Shutting down and abandoning module QuadricMeshReduction (173)
[2019.04.23-16.20.37:103][ 94]LogModuleManager: Shutting down and abandoning module MaterialBaking (169)
[2019.04.23-16.20.37:104][ 94]LogModuleManager: Shutting down and abandoning module DirectoryWatcher (165)
[2019.04.23-16.20.37:104][ 94]LogModuleManager: Shutting down and abandoning module DerivedDataCache (162)
[2019.04.23-16.20.37:130][ 94]LogDerivedDataCache: Shutdown
[2019.04.23-16.20.37:131][ 94]LogModuleManager: Shutting down and abandoning module XGEController (160)
[2019.04.23-16.20.37:132][ 94]LogModuleManager: Shutting down and abandoning module TargetPlatform (158)
[2019.04.23-16.20.37:132][ 94]LogModuleManager: Shutting down and abandoning module VulkanShaderFormat (157)
[2019.04.23-16.20.37:132][ 94]LogModuleManager: Shutting down and abandoning module ShaderFormatVectorVM (155)
[2019.04.23-16.20.37:133][ 94]LogModuleManager: Shutting down and abandoning module ShaderFormatOpenGL (153)
[2019.04.23-16.20.37:133][ 94]LogModuleManager: Shutting down and abandoning module ShaderFormatD3D (151)
[2019.04.23-16.20.37:134][ 94]LogModuleManager: Shutting down and abandoning module MetalShaderFormat (149)
[2019.04.23-16.20.37:134][ 94]LogModuleManager: Shutting down and abandoning module TextureFormatUncompressed (147)
[2019.04.23-16.20.37:134][ 94]LogModuleManager: Shutting down and abandoning module TextureFormatPVR (145)
[2019.04.23-16.20.37:135][ 94]LogModuleManager: Shutting down and abandoning module TextureFormatDXT (143)
[2019.04.23-16.20.37:135][ 94]LogModuleManager: Shutting down and abandoning module TextureFormatIntelISPCTexComp (141)
[2019.04.23-16.20.37:136][ 94]LogModuleManager: Shutting down and abandoning module TextureFormatASTC (139)
[2019.04.23-16.20.37:136][ 94]LogModuleManager: Shutting down and abandoning module ImageWrapper (138)
[2019.04.23-16.20.37:136][ 94]LogModuleManager: Shutting down and abandoning module TextureFormatAndroid (135)
[2019.04.23-16.20.37:136][ 94]LogModuleManager: Shutting down and abandoning module AudioFormatOpus (133)
[2019.04.23-16.20.37:136][ 94]LogModuleManager: Shutting down and abandoning module AudioFormatOgg (131)
[2019.04.23-16.20.37:136][ 94]LogModuleManager: Shutting down and abandoning module AudioFormatADPCM (129)
[2019.04.23-16.20.37:136][ 94]LogModuleManager: Shutting down and abandoning module LuminTargetPlatform (127)
[2019.04.23-16.20.37:137][ 94]LogModuleManager: Shutting down and abandoning module LinuxTargetPlatform (125)
[2019.04.23-16.20.37:137][ 94]LogModuleManager: Shutting down and abandoning module LinuxServerTargetPlatform (123)
[2019.04.23-16.20.37:137][ 94]LogModuleManager: Shutting down and abandoning module LinuxNoEditorTargetPlatform (121)
[2019.04.23-16.20.37:137][ 94]LogModuleManager: Shutting down and abandoning module LinuxClientTargetPlatform (119)
[2019.04.23-16.20.37:138][ 94]LogModuleManager: Shutting down and abandoning module TVOSTargetPlatform (117)
[2019.04.23-16.20.37:142][ 94]LogModuleManager: Shutting down and abandoning module Messaging (115)
[2019.04.23-16.20.37:142][ 94]LogModuleManager: Shutting down and abandoning module IOSTargetPlatform (113)
[2019.04.23-16.20.37:145][ 94]LogModuleManager: Shutting down and abandoning module HTML5TargetPlatform (111)
[2019.04.23-16.20.37:145][ 94]LogModuleManager: Shutting down and abandoning module AndroidTargetPlatform (109)
[2019.04.23-16.20.37:182][ 94]LogModuleManager: Shutting down and abandoning module WindowsTargetPlatform (107)
[2019.04.23-16.20.37:183][ 94]LogModuleManager: Shutting down and abandoning module WindowsServerTargetPlatform (105)
[2019.04.23-16.20.37:183][ 94]LogModuleManager: Shutting down and abandoning module WindowsNoEditorTargetPlatform (103)
[2019.04.23-16.20.37:183][ 94]LogModuleManager: Shutting down and abandoning module WindowsClientTargetPlatform (101)
[2019.04.23-16.20.37:183][ 94]LogModuleManager: Shutting down and abandoning module MacTargetPlatform (99)
[2019.04.23-16.20.37:183][ 94]LogModuleManager: Shutting down and abandoning module MacServerTargetPlatform (97)
[2019.04.23-16.20.37:183][ 94]LogModuleManager: Shutting down and abandoning module MacNoEditorTargetPlatform (95)
[2019.04.23-16.20.37:183][ 94]LogModuleManager: Shutting down and abandoning module MacClientTargetPlatform (93)
[2019.04.23-16.20.37:184][ 94]LogModuleManager: Shutting down and abandoning module AllDesktopTargetPlatform (91)
[2019.04.23-16.20.37:184][ 94]LogModuleManager: Shutting down and abandoning module InputCore (88)
[2019.04.23-16.20.37:184][ 94]LogModuleManager: Shutting down and abandoning module Settings (86)
[2019.04.23-16.20.37:184][ 94]LogModuleManager: Shutting down and abandoning module PhysXCooking (84)
[2019.04.23-16.20.37:184][ 94]LogModuleManager: Shutting down and abandoning module SteamVR (82)
[2019.04.23-16.20.37:185][ 94]LogModuleManager: Shutting down and abandoning module OculusHMD (80)
[2019.04.23-16.20.37:185][ 94]LogModuleManager: Shutting down and abandoning module ExampleDeviceProfileSelector (78)
[2019.04.23-16.20.37:185][ 94]LogModuleManager: Shutting down and abandoning module LauncherChunkInstaller (76)
[2019.04.23-16.20.37:185][ 94]LogModuleManager: Shutting down and abandoning module OnlineBlueprintSupport (74)
[2019.04.23-16.20.37:186][ 94]LogModuleManager: Shutting down and abandoning module OnlineSubsystem (70)
[2019.04.23-16.20.37:191][ 94]LogModuleManager: Shutting down and abandoning module XMPP (65)
[2019.04.23-16.20.37:193][ 94]LogModuleManager: Shutting down and abandoning module WebSockets (64)
[2019.04.23-16.20.37:216][ 94]LogModuleManager: Shutting down and abandoning module HTTP (61)
[2019.04.23-16.20.37:217][ 94]LogHttp: Display: Http module shutting down, but needs to wait on 1 outstanding Http requests:
[2019.04.23-16.20.37:217][ 94]LogHttp: Display: 	verb=[POST] url=[https://datarouter.ol.epicgames.com/datarouter/api/v1/public/data?SessionID=%7B3967CF88-449D-0C68-3487-048318A3C1AF%7D&AppID=UEEditor.Rocket.Release&AppVersion=4.20.3-4369336%2B%2B%2BUE4%2BRelease-4.20&UserID=52c8d69c47c3b558f96bdeaad69b44a8%7C1e4490187f7d4590821fe5ea33366920%7Ca0ac2db9-04c3-40ba-9c12-a7ac0bed75b1&AppEnvironment=datacollector-binary&UploadType=eteventstream] status=Processing
[2019.04.23-16.20.37:240][ 94]LogModuleManager: Shutting down and abandoning module SSL (60)
[2019.04.23-16.20.37:250][ 94]LogModuleManager: Shutting down and abandoning module MagicLeapEmulator (56)
[2019.04.23-16.20.37:250][ 94]LogModuleManager: Shutting down and abandoning module MagicLeapPrivileges (54)
[2019.04.23-16.20.37:250][ 94]LogModuleManager: Shutting down and abandoning module MagicLeapIdentity (52)
[2019.04.23-16.20.37:250][ 94]LogModuleManager: Shutting down and abandoning module MagicLeapHelperVulkan (50)
[2019.04.23-16.20.37:250][ 94]LogModuleManager: Shutting down and abandoning module MagicLeapHelperOpenGL (48)
[2019.04.23-16.20.37:251][ 94]LogModuleManager: Shutting down and abandoning module MagicLeapSecureStorage (46)
[2019.04.23-16.20.37:251][ 94]LogModuleManager: Shutting down and abandoning module MagicLeapGestures (44)
[2019.04.23-16.20.37:251][ 94]LogModuleManager: Shutting down and abandoning module MagicLeapEyeTracker (42)
[2019.04.23-16.20.37:251][ 94]LogModuleManager: Shutting down and abandoning module MagicLeapController (40)
[2019.04.23-16.20.37:252][ 94]LogSlate: Slate User Destroyed.  User Index 0, Is Virtual User: 0
[2019.04.23-16.20.37:252][ 94]LogModuleManager: Shutting down and abandoning module MagicLeap (38)
[2019.04.23-16.20.37:252][ 94]LogModuleManager: Shutting down and abandoning module AnimationModifiers (36)
[2019.04.23-16.20.37:267][ 94]LogModuleManager: Shutting down and abandoning module PropertyEditor (35)
[2019.04.23-16.20.37:268][ 94]LogModuleManager: Shutting down and abandoning module AudioEditor (32)
[2019.04.23-16.20.37:270][ 94]LogModuleManager: Shutting down and abandoning module TextureCompressor (30)
[2019.04.23-16.20.37:270][ 94]LogModuleManager: Shutting down and abandoning module ShaderCore (28)
[2019.04.23-16.20.37:270][ 94]LogModuleManager: Shutting down and abandoning module Landscape (26)
[2019.04.23-16.20.37:270][ 94]LogModuleManager: Shutting down and abandoning module SlateRHIRenderer (24)
[2019.04.23-16.20.37:274][ 94]LogModuleManager: Shutting down and abandoning module OpenGLDrv (22)
[2019.04.23-16.20.37:278][ 94]LogModuleManager: Shutting down and abandoning module D3D11RHI (20)
[2019.04.23-16.20.37:278][ 94]LogModuleManager: Shutting down and abandoning module AnimGraphRuntime (18)
[2019.04.23-16.20.37:288][ 94]LogModuleManager: Shutting down and abandoning module Renderer (16)
[2019.04.23-16.20.37:288][ 94]LogModuleManager: Shutting down and abandoning module Engine (14)
[2019.04.23-16.20.37:288][ 94]LogModuleManager: Shutting down and abandoning module CoreUObject (12)
[2019.04.23-16.20.37:288][ 94]LogModuleManager: Shutting down and abandoning module NetworkFile (10)
[2019.04.23-16.20.37:296][ 94]LogModuleManager: Shutting down and abandoning module CookedIterativeFile (8)
[2019.04.23-16.20.37:296][ 94]LogModuleManager: Shutting down and abandoning module StreamingFile (6)
[2019.04.23-16.20.37:297][ 94]LogModuleManager: Shutting down and abandoning module SandboxFile (4)
[2019.04.23-16.20.37:297][ 94]LogModuleManager: Shutting down and abandoning module PakFile (2)
[2019.04.23-16.20.37:385][ 94]LogExit: Exiting.
[2019.04.23-16.20.38:144][ 94]Log file closed, 04/23/19 12:20:38
