Log file open, 04/23/19 00:24:12
LogWindows: Failed to load 'aqProf.dll' (GetLastError=126)
LogWindows: File 'aqProf.dll' does not exist
LogWindows: Failed to load 'VtuneApi.dll' (GetLastError=126)
LogWindows: File 'VtuneApi.dll' does not exist
LogWindows: Failed to load 'VtuneApi32e.dll' (GetLastError=126)
LogWindows: File 'VtuneApi32e.dll' does not exist
LogInit: Display: Running engine for game: MarshMellow
LogPlatformFile: Not using cached read wrapper
LogTaskGraph: Started task graph with 5 named threads and 23 total threads with 3 sets of task threads.
LogStats: Stats thread started at 0.295946
LogD3D11RHI: Loaded GFSDK_Aftermath_Lib.x64.dll
LogICUInternationalization: Display: ICU TimeZone Detection - Raw Offset: -5:00, Platform Override: ''
LogPluginManager: Mounting plugin Paper2D
LogPluginManager: Mounting plugin AISupport
LogPluginManager: Mounting plugin LightPropagationVolume
LogPluginManager: Mounting plugin CLionSourceCodeAccess
LogPluginManager: Mounting plugin CodeLiteSourceCodeAccess
LogPluginManager: Mounting plugin GitSourceControl
LogPluginManager: Mounting plugin KDevelopSourceCodeAccess
LogPluginManager: Mounting plugin NullSourceCodeAccess
LogPluginManager: Mounting plugin PerforceSourceControl
LogPluginManager: Mounting plugin SubversionSourceControl
LogPluginManager: Mounting plugin UObjectPlugin
LogPluginManager: Mounting plugin VisualStudioCodeSourceCodeAccess
LogPluginManager: Mounting plugin VisualStudioSourceCodeAccess
LogPluginManager: Mounting plugin XCodeSourceCodeAccess
LogPluginManager: Mounting plugin AssetManagerEditor
LogPluginManager: Mounting plugin CryptoKeys
LogPluginManager: Mounting plugin DataValidation
LogPluginManager: Mounting plugin FacialAnimation
LogPluginManager: Mounting plugin GameplayTagsEditor
LogPluginManager: Mounting plugin MacGraphicsSwitching
LogPluginManager: Mounting plugin MeshEditor
LogPluginManager: Mounting plugin MobileLauncherProfileWizard
LogPluginManager: Mounting plugin PluginBrowser
LogPluginManager: Mounting plugin SpeedTreeImporter
LogPluginManager: Mounting plugin DatasmithContent
LogPluginManager: Mounting plugin AlembicImporter
LogPluginManager: Mounting plugin AppleImageUtils
LogPluginManager: Mounting plugin AppleVision
LogPluginManager: Mounting plugin BackChannel
LogPluginManager: Mounting plugin CharacterAI
LogPluginManager: Mounting plugin GeometryCache
LogPluginManager: Mounting plugin HTML5Networking
LogPluginManager: Mounting plugin ProxyLODPlugin
LogPluginManager: Mounting plugin MagicLeap
LogPluginManager: Mounting plugin MagicLeapEmulator
LogPluginManager: Mounting plugin MagicLeapMedia
LogPluginManager: Mounting plugin AndroidMedia
LogPluginManager: Mounting plugin AvfMedia
LogPluginManager: Mounting plugin ImgMedia
LogPluginManager: Mounting plugin LinearTimecode
LogPluginManager: Mounting plugin MediaCompositing
LogPluginManager: Mounting plugin MediaPlayerEditor
LogPluginManager: Mounting plugin WmfMedia
LogPluginManager: Mounting plugin TcpMessaging
LogPluginManager: Mounting plugin UdpMessaging
LogPluginManager: Mounting plugin ActorSequence
LogPluginManager: Mounting plugin LevelSequenceEditor
LogPluginManager: Mounting plugin MatineeToLevelSequence
LogPluginManager: Mounting plugin NetcodeUnitTest
LogPluginManager: Mounting plugin NUTUnrealEngine4
LogPluginManager: Mounting plugin OnlineSubsystemGooglePlay
LogPluginManager: Mounting plugin OnlineSubsystemIOS
LogPluginManager: Mounting plugin OnlineSubsystem
LogPluginManager: Mounting plugin OnlineSubsystemNull
LogPluginManager: Mounting plugin OnlineSubsystemUtils
LogPluginManager: Mounting plugin LauncherChunkInstaller
LogPluginManager: Mounting plugin AndroidDeviceProfileSelector
LogPluginManager: Mounting plugin AndroidMoviePlayer
LogPluginManager: Mounting plugin AndroidPermission
LogPluginManager: Mounting plugin AppleMoviePlayer
LogPluginManager: Mounting plugin ArchVisCharacter
LogPluginManager: Mounting plugin AudioCapture
LogPluginManager: Mounting plugin CableComponent
LogPluginManager: Mounting plugin CustomMeshComponent
LogPluginManager: Mounting plugin EditableMesh
LogPluginManager: Mounting plugin ExampleDeviceProfileSelector
LogPluginManager: Mounting plugin GoogleCloudMessaging
LogPluginManager: Mounting plugin ImmediatePhysics
LogPluginManager: Mounting plugin IOSDeviceProfileSelector
LogPluginManager: Mounting plugin LinuxDeviceProfileSelector
LogPluginManager: Mounting plugin LocationServicesBPLibrary
LogPluginManager: Mounting plugin MobilePatchingUtils
LogPluginManager: Mounting plugin OculusVR
LogPluginManager: Plugin shader directory ../../../Engine/Plugins/Runtime/Oculus/OculusVR/Shaders found
LogPluginManager: Mapping shader source directory ../../../Engine/Plugins/Runtime/Oculus/OculusVR/Shaders to virtual directory /Plugin/OculusVR
LogPluginManager: Mounting plugin PhysXVehicles
LogPluginManager: Mounting plugin ProceduralMeshComponent
LogPluginManager: Mounting plugin RuntimePhysXCooking
LogPluginManager: Mounting plugin SteamVR
LogPluginManager: Mounting plugin WindowsMoviePlayer
LogStreaming: Display: Took  0.165s to configure plugins.
LogInit: Using libcurl 7.55.1-DEV
LogInit:  - built for x86_64-pc-win32
LogInit:  - supports SSL with OpenSSL/1.0.2h
LogInit:  - supports HTTP deflate (compression) using libz 1.2.8
LogInit:  - other features:
LogInit:      CURL_VERSION_SSL
LogInit:      CURL_VERSION_LIBZ
LogInit:      CURL_VERSION_IPV6
LogInit:      CURL_VERSION_ASYNCHDNS
LogInit:      CURL_VERSION_LARGEFILE
LogInit:      CURL_VERSION_IDN
LogInit:  CurlRequestOptions (configurable via config and command line):
LogInit:  - bVerifyPeer = false  - Libcurl will NOT verify peer certificate
LogInit:  - bUseHttpProxy = false  - Libcurl will NOT use HTTP proxy
LogInit:  - bDontReuseConnections = false  - Libcurl will reuse connections
LogInit:  - CertBundlePath = nullptr  - Libcurl will use whatever was configured at build time.
LogInit:  - MaxHostConnections = 16  - Libcurl will limit the number of connections to a host
LogInit:  - LocalHostAddr = Default
LogInit:  - BufferSize = 65536
LogInit: WinSock: version 1.1 (2.2), MaxSocks=32767, MaxUdp=65467
LogInit: Build: ++UE4+Release-4.20-CL-4369336
LogInit: Engine Version: 4.20.3-4369336+++UE4+Release-4.20
LogInit: Compatible Engine Version: 4.20.0-4212847+++UE4+Release-4.20
LogInit: Net CL: 4212847
LogInit: OS: Windows 10 (), CPU: Intel(R) Core(TM) i7-6700HQ CPU @ 2.60GHz, GPU: Intel(R) HD Graphics 530
LogInit: Compiled (64-bit): Sep 17 2018 12:26:19
LogInit: Compiled with Visual C++: 19.13.26129.00
LogInit: Build Configuration: Development
LogInit: Branch Name: ++UE4+Release-4.20
LogInit: Command Line: 
LogInit: Base Directory: C:/Program Files/Epic Games/UE_4.20/Engine/Binaries/Win64/
LogInit: Installed Engine Build: 1
LogDevObjectVersion: Number of dev versions registered: 20
LogDevObjectVersion:   Dev-Blueprints (B0D832E4-1F89-4F0D-ACCF-7EB736FD4AA2): 10
LogDevObjectVersion:   Dev-Build (E1C64328-A22C-4D53-A36C-8E866417BD8C): 0
LogDevObjectVersion:   Dev-Core (375EC13C-06E4-48FB-B500-84F0262A717E): 2
LogDevObjectVersion:   Dev-Editor (E4B068ED-F494-42E9-A231-DA0B2E46BB41): 24
LogDevObjectVersion:   Dev-Framework (CFFC743F-43B0-4480-9391-14DF171D2073): 34
LogDevObjectVersion:   Dev-Mobile (B02B49B5-BB20-44E9-A304-32B752E40360): 2
LogDevObjectVersion:   Dev-Networking (A4E4105C-59A1-49B5-A7C5-40C4547EDFEE): 0
LogDevObjectVersion:   Dev-Online (39C831C9-5AE6-47DC-9A44-9C173E1C8E7C): 0
LogDevObjectVersion:   Dev-Physics (78F01B33-EBEA-4F98-B9B4-84EACCB95AA2): 0
LogDevObjectVersion:   Dev-Platform (6631380F-2D4D-43E0-8009-CF276956A95A): 0
LogDevObjectVersion:   Dev-Rendering (12F88B9F-8875-4AFC-A67C-D90C383ABD29): 26
LogDevObjectVersion:   Dev-Sequencer (7B5AE74C-D270-4C10-A958-57980B212A5A): 9
LogDevObjectVersion:   Dev-VR (D7296918-1DD6-4BDD-9DE2-64A83CC13884): 2
LogDevObjectVersion:   Dev-LoadTimes (C2A15278-BFE7-4AFE-6C17-90FF531DF755): 1
LogDevObjectVersion:   Private-Geometry (6EACA3D4-40EC-4CC1-B786-8BED09428FC5): 3
LogDevObjectVersion:   Dev-AnimPhys (29E575DD-E0A3-4627-9D10-D276232CDCEA): 17
LogDevObjectVersion:   Dev-ReflectionCapture (6B266CEC-1EC7-4B8F-A30B-E4D90942FC07): 1
LogDevObjectVersion:   Dev-Automation (0DF73D61-A23F-47EA-B727-89E90C41499A): 1
LogDevObjectVersion:   FortniteMain (601D1886-AC64-4F84-AA16-D3DE0DEAC7D6): 12
LogDevObjectVersion:   Dev-Enterprise (9DFFBCD6-494F-0158-E221-12823C92A888): 1
LogStreaming: Display: Took  0.005s to delete old logs.
LogInit: Presizing for max 8388607 objects, including 0 objects not considered by GC, pre-allocating 0 bytes for permanent pool.
LogInit: Object subsystem initialized
[2019.04.23-04.24.13:072][  0]LogInit: Selected Device Profile: [Windows]
[2019.04.23-04.24.13:072][  0]LogInit: Applying CVar settings loaded from the selected device profile: [Windows]
[2019.04.23-04.24.13:144][  0]LogHAL: Display: Platform has ~ 16 GB [16751534080 / 17179869184 / 16], which maps to Larger [LargestMinGB=32, LargerMinGB=12, DefaultMinGB=8, SmallerMinGB=6, SmallestMinGB=0)
[2019.04.23-04.24.13:144][  0]LogInit: Setting Device Profile CVar: [[r.Vulkan.UseRealUBs:1]]
[2019.04.23-04.24.13:144][  0]LogInit: Going up to parent DeviceProfile []
[2019.04.23-04.24.13:145][  0]LogInit: Computer: JESSIES-LAPTOP
[2019.04.23-04.24.13:145][  0]LogInit: User: jessielichter
[2019.04.23-04.24.13:145][  0]LogInit: CPU Page size=4096, Cores=4
[2019.04.23-04.24.13:145][  0]LogInit: High frequency timer resolution =2.531251 MHz
[2019.04.23-04.24.13:145][  0]LogMemory: Memory total: Physical=15.6GB (16GB approx)
[2019.04.23-04.24.13:145][  0]LogMemory: Platform Memory Stats for Windows
[2019.04.23-04.24.13:145][  0]LogMemory: Process Physical Memory: 109.59 MB used, 109.59 MB peak
[2019.04.23-04.24.13:145][  0]LogMemory: Process Virtual Memory: 102.96 MB used, 102.96 MB peak
[2019.04.23-04.24.13:145][  0]LogMemory: Physical Memory: 7696.88 MB used,  8278.63 MB free, 15975.51 MB total
[2019.04.23-04.24.13:145][  0]LogMemory: Virtual Memory: 4652.76 MB used,  8278.63 MB free, 134217728.00 MB total
[2019.04.23-04.24.13:170][  0]LogInit: Using OS detected language (en-US).
[2019.04.23-04.24.13:170][  0]LogInit: Using OS detected locale (en-US).
[2019.04.23-04.24.13:171][  0]LogTextLocalizationManager: No specific localization for 'en-US' exists, so the 'en' localization will be used.
[2019.04.23-04.24.13:585][  0]LogStreaming: Display: Took  0.415s to InitEngineTextLocalization.
[2019.04.23-04.24.13:585][  0]LogInit: Setting process to per monitor DPI aware
[2019.04.23-04.24.13:629][  0]LogSlate: New Slate User Created.  User Index 0, Is Virtual User: 0
[2019.04.23-04.24.13:629][  0]LogSlate: Slate User Registered.  User Index 0, Is Virtual User: 0
[2019.04.23-04.24.13:924][  0]LogHMD: Failed to initialize OpenVR with code 110
[2019.04.23-04.24.13:924][  0]LogD3D11RHI: D3D11 adapters:
[2019.04.23-04.24.13:983][  0]LogD3D11RHI:    0. 'NVIDIA GeForce GTX 960M' (Feature Level 11_0)
[2019.04.23-04.24.13:983][  0]LogD3D11RHI:       2010/0/7987 MB DedicatedVideo/DedicatedSystem/SharedSystem, Outputs:1, VendorId:0x10de
[2019.04.23-04.24.13:995][  0]LogD3D11RHI:    1. 'Intel(R) HD Graphics 530' (Feature Level 11_0)
[2019.04.23-04.24.13:995][  0]LogD3D11RHI:       128/0/7987 MB DedicatedVideo/DedicatedSystem/SharedSystem, Outputs:0, VendorId:0x8086
[2019.04.23-04.24.13:997][  0]LogD3D11RHI:    2. 'Microsoft Basic Render Driver' (Feature Level 11_0)
[2019.04.23-04.24.13:997][  0]LogD3D11RHI:       0/0/7987 MB DedicatedVideo/DedicatedSystem/SharedSystem, Outputs:0, VendorId:0x1414
[2019.04.23-04.24.13:997][  0]LogD3D11RHI: Chosen D3D11 Adapter: 0
[2019.04.23-04.24.14:038][  0]LogD3D11RHI: Creating new Direct3DDevice
[2019.04.23-04.24.14:038][  0]LogD3D11RHI:     GPU DeviceId: 0x139b (for the marketing name, search the web for "GPU Device Id")
[2019.04.23-04.24.14:038][  0]LogWindows: EnumDisplayDevices:
[2019.04.23-04.24.14:038][  0]LogWindows:    0. 'Intel(R) HD Graphics 530' (P:1 D:1)
[2019.04.23-04.24.14:038][  0]LogWindows:    1. 'Intel(R) HD Graphics 530' (P:0 D:0)
[2019.04.23-04.24.14:039][  0]LogWindows:    2. 'Intel(R) HD Graphics 530' (P:0 D:0)
[2019.04.23-04.24.14:039][  0]LogWindows: DebugString: PrimaryIsNotTheChoosenAdapter PrimaryIsNotTheChoosenAdapter PrimaryIsNotTheChoosenAdapter FoundDriverCount:0 
[2019.04.23-04.24.14:039][  0]LogD3D11RHI:     Adapter Name: NVIDIA GeForce GTX 960M
[2019.04.23-04.24.14:039][  0]LogD3D11RHI:   Driver Version: Unknown (internal:Unknown, unified:Unknown)
[2019.04.23-04.24.14:039][  0]LogD3D11RHI:      Driver Date: Unknown
[2019.04.23-04.24.14:039][  0]LogRHI: Texture pool is 1407 MB (70% of 2010 MB)
[2019.04.23-04.24.14:075][  0]LogD3D11RHI: Async texture creation enabled
[2019.04.23-04.24.14:092][  0]LogD3D11RHI: GPU Timing Frequency: 1000.000000 (Debug: 2 2)
[2019.04.23-04.24.14:093][  0]LogShaderCompilers: Guid format shader working directory is -62 characters bigger than the processId version (../../../../../../Users/jessie lichter/Desktop/spring2019/Game Development 2/GitProjects/GameDev2Project/MarshMellow/Intermediate/Shaders/WorkingDirectory/16812/).
[2019.04.23-04.24.14:093][  0]LogShaderCompilers: Cleaned the shader compiler working directory 'C:/Users/jessie lichter/AppData/Local/Temp/UnrealShaderWorkingDir/1C19589D471666E3FA1B9D9DFD24BE39/'.
[2019.04.23-04.24.14:423][  0]LogTemp: Display: Loaded TP AllDesktopTargetPlatform
[2019.04.23-04.24.14:442][  0]LogTemp: Display: Loaded TP MacClientTargetPlatform
[2019.04.23-04.24.14:457][  0]LogTemp: Display: Loaded TP MacNoEditorTargetPlatform
[2019.04.23-04.24.14:473][  0]LogTemp: Display: Loaded TP MacServerTargetPlatform
[2019.04.23-04.24.14:489][  0]LogTemp: Display: Loaded TP MacTargetPlatform
[2019.04.23-04.24.14:509][  0]LogTemp: Display: Loaded TP WindowsClientTargetPlatform
[2019.04.23-04.24.14:530][  0]LogTemp: Display: Loaded TP WindowsNoEditorTargetPlatform
[2019.04.23-04.24.14:546][  0]LogTemp: Display: Loaded TP WindowsServerTargetPlatform
[2019.04.23-04.24.14:553][  0]LogTemp: Display: Loaded TP WindowsTargetPlatform
[2019.04.23-04.24.14:646][  0]LogTemp: Display: Loaded TP AndroidTargetPlatform
[2019.04.23-04.24.14:646][  0]LogTemp: Display: Loaded TP AndroidTargetPlatform
[2019.04.23-04.24.14:646][  0]LogTemp: Display: Loaded TP AndroidTargetPlatform
[2019.04.23-04.24.14:646][  0]LogTemp: Display: Loaded TP AndroidTargetPlatform
[2019.04.23-04.24.14:646][  0]LogTemp: Display: Loaded TP AndroidTargetPlatform
[2019.04.23-04.24.14:646][  0]LogTemp: Display: Loaded TP AndroidTargetPlatform
[2019.04.23-04.24.14:646][  0]LogTemp: Display: Loaded TP AndroidTargetPlatform
[2019.04.23-04.24.14:646][  0]LogTemp: Display: Loaded TP AndroidTargetPlatform
[2019.04.23-04.24.14:646][  0]LogTemp: Display: Loaded TP AndroidTargetPlatform
[2019.04.23-04.24.14:646][  0]LogTemp: Display: Loaded TP AndroidTargetPlatform
[2019.04.23-04.24.14:646][  0]LogTemp: Display: Loaded TP AndroidTargetPlatform
[2019.04.23-04.24.14:646][  0]LogTemp: Display: Loaded TP AndroidTargetPlatform
[2019.04.23-04.24.14:646][  0]LogTemp: Display: Loaded TP AndroidTargetPlatform
[2019.04.23-04.24.14:646][  0]LogTemp: Display: Loaded TP AndroidTargetPlatform
[2019.04.23-04.24.14:646][  0]LogTemp: Display: Loaded TP AndroidTargetPlatform
[2019.04.23-04.24.14:646][  0]LogTemp: Display: Loaded TP AndroidTargetPlatform
[2019.04.23-04.24.14:646][  0]LogTemp: Display: Loaded TP AndroidTargetPlatform
[2019.04.23-04.24.14:646][  0]LogTemp: Display: Loaded TP AndroidTargetPlatform
[2019.04.23-04.24.14:648][  0]LogTemp: Display: Loaded TP HTML5TargetPlatform
[2019.04.23-04.24.14:716][  0]LogTemp: Display: Loaded TP IOSTargetPlatform
[2019.04.23-04.24.14:716][  0]LogTemp: Display: Loaded TP IOSTargetPlatform
[2019.04.23-04.24.14:743][  0]LogTemp: Display: Loaded TP TVOSTargetPlatform
[2019.04.23-04.24.14:744][  0]LogTemp: Display: Loaded TP TVOSTargetPlatform
[2019.04.23-04.24.14:760][  0]LogTemp: Display: Loaded TP LinuxClientTargetPlatform
[2019.04.23-04.24.14:774][  0]LogTemp: Display: Loaded TP LinuxNoEditorTargetPlatform
[2019.04.23-04.24.14:789][  0]LogTemp: Display: Loaded TP LinuxServerTargetPlatform
[2019.04.23-04.24.14:807][  0]LogTemp: Display: Loaded TP LinuxTargetPlatform
[2019.04.23-04.24.14:819][  0]LogTemp: Display: Loaded TP LuminTargetPlatform
[2019.04.23-04.24.14:820][  0]LogTargetPlatformManager: Display: Building Assets For Windows
[2019.04.23-04.24.14:896][  0]LogXGEController: Cannot use XGE Controller as Incredibuild is not installed on this machine.
[2019.04.23-04.24.14:896][  0]LogShaderCompilers: Cannot use XGE Shader Compiler as Incredibuild is not installed on this machine.
[2019.04.23-04.24.14:896][  0]LogShaderCompilers: Display: Using Local Shader Compiler.
[2019.04.23-04.24.15:780][  0]LogDerivedDataCache: Display: Max Cache Size: 512 MB
[2019.04.23-04.24.15:840][  0]LogDerivedDataCache: Loaded boot cache 0.06s 71MB C:/Users/jessie lichter/AppData/Local/UnrealEngine/4.20/DerivedDataCache/Boot.ddc.
[2019.04.23-04.24.15:840][  0]LogDerivedDataCache: Display: Loaded Boot cache: C:/Users/jessie lichter/AppData/Local/UnrealEngine/4.20/DerivedDataCache/Boot.ddc
[2019.04.23-04.24.15:840][  0]LogDerivedDataCache: FDerivedDataBackendGraph:  Pak pak cache file ../../../../../../Users/jessie lichter/Desktop/spring2019/Game Development 2/GitProjects/GameDev2Project/MarshMellow/DerivedDataCache/DDC.ddp not found, will not use a pak cache.
[2019.04.23-04.24.15:840][  0]LogDerivedDataCache: Unable to find inner node Pak for hierarchical cache Hierarchy.
[2019.04.23-04.24.15:840][  0]LogDerivedDataCache: FDerivedDataBackendGraph:  CompressedPak pak cache file ../../../../../../Users/jessie lichter/Desktop/spring2019/Game Development 2/GitProjects/GameDev2Project/MarshMellow/DerivedDataCache/Compressed.ddp not found, will not use a pak cache.
[2019.04.23-04.24.15:840][  0]LogDerivedDataCache: Unable to find inner node CompressedPak for hierarchical cache Hierarchy.
[2019.04.23-04.24.15:859][  0]LogDerivedDataCache: Display: Pak cache opened for reading ../../../Engine/DerivedDataCache/Compressed.ddp.
[2019.04.23-04.24.15:871][  0]LogDerivedDataCache: Using Local data cache path C:/Users/jessie lichter/AppData/Local/UnrealEngine/Common/DerivedDataCache: Writable
[2019.04.23-04.24.15:871][  0]LogDerivedDataCache: Shared data cache path not found in *engine.ini, will not use an Shared cache.
[2019.04.23-04.24.15:871][  0]LogDerivedDataCache: Unable to find inner node Shared for hierarchical cache Hierarchy.
[2019.04.23-04.24.15:892][  0]LogMaterial: Verifying Global Shaders for PCD3D_SM5
[2019.04.23-04.24.15:893][  0]LogSlate: Using FreeType 2.6.0
[2019.04.23-04.24.15:894][  0]LogSlate: SlateFontServices - WITH_FREETYPE: 1, WITH_HARFBUZZ: 1
[2019.04.23-04.24.15:974][  0]LogAssetRegistry: FAssetRegistry took 0.0267 seconds to start up
[2019.04.23-04.24.17:813][  0]LogInit: Selected Device Profile: [Windows]
[2019.04.23-04.24.17:957][  0]LogSimplygon: Simplygon DLL not present - disabling.
[2019.04.23-04.24.17:962][  0]LogMeshReduction: Using SimplygonSwarm for distributed automatic mesh merging
[2019.04.23-04.24.17:962][  0]LogMeshReduction: Using ProxyLODMeshReduction for automatic mesh merging
[2019.04.23-04.24.17:962][  0]LogMeshReduction: Using QuadricMeshReduction for automatic static mesh reduction
[2019.04.23-04.24.17:962][  0]LogMeshReduction: No automatic skeletal mesh reduction module available
[2019.04.23-04.24.17:985][  0]LogNetVersion: MarshMellow 1.0.0, NetCL: 4212847, EngineNetVer: 5, GameNetVer: 0 (Checksum: 3750370364)
[2019.04.23-04.24.18:752][  0]LogPackageLocalizationCache: Processed 11 localized package path(s) for 2 prioritized culture(s) in 0.275427 seconds
[2019.04.23-04.24.18:760][  0]LogUObjectArray: 38425 objects as part of root set at end of initial load.
[2019.04.23-04.24.18:760][  0]LogUObjectAllocator: 6690864 out of 0 bytes used by permanent object pool.
[2019.04.23-04.24.18:760][  0]LogUObjectArray: CloseDisregardForGC: 0/0 objects in disregard for GC pool
[2019.04.23-04.24.19:722][  0]LogTcpMessaging: Initializing TcpMessaging bridge
[2019.04.23-04.24.19:736][  0]LogUdpMessaging: Initializing bridge on interface 0.0.0.0:0 to multicast group 230.0.0.1:6666.
[2019.04.23-04.24.19:883][  0]SourceControl: Source control is disabled
[2019.04.23-04.24.19:884][  0]SourceControl: Source control is disabled
[2019.04.23-04.24.19:886][  0]SourceControl: Source control is disabled
[2019.04.23-04.24.19:887][  0]SourceControl: Source control is disabled
[2019.04.23-04.24.20:076][  0]LogAndroidPermission: UAndroidPermissionCallbackProxy::GetInstance
[2019.04.23-04.24.20:276][  0]LogOcInput: OculusInput pre-init called
[2019.04.23-04.24.20:342][  0]LogEngine: Initializing Engine...
[2019.04.23-04.24.20:343][  0]LogHMD: Failed to initialize OpenVR with code 110
[2019.04.23-04.24.20:344][  0]LogStats: UGameplayTagsManager::ConstructGameplayTagTree: ImportINI prefixes -  0.000 s
[2019.04.23-04.24.20:344][  0]LogStats: UGameplayTagsManager::ConstructGameplayTagTree: Construct from data asset -  0.000 s
[2019.04.23-04.24.20:344][  0]LogStats: UGameplayTagsManager::ConstructGameplayTagTree: ImportINI -  0.000 s
[2019.04.23-04.24.20:344][  0]LogStats: UGameplayTagsManager::ConstructGameplayTagTree: GameplayTagTreeChangedEvent.Broadcast -  0.000 s
[2019.04.23-04.24.20:582][  0]LogInit: Initializing FReadOnlyCVARCache
[2019.04.23-04.24.20:597][  0]LogAIModule: Creating AISystem for world Untitled
[2019.04.23-04.24.20:678][  0]LogInit: XAudio2 using 'Speakers / Headphones (Realtek Audio)' : 2 channels at 48 kHz using 32 bits per sample (channel mask 0x3)
[2019.04.23-04.24.20:925][  0]LogInit: FAudioDevice initialized.
[2019.04.23-04.24.20:926][  0]LogNetVersion: Set ProjectVersion to 1.0.0.0. Version Checksum will be recalculated on next use.
[2019.04.23-04.24.21:016][  0]LogDerivedDataCache: Saved boot cache 0.09s 71MB C:/Users/jessie lichter/AppData/Local/UnrealEngine/4.20/DerivedDataCache/Boot.ddc.
[2019.04.23-04.24.21:023][  0]LogInit: Texture streaming: Enabled
[2019.04.23-04.24.21:040][  0]LogEngineSessionManager: EngineSessionManager initialized
[2019.04.23-04.24.21:055][  0]LogInit: Transaction tracking system initialized
[2019.04.23-04.24.21:081][  0]BlueprintLog: New page: Editor Load
[2019.04.23-04.24.21:165][  0]LocalizationService: Localization service is disabled
[2019.04.23-04.24.21:458][  0]LogCook: Display: Max memory allowance for cook 16384mb min free memory 0mb
[2019.04.23-04.24.21:458][  0]LogCook: Display: Mobile HDR setting 1
[2019.04.23-04.24.21:458][  0]LogGameplayTags: Display: UGameplayTagsManager::DoneAddingNativeTags. DelegateIsBound: 0
[2019.04.23-04.24.21:458][  0]LogStats: UGameplayTagsManager::ConstructGameplayTagTree: ImportINI prefixes -  0.000 s
[2019.04.23-04.24.21:458][  0]LogStats: UGameplayTagsManager::ConstructGameplayTagTree: Construct from data asset -  0.000 s
[2019.04.23-04.24.21:458][  0]LogStats: UGameplayTagsManager::ConstructGameplayTagTree: ImportINI -  0.000 s
[2019.04.23-04.24.21:458][  0]LogStats: UGameplayTagsManager::ConstructGameplayTagTree: GameplayTagTreeChangedEvent.Broadcast -  0.000 s
[2019.04.23-04.24.21:594][  0]LogFileCache: Scanning file cache for directory 'C:/Users/jessie lichter/Desktop/spring2019/Game Development 2/GitProjects/GameDev2Project/MarshMellow/Content/' took 0.08s
[2019.04.23-04.24.21:594][  0]SourceControl: Source control is disabled
[2019.04.23-04.24.21:598][  0]LightingResults: New page: Lighting Build
[2019.04.23-04.24.21:601][  0]MapCheck: New page: Map Check
[2019.04.23-04.24.21:601][  0]LightingResults: New page: Lighting Build
[2019.04.23-04.24.22:482][  0]LogAIModule: Creating AISystem for world ThirdPersonExampleMap
[2019.04.23-04.24.22:497][  0]LogEditorServer: Finished looking for orphan Actors (0.000 secs)
[2019.04.23-04.24.22:527][  0]Cmd: MAP CHECKDEP NOCLEARLOG
[2019.04.23-04.24.22:633][  0]MapCheck: Map check complete: 0 Error(s), 0 Warning(s), took 106.36ms to complete.
[2019.04.23-04.24.22:633][  0]LogFileHelpers: Loading map 'ThirdPersonExampleMap' took 1.039
[2019.04.23-04.24.22:764][  0]LogSlate: Updating window title bar state: overlay mode, drag disabled, window buttons hidden, title bar hidden
[2019.04.23-04.24.22:776][  0]LogCollectionManager: Loaded 0 collections in 0.002267 seconds
[2019.04.23-04.24.22:818][  0]LogFileCache: Scanning file cache for directory 'C:/Users/jessie lichter/Desktop/spring2019/Game Development 2/GitProjects/GameDev2Project/MarshMellow/Saved/Collections/' took 0.01s
[2019.04.23-04.24.22:818][  0]LogFileCache: Scanning file cache for directory 'C:/Users/jessie lichter/Desktop/spring2019/Game Development 2/GitProjects/GameDev2Project/MarshMellow/Content/Developers/jessielichter/Collections/' took 0.01s
[2019.04.23-04.24.22:818][  0]LogFileCache: Scanning file cache for directory 'C:/Users/jessie lichter/Desktop/spring2019/Game Development 2/GitProjects/GameDev2Project/MarshMellow/Content/Collections/' took 0.01s
[2019.04.23-04.24.22:818][  0]LogCollectionManager: Rebuilt the GUID cache for 0 collections in 0.000000 seconds
[2019.04.23-04.24.22:828][  0]LogContentBrowser: Native class hierarchy populated in 0.0100 seconds. Added 2572 classes and 603 folders.
[2019.04.23-04.24.22:835][  0]LogContentBrowser: Native class hierarchy updated for 'WidgetCarousel' in 0.0003 seconds. Added 0 classes and 0 folders.
[2019.04.23-04.24.23:120][  0]LogContentBrowser: Native class hierarchy updated for 'AddContentDialog' in 0.0003 seconds. Added 0 classes and 0 folders.
[2019.04.23-04.24.23:127][  0]LogContentBrowser: Native class hierarchy updated for 'WorldBrowser' in 0.0004 seconds. Added 2 classes and 3 folders.
[2019.04.23-04.24.23:133][  0]LogContentBrowser: Native class hierarchy updated for 'SceneOutliner' in 0.0002 seconds. Added 1 classes and 2 folders.
[2019.04.23-04.24.23:153][  0]LogSlate: Took 0.000219 seconds to synchronously load lazily loaded font '../../../Engine/Content/Slate/Fonts/Roboto-Regular.ttf' (155K)
[2019.04.23-04.24.23:157][  0]LogSlate: Took 0.000259 seconds to synchronously load lazily loaded font '../../../Engine/Content/Slate/Fonts/Roboto-Bold.ttf' (160K)
[2019.04.23-04.24.23:173][  0]LogSlate: Took 0.007595 seconds to synchronously load lazily loaded font '../../../Engine/Content/Editor/Slate/Fonts/FontAwesome.ttf' (139K)
[2019.04.23-04.24.23:344][  0]LogRenderer: Reallocating scene render targets to support 840x456 Format 10 NumSamples 1 (Frame:1).
[2019.04.23-04.24.23:502][  0]LogContentBrowser: Native class hierarchy updated for 'HierarchicalLODOutliner' in 0.0004 seconds. Added 0 classes and 0 folders.
[2019.04.23-04.24.23:502][  0]LogLoad: (Engine Initialization) Total time: 12.49 seconds
[2019.04.23-04.24.23:502][  0]LogLoad: (Engine Initialization) Total Blueprint compile time: 0.00 seconds
[2019.04.23-04.24.23:535][  0]LogWindowsTextInputMethodSystem: Display: IME system now deactivated.
[2019.04.23-04.24.23:578][  0]LogContentStreaming: Texture pool size now 1000 MB
[2019.04.23-04.24.24:097][  5]LogAssetRegistry: Asset discovery search completed in 8.1462 seconds
[2019.04.23-04.24.24:099][  5]LogCollectionManager: Rebuilt the object cache for 0 collections in 0.000000 seconds (found 0 objects)
[2019.04.23-04.24.24:099][  5]LogCollectionManager: Fixed up redirectors for 0 collections in 0.000055 seconds (updated 0 objects)
[2019.04.23-04.24.26:168][127]LogSlate: FSceneViewport::OnFocusLost() reason 0
[2019.04.23-04.24.26:303][134]LogSlate: Took 0.004504 seconds to synchronously load lazily loaded font '../../../Engine/Content/Slate/Fonts/Roboto-Light.ttf' (167K)
[2019.04.23-04.24.28:946][293]LogFileCache: Retrieving MD5 hashes for directory 'C:/Users/jessie lichter/Desktop/spring2019/Game Development 2/GitProjects/GameDev2Project/MarshMellow/Content/' took 5.40s
[2019.04.23-04.24.49:868][740]LogSlate: Took 0.000265 seconds to synchronously load lazily loaded font '../../../Engine/Content/Slate/Fonts/Roboto-Light.ttf' (167K)
[2019.04.23-04.24.55:855][740]LogAIModule: Creating AISystem for world GoldenLevel
[2019.04.23-04.25.10:116][549]LogAIModule: Creating AISystem for world GoldenLevel1
[2019.04.23-04.25.11:834][643]LogAssetEditorManager: Opening Asset editor for World /Game/Jessie_AllThingsGold/ActualGoldenLevel/GoldenLevel1.GoldenLevel1
[2019.04.23-04.25.13:842][643]LogSlate: Window 'Save Content' being destroyed
[2019.04.23-04.25.14:397][643]LogSavePackage: Moving '../../../../../../Users/jessie lichter/Desktop/spring2019/Game Development 2/GitProjects/GameDev2Project/MarshMellow/Saved/GoldenLevel17A6468BD4D785576A1665D87D7BEAAE2.tmp' to '../../../../../../Users/jessie lichter/Desktop/spring2019/Game Development 2/GitProjects/GameDev2Project/MarshMellow/Content/Jessie_AllThingsGold/ActualGoldenLevel/GoldenLevel1.umap'
[2019.04.23-04.25.14:413][643]LogFileHelpers: Saving map 'GoldenLevel1' took 0.561
[2019.04.23-04.25.14:415][643]LightingResults: New page: Lighting Build
[2019.04.23-04.25.14:416][643]LoadErrors: New page: Loading map: GoldenLevel1.umap
[2019.04.23-04.25.14:417][643]MapCheck: New page: Map Check
[2019.04.23-04.25.14:417][643]LightingResults: New page: Lighting Build
[2019.04.23-04.25.14:497][643]LogEditorServer: Finished looking for orphan Actors (0.000 secs)
[2019.04.23-04.25.14:582][643]Cmd: MAP CHECKDEP NOCLEARLOG
[2019.04.23-04.25.14:699][643]MapCheck: Map check complete: 0 Error(s), 0 Warning(s), took 117.007ms to complete.
[2019.04.23-04.25.14:700][643]LogFileHelpers: Loading map 'GoldenLevel1' took 0.286
[2019.04.23-04.26.24:434][815]LogEditorViewport: Clicking on Actor (LMB): StaticMeshActor (Wall_400x300)
[2019.04.23-04.26.36:670][541]LogEditorViewport: Clicking on Actor (LMB): StaticMeshActor (WaffleDoorSet_DoorOuter)
[2019.04.23-04.26.39:294][695]LogSlate: FSceneViewport::OnFocusLost() reason 0
[2019.04.23-04.26.53:255][507]LogAssetEditorManager: Opening Asset editor for StaticMesh /Game/Jessie_AllThingsGold/GoldenModels/iceCreamScoop_IceCreamTop.iceCreamScoop_IceCreamTop
[2019.04.23-04.26.54:279][507]LogSlate: Took 0.006367 seconds to synchronously load lazily loaded font '../../../Engine/Content/Slate/Fonts/Roboto-Italic.ttf' (157K)
[2019.04.23-04.26.56:773][641]LogAssetEditorManager: Opening Asset editor for Material /Game/Jessie_AllThingsGold/GoldenModels/GoldenMaterials/IceCream_M/iceCreamTopID.iceCreamTopID
[2019.04.23-04.26.56:778][641]LogMaterial: Display: Missing cached shader map for material iceCreamTopID, compiling. 
[2019.04.23-04.26.56:948][641]LogMaterial: Display: Missing cached shader map for material iceCreamTopID, compiling. 
[2019.04.23-04.26.56:964][641]LogMaterial: Display: Missing cached shader map for material iceCreamTopID, compiling. 
[2019.04.23-04.26.56:985][641]LogShaderCompilers: Display: Shaders left to compile 21
[2019.04.23-04.26.56:985][641]LogShaderCompilers: Display: Shaders left to compile 20
[2019.04.23-04.26.56:985][641]LogShaderCompilers: Display: Shaders left to compile 19
[2019.04.23-04.26.56:986][641]LogShaderCompilers: Display: Shaders left to compile 18
[2019.04.23-04.26.57:012][641]LogMaterial: Display: Missing cached shader map for material FMatExpressionPreview MaterialExpressionTextureSample_2, compiling. 
[2019.04.23-04.26.57:017][641]LogMaterial: Display: Missing cached shader map for material FMatExpressionPreview MaterialExpressionTextureSample_1, compiling. 
[2019.04.23-04.26.57:023][641]LogMaterial: Display: Missing cached shader map for material FMatExpressionPreview MaterialExpressionTextureSample_0, compiling. 
[2019.04.23-04.26.57:028][641]LogMaterial: Display: Missing cached shader map for material FMatExpressionPreview MaterialExpressionVectorParameter_0, compiling. 
[2019.04.23-04.26.57:137][641]LogSlate: Took 0.004871 seconds to synchronously load lazily loaded font '../../../Engine/Content/Slate/Fonts/Roboto-BoldCondensed.ttf' (158K)
[2019.04.23-04.26.57:702][656]LogShaderCompilers: Display: Shaders left to compile 25
[2019.04.23-04.26.57:800][661]LogShaderCompilers: Display: Shaders left to compile 24
[2019.04.23-04.26.57:816][662]LogShaderCompilers: Display: Shaders left to compile 23
[2019.04.23-04.26.57:833][663]LogShaderCompilers: Display: Shaders left to compile 22
[2019.04.23-04.26.58:019][672]LogShaderCompilers: Display: Shaders left to compile 21
[2019.04.23-04.26.58:104][676]LogShaderCompilers: Display: Shaders left to compile 20
[2019.04.23-04.26.58:124][677]LogShaderCompilers: Display: Shaders left to compile 19
[2019.04.23-04.26.58:164][679]LogShaderCompilers: Display: Shaders left to compile 18
[2019.04.23-04.26.58:340][688]LogShaderCompilers: Display: Shaders left to compile 17
[2019.04.23-04.26.58:600][701]LogShaderCompilers: Display: Shaders left to compile 16
[2019.04.23-04.26.58:849][715]LogShaderCompilers: Display: Shaders left to compile 15
[2019.04.23-04.26.58:935][720]LogShaderCompilers: Display: Shaders left to compile 14
[2019.04.23-04.26.59:035][725]LogShaderCompilers: Display: Shaders left to compile 13
[2019.04.23-04.26.59:270][736]LogShaderCompilers: Display: Shaders left to compile 12
[2019.04.23-04.26.59:345][739]LogShaderCompilers: Display: Shaders left to compile 11
[2019.04.23-04.26.59:673][754]LogShaderCompilers: Display: Shaders left to compile 10
[2019.04.23-04.26.59:696][755]LogShaderCompilers: Display: Shaders left to compile 9
[2019.04.23-04.26.59:833][762]LogShaderCompilers: Display: Shaders left to compile 8
[2019.04.23-04.26.59:970][769]LogShaderCompilers: Display: Shaders left to compile 7
[2019.04.23-04.27.00:082][775]LogShaderCompilers: Display: Shaders left to compile 6
[2019.04.23-04.27.00:338][789]LogShaderCompilers: Display: Shaders left to compile 5
[2019.04.23-04.27.00:367][790]LogShaderCompilers: Display: Shaders left to compile 4
[2019.04.23-04.27.00:368][790]MaterialEditorStats: Base pass shader: 119 instructions
[2019.04.23-04.27.00:368][790]MaterialEditorStats: Base pass shader with Volumetric Lightmap: 195 instructions
[2019.04.23-04.27.00:368][790]MaterialEditorStats: Base pass vertex shader: 36 instructions
[2019.04.23-04.27.00:368][790]MaterialEditorStats: Texture samplers: 6/16
[2019.04.23-04.27.00:368][790]MaterialEditorStats: Texture Lookups (Est.): VS(0), PS(3)
[2019.04.23-04.27.00:368][790]MaterialEditorStats: User interpolators: 2/4 Scalars (1/4 Vectors) (TexCoords: 2, Custom: 0)
[2019.04.23-04.27.00:392][791]LogShaderCompilers: Display: Shaders left to compile 3
[2019.04.23-04.27.00:609][801]LogShaderCompilers: Display: Shaders left to compile 2
[2019.04.23-04.27.00:749][807]LogShaderCompilers: Display: Shaders left to compile 1
[2019.04.23-04.27.17:972][826]LogMaterial: Display: Missing cached shader map for material iceCreamTopID, compiling. 
[2019.04.23-04.27.17:993][826]LogMaterial: Display: Missing cached shader map for material FMatExpressionPreview MaterialExpressionVectorParameter_0, compiling. 
[2019.04.23-04.27.18:010][826]LogShaderCompilers: Display: Shaders left to compile 21
[2019.04.23-04.27.18:010][826]LogShaderCompilers: Display: Shaders left to compile 20
[2019.04.23-04.27.18:010][826]LogShaderCompilers: Display: Shaders left to compile 19
[2019.04.23-04.27.18:010][826]LogShaderCompilers: Display: Shaders left to compile 18
[2019.04.23-04.27.18:281][837]LogShaderCompilers: Display: Shaders left to compile 19
[2019.04.23-04.27.18:325][839]LogShaderCompilers: Display: Shaders left to compile 18
[2019.04.23-04.27.18:347][840]LogShaderCompilers: Display: Shaders left to compile 17
[2019.04.23-04.27.18:367][841]LogShaderCompilers: Display: Shaders left to compile 16
[2019.04.23-04.27.18:576][851]LogShaderCompilers: Display: Shaders left to compile 15
[2019.04.23-04.27.18:595][852]LogShaderCompilers: Display: Shaders left to compile 14
[2019.04.23-04.27.18:614][853]LogShaderCompilers: Display: Shaders left to compile 13
[2019.04.23-04.27.18:634][854]LogShaderCompilers: Display: Shaders left to compile 12
[2019.04.23-04.27.18:842][865]LogShaderCompilers: Display: Shaders left to compile 11
[2019.04.23-04.27.19:009][873]LogShaderCompilers: Display: Shaders left to compile 10
[2019.04.23-04.27.19:222][884]LogShaderCompilers: Display: Shaders left to compile 9
[2019.04.23-04.27.19:255][886]LogShaderCompilers: Display: Shaders left to compile 8
[2019.04.23-04.27.19:453][897]LogShaderCompilers: Display: Shaders left to compile 7
[2019.04.23-04.27.19:576][904]LogShaderCompilers: Display: Shaders left to compile 6
[2019.04.23-04.27.19:626][907]LogShaderCompilers: Display: Shaders left to compile 5
[2019.04.23-04.27.19:927][924]LogShaderCompilers: Display: Shaders left to compile 4
[2019.04.23-04.27.19:981][924]LogShaderCompilers: Display: Shaders left to compile 3
[2019.04.23-04.27.20:137][932]LogShaderCompilers: Display: Shaders left to compile 2
[2019.04.23-04.27.20:243][937]LogShaderCompilers: Display: Shaders left to compile 1
[2019.04.23-04.27.20:573][952]MaterialEditorStats: Base pass shader: 119 instructions
[2019.04.23-04.27.20:573][952]MaterialEditorStats: Base pass shader with Volumetric Lightmap: 195 instructions
[2019.04.23-04.27.20:573][952]MaterialEditorStats: Base pass vertex shader: 36 instructions
[2019.04.23-04.27.20:573][952]MaterialEditorStats: Texture samplers: 6/16
[2019.04.23-04.27.20:573][952]MaterialEditorStats: Texture Lookups (Est.): VS(0), PS(3)
[2019.04.23-04.27.20:573][952]MaterialEditorStats: User interpolators: 2/4 Scalars (1/4 Vectors) (TexCoords: 2, Custom: 0)
[2019.04.23-04.27.21:398][  1]LogMaterial: Display: Missing cached shader map for material iceCreamTopID, compiling. 
[2019.04.23-04.27.21:417][  1]LogShaderCompilers: Display: Shaders left to compile 21
[2019.04.23-04.27.21:417][  1]LogShaderCompilers: Display: Shaders left to compile 20
[2019.04.23-04.27.21:417][  1]LogShaderCompilers: Display: Shaders left to compile 19
[2019.04.23-04.27.21:418][  1]LogShaderCompilers: Display: Shaders left to compile 18
[2019.04.23-04.27.21:418][  1]LogMaterial: Display: Missing cached shader map for material FMatExpressionPreview MaterialExpressionVectorParameter_0, compiling. 
[2019.04.23-04.27.21:444][  1]LogSlate: Window 'Color Picker' being destroyed
[2019.04.23-04.27.21:760][ 15]LogShaderCompilers: Display: Shaders left to compile 19
[2019.04.23-04.27.21:804][ 17]LogShaderCompilers: Display: Shaders left to compile 18
[2019.04.23-04.27.21:823][ 18]LogShaderCompilers: Display: Shaders left to compile 17
[2019.04.23-04.27.21:839][ 19]LogShaderCompilers: Display: Shaders left to compile 16
[2019.04.23-04.27.22:130][ 34]LogShaderCompilers: Display: Shaders left to compile 15
[2019.04.23-04.27.22:147][ 35]LogShaderCompilers: Display: Shaders left to compile 14
[2019.04.23-04.27.22:147][ 35]LogShaderCompilers: Display: Shaders left to compile 13
[2019.04.23-04.27.22:165][ 36]LogShaderCompilers: Display: Shaders left to compile 12
[2019.04.23-04.27.22:421][ 49]LogShaderCompilers: Display: Shaders left to compile 11
[2019.04.23-04.27.22:550][ 54]LogShaderCompilers: Display: Shaders left to compile 10
[2019.04.23-04.27.22:819][ 66]LogShaderCompilers: Display: Shaders left to compile 9
[2019.04.23-04.27.22:880][ 69]LogShaderCompilers: Display: Shaders left to compile 8
[2019.04.23-04.27.23:111][ 81]LogShaderCompilers: Display: Shaders left to compile 7
[2019.04.23-04.27.23:246][ 87]LogShaderCompilers: Display: Shaders left to compile 6
[2019.04.23-04.27.23:264][ 88]LogShaderCompilers: Display: Shaders left to compile 5
[2019.04.23-04.27.23:821][106]LogShaderCompilers: Display: Shaders left to compile 4
[2019.04.23-04.27.23:987][109]LogShaderCompilers: Display: Shaders left to compile 3
[2019.04.23-04.27.24:861][123]LogShaderCompilers: Display: Shaders left to compile 2
[2019.04.23-04.27.24:861][123]LogShaderCompilers: Display: Shaders left to compile 1
[2019.04.23-04.27.25:376][128]LogAssetEditorManager: Opening Asset editor for StaticMesh /Game/Jessie_AllThingsGold/GoldenModels/iceCreamScoop_IceCreamBottom.iceCreamScoop_IceCreamBottom
[2019.04.23-04.27.27:102][129]MaterialEditorStats: Base pass shader: 119 instructions
[2019.04.23-04.27.27:102][129]MaterialEditorStats: Base pass shader with Volumetric Lightmap: 195 instructions
[2019.04.23-04.27.27:102][129]MaterialEditorStats: Base pass vertex shader: 36 instructions
[2019.04.23-04.27.27:102][129]MaterialEditorStats: Texture samplers: 6/16
[2019.04.23-04.27.27:103][129]MaterialEditorStats: Texture Lookups (Est.): VS(0), PS(3)
[2019.04.23-04.27.27:103][129]MaterialEditorStats: User interpolators: 2/4 Scalars (1/4 Vectors) (TexCoords: 2, Custom: 0)
[2019.04.23-04.27.29:526][182]LogAssetEditorManager: Opening Asset editor for Material /Game/Jessie_AllThingsGold/GoldenModels/GoldenMaterials/IceCream_M/IceCreamBottomID.IceCreamBottomID
[2019.04.23-04.27.29:539][182]LogMaterial: Display: Missing cached shader map for material IceCreamBottomID, compiling. 
[2019.04.23-04.27.30:000][182]LogMaterial: Display: Missing cached shader map for material IceCreamBottomID, compiling. 
[2019.04.23-04.27.30:050][182]LogMaterial: Display: Missing cached shader map for material IceCreamBottomID, compiling. 
[2019.04.23-04.27.30:100][182]LogShaderCompilers: Display: Shaders left to compile 21
[2019.04.23-04.27.30:100][182]LogShaderCompilers: Display: Shaders left to compile 20
[2019.04.23-04.27.30:100][182]LogShaderCompilers: Display: Shaders left to compile 19
[2019.04.23-04.27.30:100][182]LogShaderCompilers: Display: Shaders left to compile 18
[2019.04.23-04.27.30:131][182]LogMaterial: Display: Missing cached shader map for material FMatExpressionPreview MaterialExpressionTextureSample_0, compiling. 
[2019.04.23-04.27.30:148][182]LogMaterial: Display: Missing cached shader map for material FMatExpressionPreview MaterialExpressionTextureSample_1, compiling. 
[2019.04.23-04.27.30:165][182]LogMaterial: Display: Missing cached shader map for material FMatExpressionPreview MaterialExpressionTextureSample_2, compiling. 
[2019.04.23-04.27.30:712][185]LogShaderCompilers: Display: Shaders left to compile 23
[2019.04.23-04.27.30:778][186]LogShaderCompilers: Display: Shaders left to compile 22
[2019.04.23-04.27.30:817][187]LogShaderCompilers: Display: Shaders left to compile 21
[2019.04.23-04.27.30:919][189]LogShaderCompilers: Display: Shaders left to compile 20
[2019.04.23-04.27.31:533][205]LogShaderCompilers: Display: Shaders left to compile 19
[2019.04.23-04.27.31:571][206]LogShaderCompilers: Display: Shaders left to compile 18
[2019.04.23-04.27.31:611][207]LogShaderCompilers: Display: Shaders left to compile 17
[2019.04.23-04.27.31:646][208]LogShaderCompilers: Display: Shaders left to compile 16
[2019.04.23-04.27.32:247][223]LogShaderCompilers: Display: Shaders left to compile 15
[2019.04.23-04.27.32:738][233]LogShaderCompilers: Display: Shaders left to compile 14
[2019.04.23-04.27.32:948][240]LogShaderCompilers: Display: Shaders left to compile 13
[2019.04.23-04.27.33:077][244]LogShaderCompilers: Display: Shaders left to compile 12
[2019.04.23-04.27.33:612][257]LogShaderCompilers: Display: Shaders left to compile 11
[2019.04.23-04.27.34:079][268]LogShaderCompilers: Display: Shaders left to compile 10
[2019.04.23-04.27.34:498][280]LogShaderCompilers: Display: Shaders left to compile 9
[2019.04.23-04.27.34:875][291]LogShaderCompilers: Display: Shaders left to compile 8
[2019.04.23-04.27.34:912][292]LogShaderCompilers: Display: Shaders left to compile 7
[2019.04.23-04.27.35:279][301]LogShaderCompilers: Display: Shaders left to compile 6
[2019.04.23-04.27.35:842][316]LogShaderCompilers: Display: Shaders left to compile 5
[2019.04.23-04.27.35:870][317]LogShaderCompilers: Display: Shaders left to compile 4
[2019.04.23-04.27.36:270][331]LogShaderCompilers: Display: Shaders left to compile 3
[2019.04.23-04.27.36:342][333]LogShaderCompilers: Display: Shaders left to compile 2
[2019.04.23-04.27.36:544][337]LogShaderCompilers: Display: Shaders left to compile 1
[2019.04.23-04.27.37:549][378]LogMaterial: Display: Missing cached shader map for material IceCreamBottomID, compiling. 
[2019.04.23-04.27.37:579][378]LogMaterial: Display: Missing cached shader map for material FMatExpressionPreview MaterialExpressionVectorParameter_0, compiling. 
[2019.04.23-04.27.37:640][379]LogShaderCompilers: Display: Shaders left to compile 21
[2019.04.23-04.27.37:640][379]LogShaderCompilers: Display: Shaders left to compile 20
[2019.04.23-04.27.37:640][379]LogShaderCompilers: Display: Shaders left to compile 19
[2019.04.23-04.27.37:640][379]LogShaderCompilers: Display: Shaders left to compile 18
[2019.04.23-04.27.38:151][395]LogShaderCompilers: Display: Shaders left to compile 19
[2019.04.23-04.27.38:254][398]LogShaderCompilers: Display: Shaders left to compile 18
[2019.04.23-04.27.38:287][399]LogShaderCompilers: Display: Shaders left to compile 17
[2019.04.23-04.27.38:359][401]LogShaderCompilers: Display: Shaders left to compile 16
[2019.04.23-04.27.38:674][411]LogShaderCompilers: Display: Shaders left to compile 15
[2019.04.23-04.27.38:770][414]LogShaderCompilers: Display: Shaders left to compile 14
[2019.04.23-04.27.38:858][417]LogShaderCompilers: Display: Shaders left to compile 13
[2019.04.23-04.27.38:926][419]LogShaderCompilers: Display: Shaders left to compile 12
[2019.04.23-04.27.39:150][427]LogShaderCompilers: Display: Shaders left to compile 11
[2019.04.23-04.27.39:590][438]LogShaderCompilers: Display: Shaders left to compile 10
[2019.04.23-04.27.39:845][445]LogShaderCompilers: Display: Shaders left to compile 9
[2019.04.23-04.27.40:067][451]LogShaderCompilers: Display: Shaders left to compile 8
[2019.04.23-04.27.40:139][453]LogShaderCompilers: Display: Shaders left to compile 7
[2019.04.23-04.27.40:688][468]LogShaderCompilers: Display: Shaders left to compile 6
[2019.04.23-04.27.41:040][479]LogShaderCompilers: Display: Shaders left to compile 5
[2019.04.23-04.27.41:212][484]LogShaderCompilers: Display: Shaders left to compile 4
[2019.04.23-04.27.41:235][485]LogShaderCompilers: Display: Shaders left to compile 3
[2019.04.23-04.27.41:255][486]LogShaderCompilers: Display: Shaders left to compile 2
[2019.04.23-04.27.41:370][490]LogMaterial: Display: Missing cached shader map for material IceCreamBottomID, compiling. 
[2019.04.23-04.27.41:423][490]LogMaterial: Display: Missing cached shader map for material FMatExpressionPreview MaterialExpressionVectorParameter_0, compiling. 
[2019.04.23-04.27.41:785][498]LogShaderCompilers: Display: Shaders left to compile 23
[2019.04.23-04.27.41:876][501]LogShaderCompilers: Display: Shaders left to compile 22
[2019.04.23-04.27.42:002][505]LogShaderCompilers: Display: Shaders left to compile 21
[2019.04.23-04.27.42:100][508]LogShaderCompilers: Display: Shaders left to compile 20
[2019.04.23-04.27.42:389][518]LogShaderCompilers: Display: Shaders left to compile 19
[2019.04.23-04.27.42:449][520]LogShaderCompilers: Display: Shaders left to compile 18
[2019.04.23-04.27.42:596][525]LogShaderCompilers: Display: Shaders left to compile 17
[2019.04.23-04.27.42:627][526]LogShaderCompilers: Display: Shaders left to compile 16
[2019.04.23-04.27.42:839][533]LogMaterial: Display: Missing cached shader map for material IceCreamBottomID, compiling. 
[2019.04.23-04.27.42:884][533]LogShaderCompilers: Display: Shaders left to compile 2
[2019.04.23-04.27.42:898][533]LogMaterial: Display: Missing cached shader map for material FMatExpressionPreview MaterialExpressionVectorParameter_0, compiling. 
[2019.04.23-04.27.42:933][533]LogShaderCompilers: Display: Shaders left to compile 23
[2019.04.23-04.27.42:933][533]LogSlate: Window 'Color Picker' being destroyed
[2019.04.23-04.27.43:042][536]LogShaderCompilers: Display: Shaders left to compile 22
[2019.04.23-04.27.43:131][539]LogShaderCompilers: Display: Shaders left to compile 21
[2019.04.23-04.27.43:528][552]LogShaderCompilers: Display: Shaders left to compile 20
[2019.04.23-04.27.43:559][553]LogShaderCompilers: Display: Shaders left to compile 19
[2019.04.23-04.27.43:707][558]LogShaderCompilers: Display: Shaders left to compile 18
[2019.04.23-04.27.43:733][559]LogShaderCompilers: Display: Shaders left to compile 17
[2019.04.23-04.27.43:955][568]LogShaderCompilers: Display: Shaders left to compile 16
[2019.04.23-04.27.44:000][570]LogShaderCompilers: Display: Shaders left to compile 15
[2019.04.23-04.27.44:109][571]LogShaderCompilers: Display: Shaders left to compile 14
[2019.04.23-04.27.44:137][571]LogShaderCompilers: Display: Shaders left to compile 13
[2019.04.23-04.27.44:254][577]LogShaderCompilers: Display: Shaders left to compile 12
[2019.04.23-04.27.44:365][582]LogShaderCompilers: Display: Shaders left to compile 11
[2019.04.23-04.27.44:784][601]LogShaderCompilers: Display: Shaders left to compile 10
[2019.04.23-04.27.44:995][610]LogShaderCompilers: Display: Shaders left to compile 9
[2019.04.23-04.27.45:115][614]LogShaderCompilers: Display: Shaders left to compile 8
[2019.04.23-04.27.45:209][618]LogShaderCompilers: Display: Shaders left to compile 7
[2019.04.23-04.27.45:565][632]LogShaderCompilers: Display: Shaders left to compile 6
[2019.04.23-04.27.45:760][640]LogShaderCompilers: Display: Shaders left to compile 5
[2019.04.23-04.27.46:016][651]LogShaderCompilers: Display: Shaders left to compile 4
[2019.04.23-04.27.46:152][657]LogShaderCompilers: Display: Shaders left to compile 3
[2019.04.23-04.27.46:196][659]LogShaderCompilers: Display: Shaders left to compile 2
[2019.04.23-04.27.46:561][675]LogShaderCompilers: Display: Shaders left to compile 1
[2019.04.23-04.27.47:363][709]LogMaterial: Display: Missing cached shader map for material IceCreamBottomID, compiling. 
[2019.04.23-04.27.47:442][710]LogShaderCompilers: Display: Shaders left to compile 21
[2019.04.23-04.27.47:442][710]LogShaderCompilers: Display: Shaders left to compile 20
[2019.04.23-04.27.47:442][710]LogShaderCompilers: Display: Shaders left to compile 19
[2019.04.23-04.27.47:442][710]LogShaderCompilers: Display: Shaders left to compile 18
[2019.04.23-04.27.47:458][710]LogMaterial: Display: Missing cached shader map for material Material_0, compiling. 
[2019.04.23-04.27.47:857][722]LogShaderCompilers: Display: Shaders left to compile 22
[2019.04.23-04.27.47:881][723]LogShaderCompilers: Display: Shaders left to compile 21
[2019.04.23-04.27.47:960][726]LogShaderCompilers: Display: Shaders left to compile 20
[2019.04.23-04.27.48:025][729]LogShaderCompilers: Display: Shaders left to compile 19
[2019.04.23-04.27.48:321][741]LogShaderCompilers: Display: Shaders left to compile 18
[2019.04.23-04.27.48:343][742]LogShaderCompilers: Display: Shaders left to compile 17
[2019.04.23-04.27.48:393][744]LogShaderCompilers: Display: Shaders left to compile 16
[2019.04.23-04.27.48:417][745]LogShaderCompilers: Display: Shaders left to compile 15
[2019.04.23-04.27.48:808][757]LogShaderCompilers: Display: Shaders left to compile 14
[2019.04.23-04.27.49:166][766]LogShaderCompilers: Display: Shaders left to compile 13
[2019.04.23-04.27.49:351][770]LogShaderCompilers: Display: Shaders left to compile 12
[2019.04.23-04.27.49:419][771]LogShaderCompilers: Display: Shaders left to compile 11
[2019.04.23-04.27.49:614][776]LogShaderCompilers: Display: Shaders left to compile 10
[2019.04.23-04.27.49:909][783]LogShaderCompilers: Display: Shaders left to compile 9
[2019.04.23-04.27.50:116][786]LogShaderCompilers: Display: Shaders left to compile 8
[2019.04.23-04.27.50:509][792]LogShaderCompilers: Display: Shaders left to compile 7
[2019.04.23-04.27.50:961][796]LogShaderCompilers: Display: Shaders left to compile 6
[2019.04.23-04.27.51:161][798]LogShaderCompilers: Display: Shaders left to compile 5
[2019.04.23-04.27.51:882][812]MaterialEditorStats: Base pass shader: 115 instructions
[2019.04.23-04.27.51:882][812]MaterialEditorStats: Base pass shader with Volumetric Lightmap: 191 instructions
[2019.04.23-04.27.51:882][812]MaterialEditorStats: Base pass vertex shader: 36 instructions
[2019.04.23-04.27.51:882][812]MaterialEditorStats: Texture samplers: 6/16
[2019.04.23-04.27.51:882][812]MaterialEditorStats: Texture Lookups (Est.): VS(0), PS(3)
[2019.04.23-04.27.51:882][812]MaterialEditorStats: User interpolators: 2/4 Scalars (1/4 Vectors) (TexCoords: 2, Custom: 0)
[2019.04.23-04.29.07:105][ 67]LogInit: XAudio2 using 'Headphones (2- SRS-XB10 Stereo)' : 2 channels at 44.1 kHz using 16 bits per sample (channel mask 0x3)
[2019.04.23-04.29.45:312][463]LogAudio: Warning: Current Audio Device with ID {0.0.0.00000000}.{cd4d86a3-cba6-4ba7-a7dd-37cae573fd34} was removed. Shutting down audio device.
