Log file open, 04/01/19 20:41:21
LogWindows: Failed to load 'aqProf.dll' (GetLastError=126)
LogWindows: File 'aqProf.dll' does not exist
LogWindows: Failed to load 'VtuneApi.dll' (GetLastError=126)
LogWindows: File 'VtuneApi.dll' does not exist
LogWindows: Failed to load 'VtuneApi32e.dll' (GetLastError=126)
LogWindows: File 'VtuneApi32e.dll' does not exist
LogInit: Display: Running engine for game: MarshMellow
LogPlatformFile: Not using cached read wrapper
LogTaskGraph: Started task graph with 5 named threads and 23 total threads with 3 sets of task threads.
LogStats: Stats thread started at 0.506050
LogD3D11RHI: Loaded GFSDK_Aftermath_Lib.x64.dll
LogICUInternationalization: Display: ICU TimeZone Detection - Raw Offset: -5:00, Platform Override: ''
LogPluginManager: Mounting plugin Paper2D
LogPluginManager: Mounting plugin AISupport
LogPluginManager: Mounting plugin LightPropagationVolume
LogPluginManager: Mounting plugin CLionSourceCodeAccess
LogPluginManager: Mounting plugin CodeLiteSourceCodeAccess
LogPluginManager: Mounting plugin GitSourceControl
LogPluginManager: Mounting plugin KDevelopSourceCodeAccess
LogPluginManager: Mounting plugin NullSourceCodeAccess
LogPluginManager: Mounting plugin PerforceSourceControl
LogPluginManager: Mounting plugin SubversionSourceControl
LogPluginManager: Mounting plugin UObjectPlugin
LogPluginManager: Mounting plugin VisualStudioCodeSourceCodeAccess
LogPluginManager: Mounting plugin VisualStudioSourceCodeAccess
LogPluginManager: Mounting plugin XCodeSourceCodeAccess
LogPluginManager: Mounting plugin AssetManagerEditor
LogPluginManager: Mounting plugin CryptoKeys
LogPluginManager: Mounting plugin DataValidation
LogPluginManager: Mounting plugin FacialAnimation
LogPluginManager: Mounting plugin GameplayTagsEditor
LogPluginManager: Mounting plugin MacGraphicsSwitching
LogPluginManager: Mounting plugin MeshEditor
LogPluginManager: Mounting plugin MobileLauncherProfileWizard
LogPluginManager: Mounting plugin PluginBrowser
LogPluginManager: Mounting plugin SpeedTreeImporter
LogPluginManager: Mounting plugin DatasmithContent
LogPluginManager: Mounting plugin AlembicImporter
LogPluginManager: Mounting plugin AppleImageUtils
LogPluginManager: Mounting plugin AppleVision
LogPluginManager: Mounting plugin BackChannel
LogPluginManager: Mounting plugin CharacterAI
LogPluginManager: Mounting plugin GeometryCache
LogPluginManager: Mounting plugin HTML5Networking
LogPluginManager: Mounting plugin ProxyLODPlugin
LogPluginManager: Mounting plugin MagicLeap
LogPluginManager: Mounting plugin MagicLeapEmulator
LogPluginManager: Mounting plugin MagicLeapMedia
LogPluginManager: Mounting plugin AndroidMedia
LogPluginManager: Mounting plugin AvfMedia
LogPluginManager: Mounting plugin ImgMedia
LogPluginManager: Mounting plugin LinearTimecode
LogPluginManager: Mounting plugin MediaCompositing
LogPluginManager: Mounting plugin MediaPlayerEditor
LogPluginManager: Mounting plugin WmfMedia
LogPluginManager: Mounting plugin TcpMessaging
LogPluginManager: Mounting plugin UdpMessaging
LogPluginManager: Mounting plugin ActorSequence
LogPluginManager: Mounting plugin LevelSequenceEditor
LogPluginManager: Mounting plugin MatineeToLevelSequence
LogPluginManager: Mounting plugin NetcodeUnitTest
LogPluginManager: Mounting plugin NUTUnrealEngine4
LogPluginManager: Mounting plugin OnlineSubsystemGooglePlay
LogPluginManager: Mounting plugin OnlineSubsystemIOS
LogPluginManager: Mounting plugin OnlineSubsystem
LogPluginManager: Mounting plugin OnlineSubsystemNull
LogPluginManager: Mounting plugin OnlineSubsystemUtils
LogPluginManager: Mounting plugin LauncherChunkInstaller
LogPluginManager: Mounting plugin AndroidDeviceProfileSelector
LogPluginManager: Mounting plugin AndroidMoviePlayer
LogPluginManager: Mounting plugin AndroidPermission
LogPluginManager: Mounting plugin AppleMoviePlayer
LogPluginManager: Mounting plugin ArchVisCharacter
LogPluginManager: Mounting plugin AudioCapture
LogPluginManager: Mounting plugin CableComponent
LogPluginManager: Mounting plugin CustomMeshComponent
LogPluginManager: Mounting plugin EditableMesh
LogPluginManager: Mounting plugin ExampleDeviceProfileSelector
LogPluginManager: Mounting plugin GoogleCloudMessaging
LogPluginManager: Mounting plugin ImmediatePhysics
LogPluginManager: Mounting plugin IOSDeviceProfileSelector
LogPluginManager: Mounting plugin LinuxDeviceProfileSelector
LogPluginManager: Mounting plugin LocationServicesBPLibrary
LogPluginManager: Mounting plugin MobilePatchingUtils
LogPluginManager: Mounting plugin OculusVR
LogPluginManager: Plugin shader directory ../../../Engine/Plugins/Runtime/Oculus/OculusVR/Shaders found
LogPluginManager: Mapping shader source directory ../../../Engine/Plugins/Runtime/Oculus/OculusVR/Shaders to virtual directory /Plugin/OculusVR
LogPluginManager: Mounting plugin PhysXVehicles
LogPluginManager: Mounting plugin ProceduralMeshComponent
LogPluginManager: Mounting plugin RuntimePhysXCooking
LogPluginManager: Mounting plugin SteamVR
LogPluginManager: Mounting plugin WindowsMoviePlayer
LogStreaming: Display: Took  0.151s to configure plugins.
LogInit: Using libcurl 7.55.1-DEV
LogInit:  - built for x86_64-pc-win32
LogInit:  - supports SSL with OpenSSL/1.0.2h
LogInit:  - supports HTTP deflate (compression) using libz 1.2.8
LogInit:  - other features:
LogInit:      CURL_VERSION_SSL
LogInit:      CURL_VERSION_LIBZ
LogInit:      CURL_VERSION_IPV6
LogInit:      CURL_VERSION_ASYNCHDNS
LogInit:      CURL_VERSION_LARGEFILE
LogInit:      CURL_VERSION_IDN
LogInit:  CurlRequestOptions (configurable via config and command line):
LogInit:  - bVerifyPeer = false  - Libcurl will NOT verify peer certificate
LogInit:  - bUseHttpProxy = false  - Libcurl will NOT use HTTP proxy
LogInit:  - bDontReuseConnections = false  - Libcurl will reuse connections
LogInit:  - CertBundlePath = nullptr  - Libcurl will use whatever was configured at build time.
LogInit:  - MaxHostConnections = 16  - Libcurl will limit the number of connections to a host
LogInit:  - LocalHostAddr = Default
LogInit:  - BufferSize = 65536
LogInit: WinSock: version 1.1 (2.2), MaxSocks=32767, MaxUdp=65467
LogInit: Build: ++UE4+Release-4.20-CL-4369336
LogInit: Engine Version: 4.20.3-4369336+++UE4+Release-4.20
LogInit: Compatible Engine Version: 4.20.0-4212847+++UE4+Release-4.20
LogInit: Net CL: 4212847
LogInit: OS: Windows 10 (), CPU: Intel(R) Core(TM) i7-6700HQ CPU @ 2.60GHz, GPU: Intel(R) HD Graphics 530
LogInit: Compiled (64-bit): Sep 17 2018 12:26:19
LogInit: Compiled with Visual C++: 19.13.26129.00
LogInit: Build Configuration: Development
LogInit: Branch Name: ++UE4+Release-4.20
LogInit: Command Line: 
LogInit: Base Directory: C:/Program Files/Epic Games/UE_4.20/Engine/Binaries/Win64/
LogInit: Installed Engine Build: 1
LogDevObjectVersion: Number of dev versions registered: 20
LogDevObjectVersion:   Dev-Blueprints (B0D832E4-1F89-4F0D-ACCF-7EB736FD4AA2): 10
LogDevObjectVersion:   Dev-Build (E1C64328-A22C-4D53-A36C-8E866417BD8C): 0
LogDevObjectVersion:   Dev-Core (375EC13C-06E4-48FB-B500-84F0262A717E): 2
LogDevObjectVersion:   Dev-Editor (E4B068ED-F494-42E9-A231-DA0B2E46BB41): 24
LogDevObjectVersion:   Dev-Framework (CFFC743F-43B0-4480-9391-14DF171D2073): 34
LogDevObjectVersion:   Dev-Mobile (B02B49B5-BB20-44E9-A304-32B752E40360): 2
LogDevObjectVersion:   Dev-Networking (A4E4105C-59A1-49B5-A7C5-40C4547EDFEE): 0
LogDevObjectVersion:   Dev-Online (39C831C9-5AE6-47DC-9A44-9C173E1C8E7C): 0
LogDevObjectVersion:   Dev-Physics (78F01B33-EBEA-4F98-B9B4-84EACCB95AA2): 0
LogDevObjectVersion:   Dev-Platform (6631380F-2D4D-43E0-8009-CF276956A95A): 0
LogDevObjectVersion:   Dev-Rendering (12F88B9F-8875-4AFC-A67C-D90C383ABD29): 26
LogDevObjectVersion:   Dev-Sequencer (7B5AE74C-D270-4C10-A958-57980B212A5A): 9
LogDevObjectVersion:   Dev-VR (D7296918-1DD6-4BDD-9DE2-64A83CC13884): 2
LogDevObjectVersion:   Dev-LoadTimes (C2A15278-BFE7-4AFE-6C17-90FF531DF755): 1
LogDevObjectVersion:   Private-Geometry (6EACA3D4-40EC-4CC1-B786-8BED09428FC5): 3
LogDevObjectVersion:   Dev-AnimPhys (29E575DD-E0A3-4627-9D10-D276232CDCEA): 17
LogDevObjectVersion:   Dev-ReflectionCapture (6B266CEC-1EC7-4B8F-A30B-E4D90942FC07): 1
LogDevObjectVersion:   Dev-Automation (0DF73D61-A23F-47EA-B727-89E90C41499A): 1
LogDevObjectVersion:   FortniteMain (601D1886-AC64-4F84-AA16-D3DE0DEAC7D6): 12
LogDevObjectVersion:   Dev-Enterprise (9DFFBCD6-494F-0158-E221-12823C92A888): 1
LogStreaming: Display: Took  0.003s to delete old logs.
LogInit: Presizing for max 8388607 objects, including 0 objects not considered by GC, pre-allocating 0 bytes for permanent pool.
LogInit: Object subsystem initialized
[2019.04.02-00.41.21:618][  0]LogInit: Selected Device Profile: [Windows]
[2019.04.02-00.41.21:618][  0]LogInit: Applying CVar settings loaded from the selected device profile: [Windows]
[2019.04.02-00.41.21:637][  0]LogHAL: Display: Platform has ~ 16 GB [16751534080 / 17179869184 / 16], which maps to Larger [LargestMinGB=32, LargerMinGB=12, DefaultMinGB=8, SmallerMinGB=6, SmallestMinGB=0)
[2019.04.02-00.41.21:637][  0]LogInit: Setting Device Profile CVar: [[r.Vulkan.UseRealUBs:1]]
[2019.04.02-00.41.21:637][  0]LogInit: Going up to parent DeviceProfile []
[2019.04.02-00.41.21:638][  0]LogInit: Computer: JESSIES-LAPTOP
[2019.04.02-00.41.21:638][  0]LogInit: User: jessielichter
[2019.04.02-00.41.21:638][  0]LogInit: CPU Page size=4096, Cores=4
[2019.04.02-00.41.21:638][  0]LogInit: High frequency timer resolution =2.531250 MHz
[2019.04.02-00.41.21:638][  0]LogMemory: Memory total: Physical=15.6GB (16GB approx)
[2019.04.02-00.41.21:638][  0]LogMemory: Platform Memory Stats for Windows
[2019.04.02-00.41.21:638][  0]LogMemory: Process Physical Memory: 100.35 MB used, 100.35 MB peak
[2019.04.02-00.41.21:638][  0]LogMemory: Process Virtual Memory: 90.97 MB used, 90.97 MB peak
[2019.04.02-00.41.21:638][  0]LogMemory: Physical Memory: 6999.22 MB used,  8976.29 MB free, 15975.51 MB total
[2019.04.02-00.41.21:638][  0]LogMemory: Virtual Memory: 4640.70 MB used,  8976.29 MB free, 134217728.00 MB total
[2019.04.02-00.41.21:666][  0]LogInit: Using OS detected language (en-US).
[2019.04.02-00.41.21:666][  0]LogInit: Using OS detected locale (en-US).
[2019.04.02-00.41.21:668][  0]LogTextLocalizationManager: No specific localization for 'en-US' exists, so the 'en' localization will be used.
[2019.04.02-00.41.22:505][  0]LogStreaming: Display: Took  0.839s to InitEngineTextLocalization.
[2019.04.02-00.41.22:506][  0]LogInit: Setting process to per monitor DPI aware
[2019.04.02-00.41.22:545][  0]LogSlate: New Slate User Created.  User Index 0, Is Virtual User: 0
[2019.04.02-00.41.22:545][  0]LogSlate: Slate User Registered.  User Index 0, Is Virtual User: 0
[2019.04.02-00.41.23:006][  0]LogHMD: Failed to initialize OpenVR with code 110
[2019.04.02-00.41.23:006][  0]LogD3D11RHI: D3D11 adapters:
[2019.04.02-00.41.23:106][  0]LogD3D11RHI:    0. 'NVIDIA GeForce GTX 960M' (Feature Level 11_0)
[2019.04.02-00.41.23:106][  0]LogD3D11RHI:       2010/0/7987 MB DedicatedVideo/DedicatedSystem/SharedSystem, Outputs:1, VendorId:0x10de
[2019.04.02-00.41.23:122][  0]LogD3D11RHI:    1. 'Intel(R) HD Graphics 530' (Feature Level 11_0)
[2019.04.02-00.41.23:122][  0]LogD3D11RHI:       128/0/7987 MB DedicatedVideo/DedicatedSystem/SharedSystem, Outputs:0, VendorId:0x8086
[2019.04.02-00.41.23:126][  0]LogD3D11RHI:    2. 'Microsoft Basic Render Driver' (Feature Level 11_0)
[2019.04.02-00.41.23:126][  0]LogD3D11RHI:       0/0/7987 MB DedicatedVideo/DedicatedSystem/SharedSystem, Outputs:0, VendorId:0x1414
[2019.04.02-00.41.23:126][  0]LogD3D11RHI: Chosen D3D11 Adapter: 0
[2019.04.02-00.41.23:200][  0]LogD3D11RHI: Creating new Direct3DDevice
[2019.04.02-00.41.23:201][  0]LogD3D11RHI:     GPU DeviceId: 0x139b (for the marketing name, search the web for "GPU Device Id")
[2019.04.02-00.41.23:201][  0]LogWindows: EnumDisplayDevices:
[2019.04.02-00.41.23:201][  0]LogWindows:    0. 'Intel(R) HD Graphics 530' (P:1 D:1)
[2019.04.02-00.41.23:201][  0]LogWindows:    1. 'Intel(R) HD Graphics 530' (P:0 D:0)
[2019.04.02-00.41.23:202][  0]LogWindows:    2. 'Intel(R) HD Graphics 530' (P:0 D:0)
[2019.04.02-00.41.23:202][  0]LogWindows: DebugString: PrimaryIsNotTheChoosenAdapter PrimaryIsNotTheChoosenAdapter PrimaryIsNotTheChoosenAdapter FoundDriverCount:0 
[2019.04.02-00.41.23:202][  0]LogD3D11RHI:     Adapter Name: NVIDIA GeForce GTX 960M
[2019.04.02-00.41.23:202][  0]LogD3D11RHI:   Driver Version: Unknown (internal:Unknown, unified:Unknown)
[2019.04.02-00.41.23:202][  0]LogD3D11RHI:      Driver Date: Unknown
[2019.04.02-00.41.23:202][  0]LogRHI: Texture pool is 1407 MB (70% of 2010 MB)
[2019.04.02-00.41.23:293][  0]LogD3D11RHI: Async texture creation enabled
[2019.04.02-00.41.23:318][  0]LogD3D11RHI: GPU Timing Frequency: 1000.000000 (Debug: 2 2)
[2019.04.02-00.41.23:321][  0]LogShaderCompilers: Guid format shader working directory is -28 characters bigger than the processId version (../../../../../../Users/jessie lichter/Documents/GitHub/GameDev2Project/MarshMellow/Intermediate/Shaders/WorkingDirectory/9712/).
[2019.04.02-00.41.23:321][  0]LogShaderCompilers: Cleaned the shader compiler working directory 'C:/Users/jessie lichter/AppData/Local/Temp/UnrealShaderWorkingDir/7F38E1E54BA566335E49A29E62DF17B3/'.
[2019.04.02-00.41.24:140][  0]LogTemp: Display: Loaded TP AllDesktopTargetPlatform
[2019.04.02-00.41.24:167][  0]LogTemp: Display: Loaded TP MacClientTargetPlatform
[2019.04.02-00.41.24:194][  0]LogTemp: Display: Loaded TP MacNoEditorTargetPlatform
[2019.04.02-00.41.24:221][  0]LogTemp: Display: Loaded TP MacServerTargetPlatform
[2019.04.02-00.41.24:252][  0]LogTemp: Display: Loaded TP MacTargetPlatform
[2019.04.02-00.41.24:278][  0]LogTemp: Display: Loaded TP WindowsClientTargetPlatform
[2019.04.02-00.41.24:311][  0]LogTemp: Display: Loaded TP WindowsNoEditorTargetPlatform
[2019.04.02-00.41.24:354][  0]LogTemp: Display: Loaded TP WindowsServerTargetPlatform
[2019.04.02-00.41.24:381][  0]LogTemp: Display: Loaded TP WindowsTargetPlatform
[2019.04.02-00.41.24:688][  0]LogTemp: Display: Loaded TP AndroidTargetPlatform
[2019.04.02-00.41.24:688][  0]LogTemp: Display: Loaded TP AndroidTargetPlatform
[2019.04.02-00.41.24:688][  0]LogTemp: Display: Loaded TP AndroidTargetPlatform
[2019.04.02-00.41.24:688][  0]LogTemp: Display: Loaded TP AndroidTargetPlatform
[2019.04.02-00.41.24:688][  0]LogTemp: Display: Loaded TP AndroidTargetPlatform
[2019.04.02-00.41.24:688][  0]LogTemp: Display: Loaded TP AndroidTargetPlatform
[2019.04.02-00.41.24:688][  0]LogTemp: Display: Loaded TP AndroidTargetPlatform
[2019.04.02-00.41.24:688][  0]LogTemp: Display: Loaded TP AndroidTargetPlatform
[2019.04.02-00.41.24:688][  0]LogTemp: Display: Loaded TP AndroidTargetPlatform
[2019.04.02-00.41.24:688][  0]LogTemp: Display: Loaded TP AndroidTargetPlatform
[2019.04.02-00.41.24:688][  0]LogTemp: Display: Loaded TP AndroidTargetPlatform
[2019.04.02-00.41.24:688][  0]LogTemp: Display: Loaded TP AndroidTargetPlatform
[2019.04.02-00.41.24:688][  0]LogTemp: Display: Loaded TP AndroidTargetPlatform
[2019.04.02-00.41.24:688][  0]LogTemp: Display: Loaded TP AndroidTargetPlatform
[2019.04.02-00.41.24:688][  0]LogTemp: Display: Loaded TP AndroidTargetPlatform
[2019.04.02-00.41.24:688][  0]LogTemp: Display: Loaded TP AndroidTargetPlatform
[2019.04.02-00.41.24:688][  0]LogTemp: Display: Loaded TP AndroidTargetPlatform
[2019.04.02-00.41.24:688][  0]LogTemp: Display: Loaded TP AndroidTargetPlatform
[2019.04.02-00.41.24:690][  0]LogTemp: Display: Loaded TP HTML5TargetPlatform
[2019.04.02-00.41.24:761][  0]LogTemp: Display: Loaded TP IOSTargetPlatform
[2019.04.02-00.41.24:761][  0]LogTemp: Display: Loaded TP IOSTargetPlatform
[2019.04.02-00.41.24:845][  0]LogTemp: Display: Loaded TP TVOSTargetPlatform
[2019.04.02-00.41.24:846][  0]LogTemp: Display: Loaded TP TVOSTargetPlatform
[2019.04.02-00.41.24:904][  0]LogTemp: Display: Loaded TP LinuxClientTargetPlatform
[2019.04.02-00.41.24:958][  0]LogTemp: Display: Loaded TP LinuxNoEditorTargetPlatform
[2019.04.02-00.41.25:012][  0]LogTemp: Display: Loaded TP LinuxServerTargetPlatform
[2019.04.02-00.41.25:075][  0]LogTemp: Display: Loaded TP LinuxTargetPlatform
[2019.04.02-00.41.25:118][  0]LogTemp: Display: Loaded TP LuminTargetPlatform
[2019.04.02-00.41.25:118][  0]LogTargetPlatformManager: Display: Building Assets For Windows
[2019.04.02-00.41.25:335][  0]LogXGEController: Cannot use XGE Controller as Incredibuild is not installed on this machine.
[2019.04.02-00.41.25:335][  0]LogShaderCompilers: Cannot use XGE Shader Compiler as Incredibuild is not installed on this machine.
[2019.04.02-00.41.25:335][  0]LogShaderCompilers: Display: Using Local Shader Compiler.
[2019.04.02-00.41.27:317][  0]LogDerivedDataCache: Display: Max Cache Size: 512 MB
[2019.04.02-00.41.27:452][  0]LogDerivedDataCache: Loaded boot cache 0.13s 71MB C:/Users/jessie lichter/AppData/Local/UnrealEngine/4.20/DerivedDataCache/Boot.ddc.
[2019.04.02-00.41.27:453][  0]LogDerivedDataCache: Display: Loaded Boot cache: C:/Users/jessie lichter/AppData/Local/UnrealEngine/4.20/DerivedDataCache/Boot.ddc
[2019.04.02-00.41.27:453][  0]LogDerivedDataCache: FDerivedDataBackendGraph:  Pak pak cache file ../../../../../../Users/jessie lichter/Documents/GitHub/GameDev2Project/MarshMellow/DerivedDataCache/DDC.ddp not found, will not use a pak cache.
[2019.04.02-00.41.27:453][  0]LogDerivedDataCache: Unable to find inner node Pak for hierarchical cache Hierarchy.
[2019.04.02-00.41.27:453][  0]LogDerivedDataCache: FDerivedDataBackendGraph:  CompressedPak pak cache file ../../../../../../Users/jessie lichter/Documents/GitHub/GameDev2Project/MarshMellow/DerivedDataCache/Compressed.ddp not found, will not use a pak cache.
[2019.04.02-00.41.27:453][  0]LogDerivedDataCache: Unable to find inner node CompressedPak for hierarchical cache Hierarchy.
[2019.04.02-00.41.27:486][  0]LogDerivedDataCache: Display: Pak cache opened for reading ../../../Engine/DerivedDataCache/Compressed.ddp.
[2019.04.02-00.41.27:500][  0]LogDerivedDataCache: Using Local data cache path C:/Users/jessie lichter/AppData/Local/UnrealEngine/Common/DerivedDataCache: Writable
[2019.04.02-00.41.27:500][  0]LogDerivedDataCache: Shared data cache path not found in *engine.ini, will not use an Shared cache.
[2019.04.02-00.41.27:500][  0]LogDerivedDataCache: Unable to find inner node Shared for hierarchical cache Hierarchy.
[2019.04.02-00.41.27:568][  0]LogMaterial: Verifying Global Shaders for PCD3D_SM5
[2019.04.02-00.41.27:572][  0]LogSlate: Using FreeType 2.6.0
[2019.04.02-00.41.27:575][  0]LogSlate: SlateFontServices - WITH_FREETYPE: 1, WITH_HARFBUZZ: 1
[2019.04.02-00.41.27:721][  0]LogAssetRegistry: FAssetRegistry took 0.0331 seconds to start up
[2019.04.02-00.41.28:475][  0]LogInit: Selected Device Profile: [Windows]
[2019.04.02-00.41.28:747][  0]LogSimplygon: Simplygon DLL not present - disabling.
[2019.04.02-00.41.28:764][  0]LogMeshReduction: Using SimplygonSwarm for distributed automatic mesh merging
[2019.04.02-00.41.28:764][  0]LogMeshReduction: Using ProxyLODMeshReduction for automatic mesh merging
[2019.04.02-00.41.28:764][  0]LogMeshReduction: Using QuadricMeshReduction for automatic static mesh reduction
[2019.04.02-00.41.28:764][  0]LogMeshReduction: No automatic skeletal mesh reduction module available
[2019.04.02-00.41.28:807][  0]LogNetVersion: MarshMellow 1.0.0, NetCL: 4212847, EngineNetVer: 5, GameNetVer: 0 (Checksum: 3750370364)
[2019.04.02-00.41.29:877][  0]LogPackageLocalizationCache: Processed 11 localized package path(s) for 2 prioritized culture(s) in 0.198656 seconds
[2019.04.02-00.41.29:888][  0]LogUObjectArray: 38425 objects as part of root set at end of initial load.
[2019.04.02-00.41.29:888][  0]LogUObjectAllocator: 6690872 out of 0 bytes used by permanent object pool.
[2019.04.02-00.41.29:888][  0]LogUObjectArray: CloseDisregardForGC: 0/0 objects in disregard for GC pool
[2019.04.02-00.41.31:734][  0]LogTcpMessaging: Initializing TcpMessaging bridge
[2019.04.02-00.41.31:750][  0]LogUdpMessaging: Initializing bridge on interface 0.0.0.0:0 to multicast group 230.0.0.1:6666.
[2019.04.02-00.41.32:056][  0]SourceControl: Source control is disabled
[2019.04.02-00.41.32:056][  0]SourceControl: Source control is disabled
[2019.04.02-00.41.32:059][  0]SourceControl: Source control is disabled
[2019.04.02-00.41.32:062][  0]SourceControl: Source control is disabled
[2019.04.02-00.41.32:321][  0]LogAndroidPermission: UAndroidPermissionCallbackProxy::GetInstance
[2019.04.02-00.41.32:479][  0]LogOcInput: OculusInput pre-init called
[2019.04.02-00.41.32:669][  0]LogEngine: Initializing Engine...
[2019.04.02-00.41.32:672][  0]LogHMD: Failed to initialize OpenVR with code 110
[2019.04.02-00.41.32:677][  0]LogStats: UGameplayTagsManager::ConstructGameplayTagTree: ImportINI prefixes -  0.000 s
[2019.04.02-00.41.32:677][  0]LogStats: UGameplayTagsManager::ConstructGameplayTagTree: Construct from data asset -  0.000 s
[2019.04.02-00.41.32:677][  0]LogStats: UGameplayTagsManager::ConstructGameplayTagTree: ImportINI -  0.000 s
[2019.04.02-00.41.32:677][  0]LogStats: UGameplayTagsManager::ConstructGameplayTagTree: GameplayTagTreeChangedEvent.Broadcast -  0.000 s
[2019.04.02-00.41.33:580][  0]LogInit: Initializing FReadOnlyCVARCache
[2019.04.02-00.41.33:647][  0]LogAIModule: Creating AISystem for world Untitled
[2019.04.02-00.41.33:693][  0]LogInit: XAudio2 using 'Speakers / Headphones (Realtek Audio)' : 2 channels at 48 kHz using 32 bits per sample (channel mask 0x3)
[2019.04.02-00.41.33:783][  0]LogInit: FAudioDevice initialized.
[2019.04.02-00.41.33:784][  0]LogNetVersion: Set ProjectVersion to 1.0.0.0. Version Checksum will be recalculated on next use.
[2019.04.02-00.41.33:891][  0]LogDerivedDataCache: Saved boot cache 0.11s 71MB C:/Users/jessie lichter/AppData/Local/UnrealEngine/4.20/DerivedDataCache/Boot.ddc.
[2019.04.02-00.41.33:920][  0]LogInit: Texture streaming: Enabled
[2019.04.02-00.41.33:967][  0]LogEngineSessionManager: EngineSessionManager initialized
[2019.04.02-00.41.34:009][  0]LogInit: Transaction tracking system initialized
[2019.04.02-00.41.34:079][  0]BlueprintLog: New page: Editor Load
[2019.04.02-00.41.34:314][  0]LocalizationService: Localization service is disabled
[2019.04.02-00.41.34:890][  0]LogCook: Display: Max memory allowance for cook 16384mb min free memory 0mb
[2019.04.02-00.41.34:890][  0]LogCook: Display: Mobile HDR setting 1
[2019.04.02-00.41.34:890][  0]LogGameplayTags: Display: UGameplayTagsManager::DoneAddingNativeTags. DelegateIsBound: 0
[2019.04.02-00.41.34:890][  0]LogStats: UGameplayTagsManager::ConstructGameplayTagTree: ImportINI prefixes -  0.000 s
[2019.04.02-00.41.34:890][  0]LogStats: UGameplayTagsManager::ConstructGameplayTagTree: Construct from data asset -  0.000 s
[2019.04.02-00.41.34:891][  0]LogStats: UGameplayTagsManager::ConstructGameplayTagTree: ImportINI -  0.000 s
[2019.04.02-00.41.34:891][  0]LogStats: UGameplayTagsManager::ConstructGameplayTagTree: GameplayTagTreeChangedEvent.Broadcast -  0.000 s
[2019.04.02-00.41.35:150][  0]LogFileCache: Scanning file cache for directory 'C:/Users/jessie lichter/Documents/GitHub/GameDev2Project/MarshMellow/Content/' took 0.12s
[2019.04.02-00.41.35:151][  0]SourceControl: Source control is disabled
[2019.04.02-00.41.35:265][  0]LogSlate: Took 0.000350 seconds to synchronously load lazily loaded font '../../../Engine/Content/Slate/Fonts/Roboto-Regular.ttf' (155K)
[2019.04.02-01.23.58:712][  0]LogSlate: Window 'Restore Packages' being destroyed
[2019.04.02-01.23.58:732][  0]Cmd: MAP LOAD FILE="../../../../../../Users/jessie lichter/Documents/GitHub/GameDev2Project/MarshMellow/Content/ThirdPersonBP/Maps/ThirdPersonExampleMap.umap" TEMPLATE=0 SHOWPROGRESS=1 FEATURELEVEL=3
[2019.04.02-01.23.58:734][  0]LightingResults: New page: Lighting Build
[2019.04.02-01.23.58:741][  0]MapCheck: New page: Map Check
[2019.04.02-01.23.58:741][  0]LightingResults: New page: Lighting Build
[2019.04.02-01.23.59:058][  0]LogLinker: Warning: Can't find file '/Game/ThirdPersonBP/Maps/ThirdPersonExampleMap_BuiltData'
[2019.04.02-01.23.59:058][  0]LogLinker: Warning: Can't find file for asset '/Game/ThirdPersonBP/Maps/ThirdPersonExampleMap_BuiltData' while loading ../../../../../../Users/jessie lichter/Documents/GitHub/GameDev2Project/MarshMellow/Content/ThirdPersonBP/Maps/ThirdPersonExampleMap.umap.
[2019.04.02-01.23.59:058][  0]LoadErrors: Error: /Game/ThirdPersonBP/Maps/ThirdPersonExampleMap : Can't find file for asset. /Game/ThirdPersonBP/Maps/ThirdPersonExampleMap_BuiltData
[2019.04.02-01.23.59:081][  0]LogLinker: Warning: Can't find file '/Game/ThirdPersonBP/Maps/ThirdPersonExampleMap_BuiltData'
[2019.04.02-01.23.59:081][  0]LogLinker: Warning: Can't find file for asset '/Game/ThirdPersonBP/Maps/ThirdPersonExampleMap_BuiltData' while loading ../../../../../../Users/jessie lichter/Documents/GitHub/GameDev2Project/MarshMellow/Content/ThirdPersonBP/Maps/ThirdPersonExampleMap.umap.
[2019.04.02-01.23.59:081][  0]LoadErrors: Error: /Game/ThirdPersonBP/Maps/ThirdPersonExampleMap : Can't find file for asset. /Game/ThirdPersonBP/Maps/ThirdPersonExampleMap_BuiltData
[2019.04.02-01.23.59:084][  0]LogLinker: Warning: Can't find file '/Game/ThirdPersonBP/Maps/ThirdPersonExampleMap_BuiltData'
[2019.04.02-01.23.59:084][  0]LogLinker: Warning: Can't find file for asset '/Game/ThirdPersonBP/Maps/ThirdPersonExampleMap_BuiltData' while loading NULL.
[2019.04.02-01.23.59:084][  0]LogLinker: Warning: Can't find file '/Game/ThirdPersonBP/Maps/ThirdPersonExampleMap_BuiltData'
[2019.04.02-01.23.59:084][  0]LogLinker: Warning: Can't find file for asset '/Game/ThirdPersonBP/Maps/ThirdPersonExampleMap_BuiltData' while loading NULL.
[2019.04.02-01.23.59:096][  0]LogLinker: Warning: Can't find file '/Game/ThirdPersonBP/Maps/ThirdPersonExampleMap_BuiltData'
[2019.04.02-01.23.59:096][  0]LoadErrors: Failed to load /Game/ThirdPersonBP/Maps/ThirdPersonExampleMap_BuiltData.ThirdPersonExampleMap_BuiltData Referenced by PersistentLevel
[2019.04.02-01.23.59:096][  0]LogLinker: Warning: Can't find file for asset '/Game/ThirdPersonBP/Maps/ThirdPersonExampleMap_BuiltData' while loading NULL.
[2019.04.02-01.23.59:096][  0]LoadErrors: Failed to load /Game/ThirdPersonBP/Maps/ThirdPersonExampleMap_BuiltData.ThirdPersonExampleMap_BuiltData Referenced by PersistentLevel
[2019.04.02-01.23.59:324][  0]LogAIModule: Creating AISystem for world ThirdPersonExampleMap
[2019.04.02-01.23.59:340][  0]LogEditorServer: Finished looking for orphan Actors (0.000 secs)
[2019.04.02-01.23.59:369][  0]Cmd: MAP CHECKDEP NOCLEARLOG
[2019.04.02-01.23.59:468][  0]MapCheck: Map check complete: 0 Error(s), 0 Warning(s), took 98.275ms to complete.
[2019.04.02-01.23.59:468][  0]LogFileHelpers: Loading map 'ThirdPersonExampleMap' took 0.735
[2019.04.02-01.23.59:512][  0]LogSlate: Updating window title bar state: overlay mode, drag disabled, window buttons hidden, title bar hidden
[2019.04.02-01.23.59:520][  0]LogCollectionManager: Loaded 0 collections in 0.002430 seconds
[2019.04.02-01.23.59:564][  0]LogFileCache: Scanning file cache for directory 'C:/Users/jessie lichter/Documents/GitHub/GameDev2Project/MarshMellow/Saved/Collections/' took 0.01s
[2019.04.02-01.23.59:564][  0]LogFileCache: Scanning file cache for directory 'C:/Users/jessie lichter/Documents/GitHub/GameDev2Project/MarshMellow/Content/Developers/jessielichter/Collections/' took 0.01s
[2019.04.02-01.23.59:564][  0]LogFileCache: Scanning file cache for directory 'C:/Users/jessie lichter/Documents/GitHub/GameDev2Project/MarshMellow/Content/Collections/' took 0.01s
[2019.04.02-01.23.59:564][  0]LogCollectionManager: Rebuilt the GUID cache for 0 collections in 0.000000 seconds
[2019.04.02-01.23.59:578][  0]LogContentBrowser: Native class hierarchy populated in 0.0134 seconds. Added 2572 classes and 603 folders.
[2019.04.02-01.23.59:587][  0]LogContentBrowser: Native class hierarchy updated for 'WidgetCarousel' in 0.0002 seconds. Added 0 classes and 0 folders.
[2019.04.02-01.23.59:642][  0]LogContentBrowser: Native class hierarchy updated for 'AddContentDialog' in 0.0003 seconds. Added 0 classes and 0 folders.
[2019.04.02-01.23.59:649][  0]LogContentBrowser: Native class hierarchy updated for 'WorldBrowser' in 0.0003 seconds. Added 2 classes and 3 folders.
[2019.04.02-01.23.59:655][  0]LogContentBrowser: Native class hierarchy updated for 'SceneOutliner' in 0.0003 seconds. Added 1 classes and 2 folders.
[2019.04.02-01.23.59:725][  0]LogSlate: Took 0.000265 seconds to synchronously load lazily loaded font '../../../Engine/Content/Slate/Fonts/Roboto-Bold.ttf' (160K)
[2019.04.02-01.23.59:786][  0]LogRenderer: Reallocating scene render targets to support 796x412 Format 10 NumSamples 1 (Frame:1).
[2019.04.02-01.24.00:013][  0]LogContentBrowser: Native class hierarchy updated for 'HierarchicalLODOutliner' in 0.0003 seconds. Added 0 classes and 0 folders.
[2019.04.02-01.24.00:013][  0]LogLoad: (Engine Initialization) Total time: 2562.28 seconds
[2019.04.02-01.24.00:013][  0]LogLoad: (Engine Initialization) Total Blueprint compile time: 0.00 seconds
[2019.04.02-01.24.00:066][  0]LogContentStreaming: Texture pool size now 1000 MB
[2019.04.02-01.24.00:070][  0]LogSlate: FSceneViewport::OnFocusLost() reason 2
[2019.04.02-01.24.00:350][  5]LogAssetRegistry: Asset discovery search completed in 2552.6518 seconds
[2019.04.02-01.24.00:354][  5]LogCollectionManager: Rebuilt the object cache for 0 collections in 0.000000 seconds (found 0 objects)
[2019.04.02-01.24.00:354][  5]LogCollectionManager: Fixed up redirectors for 0 collections in 0.000110 seconds (updated 0 objects)
[2019.04.02-01.24.03:474][191]LogSlate: Window 'Message Log' being destroyed
[2019.04.02-01.24.03:480][191]LogSlate: Window 'Message Log' being destroyed
[2019.04.02-01.24.05:104][288]LogFileCache: Retrieving MD5 hashes for directory 'C:/Users/jessie lichter/Documents/GitHub/GameDev2Project/MarshMellow/Content/' took 5.06s
[2019.04.02-01.24.05:371][304]LogSlate: FSceneViewport::OnFocusLost() reason 0
[2019.04.02-01.24.05:373][304]LogSlate: Took 0.000235 seconds to synchronously load lazily loaded font '../../../Engine/Content/Editor/Slate/Fonts/FontAwesome.ttf' (139K)
[2019.04.02-01.24.05:421][304]LogSlate: Took 0.000177 seconds to synchronously load lazily loaded font '../../../Engine/Content/Slate/Fonts/Roboto-Light.ttf' (167K)
[2019.04.02-01.24.12:729][742]LogSlate: Took 0.000309 seconds to synchronously load lazily loaded font '../../../Engine/Content/Slate/Fonts/Roboto-Light.ttf' (167K)
[2019.04.02-01.24.13:417][742]LogTexture: Display: Building textures: HQ_Lightmap1_1 (AutoDXT, 256X256)
[2019.04.02-01.24.13:417][742]LogTexture: Display: Building textures: LQ_Lightmap_1_1 (DXT1, 256X256)
[2019.04.02-01.24.13:932][742]LogAIModule: Creating AISystem for world PersistentLevel
[2019.04.02-01.24.13:964][742]LogAssetEditorManager: Opening Asset editor for World /Game/BetalWorld/B_Levels/PersistentLevel.PersistentLevel
[2019.04.02-01.24.14:011][742]Cmd: MAP LOAD FILE="../../../../../../Users/jessie lichter/Documents/GitHub/GameDev2Project/MarshMellow/Content/BetalWorld/B_Levels/PersistentLevel.umap" TEMPLATE=0 SHOWPROGRESS=1 FEATURELEVEL=3
[2019.04.02-01.24.14:011][742]LightingResults: New page: Lighting Build
[2019.04.02-01.24.14:012][742]LoadErrors: New page: Loading map: PersistentLevel.umap
[2019.04.02-01.24.14:014][742]MapCheck: New page: Map Check
[2019.04.02-01.24.14:014][742]LightingResults: New page: Lighting Build
[2019.04.02-01.24.14:191][742]LogEditorServer: Finished looking for orphan Actors (0.000 secs)
[2019.04.02-01.24.14:279][742]Cmd: MAP CHECKDEP NOCLEARLOG
[2019.04.02-01.24.14:468][742]MapCheck: Map check complete: 0 Error(s), 0 Warning(s), took 188.798ms to complete.
[2019.04.02-01.24.14:470][742]LogFileHelpers: Loading map 'PersistentLevel' took 0.461
[2019.04.02-01.24.22:783][215]LogEditorViewport: Clicking on Actor (LMB): StaticMeshActor (PR_background_D_N1)
[2019.04.02-01.24.25:221][354]Cmd: DELETE
[2019.04.02-01.24.25:221][354]Cmd: ACTOR DELETE
[2019.04.02-01.24.25:237][354]LogEditorActor: Deleted Actor: StaticMeshActor
[2019.04.02-01.24.25:237][354]LogEditorActor: Deleted Actor: StaticMeshActor
[2019.04.02-01.24.25:237][354]LogEditorActor: Deleted Actor: StaticMeshActor
[2019.04.02-01.24.25:237][354]LogEditorActor: Deleted Actor: StaticMeshActor
[2019.04.02-01.24.25:237][354]LogEditorActor: Deleted Actor: StaticMeshActor
[2019.04.02-01.24.25:237][354]LogEditorActor: Deleted Actor: StaticMeshActor
[2019.04.02-01.24.25:238][354]LogEditorActor: Deleted Actor: StaticMeshActor
[2019.04.02-01.24.25:238][354]LogEditorActor: Deleted Actor: StaticMeshActor
[2019.04.02-01.24.25:277][354]LogEditorActor: Deleted 8 Actors (0.057 secs)
[2019.04.02-01.24.26:618][434]LogEditorViewport: Clicking on Actor (LMB): Landscape (Landscape)
[2019.04.02-01.24.27:588][489]Cmd: DELETE
[2019.04.02-01.24.27:588][489]Cmd: ACTOR DELETE
[2019.04.02-01.24.27:594][489]LogEditorActor: Deleted Actor: Landscape
[2019.04.02-01.24.27:696][489]LogEditorActor: Deleted 1 Actors (0.108 secs)
[2019.04.02-01.24.29:711][604]LogSlate: FSceneViewport::OnFocusLost() reason 0
[2019.04.02-01.24.56:676][209]LogSlate: FSceneViewport::OnFocusLost() reason 0
[2019.04.02-01.25.08:336][907]LogSlate: FSceneViewport::OnFocusLost() reason 0
[2019.04.02-01.25.08:626][913]LogTexture: Display: Building textures: Texture2D_2 (G8, 128X128)
[2019.04.02-01.25.18:809][494]LogTexture: Display: Building textures: Texture2D_0 (BGRA8, 128X128)
[2019.04.02-01.26.28:978][580]LogSlate: FSceneViewport::OnFocusLost() reason 0
[2019.04.02-01.26.50:662][851]LogTexture: Display: Building textures: Texture2D_1 (BGRA8, 16X16)
[2019.04.02-01.26.50:700][851]LogTexture: Display: Building textures: Texture2D_2 (BGRA8, 16X16)
[2019.04.02-01.26.50:713][851]LogTexture: Display: Building textures: Texture2D_3 (BGRA8, 16X16)
[2019.04.02-01.26.50:727][851]LogTexture: Display: Building textures: Texture2D_4 (BGRA8, 16X16)
[2019.04.02-01.26.50:741][851]LogTexture: Display: Building textures: Texture2D_5 (BGRA8, 16X16)
[2019.04.02-01.26.50:756][851]LogTexture: Display: Building textures: Texture2D_6 (BGRA8, 16X16)
[2019.04.02-01.26.50:771][851]LogTexture: Display: Building textures: Texture2D_7 (BGRA8, 16X16)
[2019.04.02-01.26.50:785][851]LogTexture: Display: Building textures: Texture2D_8 (BGRA8, 16X16)
[2019.04.02-01.26.50:799][851]LogTexture: Display: Building textures: Texture2D_9 (BGRA8, 16X16)
[2019.04.02-01.26.50:814][851]LogTexture: Display: Building textures: Texture2D_10 (BGRA8, 16X16)
[2019.04.02-01.26.50:828][851]LogTexture: Display: Building textures: Texture2D_11 (BGRA8, 16X16)
[2019.04.02-01.26.50:843][851]LogTexture: Display: Building textures: Texture2D_12 (BGRA8, 16X16)
[2019.04.02-01.26.50:858][851]LogTexture: Display: Building textures: Texture2D_13 (BGRA8, 16X16)
[2019.04.02-01.26.50:873][851]LogTexture: Display: Building textures: Texture2D_14 (BGRA8, 16X16)
[2019.04.02-01.26.50:887][851]LogTexture: Display: Building textures: Texture2D_15 (BGRA8, 16X16)
[2019.04.02-01.26.50:902][851]LogTexture: Display: Building textures: Texture2D_16 (BGRA8, 16X16)
[2019.04.02-01.27.29:462][127]LogSlate: FSceneViewport::OnFocusLost() reason 0
[2019.04.02-01.27.33:932][395]LogSlate: FSceneViewport::OnFocusLost() reason 0
[2019.04.02-01.27.44:113][  5]LogSlate: FSceneViewport::OnFocusLost() reason 0
[2019.04.02-01.27.56:406][736]LogSlate: FSceneViewport::OnFocusLost() reason 0
[2019.04.02-01.28.41:572][405]LogSlate: FSceneViewport::OnFocusLost() reason 0
[2019.04.02-01.28.49:954][901]LogSlate: FSceneViewport::OnFocusLost() reason 0
[2019.04.02-01.29.00:202][514]LogSlate: FSceneViewport::OnFocusLost() reason 0
[2019.04.02-01.29.22:799][845]LogSlate: FSceneViewport::OnFocusLost() reason 0
[2019.04.02-01.29.26:665][ 75]LogSlate: FSceneViewport::OnFocusLost() reason 0
[2019.04.02-01.29.29:923][270]LogEditorViewport: Clicking on Actor (LMB): StaticMeshActor (S_Water)
[2019.04.02-01.29.46:129][231]LogSlate: FSceneViewport::OnFocusLost() reason 0
[2019.04.02-01.30.08:246][550]LogSlate: FSceneViewport::OnFocusLost() reason 2
[2019.04.02-01.30.29:198][794]LogSlate: FSceneViewport::OnFocusLost() reason 2
[2019.04.02-01.30.43:061][616]LogSlate: FSceneViewport::OnFocusLost() reason 2
[2019.04.02-01.30.43:434][637]LogSlate: FSceneViewport::OnFocusLost() reason 2
[2019.04.02-01.31.01:426][706]LogSlate: FSceneViewport::OnFocusLost() reason 2
[2019.04.02-01.31.09:524][188]LogSlate: FSceneViewport::OnFocusLost() reason 2
[2019.04.02-01.31.11:733][320]LogSlate: FSceneViewport::OnFocusLost() reason 2
[2019.04.02-01.31.12:902][320]LogSlate: Only BGRA pngs, bmps or icos are supported in by External Image Picker
[2019.04.02-01.31.12:983][321]LogTemp: Executing iPhonePackager certificates Engine -bundlename com.YourCompany.MarshMellow
[2019.04.02-01.31.12:983][321]LogTemp: CWD: C:\Program Files\Epic Games\UE_4.20\Engine\Binaries\DotNET\IOS
[2019.04.02-01.31.12:983][321]LogTemp: Initial Dir: C:\Program Files\Epic Games\UE_4.20
[2019.04.02-01.31.12:983][321]LogTemp: Env CWD: C:\Program Files\Epic Games\UE_4.20\Engine\Binaries\DotNET\IOS
[2019.04.02-01.31.12:983][321]LogTemp: BranchPath = JESSIES-LAPTOP/C/Program Files/Epic Games/UE_4.20/Engine/Binaries --- GameBranchPath = JESSIES-LAPTOP/C/Program Files/Epic Games/UE_4.20/Engine/Binaries
[2019.04.02-01.31.12:983][321]LogTemp: IPP ERROR: Could not find provision directory 'C:\Users\jessie lichter\AppData\Local/Apple Computer/MobileDevice/Provisioning Profiles/'.
[2019.04.02-01.32.34:506][197]LogSlate: Window 'Project Settings' being destroyed
[2019.04.02-01.32.34:512][197]LogSlate: Window 'Project Settings' being destroyed
[2019.04.02-01.32.39:642][494]LogSlate: FSceneViewport::OnFocusLost() reason 0
[2019.04.02-01.32.46:075][879]LogSlate: Took 0.000238 seconds to synchronously load lazily loaded font '../../../Engine/Content/Slate/Fonts/Roboto-Italic.ttf' (157K)
[2019.04.02-01.32.55:222][425]LogEditorViewport: Clicking on Actor (LMB): PostProcessVolume (PostProcessVolume)
[2019.04.02-01.32.57:002][516]LogSlate: FSceneViewport::OnFocusLost() reason 0
[2019.04.02-01.33.37:484][934]LogSlate: FSceneViewport::OnFocusLost() reason 0
[2019.04.02-01.34.16:366][875]LogSavePackage: Moving '../../../../../../Users/jessie lichter/Documents/GitHub/GameDev2Project/MarshMellow/Saved/PersistentLevel_Auto1B4F397884FE585DBD889818C26E1A784.tmp' to '../../../../../../Users/jessie lichter/Documents/GitHub/GameDev2Project/MarshMellow/Saved/Autosaves/Game/BetalWorld/B_Levels/PersistentLevel_Auto1.umap'
[2019.04.02-01.34.16:397][875]LogSavePackage: Moving '../../../../../../Users/jessie lichter/Documents/GitHub/GameDev2Project/MarshMellow/Saved/Lake_Auto142B7DF5D4CED68C607F7D0BC801591B0.tmp' to '../../../../../../Users/jessie lichter/Documents/GitHub/GameDev2Project/MarshMellow/Saved/Autosaves/Game/BetalWorld/B_Levels/Lake_Auto1.umap'
[2019.04.02-01.34.16:429][875]LogSavePackage: Moving '../../../../../../Users/jessie lichter/Documents/GitHub/GameDev2Project/MarshMellow/Saved/LakeBack_Auto197E6F7114782BA9801A9D29598093E31.tmp' to '../../../../../../Users/jessie lichter/Documents/GitHub/GameDev2Project/MarshMellow/Saved/Autosaves/Game/BetalWorld/B_Levels/LakeBack_Auto1.umap'
[2019.04.02-01.34.16:471][875]LogTexture: Display: Building textures: Texture2D_1 (BGRA8, 16X16)
[2019.04.02-01.34.16:473][875]LogTexture: Display: Building textures: Texture2D_0 (BGRA8, 128X128)
[2019.04.02-01.34.16:474][875]LogTexture: Display: Building textures: Texture2D_2 (BGRA8, 16X16)
[2019.04.02-01.34.16:475][875]LogTexture: Display: Building textures: Texture2D_3 (BGRA8, 16X16)
[2019.04.02-01.34.16:476][875]LogTexture: Display: Building textures: Texture2D_4 (BGRA8, 16X16)
[2019.04.02-01.34.16:476][875]LogTexture: Display: Building textures: Texture2D_5 (BGRA8, 16X16)
[2019.04.02-01.34.16:477][875]LogTexture: Display: Building textures: Texture2D_6 (BGRA8, 16X16)
[2019.04.02-01.34.16:478][875]LogTexture: Display: Building textures: Texture2D_7 (BGRA8, 16X16)
[2019.04.02-01.34.16:479][875]LogTexture: Display: Building textures: Texture2D_8 (BGRA8, 16X16)
[2019.04.02-01.34.16:479][875]LogTexture: Display: Building textures: Texture2D_9 (BGRA8, 16X16)
[2019.04.02-01.34.16:481][875]LogTexture: Display: Building textures: Texture2D_10 (BGRA8, 16X16)
[2019.04.02-01.34.16:482][875]LogTexture: Display: Building textures: Texture2D_11 (BGRA8, 16X16)
[2019.04.02-01.34.16:482][875]LogTexture: Display: Building textures: Texture2D_12 (BGRA8, 16X16)
[2019.04.02-01.34.16:483][875]LogTexture: Display: Building textures: Texture2D_13 (BGRA8, 16X16)
[2019.04.02-01.34.16:484][875]LogTexture: Display: Building textures: Texture2D_14 (BGRA8, 16X16)
[2019.04.02-01.34.16:485][875]LogTexture: Display: Building textures: Texture2D_15 (BGRA8, 16X16)
[2019.04.02-01.34.16:485][875]LogTexture: Display: Building textures: Texture2D_16 (BGRA8, 16X16)
[2019.04.02-01.34.16:735][875]LogSavePackage: Moving '../../../../../../Users/jessie lichter/Documents/GitHub/GameDev2Project/MarshMellow/Saved/LakeLanding_Auto17CEE16F7433AE64E9B42E6BE31017CAF.tmp' to '../../../../../../Users/jessie lichter/Documents/GitHub/GameDev2Project/MarshMellow/Saved/Autosaves/Game/BetalWorld/B_Levels/LakeLanding_Auto1.umap'
[2019.04.02-01.34.16:741][875]LogFileHelpers: Editor autosave (incl. sublevels) for '/Game/BetalWorld/B_Levels/PersistentLevel' took 0.516
[2019.04.02-01.34.16:741][875]LogFileHelpers: Editor autosave (incl. sublevels) for all levels took 0.516
[2019.04.02-01.35.57:272][176]LogSlate: FSceneViewport::OnFocusLost() reason 2
[2019.04.02-01.36.14:890][216]LogEditorViewport: Clicking on Actor (LMB): Landscape (Landscape)
[2019.04.02-01.36.21:403][603]LogSlate: FSceneViewport::OnFocusLost() reason 0
[2019.04.02-01.36.29:884][103]LogEditorViewport: Clicking on Actor (LMB): Landscape (Landscape)
[2019.04.02-01.36.35:342][424]LogSlate: FSceneViewport::OnFocusLost() reason 0
[2019.04.02-01.37.05:980][218]LogSlate: FSceneViewport::OnFocusLost() reason 2
[2019.04.02-01.37.22:862][209]LogSlate: FSceneViewport::OnFocusLost() reason 2
[2019.04.02-01.37.44:178][461]LogSlate: FSceneViewport::OnFocusLost() reason 2
[2019.04.02-01.37.51:860][915]Cmd: TRANSACTION UNDO
[2019.04.02-01.37.51:860][915]LogEditorTransaction: Undo Landscape Editing: Sculpt
[2019.04.02-01.37.51:893][915]LogTexture: Display: Building textures: Texture2D_0 (BGRA8, 128X128)
[2019.04.02-01.37.51:894][915]LogActorComponent: ~FComponentReregisterContext: (/Game/BetalWorld/B_Levels/LakeLanding.LakeLanding:PersistentLevel.Landscape_0.LandscapeHeightfieldCollisionComponent_74) Component already registered.
[2019.04.02-01.37.51:894][915]LogActorComponent: ~FComponentReregisterContext: (/Game/BetalWorld/B_Levels/LakeLanding.LakeLanding:PersistentLevel.Landscape_0.LandscapeHeightfieldCollisionComponent_80) Component already registered.
[2019.04.02-01.37.51:894][915]LogActorComponent: ~FComponentReregisterContext: (/Game/BetalWorld/B_Levels/LakeLanding.LakeLanding:PersistentLevel.Landscape_0.LandscapeHeightfieldCollisionComponent_73) Component already registered.
[2019.04.02-01.37.51:895][915]LogActorComponent: ~FComponentReregisterContext: (/Game/BetalWorld/B_Levels/LakeLanding.LakeLanding:PersistentLevel.Landscape_0.LandscapeComponent_10) Component already registered.
[2019.04.02-01.37.51:896][915]LogActorComponent: ~FComponentReregisterContext: (/Game/BetalWorld/B_Levels/LakeLanding.LakeLanding:PersistentLevel.Landscape_0.LandscapeComponent_9) Component already registered.
[2019.04.02-01.37.51:896][915]LogActorComponent: ~FComponentReregisterContext: (/Game/BetalWorld/B_Levels/LakeLanding.LakeLanding:PersistentLevel.Landscape_0.LandscapeHeightfieldCollisionComponent_88) Component already registered.
[2019.04.02-01.37.51:897][915]LogActorComponent: ~FComponentReregisterContext: (/Game/BetalWorld/B_Levels/LakeLanding.LakeLanding:PersistentLevel.Landscape_0.LandscapeComponent_24) Component already registered.
[2019.04.02-01.37.51:897][915]LogActorComponent: ~FComponentReregisterContext: (/Game/BetalWorld/B_Levels/LakeLanding.LakeLanding:PersistentLevel.Landscape_0.LandscapeComponent_16) Component already registered.
[2019.04.02-01.37.51:897][915]LogActorComponent: ~FComponentReregisterContext: (/Game/BetalWorld/B_Levels/LakeLanding.LakeLanding:PersistentLevel.Landscape_0.LandscapeHeightfieldCollisionComponent_82) Component already registered.
[2019.04.02-01.37.51:897][915]LogActorComponent: ~FComponentReregisterContext: (/Game/BetalWorld/B_Levels/LakeLanding.LakeLanding:PersistentLevel.Landscape_0.LandscapeHeightfieldCollisionComponent_81) Component already registered.
[2019.04.02-01.37.51:898][915]LogActorComponent: ~FComponentReregisterContext: (/Game/BetalWorld/B_Levels/LakeLanding.LakeLanding:PersistentLevel.Landscape_0.LandscapeComponent_18) Component already registered.
[2019.04.02-01.37.51:899][915]LogActorComponent: ~FComponentReregisterContext: (/Game/BetalWorld/B_Levels/LakeLanding.LakeLanding:PersistentLevel.Landscape_0.LandscapeComponent_17) Component already registered.
[2019.04.02-01.37.53:528][998]LogSlate: FSceneViewport::OnFocusLost() reason 0
[2019.04.02-01.38.18:448][480]LogSlate: FSceneViewport::OnFocusLost() reason 0
[2019.04.02-01.38.20:595][608]LogEditorViewport: Clicking on Actor (LMB): StaticMeshActor (S_Water)
[2019.04.02-01.38.28:136][ 55]LogSlate: FSceneViewport::OnFocusLost() reason 0
[2019.04.02-01.38.48:648][246]LogSlate: FSceneViewport::OnFocusLost() reason 0
[2019.04.02-01.38.49:559][300]LogEditorViewport: Clicking on Actor (LMB): Beta_BP_Sky_Sphere_C (Beta_BP_Sky_Sphere)
[2019.04.02-01.38.50:042][326]LogEditorViewport: Clicking on Actor (LMB): StaticMeshActor (S_Water)
[2019.04.02-01.38.51:001][380]Cmd: DELETE
[2019.04.02-01.38.51:001][380]Cmd: ACTOR DELETE
[2019.04.02-01.38.51:012][380]LogEditorActor: Deleted Actor: StaticMeshActor
[2019.04.02-01.38.51:054][380]LogEditorActor: Deleted 1 Actors (0.053 secs)
[2019.04.02-01.38.56:584][708]LogSlate: FSceneViewport::OnFocusLost() reason 0
[2019.04.02-01.39.11:175][576]LogSlate: FSceneViewport::OnFocusLost() reason 2
[2019.04.02-01.39.34:476][940]LogSlate: FSceneViewport::OnFocusLost() reason 2
[2019.04.02-01.40.36:447][629]LogSlate: FSceneViewport::OnFocusLost() reason 0
[2019.04.02-01.41.04:080][280]LogSlate: FSceneViewport::OnFocusLost() reason 2
[2019.04.02-01.41.50:823][ 24]LogSlate: FSceneViewport::OnFocusLost() reason 0
[2019.04.02-01.42.38:720][871]LogSlate: FSceneViewport::OnFocusLost() reason 2
[2019.04.02-01.42.49:119][490]LogSlate: FSceneViewport::OnFocusLost() reason 0
[2019.04.02-01.42.52:444][681]LogTexture: Display: Building textures: Texture2D_1 (BGRA8, 16X16)
[2019.04.02-01.42.52:444][681]LogTexture: Display: Building textures: Texture2D_0 (BGRA8, 128X128)
[2019.04.02-01.42.52:445][681]LogTexture: Display: Building textures: Texture2D_3 (BGRA8, 16X16)
[2019.04.02-01.42.52:446][681]LogTexture: Display: Building textures: Texture2D_5 (BGRA8, 16X16)
[2019.04.02-01.42.52:462][681]LogTexture: Display: Building textures: Texture2D_7 (BGRA8, 16X16)
[2019.04.02-01.42.52:463][681]LogTexture: Display: Building textures: Texture2D_9 (BGRA8, 16X16)
[2019.04.02-01.42.52:464][681]LogTexture: Display: Building textures: Texture2D_11 (BGRA8, 16X16)
[2019.04.02-01.42.52:464][681]LogTexture: Display: Building textures: Texture2D_13 (BGRA8, 16X16)
[2019.04.02-01.42.52:465][681]LogTexture: Display: Building textures: Texture2D_15 (BGRA8, 16X16)
[2019.04.02-01.42.52:651][681]LogSavePackage: Moving '../../../../../../Users/jessie lichter/Documents/GitHub/GameDev2Project/MarshMellow/Saved/LakeLandingE5778AB34980FF36F04D2492DB5979D2.tmp' to '../../../../../../Users/jessie lichter/Documents/GitHub/GameDev2Project/MarshMellow/Content/BetalWorld/B_Levels/LakeLanding.umap'
[2019.04.02-01.42.52:652][681]LogFileManager: Warning: DeleteFile was unable to delete '../../../../../../Users/jessie lichter/Documents/GitHub/GameDev2Project/MarshMellow/Content/BetalWorld/B_Levels/LakeLanding.umap', retrying in .5s...
[2019.04.02-01.42.53:152][681]LogFileManager: Error: Error deleting file '../../../../../../Users/jessie lichter/Documents/GitHub/GameDev2Project/MarshMellow/Content/BetalWorld/B_Levels/LakeLanding.umap'.
[2019.04.02-01.42.53:152][681]LogSavePackage: Error: Error saving '../../../../../../Users/jessie lichter/Documents/GitHub/GameDev2Project/MarshMellow/Content/BetalWorld/B_Levels/LakeLanding.umap'
[2019.04.02-01.42.53:186][681]EditorErrors: New page: Save Output
[2019.04.02-01.42.53:186][681]EditorErrors: Warning: Error saving '../../../../../../Users/jessie lichter/Documents/GitHub/GameDev2Project/MarshMellow/Content/BetalWorld/B_Levels/LakeLanding.umap'
[2019.04.02-01.43.06:841][492]LogSlate: Window 'Message Log' being destroyed
[2019.04.02-01.43.06:847][492]LogSlate: Window 'Message Log' being destroyed
[2019.04.02-01.43.08:675][602]LogSlate: FSceneViewport::OnFocusLost() reason 0
[2019.04.02-01.43.09:055][612]LogSavePackage: Moving '../../../../../../Users/jessie lichter/Documents/GitHub/GameDev2Project/MarshMellow/Saved/LakeLanding5D3071F24DE9737017A51D9EF7D74F3A.tmp' to '../../../../../../Users/jessie lichter/Documents/GitHub/GameDev2Project/MarshMellow/Content/BetalWorld/B_Levels/LakeLanding.umap'
[2019.04.02-01.43.09:056][612]LogFileManager: Warning: DeleteFile was unable to delete '../../../../../../Users/jessie lichter/Documents/GitHub/GameDev2Project/MarshMellow/Content/BetalWorld/B_Levels/LakeLanding.umap', retrying in .5s...
[2019.04.02-01.43.09:557][612]LogFileManager: Error: Error deleting file '../../../../../../Users/jessie lichter/Documents/GitHub/GameDev2Project/MarshMellow/Content/BetalWorld/B_Levels/LakeLanding.umap'.
[2019.04.02-01.43.09:557][612]LogSavePackage: Error: Error saving '../../../../../../Users/jessie lichter/Documents/GitHub/GameDev2Project/MarshMellow/Content/BetalWorld/B_Levels/LakeLanding.umap'
[2019.04.02-01.43.09:568][612]EditorErrors: New page: Save Output
[2019.04.02-01.43.09:569][612]EditorErrors: Warning: Error saving '../../../../../../Users/jessie lichter/Documents/GitHub/GameDev2Project/MarshMellow/Content/BetalWorld/B_Levels/LakeLanding.umap'
[2019.04.02-01.43.22:835][399]LogSlate: Window 'Message Log' being destroyed
[2019.04.02-01.43.22:841][399]LogSlate: Window 'Message Log' being destroyed
[2019.04.02-01.43.24:002][469]LogSlate: FSceneViewport::OnFocusLost() reason 0
[2019.04.02-01.43.35:594][150]LogSavePackage: Moving '../../../../../../Users/jessie lichter/Documents/GitHub/GameDev2Project/MarshMellow/Saved/LakeLandingD5CE320A46F9DA311DACACB57A497621.tmp' to '../../../../../../Users/jessie lichter/Documents/GitHub/GameDev2Project/MarshMellow/Content/BetalWorld/B_Levels/LakeLanding.umap'
[2019.04.02-01.43.35:595][150]LogFileManager: Warning: DeleteFile was unable to delete '../../../../../../Users/jessie lichter/Documents/GitHub/GameDev2Project/MarshMellow/Content/BetalWorld/B_Levels/LakeLanding.umap', retrying in .5s...
[2019.04.02-01.43.36:096][150]LogFileManager: Error: Error deleting file '../../../../../../Users/jessie lichter/Documents/GitHub/GameDev2Project/MarshMellow/Content/BetalWorld/B_Levels/LakeLanding.umap'.
[2019.04.02-01.43.36:096][150]LogSavePackage: Error: Error saving '../../../../../../Users/jessie lichter/Documents/GitHub/GameDev2Project/MarshMellow/Content/BetalWorld/B_Levels/LakeLanding.umap'
[2019.04.02-01.43.36:113][150]EditorErrors: New page: Save Output
[2019.04.02-01.43.36:113][150]EditorErrors: Warning: Error saving '../../../../../../Users/jessie lichter/Documents/GitHub/GameDev2Project/MarshMellow/Content/BetalWorld/B_Levels/LakeLanding.umap'
[2019.04.02-01.43.38:977][312]LogSlate: Window 'Message Log' being destroyed
[2019.04.02-01.43.38:983][312]LogSlate: Window 'Message Log' being destroyed
[2019.04.02-01.44.06:574][868]LogSlate: Took 0.000376 seconds to synchronously load lazily loaded font '../../../Engine/Content/Slate/Fonts/Roboto-BoldCondensed.ttf' (158K)
[2019.04.02-01.44.11:528][163]LogSlate: Window 'World Composition' being destroyed
[2019.04.02-01.44.11:536][163]LogSlate: Window 'World Composition' being destroyed
[2019.04.02-01.44.31:301][734]LogSlate: Window 'Message' being destroyed
[2019.04.02-01.44.31:413][734]MapCheck: New page: Map Check
[2019.04.02-01.44.31:413][734]LightingResults: New page: Lighting Build
[2019.04.02-01.44.34:625][907]LogSavePackage: Moving '../../../../../../Users/jessie lichter/Documents/GitHub/GameDev2Project/MarshMellow/Saved/PersistentLevel_Auto24F54EB364BB5BCFA1C8179BD7BABD4DF.tmp' to '../../../../../../Users/jessie lichter/Documents/GitHub/GameDev2Project/MarshMellow/Saved/Autosaves/Game/BetalWorld/B_Levels/PersistentLevel_Auto2.umap'
[2019.04.02-01.44.34:811][907]LogSavePackage: Moving '../../../../../../Users/jessie lichter/Documents/GitHub/GameDev2Project/MarshMellow/Saved/LakeLanding_Auto2A797DC72435295DC5E11DAAD8853A70D.tmp' to '../../../../../../Users/jessie lichter/Documents/GitHub/GameDev2Project/MarshMellow/Saved/Autosaves/Game/BetalWorld/B_Levels/LakeLanding_Auto2.umap'
[2019.04.02-01.44.34:814][907]LogFileHelpers: Editor autosave (incl. sublevels) for '/Game/BetalWorld/B_Levels/PersistentLevel' took 0.276
[2019.04.02-01.44.34:814][907]LogFileHelpers: Editor autosave (incl. sublevels) for all levels took 0.276
[2019.04.02-01.44.51:078][879]LogAIModule: Creating AISystem for world LakeBack
[2019.04.02-01.44.57:073][111]LogSlate: Window 'Delete Assets' being destroyed
[2019.04.02-01.44.57:225][111]LogFileManager: Warning: Error deleting file: ../../../../../../Users/jessie lichter/Documents/GitHub/GameDev2Project/MarshMellow/Content/BetalWorld/B_Levels/LakeBack.umap (Error Code 32)
[2019.04.02-01.45.43:255][869]LogSlate: Window 'Save Level As' being destroyed
[2019.04.02-01.45.43:471][869]LogSavePackage: Moving '../../../../../../Users/jessie lichter/Documents/GitHub/GameDev2Project/MarshMellow/Saved/LakeBackgroundF3D2D28548444EF97B4F0DA5C2E1DF9C.tmp' to '../../../../../../Users/jessie lichter/Documents/GitHub/GameDev2Project/MarshMellow/Content/BetalWorld/B_Levels/LakeBackground.umap'
[2019.04.02-01.45.43:483][869]LogFileHelpers: Saving map 'LakeBackground' took 0.217
[2019.04.02-01.45.43:548][869]LogTexture: Display: Building textures: Texture2D_0 (BGRA8, 128X128)
[2019.04.02-01.45.48:067][123]LogLandscape: Warning: Duplicate ComponentBase -8, 0
[2019.04.02-01.45.48:067][123]LogLandscape: Warning: Duplicate ComponentBase -7, 0
[2019.04.02-01.45.48:067][123]LogLandscape: Warning: Duplicate ComponentBase -6, 0
[2019.04.02-01.45.48:067][123]LogLandscape: Warning: Duplicate ComponentBase -5, 0
[2019.04.02-01.45.48:067][123]LogLandscape: Warning: Duplicate ComponentBase -8, 1
[2019.04.02-01.45.48:067][123]LogLandscape: Warning: Duplicate ComponentBase -7, 1
[2019.04.02-01.45.48:067][123]LogLandscape: Warning: Duplicate ComponentBase -6, 1
[2019.04.02-01.45.48:067][123]LogLandscape: Warning: Duplicate ComponentBase -5, 1
[2019.04.02-01.45.48:067][123]LogLandscape: Warning: Duplicate ComponentBase -8, 2
[2019.04.02-01.45.48:067][123]LogLandscape: Warning: Duplicate ComponentBase -7, 2
[2019.04.02-01.45.48:067][123]LogLandscape: Warning: Duplicate ComponentBase -6, 2
[2019.04.02-01.45.48:067][123]LogLandscape: Warning: Duplicate ComponentBase -5, 2
[2019.04.02-01.45.48:067][123]LogLandscape: Warning: Duplicate ComponentBase -8, 3
[2019.04.02-01.45.48:067][123]LogLandscape: Warning: Duplicate ComponentBase -7, 3
[2019.04.02-01.45.48:067][123]LogLandscape: Warning: Duplicate ComponentBase -6, 3
[2019.04.02-01.45.48:067][123]LogLandscape: Warning: Duplicate ComponentBase -5, 3
[2019.04.02-01.45.49:372][200]LogSlate: Window 'World Composition' being destroyed
[2019.04.02-01.45.49:377][200]LogSlate: Window 'World Composition' being destroyed
[2019.04.02-01.45.58:256][728]LogSlate: FSceneViewport::OnFocusLost() reason 0
[2019.04.02-01.46.04:223][ 80]LogSlate: FSceneViewport::OnFocusLost() reason 0
[2019.04.02-01.46.18:174][865]LogTexture: Display: Building textures: Texture2D_1 (BGRA8, 16X16)
[2019.04.02-01.46.23:498][171]LogSlate: FSceneViewport::OnFocusLost() reason 0
[2019.04.02-01.46.30:476][585]LogTexture: Display: Building textures: Texture2D_2 (BGRA8, 16X16)
[2019.04.02-01.46.30:493][585]LogTexture: Display: Building textures: Texture2D_3 (BGRA8, 16X16)
[2019.04.02-01.46.30:508][585]LogTexture: Display: Building textures: Texture2D_4 (BGRA8, 16X16)
[2019.04.02-01.46.30:523][585]LogTexture: Display: Building textures: Texture2D_5 (BGRA8, 16X16)
[2019.04.02-01.46.30:568][586]LogTexture: Display: Building textures: Texture2D_6 (BGRA8, 16X16)
[2019.04.02-01.46.30:605][587]LogTexture: Display: Building textures: Texture2D_7 (BGRA8, 16X16)
[2019.04.02-01.46.30:617][587]LogTexture: Display: Building textures: Texture2D_8 (BGRA8, 16X16)
[2019.04.02-01.46.30:670][589]LogTexture: Display: Building textures: Texture2D_9 (BGRA8, 16X16)
[2019.04.02-01.46.30:707][590]LogTexture: Display: Building textures: Texture2D_10 (BGRA8, 16X16)
[2019.04.02-01.46.30:909][601]LogTexture: Display: Building textures: Texture2D_11 (BGRA8, 16X16)
[2019.04.02-01.46.30:922][601]LogTexture: Display: Building textures: Texture2D_12 (BGRA8, 16X16)
[2019.04.02-01.46.30:975][603]LogTexture: Display: Building textures: Texture2D_13 (BGRA8, 16X16)
[2019.04.02-01.46.33:204][735]LogTexture: Display: Building textures: Texture2D_14 (BGRA8, 16X16)
[2019.04.02-01.46.33:272][738]LogTexture: Display: Building textures: Texture2D_15 (BGRA8, 16X16)
[2019.04.02-01.46.33:284][738]LogTexture: Display: Building textures: Texture2D_16 (BGRA8, 16X16)
[2019.04.02-01.46.33:296][738]LogTexture: Display: Building textures: Texture2D_17 (BGRA8, 16X16)
[2019.04.02-01.46.33:365][741]LogTexture: Display: Building textures: Texture2D_18 (BGRA8, 16X16)
[2019.04.02-01.46.33:377][741]LogTexture: Display: Building textures: Texture2D_19 (BGRA8, 16X16)
[2019.04.02-01.46.33:929][772]LogTexture: Display: Building textures: Texture2D_20 (BGRA8, 16X16)
[2019.04.02-01.46.33:940][772]LogTexture: Display: Building textures: Texture2D_21 (BGRA8, 16X16)
[2019.04.02-01.46.34:623][811]LogTexture: Display: Building textures: Texture2D_22 (BGRA8, 16X16)
[2019.04.02-01.46.34:761][818]LogTexture: Display: Building textures: Texture2D_23 (BGRA8, 16X16)
[2019.04.02-01.46.34:772][818]LogTexture: Display: Building textures: Texture2D_24 (BGRA8, 16X16)
[2019.04.02-01.46.44:563][398]LogSlate: FSceneViewport::OnFocusLost() reason 0
[2019.04.02-01.47.14:398][ 20]LogSlate: FSceneViewport::OnFocusLost() reason 0
[2019.04.02-01.47.46:459][934]Cmd: TRANSACTION UNDO
[2019.04.02-01.47.46:459][934]LogEditorTransaction: Undo Landscape Editing: Mirror Landscape
[2019.04.02-01.47.46:524][934]LogTexture: Display: Building textures: Texture2D_0 (BGRA8, 128X128)
[2019.04.02-01.47.46:528][934]LogTexture: Display: Building textures: Texture2D_0 (BGRA8, 128X128)
[2019.04.02-01.47.46:538][934]LogTexture: Display: Building textures: Texture2D_22 (BGRA8, 16X16)
[2019.04.02-01.47.46:541][934]LogTexture: Display: Building textures: Texture2D_24 (BGRA8, 16X16)
[2019.04.02-01.47.46:545][934]LogTexture: Display: Building textures: Texture2D_1 (BGRA8, 16X16)
[2019.04.02-01.47.46:549][934]LogTexture: Display: Building textures: Texture2D_3 (BGRA8, 16X16)
[2019.04.02-01.47.46:552][934]LogTexture: Display: Building textures: Texture2D_3 (BGRA8, 16X16)
[2019.04.02-01.47.46:556][934]LogTexture: Display: Building textures: Texture2D_2 (BGRA8, 16X16)
[2019.04.02-01.47.46:560][934]LogTexture: Display: Building textures: Texture2D_5 (BGRA8, 16X16)
[2019.04.02-01.47.46:563][934]LogTexture: Display: Building textures: Texture2D_4 (BGRA8, 16X16)
[2019.04.02-01.47.46:567][934]LogTexture: Display: Building textures: Texture2D_21 (BGRA8, 16X16)
[2019.04.02-01.47.46:571][934]LogTexture: Display: Building textures: Texture2D_5 (BGRA8, 16X16)
[2019.04.02-01.47.46:574][934]LogTexture: Display: Building textures: Texture2D_13 (BGRA8, 16X16)
[2019.04.02-01.47.46:578][934]LogTexture: Display: Building textures: Texture2D_6 (BGRA8, 16X16)
[2019.04.02-01.47.46:582][934]LogTexture: Display: Building textures: Texture2D_7 (BGRA8, 16X16)
[2019.04.02-01.47.46:614][934]LogTexture: Display: Building textures: Texture2D_15 (BGRA8, 16X16)
[2019.04.02-01.47.46:620][934]LogTexture: Display: Building textures: Texture2D_9 (BGRA8, 16X16)
[2019.04.02-01.47.46:626][934]LogTexture: Display: Building textures: Texture2D_12 (BGRA8, 16X16)
[2019.04.02-01.47.46:633][934]LogTexture: Display: Building textures: Texture2D_17 (BGRA8, 16X16)
[2019.04.02-01.47.46:639][934]LogTexture: Display: Building textures: Texture2D_19 (BGRA8, 16X16)
[2019.04.02-01.47.46:646][934]LogTexture: Display: Building textures: Texture2D_1 (BGRA8, 16X16)
[2019.04.02-01.47.46:653][934]LogTexture: Display: Building textures: Texture2D_8 (BGRA8, 16X16)
[2019.04.02-01.47.46:659][934]LogTexture: Display: Building textures: Texture2D_11 (BGRA8, 16X16)
[2019.04.02-01.47.46:665][934]LogTexture: Display: Building textures: Texture2D_9 (BGRA8, 16X16)
[2019.04.02-01.47.46:671][934]LogTexture: Display: Building textures: Texture2D_13 (BGRA8, 16X16)
[2019.04.02-01.47.46:678][934]LogTexture: Display: Building textures: Texture2D_10 (BGRA8, 16X16)
[2019.04.02-01.47.50:255][127]LogSlate: FSceneViewport::OnFocusLost() reason 0
[2019.04.02-01.47.55:219][414]LogSlate: FSceneViewport::OnFocusLost() reason 0
[2019.04.02-01.47.56:400][484]LogEditorViewport: Clicking on Actor (LMB): Landscape (Landscape)
[2019.04.02-01.48.00:111][703]LogSlate: FSceneViewport::OnFocusLost() reason 0
[2019.04.02-01.48.09:254][247]LogSlate: FSceneViewport::OnFocusLost() reason 0
[2019.04.02-01.48.09:473][253]LogSavePackage: Moving '../../../../../../Users/jessie lichter/Documents/GitHub/GameDev2Project/MarshMellow/Saved/PersistentLevelFB7069AA4D17CDC93FF62583317C6D4C.tmp' to '../../../../../../Users/jessie lichter/Documents/GitHub/GameDev2Project/MarshMellow/Content/BetalWorld/B_Levels/PersistentLevel.umap'
[2019.04.02-01.48.09:473][253]LogFileManager: Warning: DeleteFile was unable to delete '../../../../../../Users/jessie lichter/Documents/GitHub/GameDev2Project/MarshMellow/Content/BetalWorld/B_Levels/PersistentLevel.umap', retrying in .5s...
[2019.04.02-01.48.09:974][253]LogFileManager: Error: Error deleting file '../../../../../../Users/jessie lichter/Documents/GitHub/GameDev2Project/MarshMellow/Content/BetalWorld/B_Levels/PersistentLevel.umap'.
[2019.04.02-01.48.09:974][253]LogSavePackage: Error: Error saving '../../../../../../Users/jessie lichter/Documents/GitHub/GameDev2Project/MarshMellow/Content/BetalWorld/B_Levels/PersistentLevel.umap'
[2019.04.02-01.48.10:003][253]EditorErrors: New page: Save Output
[2019.04.02-01.48.10:003][253]EditorErrors: Warning: Error saving '../../../../../../Users/jessie lichter/Documents/GitHub/GameDev2Project/MarshMellow/Content/BetalWorld/B_Levels/PersistentLevel.umap'
[2019.04.02-01.49.10:511][  2]LogSlate: Window 'Save Content' being destroyed
[2019.04.02-01.49.10:570][  2]LogSlate: Window 'Message Log' being destroyed
[2019.04.02-01.49.10:574][  2]LogSlate: Window 'MarshMellow - Unreal Editor' being destroyed
[2019.04.02-01.49.10:697][  3]Cmd: QUIT_EDITOR
[2019.04.02-01.49.10:738][  3]LogWindowsTextInputMethodSystem: Display: IME system now deactivated.
[2019.04.02-01.49.10:756][  3]LogExit: Preparing to exit.
[2019.04.02-01.49.10:970][  3]LogExit: Editor shut down
[2019.04.02-01.49.10:970][  3]LogExit: Transaction tracking system shut down
[2019.04.02-01.49.11:679][  3]LogExit: Object subsystem successfully closed.
[2019.04.02-01.49.11:699][  3]LogShaderCompilers: Display: Shaders left to compile 0
[2019.04.02-01.49.11:704][  3]LogD3D11RHI: Shutdown
[2019.04.02-01.49.11:705][  3]LogD3D11RHI: CleanupD3DDevice
[2019.04.02-01.49.11:707][  3]LogD3D11RHI: ~FD3D11DynamicRHI
[2019.04.02-01.49.11:734][  3]LogModuleManager: Shutting down and abandoning module HierarchicalLODUtilities (616)
[2019.04.02-01.49.11:734][  3]LogModuleManager: Shutting down and abandoning module ExternalImagePicker (614)
[2019.04.02-01.49.11:734][  3]LogModuleManager: Shutting down and abandoning module HierarchicalLODOutliner (612)
[2019.04.02-01.49.11:734][  3]LogModuleManager: Shutting down and abandoning module SceneOutliner (610)
[2019.04.02-01.49.11:734][  3]LogModuleManager: Shutting down and abandoning module WorldBrowser (608)
[2019.04.02-01.49.11:734][  3]LogModuleManager: Shutting down and abandoning module AddContentDialog (606)
[2019.04.02-01.49.11:735][  3]LogModuleManager: Shutting down and abandoning module WidgetCarousel (605)
[2019.04.02-01.49.11:735][  3]LogModuleManager: Shutting down and abandoning module EditorWidgets (602)
[2019.04.02-01.49.11:735][  3]LogModuleManager: Shutting down and abandoning module CollectionManager (600)
[2019.04.02-01.49.11:735][  3]LogModuleManager: Shutting down and abandoning module StatsViewer (598)
[2019.04.02-01.49.11:735][  3]LogModuleManager: Shutting down and abandoning module FoliageEdit (596)
[2019.04.02-01.49.11:735][  3]LogModuleManager: Shutting down and abandoning module LandscapeEditor (594)
[2019.04.02-01.49.11:735][  3]LogModuleManager: Shutting down and abandoning module MeshPaintMode (592)
[2019.04.02-01.49.11:735][  3]LogModuleManager: Shutting down and abandoning module SceneDepthPickerMode (590)
[2019.04.02-01.49.11:735][  3]LogModuleManager: Shutting down and abandoning module ActorPickerMode (588)
[2019.04.02-01.49.11:735][  3]LogModuleManager: Shutting down and abandoning module GeometryMode (586)
[2019.04.02-01.49.11:735][  3]LogModuleManager: Shutting down and abandoning module TextureAlignMode (584)
[2019.04.02-01.49.11:735][  3]LogModuleManager: Shutting down and abandoning module BspMode (582)
[2019.04.02-01.49.11:736][  3]LogModuleManager: Shutting down and abandoning module PIEPreviewDeviceProfileSelector (580)
[2019.04.02-01.49.11:736][  3]LogModuleManager: Shutting down and abandoning module SequenceRecorderSections (578)
[2019.04.02-01.49.11:736][  3]LogModuleManager: Shutting down and abandoning module AutomationWorker (576)
[2019.04.02-01.49.11:736][  3]LogModuleManager: Shutting down and abandoning module AudioCaptureEditor (574)
[2019.04.02-01.49.11:736][  3]LogModuleManager: Shutting down and abandoning module SequenceRecorder (573)
[2019.04.02-01.49.11:736][  3]LogModuleManager: Shutting down and abandoning module MatineeToLevelSequence (570)
[2019.04.02-01.49.11:736][  3]LogModuleManager: Shutting down and abandoning module LevelSequenceEditor (568)
[2019.04.02-01.49.11:736][  3]LogModuleManager: Shutting down and abandoning module PlacementMode (567)
[2019.04.02-01.49.11:736][  3]LogModuleManager: Shutting down and abandoning module MaterialEditor (566)
[2019.04.02-01.49.11:736][  3]LogModuleManager: Shutting down and abandoning module WmfMediaFactory (562)
[2019.04.02-01.49.11:736][  3]LogModuleManager: Shutting down and abandoning module WmfMediaEditor (560)
[2019.04.02-01.49.11:736][  3]LogModuleManager: Shutting down and abandoning module MediaPlayerEditor (558)
[2019.04.02-01.49.11:736][  3]LogModuleManager: Shutting down and abandoning module OpenExrWrapper (556)
[2019.04.02-01.49.11:736][  3]LogModuleManager: Shutting down and abandoning module ImgMediaFactory (554)
[2019.04.02-01.49.11:736][  3]LogModuleManager: Shutting down and abandoning module ImgMediaEditor (552)
[2019.04.02-01.49.11:736][  3]LogModuleManager: Shutting down and abandoning module AvfMediaFactory (550)
[2019.04.02-01.49.11:736][  3]LogModuleManager: Shutting down and abandoning module AvfMediaEditor (548)
[2019.04.02-01.49.11:736][  3]LogModuleManager: Shutting down and abandoning module AndroidMediaFactory (546)
[2019.04.02-01.49.11:736][  3]LogModuleManager: Shutting down and abandoning module AndroidMediaEditor (544)
[2019.04.02-01.49.11:736][  3]LogModuleManager: Shutting down and abandoning module MagicLeapCameraPreviewFactory (542)
[2019.04.02-01.49.11:736][  3]LogModuleManager: Shutting down and abandoning module MagicLeapMediaFactory (540)
[2019.04.02-01.49.11:736][  3]LogModuleManager: Shutting down and abandoning module MagicLeapMediaEditor (538)
[2019.04.02-01.49.11:736][  3]LogModuleManager: Shutting down and abandoning module CharacterAI (536)
[2019.04.02-01.49.11:736][  3]LogModuleManager: Shutting down and abandoning module SmartSnapping (534)
[2019.04.02-01.49.11:736][  3]LogModuleManager: Shutting down and abandoning module SessionServices (532)
[2019.04.02-01.49.11:736][  3]LogModuleManager: Shutting down and abandoning module ViewportSnapping (530)
[2019.04.02-01.49.11:736][  3]LogModuleManager: Shutting down and abandoning module ViewportInteraction (528)
[2019.04.02-01.49.11:736][  3]LogModuleManager: Shutting down and abandoning module ClothPainter (526)
[2019.04.02-01.49.11:736][  3]LogModuleManager: Shutting down and abandoning module SkeletalMeshEditor (525)
[2019.04.02-01.49.11:736][  3]LogModuleManager: Shutting down and abandoning module LogVisualizer (522)
[2019.04.02-01.49.11:736][  3]LogModuleManager: Shutting down and abandoning module IntroTutorials (520)
[2019.04.02-01.49.11:737][  3]LogModuleManager: Shutting down and abandoning module GameProjectGeneration (519)
[2019.04.02-01.49.11:737][  3]LogModuleManager: Shutting down and abandoning module LuminPlatformEditor (516)
[2019.04.02-01.49.11:737][  3]LogModuleManager: Shutting down and abandoning module IOSPlatformEditor (514)
[2019.04.02-01.49.11:737][  3]LogModuleManager: Shutting down and abandoning module HTML5PlatformEditor (512)
[2019.04.02-01.49.11:737][  3]LogModuleManager: Shutting down and abandoning module AndroidPlatformEditor (510)
[2019.04.02-01.49.11:737][  3]LogModuleManager: Shutting down and abandoning module AndroidDeviceDetection (509)
[2019.04.02-01.49.12:727][  3]LogModuleManager: Shutting down and abandoning module WindowsPlatformEditor (506)
[2019.04.02-01.49.12:727][  3]LogModuleManager: Shutting down and abandoning module LuminRuntimeSettings (504)
[2019.04.02-01.49.12:727][  3]LogModuleManager: Shutting down and abandoning module IOSRuntimeSettings (502)
[2019.04.02-01.49.12:727][  3]LogModuleManager: Shutting down and abandoning module AndroidRuntimeSettings (500)
[2019.04.02-01.49.12:727][  3]LogModuleManager: Shutting down and abandoning module InputBindingEditor (498)
[2019.04.02-01.49.12:727][  3]LogModuleManager: Shutting down and abandoning module MergeActors (496)
[2019.04.02-01.49.12:728][  3]LogModuleManager: Shutting down and abandoning module LocalizationDashboard (494)
[2019.04.02-01.49.12:728][  3]LogModuleManager: Shutting down and abandoning module LocalizationService (493)
[2019.04.02-01.49.12:728][  3]LogModuleManager: Shutting down and abandoning module HardwareTargeting (490)
[2019.04.02-01.49.12:728][  3]LogModuleManager: Shutting down and abandoning module DeviceProfileEditor (488)
[2019.04.02-01.49.12:728][  3]LogModuleManager: Shutting down and abandoning module UndoHistory (486)
[2019.04.02-01.49.12:728][  3]LogModuleManager: Shutting down and abandoning module XmlParser (484)
[2019.04.02-01.49.12:728][  3]LogModuleManager: Shutting down and abandoning module Blutility (482)
[2019.04.02-01.49.12:728][  3]LogModuleManager: Shutting down and abandoning module ProjectSettingsViewer (480)
[2019.04.02-01.49.12:728][  3]LogModuleManager: Shutting down and abandoning module ProjectTargetPlatformEditor (479)
[2019.04.02-01.49.12:729][  3]LogModuleManager: Shutting down and abandoning module EditorSettingsViewer (476)
[2019.04.02-01.49.12:729][  3]LogModuleManager: Shutting down and abandoning module SettingsEditor (474)
[2019.04.02-01.49.12:729][  3]LogModuleManager: Shutting down and abandoning module ProjectLauncher (472)
[2019.04.02-01.49.12:729][  3]LogModuleManager: Shutting down and abandoning module SessionFrontend (470)
[2019.04.02-01.49.12:730][  3]LogModuleManager: Shutting down and abandoning module ProfilerClient (468)
[2019.04.02-01.49.12:730][  3]LogModuleManager: Shutting down and abandoning module DeviceManager (466)
[2019.04.02-01.49.12:730][  3]LogModuleManager: Shutting down and abandoning module TargetDeviceServices (465)
[2019.04.02-01.49.12:784][  3]LogModuleManager: Shutting down and abandoning module AutomationController (462)
[2019.04.02-01.49.12:784][  3]LogModuleManager: Shutting down and abandoning module AutomationWindow (460)
[2019.04.02-01.49.12:784][  3]LogModuleManager: Shutting down and abandoning module Layers (458)
[2019.04.02-01.49.12:784][  3]LogModuleManager: Shutting down and abandoning module ComponentVisualizers (456)
[2019.04.02-01.49.12:784][  3]LogModuleManager: Shutting down and abandoning module DetailCustomizations (454)
[2019.04.02-01.49.12:784][  3]LogModuleManager: Shutting down and abandoning module PackagesDialog (452)
[2019.04.02-01.49.12:785][  3]LogModuleManager: Shutting down and abandoning module Persona (450)
[2019.04.02-01.49.12:785][  3]LogModuleManager: Shutting down and abandoning module AdvancedPreviewScene (449)
[2019.04.02-01.49.12:785][  3]LogModuleManager: Shutting down and abandoning module AnimGraph (447)
[2019.04.02-01.49.12:786][  3]LogModuleManager: Shutting down and abandoning module Kismet (444)
[2019.04.02-01.49.12:786][  3]LogModuleManager: Shutting down and abandoning module GraphEditor (442)
[2019.04.02-01.49.12:787][  3]LogModuleManager: Shutting down and abandoning module ClassViewer (440)
[2019.04.02-01.49.12:787][  3]LogModuleManager: Shutting down and abandoning module Toolbox (438)
[2019.04.02-01.49.12:787][  3]LogModuleManager: Shutting down and abandoning module ModuleUI (436)
[2019.04.02-01.49.12:787][  3]LogModuleManager: Shutting down and abandoning module MovieSceneTools (434)
[2019.04.02-01.49.12:787][  3]LogModuleManager: Shutting down and abandoning module OutputLog (432)
[2019.04.02-01.49.12:787][  3]LogModuleManager: Shutting down and abandoning module GammaUI (430)
[2019.04.02-01.49.12:787][  3]LogModuleManager: Shutting down and abandoning module Documentation (428)
[2019.04.02-01.49.12:787][  3]LogModuleManager: Shutting down and abandoning module MovieSceneTracks (426)
[2019.04.02-01.49.12:787][  3]LogModuleManager: Shutting down and abandoning module MovieScene (424)
[2019.04.02-01.49.12:787][  3]LogModuleManager: Shutting down and abandoning module StreamingPauseRendering (422)
[2019.04.02-01.49.12:788][  3]LogModuleManager: Shutting down and abandoning module LauncherPlatform (420)
[2019.04.02-01.49.12:788][  3]LogModuleManager: Shutting down and abandoning module AnalyticsET (418)
[2019.04.02-01.49.12:788][  3]LogModuleManager: Shutting down and abandoning module PortalServices (416)
[2019.04.02-01.49.12:788][  3]LogModuleManager: Shutting down and abandoning module PortalRpc (414)
[2019.04.02-01.49.12:788][  3]LogModuleManager: Shutting down and abandoning module MessagingRpc (412)
[2019.04.02-01.49.12:788][  3]LogModuleManager: Shutting down and abandoning module AIModule (410)
[2019.04.02-01.49.12:788][  3]LogModuleManager: Shutting down and abandoning module GameplayDebugger (409)
[2019.04.02-01.49.12:788][  3]LogModuleManager: Shutting down and abandoning module AITestSuite (407)
[2019.04.02-01.49.12:788][  3]LogModuleManager: Shutting down and abandoning module NavigationSystem (405)
[2019.04.02-01.49.12:788][  3]LogModuleManager: Shutting down and abandoning module DesktopPlatform (402)
[2019.04.02-01.49.12:788][  3]LogModuleManager: Shutting down and abandoning module ProfilerService (400)
[2019.04.02-01.49.12:909][  3]LogModuleManager: Shutting down and abandoning module TaskGraph (398)
[2019.04.02-01.49.12:909][  3]LogModuleManager: Shutting down and abandoning module SteamVRController (396)
[2019.04.02-01.49.12:910][  3]LogModuleManager: Shutting down and abandoning module ProceduralMeshComponentEditor (394)
[2019.04.02-01.49.12:910][  3]LogModuleManager: Shutting down and abandoning module ProceduralMeshComponent (392)
[2019.04.02-01.49.12:910][  3]LogModuleManager: Shutting down and abandoning module OculusInput (390)
[2019.04.02-01.49.12:910][  3]LogModuleManager: Shutting down and abandoning module MobilePatchingUtils (388)
[2019.04.02-01.49.12:910][  3]LogModuleManager: Shutting down and abandoning module EditableMesh (386)
[2019.04.02-01.49.12:910][  3]LogModuleManager: Shutting down and abandoning module CustomMeshComponent (384)
[2019.04.02-01.49.12:910][  3]LogModuleManager: Shutting down and abandoning module CableComponent (382)
[2019.04.02-01.49.12:910][  3]LogModuleManager: Shutting down and abandoning module AudioCapture (380)
[2019.04.02-01.49.12:910][  3]LogModuleManager: Shutting down and abandoning module ArchVisCharacter (378)
[2019.04.02-01.49.12:910][  3]LogModuleManager: Shutting down and abandoning module AndroidPermission (376)
[2019.04.02-01.49.12:910][  3]LogModuleManager: Shutting down and abandoning module NUTUnrealEngine4 (374)
[2019.04.02-01.49.12:910][  3]LogModuleManager: Shutting down and abandoning module NetcodeUnitTest (372)
[2019.04.02-01.49.12:911][  3]LogModuleManager: Shutting down and abandoning module MediaCompositingEditor (370)
[2019.04.02-01.49.12:911][  3]LogModuleManager: Shutting down and abandoning module MediaCompositing (368)
[2019.04.02-01.49.12:911][  3]LogModuleManager: Shutting down and abandoning module LinearTimecode (366)
[2019.04.02-01.49.12:911][  3]LogModuleManager: Shutting down and abandoning module ImgMedia (364)
[2019.04.02-01.49.12:921][  3]LogModuleManager: Shutting down and abandoning module HTML5Networking (362)
[2019.04.02-01.49.12:921][  3]LogModuleManager: Shutting down and abandoning module GeometryCacheTracks (360)
[2019.04.02-01.49.12:921][  3]LogModuleManager: Shutting down and abandoning module GeometryCacheSequencer (358)
[2019.04.02-01.49.12:921][  3]LogModuleManager: Shutting down and abandoning module BackChannel (356)
[2019.04.02-01.49.12:921][  3]LogModuleManager: Shutting down and abandoning module AppleVision (354)
[2019.04.02-01.49.12:921][  3]LogModuleManager: Shutting down and abandoning module AppleImageUtils (352)
[2019.04.02-01.49.12:921][  3]LogModuleManager: Shutting down and abandoning module AlembicImporter (350)
[2019.04.02-01.49.12:921][  3]LogModuleManager: Shutting down and abandoning module AlembicLibrary (349)
[2019.04.02-01.49.12:921][  3]LogModuleManager: Shutting down and abandoning module GeometryCache (348)
[2019.04.02-01.49.12:921][  3]LogModuleManager: Shutting down and abandoning module GeometryCacheEd (347)
[2019.04.02-01.49.12:922][  3]LogModuleManager: Shutting down and abandoning module DatasmithContentEditor (342)
[2019.04.02-01.49.12:922][  3]LogModuleManager: Shutting down and abandoning module DatasmithContent (340)
[2019.04.02-01.49.12:923][  3]LogModuleManager: Shutting down and abandoning module SpeedTreeImporter (338)
[2019.04.02-01.49.12:923][  3]LogModuleManager: Shutting down and abandoning module PluginBrowser (336)
[2019.04.02-01.49.12:923][  3]LogModuleManager: Shutting down and abandoning module MobileLauncherProfileWizard (334)
[2019.04.02-01.49.12:923][  3]LogModuleManager: Shutting down and abandoning module PolygonModeling (332)
[2019.04.02-01.49.12:923][  3]LogModuleManager: Shutting down and abandoning module MeshEditor (330)
[2019.04.02-01.49.12:923][  3]LogModuleManager: Shutting down and abandoning module CryptoKeysOpenSSL (328)
[2019.04.02-01.49.12:924][  3]LogModuleManager: Shutting down and abandoning module CryptoKeys (326)
[2019.04.02-01.49.12:924][  3]LogModuleManager: Shutting down and abandoning module VisualStudioSourceCodeAccess (324)
[2019.04.02-01.49.12:924][  3]LogModuleManager: Shutting down and abandoning module VisualStudioCodeSourceCodeAccess (322)
[2019.04.02-01.49.12:924][  3]LogModuleManager: Shutting down and abandoning module UObjectPlugin (320)
[2019.04.02-01.49.12:924][  3]LogModuleManager: Shutting down and abandoning module SubversionSourceControl (318)
[2019.04.02-01.49.12:924][  3]LogModuleManager: Shutting down and abandoning module PerforceSourceControl (316)
[2019.04.02-01.49.12:924][  3]LogModuleManager: Shutting down and abandoning module GitSourceControl (314)
[2019.04.02-01.49.12:924][  3]LogModuleManager: Shutting down and abandoning module SourceControl (313)
[2019.04.02-01.49.12:924][  3]LogModuleManager: Shutting down and abandoning module CLionSourceCodeAccess (310)
[2019.04.02-01.49.12:925][  3]LogModuleManager: Shutting down and abandoning module LightPropagationVolumeEditor (308)
[2019.04.02-01.49.12:925][  3]LogModuleManager: Shutting down and abandoning module PaperTiledImporter (306)
[2019.04.02-01.49.12:925][  3]LogModuleManager: Shutting down and abandoning module PaperSpriteSheetImporter (304)
[2019.04.02-01.49.12:925][  3]LogModuleManager: Shutting down and abandoning module Paper2DEditor (302)
[2019.04.02-01.49.12:925][  3]LogModuleManager: Shutting down and abandoning module MeshPaint (301)
[2019.04.02-01.49.12:925][  3]LogModuleManager: Shutting down and abandoning module RuntimePhysXCooking (298)
[2019.04.02-01.49.12:925][  3]LogModuleManager: Shutting down and abandoning module PhysXVehiclesEditor (296)
[2019.04.02-01.49.12:925][  3]LogModuleManager: Shutting down and abandoning module PhysXVehicles (294)
[2019.04.02-01.49.12:925][  3]LogModuleManager: Shutting down and abandoning module OculusEditor (292)
[2019.04.02-01.49.12:925][  3]LogModuleManager: Shutting down and abandoning module LocationServicesBPLibrary (290)
[2019.04.02-01.49.12:925][  3]LogModuleManager: Shutting down and abandoning module ImmediatePhysicsEditor (288)
[2019.04.02-01.49.12:926][  3]LogModuleManager: Shutting down and abandoning module ImmediatePhysics (286)
[2019.04.02-01.49.12:926][  3]LogModuleManager: Shutting down and abandoning module ActorSequence (284)
[2019.04.02-01.49.12:926][  3]LogModuleManager: Shutting down and abandoning module UdpMessaging (282)
[2019.04.02-01.49.13:027][  3]LogModuleManager: Shutting down and abandoning module TcpMessaging (280)
[2019.04.02-01.49.13:128][  3]LogModuleManager: Shutting down and abandoning module MagicLeapAudio (278)
[2019.04.02-01.49.13:128][  3]LogModuleManager: Shutting down and abandoning module GameplayTagsEditor (276)
[2019.04.02-01.49.13:128][  3]LogModuleManager: Shutting down and abandoning module FacialAnimationEditor (274)
[2019.04.02-01.49.13:128][  3]LogModuleManager: Shutting down and abandoning module FacialAnimation (272)
[2019.04.02-01.49.13:128][  3]LogModuleManager: Shutting down and abandoning module DataValidation (270)
[2019.04.02-01.49.13:128][  3]LogModuleManager: Shutting down and abandoning module AssetManagerEditor (268)
[2019.04.02-01.49.13:128][  3]LogModuleManager: Shutting down and abandoning module LevelEditor (267)
[2019.04.02-01.49.13:129][  3]LogModuleManager: Shutting down and abandoning module PixelInspectorModule (266)
[2019.04.02-01.49.13:129][  3]LogModuleManager: Shutting down and abandoning module CommonMenuExtensions (264)
[2019.04.02-01.49.13:129][  3]LogModuleManager: Shutting down and abandoning module MainFrame (262)
[2019.04.02-01.49.13:129][  3]LogModuleManager: Shutting down and abandoning module HotReload (261)
[2019.04.02-01.49.13:130][  3]LogModuleManager: Shutting down and abandoning module ContentBrowser (257)
[2019.04.02-01.49.13:131][  3]LogModuleManager: Shutting down and abandoning module TreeMap (255)
[2019.04.02-01.49.13:131][  3]LogModuleManager: Shutting down and abandoning module LightPropagationVolumeRuntime (252)
[2019.04.02-01.49.13:131][  3]LogModuleManager: Shutting down and abandoning module AISupportModule (250)
[2019.04.02-01.49.13:131][  3]LogModuleManager: Shutting down and abandoning module Paper2D (248)
[2019.04.02-01.49.13:131][  3]LogModuleManager: Shutting down and abandoning module WindowsMoviePlayer (246)
[2019.04.02-01.49.13:131][  3]LogModuleManager: Shutting down and abandoning module WmfMedia (244)
[2019.04.02-01.49.13:133][  3]LogModuleManager: Shutting down and abandoning module Media (243)
[2019.04.02-01.49.13:140][  3]LogModuleManager: Shutting down and abandoning module PacketHandler (240)
[2019.04.02-01.49.13:140][  3]LogModuleManager: Shutting down and abandoning module ClothingSystemEditor (238)
[2019.04.02-01.49.13:140][  3]LogModuleManager: Shutting down and abandoning module ClothingSystemRuntime (236)
[2019.04.02-01.49.13:141][  3]LogModuleManager: Shutting down and abandoning module MediaAssets (234)
[2019.04.02-01.49.13:141][  3]LogModuleManager: Shutting down and abandoning module Overlay (232)
[2019.04.02-01.49.13:141][  3]LogModuleManager: Shutting down and abandoning module OverlayEditor (231)
[2019.04.02-01.49.13:141][  3]LogModuleManager: Shutting down and abandoning module VREditor (228)
[2019.04.02-01.49.13:141][  3]LogModuleManager: Shutting down and abandoning module StringTableEditor (226)
[2019.04.02-01.49.13:141][  3]LogModuleManager: Shutting down and abandoning module GameplayTasksEditor (224)
[2019.04.02-01.49.13:141][  3]LogModuleManager: Shutting down and abandoning module BehaviorTreeEditor (222)
[2019.04.02-01.49.13:141][  3]LogModuleManager: Shutting down and abandoning module FunctionalTesting (220)
[2019.04.02-01.49.13:141][  3]LogModuleManager: Shutting down and abandoning module CollisionAnalyzer (218)
[2019.04.02-01.49.13:141][  3]LogModuleManager: Shutting down and abandoning module WorkspaceMenuStructure (217)
[2019.04.02-01.49.13:141][  3]LogModuleManager: Shutting down and abandoning module UMG (214)
[2019.04.02-01.49.13:141][  3]LogModuleManager: Shutting down and abandoning module UMGEditor (213)
[2019.04.02-01.49.13:142][  3]LogModuleManager: Shutting down and abandoning module Sequencer (212)
[2019.04.02-01.49.13:142][  3]LogModuleManager: Shutting down and abandoning module MessageLog (209)
[2019.04.02-01.49.13:142][  3]LogModuleManager: Shutting down and abandoning module SlateReflector (204)
[2019.04.02-01.49.13:142][  3]LogModuleManager: Shutting down and abandoning module Slate (202)
[2019.04.02-01.49.13:142][  3]LogModuleManager: Shutting down and abandoning module EditorStyle (200)
[2019.04.02-01.49.13:144][  3]LogModuleManager: Shutting down and abandoning module MRMesh (198)
[2019.04.02-01.49.13:144][  3]LogModuleManager: Shutting down and abandoning module SourceCodeAccess (196)
[2019.04.02-01.49.13:144][  3]LogModuleManager: Shutting down and abandoning module HeadMountedDisplay (194)
[2019.04.02-01.49.13:144][  3]LogModuleManager: Shutting down and abandoning module XAudio2 (192)
[2019.04.02-01.49.13:144][  3]LogModuleManager: Shutting down and abandoning module Networking (190)
[2019.04.02-01.49.13:144][  3]LogModuleManager: Shutting down and abandoning module Core (188)
[2019.04.02-01.49.13:144][  3]LogModuleManager: Shutting down and abandoning module LevelSequence (186)
[2019.04.02-01.49.13:144][  3]LogModuleManager: Shutting down and abandoning module KismetCompiler (184)
[2019.04.02-01.49.13:144][  3]LogModuleManager: Shutting down and abandoning module MeshUtilities (182)
[2019.04.02-01.49.13:144][  3]LogModuleManager: Shutting down and abandoning module MeshMergeUtilities (181)
[2019.04.02-01.49.13:145][  3]LogModuleManager: Shutting down and abandoning module MeshReductionInterface (180)
[2019.04.02-01.49.13:145][  3]LogModuleManager: Shutting down and abandoning module SimplygonSwarm (179)
[2019.04.02-01.49.13:145][  3]LogModuleManager: Shutting down and abandoning module ProxyLODMeshReduction (177)
[2019.04.02-01.49.13:145][  3]LogModuleManager: Shutting down and abandoning module SimplygonMeshReduction (175)
[2019.04.02-01.49.13:145][  3]LogModuleManager: Shutting down and abandoning module QuadricMeshReduction (173)
[2019.04.02-01.49.13:145][  3]LogModuleManager: Shutting down and abandoning module MaterialBaking (169)
[2019.04.02-01.49.13:145][  3]LogModuleManager: Shutting down and abandoning module DirectoryWatcher (165)
[2019.04.02-01.49.13:145][  3]LogModuleManager: Shutting down and abandoning module DerivedDataCache (162)
[2019.04.02-01.49.13:244][  3]LogDerivedDataCache: Shutdown
[2019.04.02-01.49.13:244][  3]LogModuleManager: Shutting down and abandoning module XGEController (160)
[2019.04.02-01.49.13:244][  3]LogModuleManager: Shutting down and abandoning module TargetPlatform (158)
[2019.04.02-01.49.13:244][  3]LogModuleManager: Shutting down and abandoning module VulkanShaderFormat (157)
[2019.04.02-01.49.13:244][  3]LogModuleManager: Shutting down and abandoning module ShaderFormatVectorVM (155)
[2019.04.02-01.49.13:244][  3]LogModuleManager: Shutting down and abandoning module ShaderFormatOpenGL (153)
[2019.04.02-01.49.13:244][  3]LogModuleManager: Shutting down and abandoning module ShaderFormatD3D (151)
[2019.04.02-01.49.13:244][  3]LogModuleManager: Shutting down and abandoning module MetalShaderFormat (149)
[2019.04.02-01.49.13:245][  3]LogModuleManager: Shutting down and abandoning module TextureFormatUncompressed (147)
[2019.04.02-01.49.13:245][  3]LogModuleManager: Shutting down and abandoning module TextureFormatPVR (145)
[2019.04.02-01.49.13:245][  3]LogModuleManager: Shutting down and abandoning module TextureFormatDXT (143)
[2019.04.02-01.49.13:245][  3]LogModuleManager: Shutting down and abandoning module TextureFormatIntelISPCTexComp (141)
[2019.04.02-01.49.13:245][  3]LogModuleManager: Shutting down and abandoning module TextureFormatASTC (139)
[2019.04.02-01.49.13:245][  3]LogModuleManager: Shutting down and abandoning module ImageWrapper (138)
[2019.04.02-01.49.13:245][  3]LogModuleManager: Shutting down and abandoning module TextureFormatAndroid (135)
[2019.04.02-01.49.13:245][  3]LogModuleManager: Shutting down and abandoning module AudioFormatOpus (133)
[2019.04.02-01.49.13:245][  3]LogModuleManager: Shutting down and abandoning module AudioFormatOgg (131)
[2019.04.02-01.49.13:245][  3]LogModuleManager: Shutting down and abandoning module AudioFormatADPCM (129)
[2019.04.02-01.49.13:245][  3]LogModuleManager: Shutting down and abandoning module LuminTargetPlatform (127)
[2019.04.02-01.49.13:245][  3]LogModuleManager: Shutting down and abandoning module LinuxTargetPlatform (125)
[2019.04.02-01.49.13:245][  3]LogModuleManager: Shutting down and abandoning module LinuxServerTargetPlatform (123)
[2019.04.02-01.49.13:245][  3]LogModuleManager: Shutting down and abandoning module LinuxNoEditorTargetPlatform (121)
[2019.04.02-01.49.13:245][  3]LogModuleManager: Shutting down and abandoning module LinuxClientTargetPlatform (119)
[2019.04.02-01.49.13:245][  3]LogModuleManager: Shutting down and abandoning module TVOSTargetPlatform (117)
[2019.04.02-01.49.13:246][  3]LogModuleManager: Shutting down and abandoning module Messaging (115)
[2019.04.02-01.49.13:246][  3]LogModuleManager: Shutting down and abandoning module IOSTargetPlatform (113)
[2019.04.02-01.49.13:248][  3]LogModuleManager: Shutting down and abandoning module HTML5TargetPlatform (111)
[2019.04.02-01.49.13:248][  3]LogModuleManager: Shutting down and abandoning module AndroidTargetPlatform (109)
[2019.04.02-01.49.13:266][  3]LogModuleManager: Shutting down and abandoning module WindowsTargetPlatform (107)
[2019.04.02-01.49.13:266][  3]LogModuleManager: Shutting down and abandoning module WindowsServerTargetPlatform (105)
[2019.04.02-01.49.13:266][  3]LogModuleManager: Shutting down and abandoning module WindowsNoEditorTargetPlatform (103)
[2019.04.02-01.49.13:266][  3]LogModuleManager: Shutting down and abandoning module WindowsClientTargetPlatform (101)
[2019.04.02-01.49.13:266][  3]LogModuleManager: Shutting down and abandoning module MacTargetPlatform (99)
[2019.04.02-01.49.13:267][  3]LogModuleManager: Shutting down and abandoning module MacServerTargetPlatform (97)
[2019.04.02-01.49.13:267][  3]LogModuleManager: Shutting down and abandoning module MacNoEditorTargetPlatform (95)
[2019.04.02-01.49.13:267][  3]LogModuleManager: Shutting down and abandoning module MacClientTargetPlatform (93)
[2019.04.02-01.49.13:267][  3]LogModuleManager: Shutting down and abandoning module AllDesktopTargetPlatform (91)
[2019.04.02-01.49.13:267][  3]LogModuleManager: Shutting down and abandoning module InputCore (88)
[2019.04.02-01.49.13:267][  3]LogModuleManager: Shutting down and abandoning module Settings (86)
[2019.04.02-01.49.13:267][  3]LogModuleManager: Shutting down and abandoning module PhysXCooking (84)
[2019.04.02-01.49.13:267][  3]LogModuleManager: Shutting down and abandoning module SteamVR (82)
[2019.04.02-01.49.13:267][  3]LogModuleManager: Shutting down and abandoning module OculusHMD (80)
[2019.04.02-01.49.13:267][  3]LogModuleManager: Shutting down and abandoning module ExampleDeviceProfileSelector (78)
[2019.04.02-01.49.13:267][  3]LogModuleManager: Shutting down and abandoning module LauncherChunkInstaller (76)
[2019.04.02-01.49.13:267][  3]LogModuleManager: Shutting down and abandoning module OnlineBlueprintSupport (74)
[2019.04.02-01.49.13:267][  3]LogModuleManager: Shutting down and abandoning module OnlineSubsystem (70)
[2019.04.02-01.49.13:268][  3]LogModuleManager: Shutting down and abandoning module XMPP (65)
[2019.04.02-01.49.13:268][  3]LogModuleManager: Shutting down and abandoning module WebSockets (64)
[2019.04.02-01.49.13:302][  3]LogModuleManager: Shutting down and abandoning module HTTP (61)
[2019.04.02-01.49.13:302][  3]LogHttp: Display: Http module shutting down, but needs to wait on 1 outstanding Http requests:
[2019.04.02-01.49.13:302][  3]LogHttp: Display: 	verb=[POST] url=[https://datarouter.ol.epicgames.com/datarouter/api/v1/public/data?SessionID=%7B81DB4DB5-4B7E-E527-D6C0-9484A9A68BC7%7D&AppID=UEEditor.Rocket.Release&AppVersion=4.20.3-4369336%2B%2B%2BUE4%2BRelease-4.20&UserID=52c8d69c47c3b558f96bdeaad69b44a8%7C1e4490187f7d4590821fe5ea33366920%7Ca0ac2db9-04c3-40ba-9c12-a7ac0bed75b1&AppEnvironment=datacollector-binary&UploadType=eteventstream] status=Processing
[2019.04.02-01.49.13:316][  3]LogModuleManager: Shutting down and abandoning module SSL (60)
[2019.04.02-01.49.13:318][  3]LogModuleManager: Shutting down and abandoning module MagicLeapEmulator (56)
[2019.04.02-01.49.13:318][  3]LogModuleManager: Shutting down and abandoning module MagicLeapPrivileges (54)
[2019.04.02-01.49.13:319][  3]LogModuleManager: Shutting down and abandoning module MagicLeapIdentity (52)
[2019.04.02-01.49.13:319][  3]LogModuleManager: Shutting down and abandoning module MagicLeapHelperVulkan (50)
[2019.04.02-01.49.13:319][  3]LogModuleManager: Shutting down and abandoning module MagicLeapHelperOpenGL (48)
[2019.04.02-01.49.13:319][  3]LogModuleManager: Shutting down and abandoning module MagicLeapSecureStorage (46)
[2019.04.02-01.49.13:319][  3]LogModuleManager: Shutting down and abandoning module MagicLeapGestures (44)
[2019.04.02-01.49.13:319][  3]LogModuleManager: Shutting down and abandoning module MagicLeapEyeTracker (42)
[2019.04.02-01.49.13:319][  3]LogModuleManager: Shutting down and abandoning module MagicLeapController (40)
[2019.04.02-01.49.13:320][  3]LogSlate: Slate User Destroyed.  User Index 0, Is Virtual User: 0
[2019.04.02-01.49.13:320][  3]LogModuleManager: Shutting down and abandoning module MagicLeap (38)
[2019.04.02-01.49.13:320][  3]LogModuleManager: Shutting down and abandoning module AnimationModifiers (36)
[2019.04.02-01.49.13:320][  3]LogModuleManager: Shutting down and abandoning module PropertyEditor (35)
[2019.04.02-01.49.13:320][  3]LogModuleManager: Shutting down and abandoning module AudioEditor (32)
[2019.04.02-01.49.13:320][  3]LogModuleManager: Shutting down and abandoning module TextureCompressor (30)
[2019.04.02-01.49.13:320][  3]LogModuleManager: Shutting down and abandoning module ShaderCore (28)
[2019.04.02-01.49.13:320][  3]LogModuleManager: Shutting down and abandoning module Landscape (26)
[2019.04.02-01.49.13:320][  3]LogModuleManager: Shutting down and abandoning module SlateRHIRenderer (24)
[2019.04.02-01.49.13:322][  3]LogModuleManager: Shutting down and abandoning module OpenGLDrv (22)
[2019.04.02-01.49.13:322][  3]LogModuleManager: Shutting down and abandoning module D3D11RHI (20)
[2019.04.02-01.49.13:322][  3]LogModuleManager: Shutting down and abandoning module AnimGraphRuntime (18)
[2019.04.02-01.49.13:322][  3]LogModuleManager: Shutting down and abandoning module Renderer (16)
[2019.04.02-01.49.13:322][  3]LogModuleManager: Shutting down and abandoning module Engine (14)
[2019.04.02-01.49.13:322][  3]LogModuleManager: Shutting down and abandoning module CoreUObject (12)
[2019.04.02-01.49.13:322][  3]LogModuleManager: Shutting down and abandoning module NetworkFile (10)
[2019.04.02-01.49.13:322][  3]LogModuleManager: Shutting down and abandoning module CookedIterativeFile (8)
[2019.04.02-01.49.13:322][  3]LogModuleManager: Shutting down and abandoning module StreamingFile (6)
[2019.04.02-01.49.13:322][  3]LogModuleManager: Shutting down and abandoning module SandboxFile (4)
[2019.04.02-01.49.13:322][  3]LogModuleManager: Shutting down and abandoning module PakFile (2)
[2019.04.02-01.49.13:336][  3]LogExit: Exiting.
[2019.04.02-01.49.13:345][  3]Log file closed, 04/01/19 21:49:13
