Log file open, 04/09/19 14:02:09
LogWindows: Failed to load 'aqProf.dll' (GetLastError=126)
LogWindows: File 'aqProf.dll' does not exist
LogWindows: Failed to load 'VSPerf140.dll' (GetLastError=126)
LogWindows: File 'VSPerf140.dll' does not exist
LogWindows: Failed to load 'VtuneApi.dll' (GetLastError=126)
LogWindows: File 'VtuneApi.dll' does not exist
LogWindows: Failed to load 'VtuneApi32e.dll' (GetLastError=126)
LogWindows: File 'VtuneApi32e.dll' does not exist
LogInit: Display: Running engine for game: MarshMellow
LogPlatformFile: Not using cached read wrapper
LogTaskGraph: Started task graph with 5 named threads and 23 total threads with 3 sets of task threads.
LogStats: Stats thread started at 0.802218
LogD3D11RHI: Loaded GFSDK_Aftermath_Lib.x64.dll
LogICUInternationalization: Display: ICU TimeZone Detection - Raw Offset: -5:00, Platform Override: ''
LogPluginManager: Mounting plugin Paper2D
LogPluginManager: Mounting plugin AISupport
LogPluginManager: Mounting plugin LightPropagationVolume
LogPluginManager: Mounting plugin CLionSourceCodeAccess
LogPluginManager: Mounting plugin CodeLiteSourceCodeAccess
LogPluginManager: Mounting plugin GitSourceControl
LogPluginManager: Mounting plugin KDevelopSourceCodeAccess
LogPluginManager: Mounting plugin NullSourceCodeAccess
LogPluginManager: Mounting plugin PerforceSourceControl
LogPluginManager: Mounting plugin SubversionSourceControl
LogPluginManager: Mounting plugin UObjectPlugin
LogPluginManager: Mounting plugin VisualStudioCodeSourceCodeAccess
LogPluginManager: Mounting plugin VisualStudioSourceCodeAccess
LogPluginManager: Mounting plugin XCodeSourceCodeAccess
LogPluginManager: Mounting plugin AssetManagerEditor
LogPluginManager: Mounting plugin CryptoKeys
LogPluginManager: Mounting plugin DataValidation
LogPluginManager: Mounting plugin FacialAnimation
LogPluginManager: Mounting plugin GameplayTagsEditor
LogPluginManager: Mounting plugin MacGraphicsSwitching
LogPluginManager: Mounting plugin MeshEditor
LogPluginManager: Mounting plugin MobileLauncherProfileWizard
LogPluginManager: Mounting plugin PluginBrowser
LogPluginManager: Mounting plugin SpeedTreeImporter
LogPluginManager: Mounting plugin DatasmithContent
LogPluginManager: Mounting plugin AlembicImporter
LogPluginManager: Mounting plugin AppleImageUtils
LogPluginManager: Mounting plugin AppleVision
LogPluginManager: Mounting plugin BackChannel
LogPluginManager: Mounting plugin CharacterAI
LogPluginManager: Mounting plugin GeometryCache
LogPluginManager: Mounting plugin HTML5Networking
LogPluginManager: Mounting plugin ProxyLODPlugin
LogPluginManager: Mounting plugin MagicLeap
LogPluginManager: Mounting plugin MagicLeapEmulator
LogPluginManager: Mounting plugin MagicLeapMedia
LogPluginManager: Mounting plugin AndroidMedia
LogPluginManager: Mounting plugin AvfMedia
LogPluginManager: Mounting plugin ImgMedia
LogPluginManager: Mounting plugin LinearTimecode
LogPluginManager: Mounting plugin MediaCompositing
LogPluginManager: Mounting plugin MediaPlayerEditor
LogPluginManager: Mounting plugin WmfMedia
LogPluginManager: Mounting plugin TcpMessaging
LogPluginManager: Mounting plugin UdpMessaging
LogPluginManager: Mounting plugin ActorSequence
LogPluginManager: Mounting plugin LevelSequenceEditor
LogPluginManager: Mounting plugin MatineeToLevelSequence
LogPluginManager: Mounting plugin NetcodeUnitTest
LogPluginManager: Mounting plugin NUTUnrealEngine4
LogPluginManager: Mounting plugin OnlineSubsystemGooglePlay
LogPluginManager: Mounting plugin OnlineSubsystemIOS
LogPluginManager: Mounting plugin OnlineSubsystem
LogPluginManager: Mounting plugin OnlineSubsystemNull
LogPluginManager: Mounting plugin OnlineSubsystemUtils
LogPluginManager: Mounting plugin LauncherChunkInstaller
LogPluginManager: Mounting plugin AndroidDeviceProfileSelector
LogPluginManager: Mounting plugin AndroidMoviePlayer
LogPluginManager: Mounting plugin AndroidPermission
LogPluginManager: Mounting plugin AppleMoviePlayer
LogPluginManager: Mounting plugin ArchVisCharacter
LogPluginManager: Mounting plugin AudioCapture
LogPluginManager: Mounting plugin CableComponent
LogPluginManager: Mounting plugin CustomMeshComponent
LogPluginManager: Mounting plugin EditableMesh
LogPluginManager: Mounting plugin ExampleDeviceProfileSelector
LogPluginManager: Mounting plugin GoogleCloudMessaging
LogPluginManager: Mounting plugin ImmediatePhysics
LogPluginManager: Mounting plugin IOSDeviceProfileSelector
LogPluginManager: Mounting plugin LinuxDeviceProfileSelector
LogPluginManager: Mounting plugin LocationServicesBPLibrary
LogPluginManager: Mounting plugin MobilePatchingUtils
LogPluginManager: Mounting plugin OculusVR
LogPluginManager: Plugin shader directory ../../../Engine/Plugins/Runtime/Oculus/OculusVR/Shaders found
LogPluginManager: Mapping shader source directory ../../../Engine/Plugins/Runtime/Oculus/OculusVR/Shaders to virtual directory /Plugin/OculusVR
LogPluginManager: Mounting plugin PhysXVehicles
LogPluginManager: Mounting plugin ProceduralMeshComponent
LogPluginManager: Mounting plugin RuntimePhysXCooking
LogPluginManager: Mounting plugin SteamVR
LogPluginManager: Mounting plugin WindowsMoviePlayer
LogStreaming: Display: Took  0.152s to configure plugins.
LogInit: Using libcurl 7.55.1-DEV
LogInit:  - built for x86_64-pc-win32
LogInit:  - supports SSL with OpenSSL/1.0.2h
LogInit:  - supports HTTP deflate (compression) using libz 1.2.8
LogInit:  - other features:
LogInit:      CURL_VERSION_SSL
LogInit:      CURL_VERSION_LIBZ
LogInit:      CURL_VERSION_IPV6
LogInit:      CURL_VERSION_ASYNCHDNS
LogInit:      CURL_VERSION_LARGEFILE
LogInit:      CURL_VERSION_IDN
LogInit:  CurlRequestOptions (configurable via config and command line):
LogInit:  - bVerifyPeer = false  - Libcurl will NOT verify peer certificate
LogInit:  - bUseHttpProxy = false  - Libcurl will NOT use HTTP proxy
LogInit:  - bDontReuseConnections = false  - Libcurl will reuse connections
LogInit:  - CertBundlePath = nullptr  - Libcurl will use whatever was configured at build time.
LogInit:  - MaxHostConnections = 16  - Libcurl will limit the number of connections to a host
LogInit:  - LocalHostAddr = Default
LogInit:  - BufferSize = 65536
LogInit: WinSock: version 1.1 (2.2), MaxSocks=32767, MaxUdp=65467
LogInit: Build: ++UE4+Release-4.20-CL-4369336
LogInit: Engine Version: 4.20.3-4369336+++UE4+Release-4.20
LogInit: Compatible Engine Version: 4.20.0-4212847+++UE4+Release-4.20
LogInit: Net CL: 4212847
LogInit: OS: Windows 10 (), CPU: Intel(R) Core(TM) i7-6700HQ CPU @ 2.60GHz, GPU: Intel(R) HD Graphics 530
LogInit: Compiled (64-bit): Sep 17 2018 12:26:19
LogInit: Compiled with Visual C++: 19.13.26129.00
LogInit: Build Configuration: Development
LogInit: Branch Name: ++UE4+Release-4.20
LogInit: Command Line:  
LogInit: Base Directory: C:/Program Files/Epic Games/UE_4.20/Engine/Binaries/Win64/
LogInit: Installed Engine Build: 1
LogDevObjectVersion: Number of dev versions registered: 20
LogDevObjectVersion:   Dev-Blueprints (B0D832E4-1F89-4F0D-ACCF-7EB736FD4AA2): 10
LogDevObjectVersion:   Dev-Build (E1C64328-A22C-4D53-A36C-8E866417BD8C): 0
LogDevObjectVersion:   Dev-Core (375EC13C-06E4-48FB-B500-84F0262A717E): 2
LogDevObjectVersion:   Dev-Editor (E4B068ED-F494-42E9-A231-DA0B2E46BB41): 24
LogDevObjectVersion:   Dev-Framework (CFFC743F-43B0-4480-9391-14DF171D2073): 34
LogDevObjectVersion:   Dev-Mobile (B02B49B5-BB20-44E9-A304-32B752E40360): 2
LogDevObjectVersion:   Dev-Networking (A4E4105C-59A1-49B5-A7C5-40C4547EDFEE): 0
LogDevObjectVersion:   Dev-Online (39C831C9-5AE6-47DC-9A44-9C173E1C8E7C): 0
LogDevObjectVersion:   Dev-Physics (78F01B33-EBEA-4F98-B9B4-84EACCB95AA2): 0
LogDevObjectVersion:   Dev-Platform (6631380F-2D4D-43E0-8009-CF276956A95A): 0
LogDevObjectVersion:   Dev-Rendering (12F88B9F-8875-4AFC-A67C-D90C383ABD29): 26
LogDevObjectVersion:   Dev-Sequencer (7B5AE74C-D270-4C10-A958-57980B212A5A): 9
LogDevObjectVersion:   Dev-VR (D7296918-1DD6-4BDD-9DE2-64A83CC13884): 2
LogDevObjectVersion:   Dev-LoadTimes (C2A15278-BFE7-4AFE-6C17-90FF531DF755): 1
LogDevObjectVersion:   Private-Geometry (6EACA3D4-40EC-4CC1-B786-8BED09428FC5): 3
LogDevObjectVersion:   Dev-AnimPhys (29E575DD-E0A3-4627-9D10-D276232CDCEA): 17
LogDevObjectVersion:   Dev-ReflectionCapture (6B266CEC-1EC7-4B8F-A30B-E4D90942FC07): 1
LogDevObjectVersion:   Dev-Automation (0DF73D61-A23F-47EA-B727-89E90C41499A): 1
LogDevObjectVersion:   FortniteMain (601D1886-AC64-4F84-AA16-D3DE0DEAC7D6): 12
LogDevObjectVersion:   Dev-Enterprise (9DFFBCD6-494F-0158-E221-12823C92A888): 1
LogStreaming: Display: Took  0.004s to delete old logs.
LogInit: Presizing for max 8388607 objects, including 0 objects not considered by GC, pre-allocating 0 bytes for permanent pool.
LogInit: Object subsystem initialized
[2019.04.09-18.02.10:234][  0]LogInit: Selected Device Profile: [Windows]
[2019.04.09-18.02.10:234][  0]LogInit: Applying CVar settings loaded from the selected device profile: [Windows]
[2019.04.09-18.02.10:262][  0]LogHAL: Display: Platform has ~ 16 GB [16919941120 / 17179869184 / 16], which maps to Larger [LargestMinGB=32, LargerMinGB=12, DefaultMinGB=8, SmallerMinGB=6, SmallestMinGB=0)
[2019.04.09-18.02.10:263][  0]LogInit: Setting Device Profile CVar: [[r.Vulkan.UseRealUBs:1]]
[2019.04.09-18.02.10:263][  0]LogInit: Going up to parent DeviceProfile []
[2019.04.09-18.02.10:268][  0]LogInit: Computer: DESKTOP-06E64QA
[2019.04.09-18.02.10:268][  0]LogInit: User: thompz
[2019.04.09-18.02.10:269][  0]LogInit: CPU Page size=4096, Cores=4
[2019.04.09-18.02.10:269][  0]LogInit: High frequency timer resolution =2.531253 MHz
[2019.04.09-18.02.10:269][  0]LogMemory: Memory total: Physical=15.8GB (16GB approx)
[2019.04.09-18.02.10:269][  0]LogMemory: Platform Memory Stats for Windows
[2019.04.09-18.02.10:269][  0]LogMemory: Process Physical Memory: 101.51 MB used, 101.51 MB peak
[2019.04.09-18.02.10:269][  0]LogMemory: Process Virtual Memory: 89.50 MB used, 89.50 MB peak
[2019.04.09-18.02.10:269][  0]LogMemory: Physical Memory: 4795.45 MB used,  11340.66 MB free, 16136.11 MB total
[2019.04.09-18.02.10:269][  0]LogMemory: Virtual Memory: 4638.86 MB used,  11340.66 MB free, 134217728.00 MB total
[2019.04.09-18.02.10:520][  0]LogInit: Using OS detected language (en-US).
[2019.04.09-18.02.10:520][  0]LogInit: Using OS detected locale (en-US).
[2019.04.09-18.02.10:523][  0]LogTextLocalizationManager: No specific localization for 'en-US' exists, so the 'en' localization will be used.
[2019.04.09-18.02.11:038][  0]LogStreaming: Display: Took  0.518s to InitEngineTextLocalization.
[2019.04.09-18.02.11:038][  0]LogInit: Setting process to per monitor DPI aware
[2019.04.09-18.02.11:151][  0]LogSlate: New Slate User Created.  User Index 0, Is Virtual User: 0
[2019.04.09-18.02.11:151][  0]LogSlate: Slate User Registered.  User Index 0, Is Virtual User: 0
[2019.04.09-18.02.13:823][  0]LogHMD: Failed to initialize OpenVR with code 110
[2019.04.09-18.02.13:823][  0]LogD3D11RHI: D3D11 adapters:
[2019.04.09-18.02.13:917][  0]LogD3D11RHI:    0. 'NVIDIA GeForce GTX 960M' (Feature Level 11_0)
[2019.04.09-18.02.13:917][  0]LogD3D11RHI:       2010/0/8068 MB DedicatedVideo/DedicatedSystem/SharedSystem, Outputs:1, VendorId:0x10de
[2019.04.09-18.02.13:932][  0]LogD3D11RHI:    1. 'Intel(R) HD Graphics 530' (Feature Level 11_0)
[2019.04.09-18.02.13:932][  0]LogD3D11RHI:       128/0/8068 MB DedicatedVideo/DedicatedSystem/SharedSystem, Outputs:0, VendorId:0x8086
[2019.04.09-18.02.13:945][  0]LogD3D11RHI:    2. 'Microsoft Basic Render Driver' (Feature Level 11_0)
[2019.04.09-18.02.13:945][  0]LogD3D11RHI:       0/0/8068 MB DedicatedVideo/DedicatedSystem/SharedSystem, Outputs:0, VendorId:0x1414
[2019.04.09-18.02.13:945][  0]LogD3D11RHI: Chosen D3D11 Adapter: 0
[2019.04.09-18.02.13:991][  0]LogD3D11RHI: Creating new Direct3DDevice
[2019.04.09-18.02.13:991][  0]LogD3D11RHI:     GPU DeviceId: 0x139b (for the marketing name, search the web for "GPU Device Id")
[2019.04.09-18.02.13:993][  0]LogWindows: EnumDisplayDevices:
[2019.04.09-18.02.13:993][  0]LogWindows:    0. 'Intel(R) HD Graphics 530' (P:1 D:1)
[2019.04.09-18.02.13:993][  0]LogWindows:    1. 'Intel(R) HD Graphics 530' (P:0 D:0)
[2019.04.09-18.02.13:994][  0]LogWindows:    2. 'Intel(R) HD Graphics 530' (P:0 D:0)
[2019.04.09-18.02.13:994][  0]LogWindows: DebugString: PrimaryIsNotTheChoosenAdapter PrimaryIsNotTheChoosenAdapter PrimaryIsNotTheChoosenAdapter FoundDriverCount:0 
[2019.04.09-18.02.13:994][  0]LogD3D11RHI:     Adapter Name: NVIDIA GeForce GTX 960M
[2019.04.09-18.02.13:994][  0]LogD3D11RHI:   Driver Version: Unknown (internal:Unknown, unified:Unknown)
[2019.04.09-18.02.13:994][  0]LogD3D11RHI:      Driver Date: Unknown
[2019.04.09-18.02.13:994][  0]LogRHI: Texture pool is 1407 MB (70% of 2010 MB)
[2019.04.09-18.02.14:047][  0]LogD3D11RHI: Async texture creation enabled
[2019.04.09-18.02.14:091][  0]LogD3D11RHI: GPU Timing Frequency: 1000.000000 (Debug: 2 1)
[2019.04.09-18.02.14:096][  0]LogShaderCompilers: Guid format shader working directory is -29 characters bigger than the processId version (../../../../../../Users/thompz/Documents/GitHub/GameDev2Project/MarshMellow/Intermediate/Shaders/WorkingDirectory/10664/).
[2019.04.09-18.02.14:096][  0]LogShaderCompilers: Cleaned the shader compiler working directory 'C:/Users/thompz/AppData/Local/Temp/UnrealShaderWorkingDir/BE98E28C495C35301E661C9B2564B006/'.
[2019.04.09-18.02.14:885][  0]LogTemp: Display: Loaded TP AllDesktopTargetPlatform
[2019.04.09-18.02.14:903][  0]LogTemp: Display: Loaded TP MacClientTargetPlatform
[2019.04.09-18.02.14:919][  0]LogTemp: Display: Loaded TP MacNoEditorTargetPlatform
[2019.04.09-18.02.14:937][  0]LogTemp: Display: Loaded TP MacServerTargetPlatform
[2019.04.09-18.02.14:960][  0]LogTemp: Display: Loaded TP MacTargetPlatform
[2019.04.09-18.02.14:979][  0]LogTemp: Display: Loaded TP WindowsClientTargetPlatform
[2019.04.09-18.02.14:995][  0]LogTemp: Display: Loaded TP WindowsNoEditorTargetPlatform
[2019.04.09-18.02.15:012][  0]LogTemp: Display: Loaded TP WindowsServerTargetPlatform
[2019.04.09-18.02.15:020][  0]LogTemp: Display: Loaded TP WindowsTargetPlatform
[2019.04.09-18.02.15:119][  0]LogTemp: Display: Loaded TP AndroidTargetPlatform
[2019.04.09-18.02.15:119][  0]LogTemp: Display: Loaded TP AndroidTargetPlatform
[2019.04.09-18.02.15:119][  0]LogTemp: Display: Loaded TP AndroidTargetPlatform
[2019.04.09-18.02.15:119][  0]LogTemp: Display: Loaded TP AndroidTargetPlatform
[2019.04.09-18.02.15:119][  0]LogTemp: Display: Loaded TP AndroidTargetPlatform
[2019.04.09-18.02.15:119][  0]LogTemp: Display: Loaded TP AndroidTargetPlatform
[2019.04.09-18.02.15:119][  0]LogTemp: Display: Loaded TP AndroidTargetPlatform
[2019.04.09-18.02.15:119][  0]LogTemp: Display: Loaded TP AndroidTargetPlatform
[2019.04.09-18.02.15:119][  0]LogTemp: Display: Loaded TP AndroidTargetPlatform
[2019.04.09-18.02.15:119][  0]LogTemp: Display: Loaded TP AndroidTargetPlatform
[2019.04.09-18.02.15:119][  0]LogTemp: Display: Loaded TP AndroidTargetPlatform
[2019.04.09-18.02.15:119][  0]LogTemp: Display: Loaded TP AndroidTargetPlatform
[2019.04.09-18.02.15:119][  0]LogTemp: Display: Loaded TP AndroidTargetPlatform
[2019.04.09-18.02.15:119][  0]LogTemp: Display: Loaded TP AndroidTargetPlatform
[2019.04.09-18.02.15:119][  0]LogTemp: Display: Loaded TP AndroidTargetPlatform
[2019.04.09-18.02.15:119][  0]LogTemp: Display: Loaded TP AndroidTargetPlatform
[2019.04.09-18.02.15:119][  0]LogTemp: Display: Loaded TP AndroidTargetPlatform
[2019.04.09-18.02.15:119][  0]LogTemp: Display: Loaded TP AndroidTargetPlatform
[2019.04.09-18.02.15:122][  0]LogTemp: Display: Loaded TP HTML5TargetPlatform
[2019.04.09-18.02.15:200][  0]LogTemp: Display: Loaded TP IOSTargetPlatform
[2019.04.09-18.02.15:200][  0]LogTemp: Display: Loaded TP IOSTargetPlatform
[2019.04.09-18.02.15:227][  0]LogTemp: Display: Loaded TP TVOSTargetPlatform
[2019.04.09-18.02.15:227][  0]LogTemp: Display: Loaded TP TVOSTargetPlatform
[2019.04.09-18.02.15:244][  0]LogTemp: Display: Loaded TP LinuxClientTargetPlatform
[2019.04.09-18.02.15:260][  0]LogTemp: Display: Loaded TP LinuxNoEditorTargetPlatform
[2019.04.09-18.02.15:275][  0]LogTemp: Display: Loaded TP LinuxServerTargetPlatform
[2019.04.09-18.02.15:299][  0]LogTemp: Display: Loaded TP LinuxTargetPlatform
[2019.04.09-18.02.15:313][  0]LogTemp: Display: Loaded TP LuminTargetPlatform
[2019.04.09-18.02.15:313][  0]LogTargetPlatformManager: Display: Building Assets For Windows
[2019.04.09-18.02.15:993][  0]LogXGEController: Cleaning working directory: C:/Users/thompz/AppData/Local/Temp/UnrealXGEWorkingDir/
[2019.04.09-18.02.15:993][  0]LogXGEController: Cannot use XGE Controller as Incredibuild is not installed on this machine.
[2019.04.09-18.02.15:993][  0]LogShaderCompilers: Cannot use XGE Shader Compiler as Incredibuild is not installed on this machine.
[2019.04.09-18.02.15:993][  0]LogShaderCompilers: Display: Using Local Shader Compiler.
[2019.04.09-18.02.18:254][  0]LogDerivedDataCache: Display: Max Cache Size: 512 MB
[2019.04.09-18.02.18:539][  0]LogDerivedDataCache: Loaded boot cache 0.28s 71MB C:/Users/thompz/AppData/Local/UnrealEngine/4.20/DerivedDataCache/Boot.ddc.
[2019.04.09-18.02.18:540][  0]LogDerivedDataCache: Display: Loaded Boot cache: C:/Users/thompz/AppData/Local/UnrealEngine/4.20/DerivedDataCache/Boot.ddc
[2019.04.09-18.02.18:540][  0]LogDerivedDataCache: FDerivedDataBackendGraph:  Pak pak cache file ../../../../../../Users/thompz/Documents/GitHub/GameDev2Project/MarshMellow/DerivedDataCache/DDC.ddp not found, will not use a pak cache.
[2019.04.09-18.02.18:540][  0]LogDerivedDataCache: Unable to find inner node Pak for hierarchical cache Hierarchy.
[2019.04.09-18.02.18:540][  0]LogDerivedDataCache: FDerivedDataBackendGraph:  CompressedPak pak cache file ../../../../../../Users/thompz/Documents/GitHub/GameDev2Project/MarshMellow/DerivedDataCache/Compressed.ddp not found, will not use a pak cache.
[2019.04.09-18.02.18:540][  0]LogDerivedDataCache: Unable to find inner node CompressedPak for hierarchical cache Hierarchy.
[2019.04.09-18.02.18:569][  0]LogDerivedDataCache: Display: Pak cache opened for reading ../../../Engine/DerivedDataCache/Compressed.ddp.
[2019.04.09-18.02.18:583][  0]LogDerivedDataCache: Using Local data cache path C:/Users/thompz/AppData/Local/UnrealEngine/Common/DerivedDataCache: Writable
[2019.04.09-18.02.18:583][  0]LogDerivedDataCache: Shared data cache path not found in *engine.ini, will not use an Shared cache.
[2019.04.09-18.02.18:583][  0]LogDerivedDataCache: Unable to find inner node Shared for hierarchical cache Hierarchy.
[2019.04.09-18.02.18:609][  0]LogMaterial: Verifying Global Shaders for PCD3D_SM5
[2019.04.09-18.02.18:614][  0]LogSlate: Using FreeType 2.6.0
[2019.04.09-18.02.18:638][  0]LogSlate: SlateFontServices - WITH_FREETYPE: 1, WITH_HARFBUZZ: 1
[2019.04.09-18.02.19:010][  0]LogAssetRegistry: FAssetRegistry took 0.0295 seconds to start up
[2019.04.09-18.02.19:512][  0]LogInit: Selected Device Profile: [Windows]
[2019.04.09-18.02.19:869][  0]LogSimplygon: Simplygon DLL not present - disabling.
[2019.04.09-18.02.19:887][  0]LogMeshReduction: Using SimplygonSwarm for distributed automatic mesh merging
[2019.04.09-18.02.19:887][  0]LogMeshReduction: Using ProxyLODMeshReduction for automatic mesh merging
[2019.04.09-18.02.19:887][  0]LogMeshReduction: Using QuadricMeshReduction for automatic static mesh reduction
[2019.04.09-18.02.19:887][  0]LogMeshReduction: No automatic skeletal mesh reduction module available
[2019.04.09-18.02.19:941][  0]LogNetVersion: MarshMellow 1.0.0, NetCL: 4212847, EngineNetVer: 5, GameNetVer: 0 (Checksum: 3750370364)
[2019.04.09-18.02.21:341][  0]LogPackageLocalizationCache: Processed 11 localized package path(s) for 2 prioritized culture(s) in 0.164470 seconds
[2019.04.09-18.02.21:351][  0]LogUObjectArray: 38425 objects as part of root set at end of initial load.
[2019.04.09-18.02.21:351][  0]LogUObjectAllocator: 6690864 out of 0 bytes used by permanent object pool.
[2019.04.09-18.02.21:351][  0]LogUObjectArray: CloseDisregardForGC: 0/0 objects in disregard for GC pool
[2019.04.09-18.02.25:399][  0]LogTcpMessaging: Initializing TcpMessaging bridge
[2019.04.09-18.02.25:414][  0]LogUdpMessaging: Initializing bridge on interface 0.0.0.0:0 to multicast group 230.0.0.1:6666.
[2019.04.09-18.02.25:754][  0]SourceControl: Source control is disabled
[2019.04.09-18.02.25:754][  0]SourceControl: Source control is disabled
[2019.04.09-18.02.25:765][  0]SourceControl: Source control is disabled
[2019.04.09-18.02.25:770][  0]SourceControl: Source control is disabled
[2019.04.09-18.02.26:099][  0]LogAndroidPermission: UAndroidPermissionCallbackProxy::GetInstance
[2019.04.09-18.02.26:230][  0]LogOcInput: OculusInput pre-init called
[2019.04.09-18.02.26:339][  0]LogEngine: Initializing Engine...
[2019.04.09-18.02.26:342][  0]LogHMD: Failed to initialize OpenVR with code 110
[2019.04.09-18.02.26:344][  0]LogStats: UGameplayTagsManager::ConstructGameplayTagTree: ImportINI prefixes -  0.000 s
[2019.04.09-18.02.26:345][  0]LogStats: UGameplayTagsManager::ConstructGameplayTagTree: Construct from data asset -  0.000 s
[2019.04.09-18.02.26:345][  0]LogStats: UGameplayTagsManager::ConstructGameplayTagTree: ImportINI -  0.000 s
[2019.04.09-18.02.26:345][  0]LogStats: UGameplayTagsManager::ConstructGameplayTagTree: GameplayTagTreeChangedEvent.Broadcast -  0.000 s
[2019.04.09-18.02.26:609][  0]LogInit: Initializing FReadOnlyCVARCache
[2019.04.09-18.02.26:648][  0]LogAIModule: Creating AISystem for world Untitled
[2019.04.09-18.02.26:673][  0]LogInit: XAudio2 using 'Speakers (2- USB Audio Device)' : 2 channels at 48 kHz using 16 bits per sample (channel mask 0x3)
[2019.04.09-18.02.26:694][  0]LogInit: FAudioDevice initialized.
[2019.04.09-18.02.26:694][  0]LogNetVersion: Set ProjectVersion to 1.0.0.0. Version Checksum will be recalculated on next use.
[2019.04.09-18.02.26:765][  0]LogDerivedDataCache: Saved boot cache 0.07s 71MB C:/Users/thompz/AppData/Local/UnrealEngine/4.20/DerivedDataCache/Boot.ddc.
[2019.04.09-18.02.26:782][  0]LogInit: Texture streaming: Enabled
[2019.04.09-18.02.26:811][  0]LogEngineSessionManager: EngineSessionManager initialized
[2019.04.09-18.02.26:841][  0]LogWindowsTextInputMethodSystem: Display: IME system now deactivated.
[2019.04.09-18.02.27:548][  0]LogInit: Transaction tracking system initialized
[2019.04.09-18.02.27:607][  0]BlueprintLog: New page: Editor Load
[2019.04.09-18.02.27:816][  0]LocalizationService: Localization service is disabled
[2019.04.09-18.02.27:927][  0]LogLinker: Warning: Can't find file '/Game/FirstPersonBP/FirstPersonOverview'
[2019.04.09-18.02.27:928][  0]LogLinker: Warning: Can't find file '/Game/FirstPersonBP/FirstPersonOverview'
[2019.04.09-18.02.27:928][  0]LogUObjectGlobals: Warning: Failed to find object 'Class /Game/FirstPersonBP/FirstPersonOverview.FirstPersonOverview_C'
[2019.04.09-18.02.28:398][  0]LogCook: Display: Max memory allowance for cook 16384mb min free memory 0mb
[2019.04.09-18.02.28:399][  0]LogCook: Display: Mobile HDR setting 1
[2019.04.09-18.02.28:399][  0]LogGameplayTags: Display: UGameplayTagsManager::DoneAddingNativeTags. DelegateIsBound: 0
[2019.04.09-18.02.28:399][  0]LogStats: UGameplayTagsManager::ConstructGameplayTagTree: ImportINI prefixes -  0.000 s
[2019.04.09-18.02.28:399][  0]LogStats: UGameplayTagsManager::ConstructGameplayTagTree: Construct from data asset -  0.000 s
[2019.04.09-18.02.28:399][  0]LogStats: UGameplayTagsManager::ConstructGameplayTagTree: ImportINI -  0.000 s
[2019.04.09-18.02.28:399][  0]LogStats: UGameplayTagsManager::ConstructGameplayTagTree: GameplayTagTreeChangedEvent.Broadcast -  0.000 s
[2019.04.09-18.02.28:614][  0]LogFileCache: Scanning file cache for directory 'C:/Users/thompz/Documents/GitHub/GameDev2Project/MarshMellow/Content/' took 0.05s
[2019.04.09-18.02.28:745][  0]SourceControl: Source control is disabled
[2019.04.09-18.02.28:746][  0]Cmd: MAP LOAD FILE="../../../../../../Users/thompz/Documents/GitHub/GameDev2Project/MarshMellow/Content/ThirdPersonBP/Maps/ThirdPersonExampleMap.umap" TEMPLATE=0 SHOWPROGRESS=1 FEATURELEVEL=3
[2019.04.09-18.02.28:752][  0]LightingResults: New page: Lighting Build
[2019.04.09-18.02.28:760][  0]MapCheck: New page: Map Check
[2019.04.09-18.02.28:760][  0]LightingResults: New page: Lighting Build
[2019.04.09-18.02.29:054][  0]LogLinker: Warning: Can't find file '/Game/ThirdPersonBP/Maps/ThirdPersonExampleMap_BuiltData'
[2019.04.09-18.02.29:054][  0]LogLinker: Warning: Can't find file for asset '/Game/ThirdPersonBP/Maps/ThirdPersonExampleMap_BuiltData' while loading ../../../../../../Users/thompz/Documents/GitHub/GameDev2Project/MarshMellow/Content/ThirdPersonBP/Maps/ThirdPersonExampleMap.umap.
[2019.04.09-18.02.29:054][  0]LoadErrors: Error: /Game/ThirdPersonBP/Maps/ThirdPersonExampleMap : Can't find file for asset. /Game/ThirdPersonBP/Maps/ThirdPersonExampleMap_BuiltData
[2019.04.09-18.02.29:108][  0]LogLinker: Warning: Can't find file '/Game/ThirdPersonBP/Maps/ThirdPersonExampleMap_BuiltData'
[2019.04.09-18.02.29:108][  0]LogLinker: Warning: Can't find file for asset '/Game/ThirdPersonBP/Maps/ThirdPersonExampleMap_BuiltData' while loading ../../../../../../Users/thompz/Documents/GitHub/GameDev2Project/MarshMellow/Content/ThirdPersonBP/Maps/ThirdPersonExampleMap.umap.
[2019.04.09-18.02.29:109][  0]LoadErrors: Error: /Game/ThirdPersonBP/Maps/ThirdPersonExampleMap : Can't find file for asset. /Game/ThirdPersonBP/Maps/ThirdPersonExampleMap_BuiltData
[2019.04.09-18.02.29:115][  0]LogLinker: Warning: Can't find file '/Game/ThirdPersonBP/Maps/ThirdPersonExampleMap_BuiltData'
[2019.04.09-18.02.29:115][  0]LogLinker: Warning: Can't find file for asset '/Game/ThirdPersonBP/Maps/ThirdPersonExampleMap_BuiltData' while loading NULL.
[2019.04.09-18.02.29:115][  0]LogLinker: Warning: Can't find file '/Game/ThirdPersonBP/Maps/ThirdPersonExampleMap_BuiltData'
[2019.04.09-18.02.29:115][  0]LogLinker: Warning: Can't find file for asset '/Game/ThirdPersonBP/Maps/ThirdPersonExampleMap_BuiltData' while loading NULL.
[2019.04.09-18.02.29:202][  0]LogLinker: Warning: Can't find file '/Game/ThirdPersonBP/Maps/ThirdPersonExampleMap_BuiltData'
[2019.04.09-18.02.29:202][  0]LoadErrors: Failed to load /Game/ThirdPersonBP/Maps/ThirdPersonExampleMap_BuiltData.ThirdPersonExampleMap_BuiltData Referenced by PersistentLevel
[2019.04.09-18.02.29:202][  0]LogLinker: Warning: Can't find file for asset '/Game/ThirdPersonBP/Maps/ThirdPersonExampleMap_BuiltData' while loading NULL.
[2019.04.09-18.02.29:202][  0]LoadErrors: Failed to load /Game/ThirdPersonBP/Maps/ThirdPersonExampleMap_BuiltData.ThirdPersonExampleMap_BuiltData Referenced by PersistentLevel
[2019.04.09-18.02.29:212][  0]LogMaterial: Display: Missing cached shader map for material M_UE4Man_Body, compiling. 
[2019.04.09-18.02.29:381][  0]LogMaterial: Display: Missing cached shader map for material M_UE4Man_Body, compiling. 
[2019.04.09-18.02.29:617][  0]LogShaderCompilers: Display: Shaders left to compile 128
[2019.04.09-18.02.29:617][  0]LogShaderCompilers: Display: Shaders left to compile 118
[2019.04.09-18.02.29:617][  0]LogShaderCompilers: Display: Shaders left to compile 108
[2019.04.09-18.02.29:617][  0]LogShaderCompilers: Display: Shaders left to compile 98
[2019.04.09-18.02.29:617][  0]LogShaderCompilers: Display: Shaders left to compile 88
[2019.04.09-18.02.29:648][  0]LogAIModule: Creating AISystem for world ThirdPersonExampleMap
[2019.04.09-18.02.29:675][  0]LogEditorServer: Finished looking for orphan Actors (0.000 secs)
[2019.04.09-18.02.29:705][  0]Cmd: MAP CHECKDEP NOCLEARLOG
[2019.04.09-18.02.29:825][  0]MapCheck: Map check complete: 0 Error(s), 0 Warning(s), took 118.569ms to complete.
[2019.04.09-18.02.29:825][  0]LogFileHelpers: Loading map 'ThirdPersonExampleMap' took 1.078
[2019.04.09-18.02.29:996][  0]LogSlate: Updating window title bar state: overlay mode, drag disabled, window buttons hidden, title bar hidden
[2019.04.09-18.02.30:008][  0]LogSlate: Updating window title bar state: overlay mode, drag disabled, window buttons hidden, title bar hidden
[2019.04.09-18.02.30:021][  0]LogSlate: Updating window title bar state: overlay mode, drag disabled, window buttons hidden, title bar hidden
[2019.04.09-18.02.30:032][  0]LogSlate: Updating window title bar state: overlay mode, drag disabled, window buttons hidden, title bar hidden
[2019.04.09-18.02.30:051][  0]LogCollectionManager: Loaded 0 collections in 0.001998 seconds
[2019.04.09-18.02.30:832][  0]LogFileCache: Scanning file cache for directory 'C:/Users/thompz/Documents/GitHub/GameDev2Project/MarshMellow/Saved/Collections/' took 0.01s
[2019.04.09-18.02.30:832][  0]LogFileCache: Scanning file cache for directory 'C:/Users/thompz/Documents/GitHub/GameDev2Project/MarshMellow/Content/Developers/thompz/Collections/' took 0.01s
[2019.04.09-18.02.30:832][  0]LogFileCache: Scanning file cache for directory 'C:/Users/thompz/Documents/GitHub/GameDev2Project/MarshMellow/Content/Collections/' took 0.01s
[2019.04.09-18.02.30:832][  0]LogCollectionManager: Rebuilt the GUID cache for 0 collections in 0.000000 seconds
[2019.04.09-18.02.30:852][  0]LogContentBrowser: Native class hierarchy populated in 0.0185 seconds. Added 2572 classes and 603 folders.
[2019.04.09-18.02.30:872][  0]LogContentBrowser: Native class hierarchy updated for 'WidgetCarousel' in 0.0004 seconds. Added 0 classes and 0 folders.
[2019.04.09-18.02.31:350][  0]LogContentBrowser: Native class hierarchy updated for 'AddContentDialog' in 0.0004 seconds. Added 0 classes and 0 folders.
[2019.04.09-18.02.31:363][  0]LogContentBrowser: Native class hierarchy updated for 'SceneOutliner' in 0.0004 seconds. Added 1 classes and 2 folders.
[2019.04.09-18.02.31:540][  0]LogSlate: Took 0.006657 seconds to synchronously load lazily loaded font '../../../Engine/Content/Slate/Fonts/Roboto-Regular.ttf' (155K)
[2019.04.09-18.02.31:552][  0]LogSlate: Took 0.008843 seconds to synchronously load lazily loaded font '../../../Engine/Content/Slate/Fonts/Roboto-Bold.ttf' (160K)
[2019.04.09-18.02.31:569][  0]LogSlate: Took 0.007518 seconds to synchronously load lazily loaded font '../../../Engine/Content/Editor/Slate/Fonts/FontAwesome.ttf' (139K)
[2019.04.09-18.02.31:750][  0]LogRenderer: Reallocating scene render targets to support 796x480 Format 10 NumSamples 1 (Frame:1).
[2019.04.09-18.02.32:155][  0]LogContentBrowser: Native class hierarchy updated for 'HierarchicalLODOutliner' in 0.0004 seconds. Added 0 classes and 0 folders.
[2019.04.09-18.02.32:155][  0]LogLoad: (Engine Initialization) Total time: 27.13 seconds
[2019.04.09-18.02.32:155][  0]LogLoad: (Engine Initialization) Total Blueprint compile time: 0.00 seconds
[2019.04.09-18.02.32:215][  0]LogContentStreaming: Texture pool size now 1000 MB
[2019.04.09-18.02.32:219][  0]LogSlate: FSceneViewport::OnFocusLost() reason 2
[2019.04.09-18.02.32:661][  1]LogFileCache: Retrieving MD5 hashes for directory 'C:/Users/thompz/Documents/GitHub/GameDev2Project/MarshMellow/Content/' took 0.47s
[2019.04.09-18.02.32:777][  2]LogSlate: Took 0.006067 seconds to synchronously load lazily loaded font '../../../Engine/Content/Slate/Fonts/Roboto-Light.ttf' (167K)
[2019.04.09-18.02.33:234][ 25]LogSlate: Took 0.000245 seconds to synchronously load lazily loaded font '../../../Engine/Content/Slate/Fonts/Roboto-Light.ttf' (167K)
[2019.04.09-18.02.35:380][148]LogShaderCompilers: Display: Shaders left to compile 206
[2019.04.09-18.02.35:430][151]LogShaderCompilers: Display: Shaders left to compile 196
[2019.04.09-18.02.35:957][182]LogShaderCompilers: Display: Shaders left to compile 186
[2019.04.09-18.02.38:618][338]LogSlate: Window 'Message Log' being destroyed
[2019.04.09-18.02.38:623][338]LogSlate: Window 'Message Log' being destroyed
[2019.04.09-18.02.38:862][353]LogShaderCompilers: Display: Shaders left to compile 176
[2019.04.09-18.02.41:598][515]LogShaderCompilers: Display: Shaders left to compile 166
[2019.04.09-18.02.41:599][515]LogShaderCompilers: Display: Shaders left to compile 156
[2019.04.09-18.02.41:615][516]LogShaderCompilers: Display: Shaders left to compile 146
[2019.04.09-18.02.43:893][652]LogShaderCompilers: Display: Shaders left to compile 136
[2019.04.09-18.02.44:591][694]LogShaderCompilers: Display: Shaders left to compile 126
[2019.04.09-18.02.44:875][711]LogShaderCompilers: Display: Shaders left to compile 116
[2019.04.09-18.02.45:308][736]LogAssetRegistry: Asset discovery search completed in 26.3200 seconds
[2019.04.09-18.02.45:313][736]LogCollectionManager: Rebuilt the object cache for 0 collections in 0.000001 seconds (found 0 objects)
[2019.04.09-18.02.45:313][736]LogCollectionManager: Fixed up redirectors for 0 collections in 0.000109 seconds (updated 0 objects)
[2019.04.09-18.02.46:648][815]LogShaderCompilers: Display: Shaders left to compile 106
[2019.04.09-18.02.47:115][843]LogShaderCompilers: Display: Shaders left to compile 96
[2019.04.09-18.02.47:588][871]LogShaderCompilers: Display: Shaders left to compile 86
[2019.04.09-18.02.47:916][890]LogShaderCompilers: Display: Shaders left to compile 76
[2019.04.09-18.02.49:489][984]LogShaderCompilers: Display: Shaders left to compile 66
[2019.04.09-18.02.50:721][ 58]LogShaderCompilers: Display: Shaders left to compile 56
[2019.04.09-18.02.50:904][ 69]LogShaderCompilers: Display: Shaders left to compile 46
[2019.04.09-18.02.53:173][139]LogShaderCompilers: Display: Shaders left to compile 36
[2019.04.09-18.02.57:078][210]LogShaderCompilers: Display: Shaders left to compile 26
[2019.04.09-18.02.58:273][232]LogSlate: FSceneViewport::OnFocusLost() reason 0
[2019.04.09-18.03.02:091][297]LogShaderCompilers: Display: Shaders left to compile 16
[2019.04.09-18.03.03:803][368]LogShaderCompilers: Display: Shaders left to compile 6
[2019.04.09-18.03.22:749][470]LogAssetEditorManager: Opening Asset editor for Blueprint /Game/BluePrints/Characters/NPC.NPC
[2019.04.09-18.03.23:347][470]LogContentBrowser: Native class hierarchy updated for 'BlueprintGraph' in 0.0008 seconds. Added 116 classes and 0 folders.
[2019.04.09-18.03.27:317][470]LogTexture: Display: Building textures: 1 (AutoDXT, 1280X720)
[2019.04.09-18.03.27:317][470]LogTexture: Display: Building textures: 2 (AutoDXT, 1280X720)
[2019.04.09-18.03.27:327][470]LogAssetEditorManager: Opening Asset editor for Blueprint /Game/BluePrints/Characters/MainCharacter.MainCharacter
[2019.04.09-18.03.27:750][470]LogScript: Warning: Script Msg: Divide by zero detected: 0.000000 / 0
Script call stack:
	Function /Game/ParagonRevenant/Characters/Heroes/Revenant/Revenant_AnimBlueprint.Revenant_AnimBlueprint_C:BlueprintUpdateAnimation
	Function /Game/ParagonRevenant/Characters/Heroes/Revenant/Revenant_AnimBlueprint.Revenant_AnimBlueprint_C:ExecuteUbergraph_Revenant_AnimBlueprint

[2019.04.09-18.03.27:774][470]LogSlate: Took 0.006065 seconds to synchronously load lazily loaded font '../../../Engine/Content/Slate/Fonts/Roboto-BoldCondensed.ttf' (158K)
[2019.04.09-18.03.28:500][471]LogSlate: Took 0.004719 seconds to synchronously load lazily loaded font '../../../Engine/Content/Slate/Fonts/Roboto-Italic.ttf' (157K)
[2019.04.09-18.03.33:090][742]LogSlate: Window 'MainCharacter' being destroyed
[2019.04.09-18.03.33:131][742]LogSlate: Window 'MainCharacter' being destroyed
[2019.04.09-18.03.33:217][742]LogActorComponent: UnregisterComponent: (/Engine/Transient.EditorFloorComp) Not registered. Aborting.
[2019.04.09-18.04.49:744][955]LogAssetEditorManager: Opening Asset editor for FileMediaSource /Game/SFX/ammoPickUp.ammoPickUp
[2019.04.09-18.05.03:960][797]LogSlate: Window 'ammoPickUp - Generic Asset Editor' being destroyed
[2019.04.09-18.05.03:969][797]LogSlate: Window 'ammoPickUp - Generic Asset Editor' being destroyed
[2019.04.09-18.06.30:321][114]LogFactory: FactoryCreateFile: FileMediaSource with WmfFileMediaSourceFactory (0 0 ../../../../../../Users/thompz/Documents/GitHub/MARSHMALLOWS-WOOO/MarshMellow/Content/SFX/MP3s/ammoPickUp.mp3)
[2019.04.09-18.06.30:344][114]LogFactory: FactoryCreateFile: FileMediaSource with WmfFileMediaSourceFactory (0 0 ../../../../../../Users/thompz/Documents/GitHub/MARSHMALLOWS-WOOO/MarshMellow/Content/SFX/MP3s/battleMusic.mp3)
[2019.04.09-18.06.30:350][114]LogFactory: FactoryCreateFile: FileMediaSource with WmfFileMediaSourceFactory (0 0 ../../../../../../Users/thompz/Documents/GitHub/MARSHMALLOWS-WOOO/MarshMellow/Content/SFX/MP3s/enemyDeath.mp3)
[2019.04.09-18.06.30:355][114]LogFactory: FactoryCreateFile: FileMediaSource with WmfFileMediaSourceFactory (0 0 ../../../../../../Users/thompz/Documents/GitHub/MARSHMALLOWS-WOOO/MarshMellow/Content/SFX/MP3s/enemyMeleeAttack.mp3)
[2019.04.09-18.06.30:364][114]LogFactory: FactoryCreateFile: FileMediaSource with WmfFileMediaSourceFactory (0 0 ../../../../../../Users/thompz/Documents/GitHub/MARSHMALLOWS-WOOO/MarshMellow/Content/SFX/MP3s/enemyWalking.mp3)
[2019.04.09-18.06.30:376][114]LogFactory: FactoryCreateFile: FileMediaSource with WmfFileMediaSourceFactory (0 0 ../../../../../../Users/thompz/Documents/GitHub/MARSHMALLOWS-WOOO/MarshMellow/Content/SFX/MP3s/explorationMusic.mp3)
[2019.04.09-18.06.30:382][114]LogFactory: FactoryCreateFile: FileMediaSource with WmfFileMediaSourceFactory (0 0 ../../../../../../Users/thompz/Documents/GitHub/MARSHMALLOWS-WOOO/MarshMellow/Content/SFX/MP3s/firstAidPickUp.mp3)
[2019.04.09-18.06.30:387][114]LogFactory: FactoryCreateFile: FileMediaSource with WmfFileMediaSourceFactory (0 0 ../../../../../../Users/thompz/Documents/GitHub/MARSHMALLOWS-WOOO/MarshMellow/Content/SFX/MP3s/gunshot.mp3)
[2019.04.09-18.06.30:399][114]LogFactory: FactoryCreateFile: FileMediaSource with WmfFileMediaSourceFactory (0 0 ../../../../../../Users/thompz/Documents/GitHub/MARSHMALLOWS-WOOO/MarshMellow/Content/SFX/MP3s/menuMusic.mp3)
[2019.04.09-18.06.30:412][114]LogFactory: FactoryCreateFile: FileMediaSource with WmfFileMediaSourceFactory (0 0 ../../../../../../Users/thompz/Documents/GitHub/MARSHMALLOWS-WOOO/MarshMellow/Content/SFX/MP3s/menuMusicNoDrums.mp3)
[2019.04.09-18.06.30:416][114]LogFactory: FactoryCreateFile: FileMediaSource with WmfFileMediaSourceFactory (0 0 ../../../../../../Users/thompz/Documents/GitHub/MARSHMALLOWS-WOOO/MarshMellow/Content/SFX/MP3s/menuSelect.mp3)
[2019.04.09-18.06.30:422][114]LogFactory: FactoryCreateFile: FileMediaSource with WmfFileMediaSourceFactory (0 0 ../../../../../../Users/thompz/Documents/GitHub/MARSHMALLOWS-WOOO/MarshMellow/Content/SFX/MP3s/pickUp.mp3)
[2019.04.09-18.06.30:428][114]LogFactory: FactoryCreateFile: FileMediaSource with WmfFileMediaSourceFactory (0 0 ../../../../../../Users/thompz/Documents/GitHub/MARSHMALLOWS-WOOO/MarshMellow/Content/SFX/MP3s/playerWalking.mp3)
[2019.04.09-18.06.57:986][515]LogSlate: Window 'Delete Assets' being destroyed
[2019.04.09-18.07.31:080][233]LogSlate: Window 'Delete Assets' being destroyed
[2019.04.09-18.10.09:182][113]LogSavePackage: Moving '../../../../../../Users/thompz/Documents/GitHub/GameDev2Project/MarshMellow/Saved/ThirdPersonExampleMapAE99925940B2035E7AD404A8BBB5E3F9.tmp' to '../../../../../../Users/thompz/Documents/GitHub/GameDev2Project/MarshMellow/Content/ThirdPersonBP/Maps/ThirdPersonExampleMap.umap'
[2019.04.09-18.10.58:697][927]LogSlate: Window 'Delete Assets' being destroyed
[2019.04.09-18.11.05:685][335]LogAssetEditorManager: Opening Asset editor for SoundCue /Game/SFX/NewSoundCue.NewSoundCue
[2019.04.09-18.12.48:293][107]LogSlate: Window 'NewSoundCue*' being destroyed
[2019.04.09-18.12.48:297][107]LogSlate: Window 'NewSoundCue*' being destroyed
[2019.04.09-18.12.57:868][540]LogSlate: Window 'Delete Assets' being destroyed
[2019.04.09-18.13.09:489][ 60]LogFactory: FactoryCreateFile: FileMediaSource with WmfFileMediaSourceFactory (0 0 C:\Users\thompz\Documents\GitHub\GameDev2Project\MarshMellow\Content\SFX\MP3s\ammoPickUp.mp3)
[2019.04.09-18.14.35:249][702]LogSavePackage: Moving '../../../../../../Users/thompz/Documents/GitHub/GameDev2Project/MarshMellow/Saved/ThirdPersonExampleMapD9451DF547B9ADD89BD5FD81C29C2434.tmp' to '../../../../../../Users/thompz/Documents/GitHub/GameDev2Project/MarshMellow/Content/ThirdPersonBP/Maps/ThirdPersonExampleMap.umap'
[2019.04.09-18.14.39:259][799]LogSlate: Window 'Save Content' being destroyed
[2019.04.09-18.14.39:296][799]Cmd: OBJ SAVEPACKAGE PACKAGE="/Game/SFX/ammoPickUp" FILE="../../../../../../Users/thompz/Documents/GitHub/GameDev2Project/MarshMellow/Content/SFX/ammoPickUp.uasset" SILENT=true
[2019.04.09-18.14.39:305][799]LogSavePackage: Moving '../../../../../../Users/thompz/Documents/GitHub/GameDev2Project/MarshMellow/Saved/ammoPickUpE2C711CB4CC7F651F09F249F261BDCF6.tmp' to '../../../../../../Users/thompz/Documents/GitHub/GameDev2Project/MarshMellow/Content/SFX/ammoPickUp.uasset'
[2019.04.09-18.14.39:446][799]LogSlate: Window 'MarshMellow - Unreal Editor' being destroyed
[2019.04.09-18.14.39:447][799]LogWindowsTextInputMethodSystem: Display: IME system now deactivated.
[2019.04.09-18.14.39:667][800]Cmd: QUIT_EDITOR
[2019.04.09-18.14.39:705][800]LogExit: Preparing to exit.
[2019.04.09-18.14.40:803][800]LogDirectoryWatcher: A directory notification failed for 'C:/Users/thompz/Documents/GitHub/GameDev2Project/MarshMellow/Content/', and we were unable to create a new request.
[2019.04.09-18.14.40:846][800]LogExit: Editor shut down
[2019.04.09-18.14.40:847][800]LogExit: Transaction tracking system shut down
[2019.04.09-18.14.41:596][800]LogExit: Object subsystem successfully closed.
[2019.04.09-18.14.41:624][800]LogShaderCompilers: Display: Shaders left to compile 0
[2019.04.09-18.14.41:629][800]LogD3D11RHI: Shutdown
[2019.04.09-18.14.41:629][800]LogD3D11RHI: CleanupD3DDevice
[2019.04.09-18.14.41:632][800]LogD3D11RHI: ~FD3D11DynamicRHI
[2019.04.09-18.14.41:669][800]LogModuleManager: Shutting down and abandoning module BlueprintGraph (612)
[2019.04.09-18.14.41:669][800]LogModuleManager: Shutting down and abandoning module HierarchicalLODOutliner (610)
[2019.04.09-18.14.41:669][800]LogModuleManager: Shutting down and abandoning module SceneOutliner (608)
[2019.04.09-18.14.41:669][800]LogModuleManager: Shutting down and abandoning module AddContentDialog (606)
[2019.04.09-18.14.41:670][800]LogModuleManager: Shutting down and abandoning module WidgetCarousel (605)
[2019.04.09-18.14.41:670][800]LogModuleManager: Shutting down and abandoning module EditorWidgets (602)
[2019.04.09-18.14.41:670][800]LogModuleManager: Shutting down and abandoning module CollectionManager (600)
[2019.04.09-18.14.41:670][800]LogModuleManager: Shutting down and abandoning module StatsViewer (598)
[2019.04.09-18.14.41:670][800]LogModuleManager: Shutting down and abandoning module FoliageEdit (596)
[2019.04.09-18.14.41:670][800]LogModuleManager: Shutting down and abandoning module LandscapeEditor (594)
[2019.04.09-18.14.41:671][800]LogModuleManager: Shutting down and abandoning module MeshPaintMode (592)
[2019.04.09-18.14.41:671][800]LogModuleManager: Shutting down and abandoning module SceneDepthPickerMode (590)
[2019.04.09-18.14.41:671][800]LogModuleManager: Shutting down and abandoning module ActorPickerMode (588)
[2019.04.09-18.14.41:671][800]LogModuleManager: Shutting down and abandoning module GeometryMode (586)
[2019.04.09-18.14.41:671][800]LogModuleManager: Shutting down and abandoning module TextureAlignMode (584)
[2019.04.09-18.14.41:671][800]LogModuleManager: Shutting down and abandoning module BspMode (582)
[2019.04.09-18.14.41:671][800]LogModuleManager: Shutting down and abandoning module PIEPreviewDeviceProfileSelector (580)
[2019.04.09-18.14.41:671][800]LogModuleManager: Shutting down and abandoning module SequenceRecorderSections (578)
[2019.04.09-18.14.41:671][800]LogModuleManager: Shutting down and abandoning module AutomationWorker (576)
[2019.04.09-18.14.41:671][800]LogModuleManager: Shutting down and abandoning module AudioCaptureEditor (574)
[2019.04.09-18.14.41:671][800]LogModuleManager: Shutting down and abandoning module SequenceRecorder (573)
[2019.04.09-18.14.41:671][800]LogModuleManager: Shutting down and abandoning module MatineeToLevelSequence (570)
[2019.04.09-18.14.41:671][800]LogModuleManager: Shutting down and abandoning module LevelSequenceEditor (568)
[2019.04.09-18.14.41:672][800]LogModuleManager: Shutting down and abandoning module PlacementMode (567)
[2019.04.09-18.14.41:672][800]LogModuleManager: Shutting down and abandoning module MaterialEditor (566)
[2019.04.09-18.14.41:672][800]LogModuleManager: Shutting down and abandoning module WmfMediaFactory (562)
[2019.04.09-18.14.41:672][800]LogModuleManager: Shutting down and abandoning module WmfMediaEditor (560)
[2019.04.09-18.14.41:672][800]LogModuleManager: Shutting down and abandoning module MediaPlayerEditor (558)
[2019.04.09-18.14.41:672][800]LogModuleManager: Shutting down and abandoning module OpenExrWrapper (556)
[2019.04.09-18.14.41:672][800]LogModuleManager: Shutting down and abandoning module ImgMediaFactory (554)
[2019.04.09-18.14.41:672][800]LogModuleManager: Shutting down and abandoning module ImgMediaEditor (552)
[2019.04.09-18.14.41:672][800]LogModuleManager: Shutting down and abandoning module AvfMediaFactory (550)
[2019.04.09-18.14.41:672][800]LogModuleManager: Shutting down and abandoning module AvfMediaEditor (548)
[2019.04.09-18.14.41:672][800]LogModuleManager: Shutting down and abandoning module AndroidMediaFactory (546)
[2019.04.09-18.14.41:672][800]LogModuleManager: Shutting down and abandoning module AndroidMediaEditor (544)
[2019.04.09-18.14.41:672][800]LogModuleManager: Shutting down and abandoning module MagicLeapCameraPreviewFactory (542)
[2019.04.09-18.14.41:672][800]LogModuleManager: Shutting down and abandoning module MagicLeapMediaFactory (540)
[2019.04.09-18.14.41:672][800]LogModuleManager: Shutting down and abandoning module MagicLeapMediaEditor (538)
[2019.04.09-18.14.41:672][800]LogModuleManager: Shutting down and abandoning module CharacterAI (536)
[2019.04.09-18.14.41:672][800]LogModuleManager: Shutting down and abandoning module SmartSnapping (534)
[2019.04.09-18.14.41:672][800]LogModuleManager: Shutting down and abandoning module SessionServices (532)
[2019.04.09-18.14.41:673][800]LogModuleManager: Shutting down and abandoning module ViewportSnapping (530)
[2019.04.09-18.14.41:673][800]LogModuleManager: Shutting down and abandoning module ViewportInteraction (528)
[2019.04.09-18.14.41:673][800]LogModuleManager: Shutting down and abandoning module ClothPainter (526)
[2019.04.09-18.14.41:673][800]LogModuleManager: Shutting down and abandoning module SkeletalMeshEditor (525)
[2019.04.09-18.14.41:674][800]LogModuleManager: Shutting down and abandoning module LogVisualizer (522)
[2019.04.09-18.14.41:674][800]LogModuleManager: Shutting down and abandoning module IntroTutorials (520)
[2019.04.09-18.14.41:674][800]LogModuleManager: Shutting down and abandoning module GameProjectGeneration (519)
[2019.04.09-18.14.41:675][800]LogModuleManager: Shutting down and abandoning module LuminPlatformEditor (516)
[2019.04.09-18.14.41:675][800]LogModuleManager: Shutting down and abandoning module IOSPlatformEditor (514)
[2019.04.09-18.14.41:675][800]LogModuleManager: Shutting down and abandoning module HTML5PlatformEditor (512)
[2019.04.09-18.14.41:675][800]LogModuleManager: Shutting down and abandoning module AndroidPlatformEditor (510)
[2019.04.09-18.14.41:675][800]LogModuleManager: Shutting down and abandoning module AndroidDeviceDetection (509)
[2019.04.09-18.14.42:304][800]LogModuleManager: Shutting down and abandoning module WindowsPlatformEditor (506)
[2019.04.09-18.14.42:304][800]LogModuleManager: Shutting down and abandoning module LuminRuntimeSettings (504)
[2019.04.09-18.14.42:304][800]LogModuleManager: Shutting down and abandoning module IOSRuntimeSettings (502)
[2019.04.09-18.14.42:304][800]LogModuleManager: Shutting down and abandoning module AndroidRuntimeSettings (500)
[2019.04.09-18.14.42:304][800]LogModuleManager: Shutting down and abandoning module InputBindingEditor (498)
[2019.04.09-18.14.42:304][800]LogModuleManager: Shutting down and abandoning module MergeActors (496)
[2019.04.09-18.14.42:304][800]LogModuleManager: Shutting down and abandoning module LocalizationDashboard (494)
[2019.04.09-18.14.42:304][800]LogModuleManager: Shutting down and abandoning module LocalizationService (493)
[2019.04.09-18.14.42:306][800]LogModuleManager: Shutting down and abandoning module HardwareTargeting (490)
[2019.04.09-18.14.42:306][800]LogModuleManager: Shutting down and abandoning module DeviceProfileEditor (488)
[2019.04.09-18.14.42:306][800]LogModuleManager: Shutting down and abandoning module UndoHistory (486)
[2019.04.09-18.14.42:306][800]LogModuleManager: Shutting down and abandoning module XmlParser (484)
[2019.04.09-18.14.42:306][800]LogModuleManager: Shutting down and abandoning module Blutility (482)
[2019.04.09-18.14.42:306][800]LogModuleManager: Shutting down and abandoning module ProjectSettingsViewer (480)
[2019.04.09-18.14.42:306][800]LogModuleManager: Shutting down and abandoning module ProjectTargetPlatformEditor (479)
[2019.04.09-18.14.42:306][800]LogModuleManager: Shutting down and abandoning module EditorSettingsViewer (476)
[2019.04.09-18.14.42:306][800]LogModuleManager: Shutting down and abandoning module SettingsEditor (474)
[2019.04.09-18.14.42:306][800]LogModuleManager: Shutting down and abandoning module ProjectLauncher (472)
[2019.04.09-18.14.42:306][800]LogModuleManager: Shutting down and abandoning module SessionFrontend (470)
[2019.04.09-18.14.42:306][800]LogModuleManager: Shutting down and abandoning module ProfilerClient (468)
[2019.04.09-18.14.42:307][800]LogModuleManager: Shutting down and abandoning module DeviceManager (466)
[2019.04.09-18.14.42:307][800]LogModuleManager: Shutting down and abandoning module TargetDeviceServices (465)
[2019.04.09-18.14.42:372][800]LogModuleManager: Shutting down and abandoning module AutomationController (462)
[2019.04.09-18.14.42:372][800]LogModuleManager: Shutting down and abandoning module AutomationWindow (460)
[2019.04.09-18.14.42:372][800]LogModuleManager: Shutting down and abandoning module Layers (458)
[2019.04.09-18.14.42:373][800]LogModuleManager: Shutting down and abandoning module ComponentVisualizers (456)
[2019.04.09-18.14.42:373][800]LogModuleManager: Shutting down and abandoning module DetailCustomizations (454)
[2019.04.09-18.14.42:373][800]LogModuleManager: Shutting down and abandoning module PackagesDialog (452)
[2019.04.09-18.14.42:373][800]LogModuleManager: Shutting down and abandoning module Persona (450)
[2019.04.09-18.14.42:374][800]LogModuleManager: Shutting down and abandoning module AdvancedPreviewScene (449)
[2019.04.09-18.14.42:374][800]LogModuleManager: Shutting down and abandoning module AnimGraph (447)
[2019.04.09-18.14.42:374][800]LogModuleManager: Shutting down and abandoning module Kismet (444)
[2019.04.09-18.14.42:380][800]LogModuleManager: Shutting down and abandoning module GraphEditor (442)
[2019.04.09-18.14.42:380][800]LogModuleManager: Shutting down and abandoning module ClassViewer (440)
[2019.04.09-18.14.42:380][800]LogModuleManager: Shutting down and abandoning module Toolbox (438)
[2019.04.09-18.14.42:380][800]LogModuleManager: Shutting down and abandoning module ModuleUI (436)
[2019.04.09-18.14.42:380][800]LogModuleManager: Shutting down and abandoning module MovieSceneTools (434)
[2019.04.09-18.14.42:380][800]LogModuleManager: Shutting down and abandoning module OutputLog (432)
[2019.04.09-18.14.42:380][800]LogModuleManager: Shutting down and abandoning module GammaUI (430)
[2019.04.09-18.14.42:380][800]LogModuleManager: Shutting down and abandoning module Documentation (428)
[2019.04.09-18.14.42:381][800]LogModuleManager: Shutting down and abandoning module MovieSceneTracks (426)
[2019.04.09-18.14.42:381][800]LogModuleManager: Shutting down and abandoning module MovieScene (424)
[2019.04.09-18.14.42:381][800]LogModuleManager: Shutting down and abandoning module StreamingPauseRendering (422)
[2019.04.09-18.14.42:381][800]LogModuleManager: Shutting down and abandoning module LauncherPlatform (420)
[2019.04.09-18.14.42:381][800]LogModuleManager: Shutting down and abandoning module AnalyticsET (418)
[2019.04.09-18.14.42:381][800]LogModuleManager: Shutting down and abandoning module PortalServices (416)
[2019.04.09-18.14.42:381][800]LogModuleManager: Shutting down and abandoning module PortalRpc (414)
[2019.04.09-18.14.42:381][800]LogModuleManager: Shutting down and abandoning module MessagingRpc (412)
[2019.04.09-18.14.42:381][800]LogModuleManager: Shutting down and abandoning module AIModule (410)
[2019.04.09-18.14.42:381][800]LogModuleManager: Shutting down and abandoning module GameplayDebugger (409)
[2019.04.09-18.14.42:381][800]LogModuleManager: Shutting down and abandoning module AITestSuite (407)
[2019.04.09-18.14.42:381][800]LogModuleManager: Shutting down and abandoning module NavigationSystem (405)
[2019.04.09-18.14.42:381][800]LogModuleManager: Shutting down and abandoning module DesktopPlatform (402)
[2019.04.09-18.14.42:381][800]LogModuleManager: Shutting down and abandoning module ProfilerService (400)
[2019.04.09-18.14.42:562][800]LogModuleManager: Shutting down and abandoning module TaskGraph (398)
[2019.04.09-18.14.42:562][800]LogModuleManager: Shutting down and abandoning module SteamVRController (396)
[2019.04.09-18.14.42:562][800]LogModuleManager: Shutting down and abandoning module ProceduralMeshComponentEditor (394)
[2019.04.09-18.14.42:562][800]LogModuleManager: Shutting down and abandoning module ProceduralMeshComponent (392)
[2019.04.09-18.14.42:562][800]LogModuleManager: Shutting down and abandoning module OculusInput (390)
[2019.04.09-18.14.42:562][800]LogModuleManager: Shutting down and abandoning module MobilePatchingUtils (388)
[2019.04.09-18.14.42:562][800]LogModuleManager: Shutting down and abandoning module EditableMesh (386)
[2019.04.09-18.14.42:562][800]LogModuleManager: Shutting down and abandoning module CustomMeshComponent (384)
[2019.04.09-18.14.42:562][800]LogModuleManager: Shutting down and abandoning module CableComponent (382)
[2019.04.09-18.14.42:562][800]LogModuleManager: Shutting down and abandoning module AudioCapture (380)
[2019.04.09-18.14.42:562][800]LogModuleManager: Shutting down and abandoning module ArchVisCharacter (378)
[2019.04.09-18.14.42:562][800]LogModuleManager: Shutting down and abandoning module AndroidPermission (376)
[2019.04.09-18.14.42:562][800]LogModuleManager: Shutting down and abandoning module NUTUnrealEngine4 (374)
[2019.04.09-18.14.42:563][800]LogModuleManager: Shutting down and abandoning module NetcodeUnitTest (372)
[2019.04.09-18.14.42:563][800]LogModuleManager: Shutting down and abandoning module MediaCompositingEditor (370)
[2019.04.09-18.14.42:563][800]LogModuleManager: Shutting down and abandoning module MediaCompositing (368)
[2019.04.09-18.14.42:563][800]LogModuleManager: Shutting down and abandoning module LinearTimecode (366)
[2019.04.09-18.14.42:563][800]LogModuleManager: Shutting down and abandoning module ImgMedia (364)
[2019.04.09-18.14.42:568][800]LogModuleManager: Shutting down and abandoning module HTML5Networking (362)
[2019.04.09-18.14.42:568][800]LogModuleManager: Shutting down and abandoning module GeometryCacheTracks (360)
[2019.04.09-18.14.42:568][800]LogModuleManager: Shutting down and abandoning module GeometryCacheSequencer (358)
[2019.04.09-18.14.42:568][800]LogModuleManager: Shutting down and abandoning module BackChannel (356)
[2019.04.09-18.14.42:568][800]LogModuleManager: Shutting down and abandoning module AppleVision (354)
[2019.04.09-18.14.42:568][800]LogModuleManager: Shutting down and abandoning module AppleImageUtils (352)
[2019.04.09-18.14.42:568][800]LogModuleManager: Shutting down and abandoning module AlembicImporter (350)
[2019.04.09-18.14.42:568][800]LogModuleManager: Shutting down and abandoning module AlembicLibrary (349)
[2019.04.09-18.14.42:568][800]LogModuleManager: Shutting down and abandoning module GeometryCache (348)
[2019.04.09-18.14.42:568][800]LogModuleManager: Shutting down and abandoning module GeometryCacheEd (347)
[2019.04.09-18.14.42:568][800]LogModuleManager: Shutting down and abandoning module DatasmithContentEditor (342)
[2019.04.09-18.14.42:568][800]LogModuleManager: Shutting down and abandoning module DatasmithContent (340)
[2019.04.09-18.14.42:569][800]LogModuleManager: Shutting down and abandoning module SpeedTreeImporter (338)
[2019.04.09-18.14.42:569][800]LogModuleManager: Shutting down and abandoning module PluginBrowser (336)
[2019.04.09-18.14.42:570][800]LogModuleManager: Shutting down and abandoning module MobileLauncherProfileWizard (334)
[2019.04.09-18.14.42:570][800]LogModuleManager: Shutting down and abandoning module PolygonModeling (332)
[2019.04.09-18.14.42:570][800]LogModuleManager: Shutting down and abandoning module MeshEditor (330)
[2019.04.09-18.14.42:570][800]LogModuleManager: Shutting down and abandoning module CryptoKeysOpenSSL (328)
[2019.04.09-18.14.42:570][800]LogModuleManager: Shutting down and abandoning module CryptoKeys (326)
[2019.04.09-18.14.42:570][800]LogModuleManager: Shutting down and abandoning module VisualStudioSourceCodeAccess (324)
[2019.04.09-18.14.42:570][800]LogModuleManager: Shutting down and abandoning module VisualStudioCodeSourceCodeAccess (322)
[2019.04.09-18.14.42:570][800]LogModuleManager: Shutting down and abandoning module UObjectPlugin (320)
[2019.04.09-18.14.42:570][800]LogModuleManager: Shutting down and abandoning module SubversionSourceControl (318)
[2019.04.09-18.14.42:570][800]LogModuleManager: Shutting down and abandoning module PerforceSourceControl (316)
[2019.04.09-18.14.42:571][800]LogModuleManager: Shutting down and abandoning module GitSourceControl (314)
[2019.04.09-18.14.42:571][800]LogModuleManager: Shutting down and abandoning module SourceControl (313)
[2019.04.09-18.14.42:571][800]LogModuleManager: Shutting down and abandoning module CLionSourceCodeAccess (310)
[2019.04.09-18.14.42:571][800]LogModuleManager: Shutting down and abandoning module LightPropagationVolumeEditor (308)
[2019.04.09-18.14.42:571][800]LogModuleManager: Shutting down and abandoning module PaperTiledImporter (306)
[2019.04.09-18.14.42:571][800]LogModuleManager: Shutting down and abandoning module PaperSpriteSheetImporter (304)
[2019.04.09-18.14.42:571][800]LogModuleManager: Shutting down and abandoning module Paper2DEditor (302)
[2019.04.09-18.14.42:571][800]LogModuleManager: Shutting down and abandoning module MeshPaint (301)
[2019.04.09-18.14.42:571][800]LogModuleManager: Shutting down and abandoning module RuntimePhysXCooking (298)
[2019.04.09-18.14.42:571][800]LogModuleManager: Shutting down and abandoning module PhysXVehiclesEditor (296)
[2019.04.09-18.14.42:571][800]LogModuleManager: Shutting down and abandoning module PhysXVehicles (294)
[2019.04.09-18.14.42:572][800]LogModuleManager: Shutting down and abandoning module OculusEditor (292)
[2019.04.09-18.14.42:572][800]LogModuleManager: Shutting down and abandoning module LocationServicesBPLibrary (290)
[2019.04.09-18.14.42:572][800]LogModuleManager: Shutting down and abandoning module ImmediatePhysicsEditor (288)
[2019.04.09-18.14.42:572][800]LogModuleManager: Shutting down and abandoning module ImmediatePhysics (286)
[2019.04.09-18.14.42:572][800]LogModuleManager: Shutting down and abandoning module ActorSequence (284)
[2019.04.09-18.14.42:572][800]LogModuleManager: Shutting down and abandoning module UdpMessaging (282)
[2019.04.09-18.14.42:672][800]LogModuleManager: Shutting down and abandoning module TcpMessaging (280)
[2019.04.09-18.14.42:773][800]LogModuleManager: Shutting down and abandoning module MagicLeapAudio (278)
[2019.04.09-18.14.42:773][800]LogModuleManager: Shutting down and abandoning module GameplayTagsEditor (276)
[2019.04.09-18.14.42:773][800]LogModuleManager: Shutting down and abandoning module FacialAnimationEditor (274)
[2019.04.09-18.14.42:773][800]LogModuleManager: Shutting down and abandoning module FacialAnimation (272)
[2019.04.09-18.14.42:773][800]LogModuleManager: Shutting down and abandoning module DataValidation (270)
[2019.04.09-18.14.42:773][800]LogModuleManager: Shutting down and abandoning module AssetManagerEditor (268)
[2019.04.09-18.14.42:774][800]LogModuleManager: Shutting down and abandoning module LevelEditor (267)
[2019.04.09-18.14.42:774][800]LogModuleManager: Shutting down and abandoning module PixelInspectorModule (266)
[2019.04.09-18.14.42:774][800]LogModuleManager: Shutting down and abandoning module CommonMenuExtensions (264)
[2019.04.09-18.14.42:775][800]LogModuleManager: Shutting down and abandoning module MainFrame (262)
[2019.04.09-18.14.42:775][800]LogModuleManager: Shutting down and abandoning module HotReload (261)
[2019.04.09-18.14.42:775][800]LogModuleManager: Shutting down and abandoning module ContentBrowser (257)
[2019.04.09-18.14.42:776][800]LogModuleManager: Shutting down and abandoning module TreeMap (255)
[2019.04.09-18.14.42:776][800]LogModuleManager: Shutting down and abandoning module LightPropagationVolumeRuntime (252)
[2019.04.09-18.14.42:776][800]LogModuleManager: Shutting down and abandoning module AISupportModule (250)
[2019.04.09-18.14.42:776][800]LogModuleManager: Shutting down and abandoning module Paper2D (248)
[2019.04.09-18.14.42:776][800]LogModuleManager: Shutting down and abandoning module WindowsMoviePlayer (246)
[2019.04.09-18.14.42:776][800]LogModuleManager: Shutting down and abandoning module WmfMedia (244)
[2019.04.09-18.14.42:782][800]LogModuleManager: Shutting down and abandoning module Media (243)
[2019.04.09-18.14.42:788][800]LogModuleManager: Shutting down and abandoning module PacketHandler (240)
[2019.04.09-18.14.42:788][800]LogModuleManager: Shutting down and abandoning module ClothingSystemEditor (238)
[2019.04.09-18.14.42:788][800]LogModuleManager: Shutting down and abandoning module ClothingSystemRuntime (236)
[2019.04.09-18.14.42:789][800]LogModuleManager: Shutting down and abandoning module MediaAssets (234)
[2019.04.09-18.14.42:789][800]LogModuleManager: Shutting down and abandoning module Overlay (232)
[2019.04.09-18.14.42:789][800]LogModuleManager: Shutting down and abandoning module OverlayEditor (231)
[2019.04.09-18.14.42:789][800]LogModuleManager: Shutting down and abandoning module VREditor (228)
[2019.04.09-18.14.42:789][800]LogModuleManager: Shutting down and abandoning module StringTableEditor (226)
[2019.04.09-18.14.42:789][800]LogModuleManager: Shutting down and abandoning module GameplayTasksEditor (224)
[2019.04.09-18.14.42:789][800]LogModuleManager: Shutting down and abandoning module BehaviorTreeEditor (222)
[2019.04.09-18.14.42:790][800]LogModuleManager: Shutting down and abandoning module FunctionalTesting (220)
[2019.04.09-18.14.42:790][800]LogModuleManager: Shutting down and abandoning module CollisionAnalyzer (218)
[2019.04.09-18.14.42:790][800]LogModuleManager: Shutting down and abandoning module WorkspaceMenuStructure (217)
[2019.04.09-18.14.42:790][800]LogModuleManager: Shutting down and abandoning module UMG (214)
[2019.04.09-18.14.42:790][800]LogModuleManager: Shutting down and abandoning module UMGEditor (213)
[2019.04.09-18.14.42:791][800]LogModuleManager: Shutting down and abandoning module Sequencer (212)
[2019.04.09-18.14.42:793][800]LogModuleManager: Shutting down and abandoning module MessageLog (209)
[2019.04.09-18.14.42:793][800]LogModuleManager: Shutting down and abandoning module SlateReflector (204)
[2019.04.09-18.14.42:793][800]LogModuleManager: Shutting down and abandoning module Slate (202)
[2019.04.09-18.14.42:793][800]LogModuleManager: Shutting down and abandoning module EditorStyle (200)
[2019.04.09-18.14.42:794][800]LogModuleManager: Shutting down and abandoning module MRMesh (198)
[2019.04.09-18.14.42:794][800]LogModuleManager: Shutting down and abandoning module SourceCodeAccess (196)
[2019.04.09-18.14.42:794][800]LogModuleManager: Shutting down and abandoning module HeadMountedDisplay (194)
[2019.04.09-18.14.42:794][800]LogModuleManager: Shutting down and abandoning module XAudio2 (192)
[2019.04.09-18.14.42:794][800]LogModuleManager: Shutting down and abandoning module Networking (190)
[2019.04.09-18.14.42:794][800]LogModuleManager: Shutting down and abandoning module Core (188)
[2019.04.09-18.14.42:794][800]LogModuleManager: Shutting down and abandoning module LevelSequence (186)
[2019.04.09-18.14.42:794][800]LogModuleManager: Shutting down and abandoning module KismetCompiler (184)
[2019.04.09-18.14.42:794][800]LogModuleManager: Shutting down and abandoning module MeshUtilities (182)
[2019.04.09-18.14.42:795][800]LogModuleManager: Shutting down and abandoning module MeshMergeUtilities (181)
[2019.04.09-18.14.42:795][800]LogModuleManager: Shutting down and abandoning module MeshReductionInterface (180)
[2019.04.09-18.14.42:795][800]LogModuleManager: Shutting down and abandoning module SimplygonSwarm (179)
[2019.04.09-18.14.42:795][800]LogModuleManager: Shutting down and abandoning module ProxyLODMeshReduction (177)
[2019.04.09-18.14.42:796][800]LogModuleManager: Shutting down and abandoning module SimplygonMeshReduction (175)
[2019.04.09-18.14.42:796][800]LogModuleManager: Shutting down and abandoning module QuadricMeshReduction (173)
[2019.04.09-18.14.42:796][800]LogModuleManager: Shutting down and abandoning module MaterialBaking (169)
[2019.04.09-18.14.42:796][800]LogModuleManager: Shutting down and abandoning module DirectoryWatcher (165)
[2019.04.09-18.14.42:796][800]LogModuleManager: Shutting down and abandoning module DerivedDataCache (162)
[2019.04.09-18.14.42:845][800]LogDerivedDataCache: Shutdown
[2019.04.09-18.14.42:845][800]LogModuleManager: Shutting down and abandoning module XGEController (160)
[2019.04.09-18.14.42:845][800]LogXGEController: Cleaning working directory: C:/Users/thompz/AppData/Local/Temp/UnrealXGEWorkingDir/
[2019.04.09-18.14.42:846][800]LogModuleManager: Shutting down and abandoning module TargetPlatform (158)
[2019.04.09-18.14.42:846][800]LogModuleManager: Shutting down and abandoning module VulkanShaderFormat (157)
[2019.04.09-18.14.42:846][800]LogModuleManager: Shutting down and abandoning module ShaderFormatVectorVM (155)
[2019.04.09-18.14.42:846][800]LogModuleManager: Shutting down and abandoning module ShaderFormatOpenGL (153)
[2019.04.09-18.14.42:846][800]LogModuleManager: Shutting down and abandoning module ShaderFormatD3D (151)
[2019.04.09-18.14.42:846][800]LogModuleManager: Shutting down and abandoning module MetalShaderFormat (149)
[2019.04.09-18.14.42:846][800]LogModuleManager: Shutting down and abandoning module TextureFormatUncompressed (147)
[2019.04.09-18.14.42:846][800]LogModuleManager: Shutting down and abandoning module TextureFormatPVR (145)
[2019.04.09-18.14.42:846][800]LogModuleManager: Shutting down and abandoning module TextureFormatDXT (143)
[2019.04.09-18.14.42:846][800]LogModuleManager: Shutting down and abandoning module TextureFormatIntelISPCTexComp (141)
[2019.04.09-18.14.42:846][800]LogModuleManager: Shutting down and abandoning module TextureFormatASTC (139)
[2019.04.09-18.14.42:846][800]LogModuleManager: Shutting down and abandoning module ImageWrapper (138)
[2019.04.09-18.14.42:847][800]LogModuleManager: Shutting down and abandoning module TextureFormatAndroid (135)
[2019.04.09-18.14.42:847][800]LogModuleManager: Shutting down and abandoning module AudioFormatOpus (133)
[2019.04.09-18.14.42:847][800]LogModuleManager: Shutting down and abandoning module AudioFormatOgg (131)
[2019.04.09-18.14.42:847][800]LogModuleManager: Shutting down and abandoning module AudioFormatADPCM (129)
[2019.04.09-18.14.42:847][800]LogModuleManager: Shutting down and abandoning module LuminTargetPlatform (127)
[2019.04.09-18.14.42:847][800]LogModuleManager: Shutting down and abandoning module LinuxTargetPlatform (125)
[2019.04.09-18.14.42:847][800]LogModuleManager: Shutting down and abandoning module LinuxServerTargetPlatform (123)
[2019.04.09-18.14.42:847][800]LogModuleManager: Shutting down and abandoning module LinuxNoEditorTargetPlatform (121)
[2019.04.09-18.14.42:847][800]LogModuleManager: Shutting down and abandoning module LinuxClientTargetPlatform (119)
[2019.04.09-18.14.42:847][800]LogModuleManager: Shutting down and abandoning module TVOSTargetPlatform (117)
[2019.04.09-18.14.42:847][800]LogModuleManager: Shutting down and abandoning module Messaging (115)
[2019.04.09-18.14.42:848][800]LogModuleManager: Shutting down and abandoning module IOSTargetPlatform (113)
[2019.04.09-18.14.42:848][800]LogModuleManager: Shutting down and abandoning module HTML5TargetPlatform (111)
[2019.04.09-18.14.42:848][800]LogModuleManager: Shutting down and abandoning module AndroidTargetPlatform (109)
[2019.04.09-18.14.42:859][800]LogModuleManager: Shutting down and abandoning module WindowsTargetPlatform (107)
[2019.04.09-18.14.42:859][800]LogModuleManager: Shutting down and abandoning module WindowsServerTargetPlatform (105)
[2019.04.09-18.14.42:859][800]LogModuleManager: Shutting down and abandoning module WindowsNoEditorTargetPlatform (103)
[2019.04.09-18.14.42:859][800]LogModuleManager: Shutting down and abandoning module WindowsClientTargetPlatform (101)
[2019.04.09-18.14.42:859][800]LogModuleManager: Shutting down and abandoning module MacTargetPlatform (99)
[2019.04.09-18.14.42:859][800]LogModuleManager: Shutting down and abandoning module MacServerTargetPlatform (97)
[2019.04.09-18.14.42:859][800]LogModuleManager: Shutting down and abandoning module MacNoEditorTargetPlatform (95)
[2019.04.09-18.14.42:859][800]LogModuleManager: Shutting down and abandoning module MacClientTargetPlatform (93)
[2019.04.09-18.14.42:860][800]LogModuleManager: Shutting down and abandoning module AllDesktopTargetPlatform (91)
[2019.04.09-18.14.42:860][800]LogModuleManager: Shutting down and abandoning module InputCore (88)
[2019.04.09-18.14.42:860][800]LogModuleManager: Shutting down and abandoning module Settings (86)
[2019.04.09-18.14.42:860][800]LogModuleManager: Shutting down and abandoning module PhysXCooking (84)
[2019.04.09-18.14.42:860][800]LogModuleManager: Shutting down and abandoning module SteamVR (82)
[2019.04.09-18.14.42:860][800]LogModuleManager: Shutting down and abandoning module OculusHMD (80)
[2019.04.09-18.14.42:860][800]LogModuleManager: Shutting down and abandoning module ExampleDeviceProfileSelector (78)
[2019.04.09-18.14.42:860][800]LogModuleManager: Shutting down and abandoning module LauncherChunkInstaller (76)
[2019.04.09-18.14.42:860][800]LogModuleManager: Shutting down and abandoning module OnlineBlueprintSupport (74)
[2019.04.09-18.14.42:860][800]LogModuleManager: Shutting down and abandoning module OnlineSubsystem (70)
[2019.04.09-18.14.42:861][800]LogModuleManager: Shutting down and abandoning module XMPP (65)
[2019.04.09-18.14.42:862][800]LogModuleManager: Shutting down and abandoning module WebSockets (64)
[2019.04.09-18.14.42:880][800]LogModuleManager: Shutting down and abandoning module HTTP (61)
[2019.04.09-18.14.42:880][800]LogHttp: Display: Http module shutting down, but needs to wait on 1 outstanding Http requests:
[2019.04.09-18.14.42:880][800]LogHttp: Display: 	verb=[POST] url=[https://datarouter.ol.epicgames.com/datarouter/api/v1/public/data?SessionID=%7B42CEBD59-4B20-4C04-F423-459CBDEEFC0C%7D&AppID=UEEditor.Rocket.Release&AppVersion=4.20.3-4369336%2B%2B%2BUE4%2BRelease-4.20&UserID=4c4980464a998323e2b518b7b9418929%7C99d159c103ec4e91a4b3ac6e44ca1423%7C2787f8b0-45ea-467b-a86b-9a03b99e6a83&AppEnvironment=datacollector-binary&UploadType=eteventstream] status=Processing
[2019.04.09-18.14.42:893][800]LogModuleManager: Shutting down and abandoning module SSL (60)
[2019.04.09-18.14.42:894][800]LogModuleManager: Shutting down and abandoning module MagicLeapEmulator (56)
[2019.04.09-18.14.42:894][800]LogModuleManager: Shutting down and abandoning module MagicLeapPrivileges (54)
[2019.04.09-18.14.42:894][800]LogModuleManager: Shutting down and abandoning module MagicLeapIdentity (52)
[2019.04.09-18.14.42:894][800]LogModuleManager: Shutting down and abandoning module MagicLeapHelperVulkan (50)
[2019.04.09-18.14.42:894][800]LogModuleManager: Shutting down and abandoning module MagicLeapHelperOpenGL (48)
[2019.04.09-18.14.42:894][800]LogModuleManager: Shutting down and abandoning module MagicLeapSecureStorage (46)
[2019.04.09-18.14.42:894][800]LogModuleManager: Shutting down and abandoning module MagicLeapGestures (44)
[2019.04.09-18.14.42:894][800]LogModuleManager: Shutting down and abandoning module MagicLeapEyeTracker (42)
[2019.04.09-18.14.42:894][800]LogModuleManager: Shutting down and abandoning module MagicLeapController (40)
[2019.04.09-18.14.42:894][800]LogSlate: Slate User Destroyed.  User Index 0, Is Virtual User: 0
[2019.04.09-18.14.42:894][800]LogModuleManager: Shutting down and abandoning module MagicLeap (38)
[2019.04.09-18.14.42:894][800]LogModuleManager: Shutting down and abandoning module AnimationModifiers (36)
[2019.04.09-18.14.42:895][800]LogModuleManager: Shutting down and abandoning module PropertyEditor (35)
[2019.04.09-18.14.42:895][800]LogModuleManager: Shutting down and abandoning module AudioEditor (32)
[2019.04.09-18.14.42:895][800]LogModuleManager: Shutting down and abandoning module TextureCompressor (30)
[2019.04.09-18.14.42:895][800]LogModuleManager: Shutting down and abandoning module ShaderCore (28)
[2019.04.09-18.14.42:895][800]LogModuleManager: Shutting down and abandoning module Landscape (26)
[2019.04.09-18.14.42:895][800]LogModuleManager: Shutting down and abandoning module SlateRHIRenderer (24)
[2019.04.09-18.14.42:895][800]LogModuleManager: Shutting down and abandoning module OpenGLDrv (22)
[2019.04.09-18.14.42:896][800]LogModuleManager: Shutting down and abandoning module D3D11RHI (20)
[2019.04.09-18.14.42:896][800]LogModuleManager: Shutting down and abandoning module AnimGraphRuntime (18)
[2019.04.09-18.14.42:896][800]LogModuleManager: Shutting down and abandoning module Renderer (16)
[2019.04.09-18.14.42:896][800]LogModuleManager: Shutting down and abandoning module Engine (14)
[2019.04.09-18.14.42:896][800]LogModuleManager: Shutting down and abandoning module CoreUObject (12)
[2019.04.09-18.14.42:896][800]LogModuleManager: Shutting down and abandoning module NetworkFile (10)
[2019.04.09-18.14.42:896][800]LogModuleManager: Shutting down and abandoning module CookedIterativeFile (8)
[2019.04.09-18.14.42:896][800]LogModuleManager: Shutting down and abandoning module StreamingFile (6)
[2019.04.09-18.14.42:896][800]LogModuleManager: Shutting down and abandoning module SandboxFile (4)
[2019.04.09-18.14.42:896][800]LogModuleManager: Shutting down and abandoning module PakFile (2)
[2019.04.09-18.14.42:905][800]LogExit: Exiting.
[2019.04.09-18.14.42:929][800]Log file closed, 04/09/19 14:14:42
